
  .   ____          _            __ _ _
 /\\ / ___'_ __ _ _(_)_ __  __ _ \ \ \ \
( ( )\___ | '_ | '_| | '_ \/ _` | \ \ \ \
 \\/  ___)| |_)| | | | | || (_| |  ) ) ) )
  '  |____| .__|_| |_|_| |_\__, | / / / /
 =========|_|==============|___/=/_/_/_/
 :: Spring Boot ::                (v2.7.4)

2022-12-19 15:02:24.828  INFO [accounts,,] 14356 --- [           main] c.example.accounts.AccountsApplication   : Starting AccountsApplication v0.0.1-SNAPSHOT using Java 11.0.13 on DESKTOP-Q1VBOT1 with PID 14356 (C:\Users\HP\Desktop\SpringBootProjects\udemy cours reworked\accounts\accounts\target\accounts-0.0.1-SNAPSHOT.jar started by HP in C:\Users\HP\Desktop\SpringBootProjects\udemy cours reworked)
2022-12-19 15:02:24.832  INFO [accounts,,] 14356 --- [           main] c.example.accounts.AccountsApplication   : The following 1 profile is active: "prod"
2022-12-19 15:02:24.900  INFO [accounts,,] 14356 --- [           main] o.s.c.c.c.ConfigServerConfigDataLoader   : Fetching config from server at : http://localhost:8071
2022-12-19 15:02:24.900  INFO [accounts,,] 14356 --- [           main] o.s.c.c.c.ConfigServerConfigDataLoader   : Located environment: name=accounts, profiles=[prod], label=null, version=81731bac991833fe9694f4c1cb62aed8fe01942c, state=null
2022-12-19 15:02:26.969  INFO [accounts,,] 14356 --- [           main] .s.d.r.c.RepositoryConfigurationDelegate : Bootstrapping Spring Data JPA repositories in DEFAULT mode.
2022-12-19 15:02:27.331  INFO [accounts,,] 14356 --- [           main] .s.d.r.c.RepositoryConfigurationDelegate : Finished Spring Data repository scanning in 347 ms. Found 1 JPA repository interfaces.
2022-12-19 15:02:28.104  INFO [accounts,,] 14356 --- [           main] o.s.cloud.context.scope.GenericScope     : BeanFactory id=8aeea5c9-27e2-31ae-84d4-11ca08291c24
2022-12-19 15:02:30.172  INFO [accounts,,] 14356 --- [           main] o.s.b.w.embedded.tomcat.TomcatWebServer  : Tomcat initialized with port(s): 8080 (http)
2022-12-19 15:02:30.186  INFO [accounts,,] 14356 --- [           main] o.apache.catalina.core.StandardService   : Starting service [Tomcat]
2022-12-19 15:02:30.186  INFO [accounts,,] 14356 --- [           main] org.apache.catalina.core.StandardEngine  : Starting Servlet engine: [Apache Tomcat/9.0.65]
2022-12-19 15:02:30.295  INFO [accounts,,] 14356 --- [           main] o.a.c.c.C.[Tomcat].[localhost].[/]       : Initializing Spring embedded WebApplicationContext
2022-12-19 15:02:30.295  INFO [accounts,,] 14356 --- [           main] w.s.c.ServletWebServerApplicationContext : Root WebApplicationContext: initialization completed in 5388 ms
2022-12-19 15:02:30.966  INFO [accounts,,] 14356 --- [           main] com.zaxxer.hikari.HikariDataSource       : HikariPool-1 - Starting...
2022-12-19 15:02:31.422  INFO [accounts,,] 14356 --- [           main] com.zaxxer.hikari.HikariDataSource       : HikariPool-1 - Start completed.
2022-12-19 15:02:31.441  INFO [accounts,,] 14356 --- [           main] o.s.b.a.h2.H2ConsoleAutoConfiguration    : H2 console available at '/h2-console'. Database available at 'jdbc:h2:mem:testdb'
2022-12-19 15:02:36.315  INFO [accounts,,] 14356 --- [           main] o.hibernate.jpa.internal.util.LogHelper  : HHH000204: Processing PersistenceUnitInfo [name: default]
2022-12-19 15:02:36.430  INFO [accounts,,] 14356 --- [           main] org.hibernate.Version                    : HHH000412: Hibernate ORM core version 5.6.11.Final
2022-12-19 15:02:36.716  INFO [accounts,,] 14356 --- [           main] o.hibernate.annotations.common.Version   : HCANN000001: Hibernate Commons Annotations {5.1.2.Final}
2022-12-19 15:02:36.928  INFO [accounts,,] 14356 --- [           main] org.hibernate.dialect.Dialect            : HHH000400: Using dialect: org.hibernate.dialect.H2Dialect
2022-12-19 15:02:37.734  INFO [accounts,,] 14356 --- [           main] o.h.e.t.j.p.i.JtaPlatformInitiator       : HHH000490: Using JtaPlatform implementation: [org.hibernate.engine.transaction.jta.platform.internal.NoJtaPlatform]
2022-12-19 15:02:37.747  INFO [accounts,,] 14356 --- [           main] j.LocalContainerEntityManagerFactoryBean : Initialized JPA EntityManagerFactory for persistence unit 'default'
2022-12-19 15:02:38.980  WARN [accounts,,] 14356 --- [           main] JpaBaseConfiguration$JpaWebConfiguration : spring.jpa.open-in-view is enabled by default. Therefore, database queries may be performed during view rendering. Explicitly configure spring.jpa.open-in-view to disable this warning
2022-12-19 15:02:39.173  INFO [accounts,,] 14356 --- [           main] o.s.c.openfeign.FeignClientFactoryBean   : For 'loans' URL not provided. Will try picking an instance via load-balancing.
2022-12-19 15:02:39.392  INFO [accounts,,] 14356 --- [           main] o.s.c.openfeign.FeignClientFactoryBean   : For 'cards' URL not provided. Will try picking an instance via load-balancing.
2022-12-19 15:02:42.137  INFO [accounts,,] 14356 --- [           main] DiscoveryClientOptionalArgsConfiguration : Eureka HTTP Client uses RestTemplate.
2022-12-19 15:02:43.177  WARN [accounts,,] 14356 --- [           main] iguration$LoadBalancerCaffeineWarnLogger : Spring Cloud LoadBalancer is currently working with the default cache. While this cache implementation is useful for development and tests, it's recommended to use Caffeine cache in production.You can switch to using Caffeine cache, by adding it and org.springframework.cache.caffeine.CaffeineCacheManager to the classpath.
2022-12-19 15:02:43.368  INFO [accounts,,] 14356 --- [           main] o.s.b.a.e.web.EndpointLinksResolver      : Exposing 28 endpoint(s) beneath base path '/actuator'
2022-12-19 15:02:43.500  INFO [accounts,,] 14356 --- [           main] o.s.c.n.eureka.InstanceInfoFactory       : Setting initial instance status as: STARTING
2022-12-19 15:02:43.712  INFO [accounts,,] 14356 --- [           main] com.netflix.discovery.DiscoveryClient    : Initializing Eureka in region us-east-1
2022-12-19 15:02:43.725  INFO [accounts,,] 14356 --- [           main] c.n.d.s.r.aws.ConfigClusterResolver      : Resolving eureka endpoints via configuration
2022-12-19 15:02:43.780  INFO [accounts,,] 14356 --- [           main] com.netflix.discovery.DiscoveryClient    : Disable delta property : false
2022-12-19 15:02:43.780  INFO [accounts,,] 14356 --- [           main] com.netflix.discovery.DiscoveryClient    : Single vip registry refresh property : null
2022-12-19 15:02:43.781  INFO [accounts,,] 14356 --- [           main] com.netflix.discovery.DiscoveryClient    : Force full registry fetch : false
2022-12-19 15:02:43.781  INFO [accounts,,] 14356 --- [           main] com.netflix.discovery.DiscoveryClient    : Application is null : false
2022-12-19 15:02:43.781  INFO [accounts,,] 14356 --- [           main] com.netflix.discovery.DiscoveryClient    : Registered Applications size is zero : true
2022-12-19 15:02:43.781  INFO [accounts,,] 14356 --- [           main] com.netflix.discovery.DiscoveryClient    : Application version is -1: true
2022-12-19 15:02:43.781  INFO [accounts,,] 14356 --- [           main] com.netflix.discovery.DiscoveryClient    : Getting all instance registry info from the eureka server
2022-12-19 15:02:44.137  INFO [accounts,,] 14356 --- [           main] com.netflix.discovery.DiscoveryClient    : The response status is 200
2022-12-19 15:02:44.141  INFO [accounts,,] 14356 --- [           main] com.netflix.discovery.DiscoveryClient    : Starting heartbeat executor: renew interval is: 30
2022-12-19 15:02:44.145  INFO [accounts,,] 14356 --- [           main] c.n.discovery.InstanceInfoReplicator     : InstanceInfoReplicator onDemand update allowed rate per min is 4
2022-12-19 15:02:44.152  INFO [accounts,,] 14356 --- [           main] com.netflix.discovery.DiscoveryClient    : Discovery Client initialized at timestamp 1671458564151 with initial instances count: 2
2022-12-19 15:02:44.180  INFO [accounts,,] 14356 --- [           main] o.s.c.n.e.s.EurekaServiceRegistry        : Registering application ACCOUNTS with eureka with status UP
2022-12-19 15:02:44.181  INFO [accounts,,] 14356 --- [           main] com.netflix.discovery.DiscoveryClient    : Saw local status change event StatusChangeEvent [timestamp=1671458564181, current=UP, previous=STARTING]
2022-12-19 15:02:44.186  INFO [accounts,,] 14356 --- [nfoReplicator-0] com.netflix.discovery.DiscoveryClient    : DiscoveryClient_ACCOUNTS/host.docker.internal:accounts:8080: registering service...
2022-12-19 15:02:44.237  INFO [accounts,,] 14356 --- [           main] o.s.b.w.embedded.tomcat.TomcatWebServer  : Tomcat started on port(s): 8080 (http) with context path ''
2022-12-19 15:02:44.239  INFO [accounts,,] 14356 --- [           main] .s.c.n.e.s.EurekaAutoServiceRegistration : Updating port to 8080
2022-12-19 15:02:44.297  INFO [accounts,,] 14356 --- [nfoReplicator-0] com.netflix.discovery.DiscoveryClient    : DiscoveryClient_ACCOUNTS/host.docker.internal:accounts:8080 - registration status: 204
2022-12-19 15:02:44.780  INFO [accounts,,] 14356 --- [           main] c.example.accounts.AccountsApplication   : Started AccountsApplication in 23.14 seconds (JVM running for 24.114)
2022-12-19 15:07:43.871  INFO [accounts,,] 14356 --- [trap-executor-0] c.n.d.s.r.aws.ConfigClusterResolver      : Resolving eureka endpoints via configuration
2022-12-19 15:12:43.961  INFO [accounts,,] 14356 --- [trap-executor-0] c.n.d.s.r.aws.ConfigClusterResolver      : Resolving eureka endpoints via configuration
2022-12-19 15:17:43.976  INFO [accounts,,] 14356 --- [trap-executor-0] c.n.d.s.r.aws.ConfigClusterResolver      : Resolving eureka endpoints via configuration
2022-12-19 15:22:43.987  INFO [accounts,,] 14356 --- [trap-executor-0] c.n.d.s.r.aws.ConfigClusterResolver      : Resolving eureka endpoints via configuration
2022-12-19 15:27:44.007  INFO [accounts,,] 14356 --- [trap-executor-0] c.n.d.s.r.aws.ConfigClusterResolver      : Resolving eureka endpoints via configuration
2022-12-19 15:32:44.017  INFO [accounts,,] 14356 --- [trap-executor-0] c.n.d.s.r.aws.ConfigClusterResolver      : Resolving eureka endpoints via configuration
2022-12-19 15:37:44.030  INFO [accounts,,] 14356 --- [trap-executor-0] c.n.d.s.r.aws.ConfigClusterResolver      : Resolving eureka endpoints via configuration
2022-12-19 15:42:44.035  INFO [accounts,,] 14356 --- [trap-executor-0] c.n.d.s.r.aws.ConfigClusterResolver      : Resolving eureka endpoints via configuration
2022-12-19 15:47:44.050  INFO [accounts,,] 14356 --- [trap-executor-0] c.n.d.s.r.aws.ConfigClusterResolver      : Resolving eureka endpoints via configuration
2022-12-19 15:52:44.060  INFO [accounts,,] 14356 --- [trap-executor-0] c.n.d.s.r.aws.ConfigClusterResolver      : Resolving eureka endpoints via configuration
2022-12-19 15:57:44.077  INFO [accounts,,] 14356 --- [trap-executor-0] c.n.d.s.r.aws.ConfigClusterResolver      : Resolving eureka endpoints via configuration
2022-12-19 16:02:44.085  INFO [accounts,,] 14356 --- [trap-executor-0] c.n.d.s.r.aws.ConfigClusterResolver      : Resolving eureka endpoints via configuration
2022-12-19 16:07:44.101  INFO [accounts,,] 14356 --- [trap-executor-0] c.n.d.s.r.aws.ConfigClusterResolver      : Resolving eureka endpoints via configuration
2022-12-19 16:12:44.116  INFO [accounts,,] 14356 --- [trap-executor-0] c.n.d.s.r.aws.ConfigClusterResolver      : Resolving eureka endpoints via configuration
2022-12-19 16:17:44.120  INFO [accounts,,] 14356 --- [trap-executor-0] c.n.d.s.r.aws.ConfigClusterResolver      : Resolving eureka endpoints via configuration
2022-12-19 16:22:44.128  INFO [accounts,,] 14356 --- [trap-executor-0] c.n.d.s.r.aws.ConfigClusterResolver      : Resolving eureka endpoints via configuration
2022-12-19 16:27:44.143  INFO [accounts,,] 14356 --- [trap-executor-0] c.n.d.s.r.aws.ConfigClusterResolver      : Resolving eureka endpoints via configuration
2022-12-19 16:32:44.159  INFO [accounts,,] 14356 --- [trap-executor-0] c.n.d.s.r.aws.ConfigClusterResolver      : Resolving eureka endpoints via configuration
2022-12-19 16:37:44.178  INFO [accounts,,] 14356 --- [trap-executor-0] c.n.d.s.r.aws.ConfigClusterResolver      : Resolving eureka endpoints via configuration
2022-12-19 16:42:44.191  INFO [accounts,,] 14356 --- [trap-executor-0] c.n.d.s.r.aws.ConfigClusterResolver      : Resolving eureka endpoints via configuration
2022-12-19 16:47:44.198  INFO [accounts,,] 14356 --- [trap-executor-0] c.n.d.s.r.aws.ConfigClusterResolver      : Resolving eureka endpoints via configuration
2022-12-19 16:52:44.211  INFO [accounts,,] 14356 --- [trap-executor-0] c.n.d.s.r.aws.ConfigClusterResolver      : Resolving eureka endpoints via configuration
2022-12-19 16:57:44.223  INFO [accounts,,] 14356 --- [trap-executor-0] c.n.d.s.r.aws.ConfigClusterResolver      : Resolving eureka endpoints via configuration
2022-12-19 17:02:44.235  INFO [accounts,,] 14356 --- [trap-executor-0] c.n.d.s.r.aws.ConfigClusterResolver      : Resolving eureka endpoints via configuration
2022-12-19 17:07:44.240  INFO [accounts,,] 14356 --- [trap-executor-0] c.n.d.s.r.aws.ConfigClusterResolver      : Resolving eureka endpoints via configuration
2022-12-19 17:12:44.246  INFO [accounts,,] 14356 --- [trap-executor-0] c.n.d.s.r.aws.ConfigClusterResolver      : Resolving eureka endpoints via configuration
2022-12-19 17:17:44.263  INFO [accounts,,] 14356 --- [trap-executor-0] c.n.d.s.r.aws.ConfigClusterResolver      : Resolving eureka endpoints via configuration
2022-12-19 17:19:01.808  INFO [accounts,86b63becd4e46e41,2d66839004dbbdab] 14356 --- [nio-8080-exec-2] o.a.c.c.C.[Tomcat].[localhost].[/]       : Initializing Spring DispatcherServlet 'dispatcherServlet'
2022-12-19 17:19:01.812  INFO [accounts,86b63becd4e46e41,2d66839004dbbdab] 14356 --- [nio-8080-exec-2] o.s.web.servlet.DispatcherServlet        : Initializing Servlet 'dispatcherServlet'
2022-12-19 17:19:01.838  INFO [accounts,86b63becd4e46e41,2d66839004dbbdab] 14356 --- [nio-8080-exec-2] o.s.web.servlet.DispatcherServlet        : Completed initialization in 25 ms
2022-12-19 17:19:02.294  INFO [accounts,86b63becd4e46e41,2d66839004dbbdab] 14356 --- [nio-8080-exec-2] c.e.a.controller.AccountsController      : myCustomerDetails() method started
2022-12-19 17:19:11.411  INFO [accounts,86b63becd4e46e41,2d66839004dbbdab] 14356 --- [nio-8080-exec-2] c.e.a.controller.AccountsController      : myCustomerDetails() method ended
2022-12-19 17:19:19.083  INFO [accounts,3259ec2320407143,03fb13dede864de4] 14356 --- [nio-8080-exec-3] c.e.a.controller.AccountsController      : myCustomerDetails() method started
2022-12-19 17:19:19.134  INFO [accounts,3259ec2320407143,03fb13dede864de4] 14356 --- [nio-8080-exec-3] c.e.a.controller.AccountsController      : myCustomerDetails() method ended
2022-12-19 17:22:44.289  INFO [accounts,,] 14356 --- [trap-executor-0] c.n.d.s.r.aws.ConfigClusterResolver      : Resolving eureka endpoints via configuration
2022-12-19 17:27:44.396  INFO [accounts,,] 14356 --- [trap-executor-0] c.n.d.s.r.aws.ConfigClusterResolver      : Resolving eureka endpoints via configuration
2022-12-19 17:32:44.661  INFO [accounts,,] 14356 --- [trap-executor-0] c.n.d.s.r.aws.ConfigClusterResolver      : Resolving eureka endpoints via configuration
