
  .   ____          _            __ _ _
 /\\ / ___'_ __ _ _(_)_ __  __ _ \ \ \ \
( ( )\___ | '_ | '_| | '_ \/ _` | \ \ \ \
 \\/  ___)| |_)| | | | | || (_| |  ) ) ) )
  '  |____| .__|_| |_|_| |_\__, | / / / /
 =========|_|==============|___/=/_/_/_/
 :: Spring Boot ::               (v2.6.12)

2022-12-20 12:24:09.302  INFO [configserver,,] 872 --- [           main] c.e.c.ConfigserverApplication            : Starting ConfigserverApplication v0.0.1-SNAPSHOT using Java 11.0.13 on DESKTOP-Q1VBOT1 with PID 872 (C:\Users\HP\Desktop\SpringBootProjects\udemy cours reworked\configserver\target\configserver-0.0.1-SNAPSHOT.jar started by HP in C:\Users\HP\Desktop\SpringBootProjects\udemy cours reworked)
2022-12-20 12:24:09.307  INFO [configserver,,] 872 --- [           main] c.e.c.ConfigserverApplication            : The following 1 profile is active: "git"
2022-12-20 12:24:11.151  INFO [configserver,,] 872 --- [           main] o.s.cloud.context.scope.GenericScope     : BeanFactory id=fc0f15ff-7dea-3568-bb69-81ebe24caef8
2022-12-20 12:24:12.409  INFO [configserver,,] 872 --- [           main] o.s.b.w.embedded.tomcat.TomcatWebServer  : Tomcat initialized with port(s): 8071 (http)
2022-12-20 12:24:12.422  INFO [configserver,,] 872 --- [           main] o.apache.catalina.core.StandardService   : Starting service [Tomcat]
2022-12-20 12:24:12.422  INFO [configserver,,] 872 --- [           main] org.apache.catalina.core.StandardEngine  : Starting Servlet engine: [Apache Tomcat/9.0.65]
2022-12-20 12:24:12.506  INFO [configserver,,] 872 --- [           main] o.a.c.c.C.[Tomcat].[localhost].[/]       : Initializing Spring embedded WebApplicationContext
2022-12-20 12:24:12.506  INFO [configserver,,] 872 --- [           main] w.s.c.ServletWebServerApplicationContext : Root WebApplicationContext: initialization completed in 3114 ms
2022-12-20 12:24:14.241  WARN [configserver,,] 872 --- [pool-1-thread-1] o.s.c.s.a.z.ZipkinAutoConfiguration      : Check result of the [RestTemplateSender{http://localhost:9411/api/v2/spans}] contains an error [CheckResult{ok=false, error=org.springframework.web.client.ResourceAccessException: I/O error on POST request for "http://localhost:9411/api/v2/spans": connect timed out; nested exception is java.net.SocketTimeoutException: connect timed out}]
2022-12-20 12:24:19.287  INFO [configserver,,] 872 --- [           main] o.s.b.a.e.web.EndpointLinksResolver      : Exposing 1 endpoint(s) beneath base path '/actuator'
2022-12-20 12:24:19.355  INFO [configserver,,] 872 --- [           main] o.s.b.w.embedded.tomcat.TomcatWebServer  : Tomcat started on port(s): 8071 (http) with context path ''
2022-12-20 12:24:19.824  INFO [configserver,,] 872 --- [           main] c.e.c.ConfigserverApplication            : Started ConfigserverApplication in 11.887 seconds (JVM running for 12.688)
2022-12-20 12:24:29.910  INFO [configserver,c1967b4ade59a8be,c1967b4ade59a8be] 872 --- [nio-8071-exec-1] o.a.c.c.C.[Tomcat].[localhost].[/]       : Initializing Spring DispatcherServlet 'dispatcherServlet'
2022-12-20 12:24:29.910  INFO [configserver,c1967b4ade59a8be,c1967b4ade59a8be] 872 --- [nio-8071-exec-1] o.s.web.servlet.DispatcherServlet        : Initializing Servlet 'dispatcherServlet'
2022-12-20 12:24:29.911  INFO [configserver,c1967b4ade59a8be,c1967b4ade59a8be] 872 --- [nio-8071-exec-1] o.s.web.servlet.DispatcherServlet        : Completed initialization in 1 ms
2022-12-20 12:24:31.041  INFO [configserver,c1967b4ade59a8be,cdc058adcfc476c8] 872 --- [nio-8071-exec-1] o.s.c.c.s.e.NativeEnvironmentRepository  : Adding property source: Config resource 'file [C:\Users\HP\AppData\Local\Temp\config-repo-11056049475673203461\eurekaserver.properties]' via location 'file:/C:/Users/HP/AppData/Local/Temp/config-repo-11056049475673203461/'
2022-12-20 12:24:33.078  WARN [configserver,,] 872 --- [/api/v2/spans}}] z.r.AsyncReporter$BoundedAsyncReporter   : Spans were dropped due to exceptions. All subsequent errors will be logged at FINE level.
2022-12-20 12:24:33.083  WARN [configserver,,] 872 --- [/api/v2/spans}}] z.r.AsyncReporter$BoundedAsyncReporter   : Dropped 3 spans due to ResourceAccessException(I/O error on POST request for "http://localhost:9411/api/v2/spans": connect timed out; nested exception is java.net.SocketTimeoutException: connect timed out)

org.springframework.web.client.ResourceAccessException: I/O error on POST request for "http://localhost:9411/api/v2/spans": connect timed out; nested exception is java.net.SocketTimeoutException: connect timed out
	at org.springframework.web.client.RestTemplate.doExecute(RestTemplate.java:785) ~[spring-web-5.3.23.jar!/:5.3.23]
	at org.springframework.cloud.sleuth.zipkin2.ZipkinRestTemplateWrapper.doExecute(ZipkinRestTemplateWrapper.java:67) ~[spring-cloud-sleuth-zipkin-3.1.4.jar!/:3.1.4]
	at org.springframework.web.client.RestTemplate.exchange(RestTemplate.java:660) ~[spring-web-5.3.23.jar!/:5.3.23]
	at org.springframework.cloud.sleuth.zipkin2.RestTemplateSender.post(RestTemplateSender.java:51) ~[spring-cloud-sleuth-zipkin-3.1.4.jar!/:3.1.4]
	at org.springframework.cloud.sleuth.zipkin2.RestTemplateSender.lambda$new$0(RestTemplateSender.java:44) ~[spring-cloud-sleuth-zipkin-3.1.4.jar!/:3.1.4]
	at org.springframework.cloud.sleuth.zipkin2.HttpSender.post(HttpSender.java:137) ~[spring-cloud-sleuth-zipkin-3.1.4.jar!/:3.1.4]
	at org.springframework.cloud.sleuth.zipkin2.HttpSender$HttpPostCall.doExecute(HttpSender.java:150) ~[spring-cloud-sleuth-zipkin-3.1.4.jar!/:3.1.4]
	at org.springframework.cloud.sleuth.zipkin2.HttpSender$HttpPostCall.doExecute(HttpSender.java:140) ~[spring-cloud-sleuth-zipkin-3.1.4.jar!/:3.1.4]
	at zipkin2.Call$Base.execute(Call.java:391) ~[zipkin-2.23.2.jar!/:na]
	at zipkin2.reporter.AsyncReporter$BoundedAsyncReporter.flush(AsyncReporter.java:299) ~[zipkin-reporter-2.16.3.jar!/:na]
	at zipkin2.reporter.AsyncReporter$Flusher.run(AsyncReporter.java:378) ~[zipkin-reporter-2.16.3.jar!/:na]
	at java.base/java.lang.Thread.run(Thread.java:834) ~[na:na]
Caused by: java.net.SocketTimeoutException: connect timed out
	at java.base/java.net.PlainSocketImpl.waitForConnect(Native Method) ~[na:na]
	at java.base/java.net.PlainSocketImpl.socketConnect(PlainSocketImpl.java:107) ~[na:na]
	at java.base/java.net.AbstractPlainSocketImpl.doConnect(AbstractPlainSocketImpl.java:412) ~[na:na]
	at java.base/java.net.AbstractPlainSocketImpl.connectToAddress(AbstractPlainSocketImpl.java:255) ~[na:na]
	at java.base/java.net.AbstractPlainSocketImpl.connect(AbstractPlainSocketImpl.java:237) ~[na:na]
	at java.base/java.net.Socket.connect(Socket.java:608) ~[na:na]
	at java.base/sun.net.NetworkClient.doConnect(NetworkClient.java:177) ~[na:na]
	at java.base/sun.net.www.http.HttpClient.openServer(HttpClient.java:474) ~[na:na]
	at java.base/sun.net.www.http.HttpClient.openServer(HttpClient.java:569) ~[na:na]
	at java.base/sun.net.www.http.HttpClient.<init>(HttpClient.java:242) ~[na:na]
	at java.base/sun.net.www.http.HttpClient.New(HttpClient.java:341) ~[na:na]
	at java.base/sun.net.www.http.HttpClient.New(HttpClient.java:362) ~[na:na]
	at java.base/sun.net.www.protocol.http.HttpURLConnection.getNewHttpClient(HttpURLConnection.java:1253) ~[na:na]
	at java.base/sun.net.www.protocol.http.HttpURLConnection.plainConnect0(HttpURLConnection.java:1187) ~[na:na]
	at java.base/sun.net.www.protocol.http.HttpURLConnection.plainConnect(HttpURLConnection.java:1081) ~[na:na]
	at java.base/sun.net.www.protocol.http.HttpURLConnection.connect(HttpURLConnection.java:1015) ~[na:na]
	at org.springframework.http.client.SimpleBufferingClientHttpRequest.executeInternal(SimpleBufferingClientHttpRequest.java:76) ~[spring-web-5.3.23.jar!/:5.3.23]
	at org.springframework.http.client.AbstractBufferingClientHttpRequest.executeInternal(AbstractBufferingClientHttpRequest.java:48) ~[spring-web-5.3.23.jar!/:5.3.23]
	at org.springframework.http.client.AbstractClientHttpRequest.execute(AbstractClientHttpRequest.java:66) ~[spring-web-5.3.23.jar!/:5.3.23]
	at org.springframework.web.client.RestTemplate.doExecute(RestTemplate.java:776) ~[spring-web-5.3.23.jar!/:5.3.23]
	... 11 common frames omitted

2022-12-20 12:25:43.507  INFO [configserver,cc7c403a182b4c28,2a78d5f51f19ceb9] 872 --- [nio-8071-exec-3] o.s.c.c.s.e.NativeEnvironmentRepository  : Adding property source: Config resource 'file [C:\Users\HP\AppData\Local\Temp\config-repo-11056049475673203461\accounts-prod.properties]' via location 'file:/C:/Users/HP/AppData/Local/Temp/config-repo-11056049475673203461/'
2022-12-20 12:25:43.508  INFO [configserver,cc7c403a182b4c28,2a78d5f51f19ceb9] 872 --- [nio-8071-exec-3] o.s.c.c.s.e.NativeEnvironmentRepository  : Adding property source: Config resource 'file [C:\Users\HP\AppData\Local\Temp\config-repo-11056049475673203461\accounts.properties]' via location 'file:/C:/Users/HP/AppData/Local/Temp/config-repo-11056049475673203461/'
2022-12-20 12:30:58.606  INFO [configserver,85f480fcd4f220bd,aa713853c4ea957a] 872 --- [nio-8071-exec-5] o.s.c.c.s.e.NativeEnvironmentRepository  : Adding property source: Config resource 'file [C:\Users\HP\AppData\Local\Temp\config-repo-11056049475673203461\accounts-prod.properties]' via location 'file:/C:/Users/HP/AppData/Local/Temp/config-repo-11056049475673203461/'
2022-12-20 12:30:58.606  INFO [configserver,85f480fcd4f220bd,aa713853c4ea957a] 872 --- [nio-8071-exec-5] o.s.c.c.s.e.NativeEnvironmentRepository  : Adding property source: Config resource 'file [C:\Users\HP\AppData\Local\Temp\config-repo-11056049475673203461\accounts.properties]' via location 'file:/C:/Users/HP/AppData/Local/Temp/config-repo-11056049475673203461/'
