
  .   ____          _            __ _ _
 /\\ / ___'_ __ _ _(_)_ __  __ _ \ \ \ \
( ( )\___ | '_ | '_| | '_ \/ _` | \ \ \ \
 \\/  ___)| |_)| | | | | || (_| |  ) ) ) )
  '  |____| .__|_| |_|_| |_\__, | / / / /
 =========|_|==============|___/=/_/_/_/
 :: Spring Boot ::               (v2.6.12)

2022-12-20 12:24:31.453  INFO [eurekaserver,,] 11884 --- [           main] c.e.e.EurakaserverApplication            : Starting EurakaserverApplication v0.0.1-SNAPSHOT using Java 11.0.13 on DESKTOP-Q1VBOT1 with PID 11884 (C:\Users\HP\Desktop\SpringBootProjects\udemy cours reworked\eurakaserver\target\eurekaserver-0.0.1-SNAPSHOT.jar started by HP in C:\Users\HP\Desktop\SpringBootProjects\udemy cours reworked)
2022-12-20 12:24:31.460  INFO [eurekaserver,,] 11884 --- [           main] c.e.e.EurakaserverApplication            : No active profile set, falling back to 1 default profile: "default"
2022-12-20 12:24:31.552  INFO [eurekaserver,,] 11884 --- [           main] o.s.c.c.c.ConfigServerConfigDataLoader   : Fetching config from server at : http://localhost:8071
2022-12-20 12:24:31.552  INFO [eurekaserver,,] 11884 --- [           main] o.s.c.c.c.ConfigServerConfigDataLoader   : Located environment: name=eurekaserver, profiles=[default], label=null, version=81731bac991833fe9694f4c1cb62aed8fe01942c, state=null
2022-12-20 12:24:33.241  INFO [eurekaserver,,] 11884 --- [           main] o.s.cloud.context.scope.GenericScope     : BeanFactory id=89f006f4-725e-3821-a5f3-64fcecef78d7
2022-12-20 12:24:34.539  INFO [eurekaserver,,] 11884 --- [           main] o.s.b.w.embedded.tomcat.TomcatWebServer  : Tomcat initialized with port(s): 8070 (http)
2022-12-20 12:24:34.552  INFO [eurekaserver,,] 11884 --- [           main] o.apache.catalina.core.StandardService   : Starting service [Tomcat]
2022-12-20 12:24:34.552  INFO [eurekaserver,,] 11884 --- [           main] org.apache.catalina.core.StandardEngine  : Starting Servlet engine: [Apache Tomcat/9.0.65]
2022-12-20 12:24:34.655  INFO [eurekaserver,,] 11884 --- [           main] o.a.c.c.C.[Tomcat].[localhost].[/]       : Initializing Spring embedded WebApplicationContext
2022-12-20 12:24:34.656  INFO [eurekaserver,,] 11884 --- [           main] w.s.c.ServletWebServerApplicationContext : Root WebApplicationContext: initialization completed in 3099 ms
2022-12-20 12:24:36.760  WARN [eurekaserver,,] 11884 --- [pool-1-thread-1] o.s.c.s.a.z.ZipkinAutoConfiguration      : Check result of the [RestTemplateSender{http://localhost:9411/api/v2/spans}] contains an error [CheckResult{ok=false, error=org.springframework.web.client.ResourceAccessException: I/O error on POST request for "http://localhost:9411/api/v2/spans": connect timed out; nested exception is java.net.SocketTimeoutException: connect timed out}]
2022-12-20 12:24:37.167  INFO [eurekaserver,,] 11884 --- [           main] c.s.j.s.i.a.WebApplicationImpl           : Initiating Jersey application, version 'Jersey: 1.19.4 05/24/2017 03:20 PM'
2022-12-20 12:24:37.287  INFO [eurekaserver,,] 11884 --- [           main] c.n.d.provider.DiscoveryJerseyProvider   : Using JSON encoding codec LegacyJacksonJson
2022-12-20 12:24:37.290  INFO [eurekaserver,,] 11884 --- [           main] c.n.d.provider.DiscoveryJerseyProvider   : Using JSON decoding codec LegacyJacksonJson
2022-12-20 12:24:37.542  INFO [eurekaserver,,] 11884 --- [           main] c.n.d.provider.DiscoveryJerseyProvider   : Using XML encoding codec XStreamXml
2022-12-20 12:24:37.542  INFO [eurekaserver,,] 11884 --- [           main] c.n.d.provider.DiscoveryJerseyProvider   : Using XML decoding codec XStreamXml
2022-12-20 12:24:40.259  INFO [eurekaserver,,] 11884 --- [           main] DiscoveryClientOptionalArgsConfiguration : Eureka HTTP Client uses Jersey
2022-12-20 12:24:41.058  WARN [eurekaserver,,] 11884 --- [           main] iguration$LoadBalancerCaffeineWarnLogger : Spring Cloud LoadBalancer is currently working with the default cache. While this cache implementation is useful for development and tests, it's recommended to use Caffeine cache in production.You can switch to using Caffeine cache, by adding it and org.springframework.cache.caffeine.CaffeineCacheManager to the classpath.
2022-12-20 12:24:41.098  INFO [eurekaserver,,] 11884 --- [           main] o.s.c.n.eureka.InstanceInfoFactory       : Setting initial instance status as: STARTING
2022-12-20 12:24:41.162  INFO [eurekaserver,,] 11884 --- [           main] com.netflix.discovery.DiscoveryClient    : Initializing Eureka in region us-east-1
2022-12-20 12:24:41.163  INFO [eurekaserver,,] 11884 --- [           main] com.netflix.discovery.DiscoveryClient    : Client configured to neither register nor query for data.
2022-12-20 12:24:41.180  INFO [eurekaserver,,] 11884 --- [           main] com.netflix.discovery.DiscoveryClient    : Discovery Client initialized at timestamp 1671535481178 with initial instances count: 0
2022-12-20 12:24:41.259  INFO [eurekaserver,,] 11884 --- [           main] c.n.eureka.DefaultEurekaServerContext    : Initializing ...
2022-12-20 12:24:41.261  WARN [eurekaserver,,] 11884 --- [           main] c.n.eureka.cluster.PeerEurekaNodes       : The replica size seems to be empty. Check the route 53 DNS Registry
2022-12-20 12:24:41.341  INFO [eurekaserver,,] 11884 --- [           main] c.n.e.registry.AbstractInstanceRegistry  : Finished initializing remote region registries. All known remote regions: []
2022-12-20 12:24:41.342  INFO [eurekaserver,,] 11884 --- [           main] c.n.eureka.DefaultEurekaServerContext    : Initialized
2022-12-20 12:24:41.415  INFO [eurekaserver,,] 11884 --- [           main] o.s.b.a.e.web.EndpointLinksResolver      : Exposing 1 endpoint(s) beneath base path '/actuator'
2022-12-20 12:24:41.458  INFO [eurekaserver,,] 11884 --- [           main] o.s.c.n.e.s.EurekaServiceRegistry        : Registering application EUREKASERVER with eureka with status UP
2022-12-20 12:24:41.484  INFO [eurekaserver,,] 11884 --- [      Thread-10] o.s.c.n.e.server.EurekaServerBootstrap   : isAws returned false
2022-12-20 12:24:41.485  INFO [eurekaserver,,] 11884 --- [      Thread-10] o.s.c.n.e.server.EurekaServerBootstrap   : Initialized server context
2022-12-20 12:24:41.486  INFO [eurekaserver,,] 11884 --- [      Thread-10] c.n.e.r.PeerAwareInstanceRegistryImpl    : Got 1 instances from neighboring DS node
2022-12-20 12:24:41.486  INFO [eurekaserver,,] 11884 --- [      Thread-10] c.n.e.r.PeerAwareInstanceRegistryImpl    : Renew threshold is: 1
2022-12-20 12:24:41.486  INFO [eurekaserver,,] 11884 --- [      Thread-10] c.n.e.r.PeerAwareInstanceRegistryImpl    : Changing status to UP
2022-12-20 12:24:41.499  INFO [eurekaserver,,] 11884 --- [      Thread-10] e.s.EurekaServerInitializerConfiguration : Started Eureka Server
2022-12-20 12:24:41.500  INFO [eurekaserver,,] 11884 --- [           main] o.s.b.w.embedded.tomcat.TomcatWebServer  : Tomcat started on port(s): 8070 (http) with context path ''
2022-12-20 12:24:41.502  INFO [eurekaserver,,] 11884 --- [           main] .s.c.n.e.s.EurekaAutoServiceRegistration : Updating port to 8070
2022-12-20 12:24:41.972  INFO [eurekaserver,,] 11884 --- [           main] c.e.e.EurakaserverApplication            : Started EurakaserverApplication in 13.595 seconds (JVM running for 14.542)
2022-12-20 12:25:41.492  INFO [eurekaserver,,] 11884 --- [a-EvictionTimer] c.n.e.registry.AbstractInstanceRegistry  : Running the evict task with compensationTime 0ms
2022-12-20 12:26:05.648  INFO [eurekaserver,eea7cfd9b0ca28b9,eea7cfd9b0ca28b9] 11884 --- [nio-8070-exec-1] o.a.c.c.C.[Tomcat].[localhost].[/]       : Initializing Spring DispatcherServlet 'dispatcherServlet'
2022-12-20 12:26:05.649  INFO [eurekaserver,eea7cfd9b0ca28b9,eea7cfd9b0ca28b9] 11884 --- [nio-8070-exec-1] o.s.web.servlet.DispatcherServlet        : Initializing Servlet 'dispatcherServlet'
2022-12-20 12:26:05.652  INFO [eurekaserver,eea7cfd9b0ca28b9,eea7cfd9b0ca28b9] 11884 --- [nio-8070-exec-1] o.s.web.servlet.DispatcherServlet        : Completed initialization in 3 ms
2022-12-20 12:26:06.299  INFO [eurekaserver,4463ff11c73ad92a,4463ff11c73ad92a] 11884 --- [nio-8070-exec-2] c.n.e.registry.AbstractInstanceRegistry  : Registered instance ACCOUNTS/host.docker.internal:accounts:8080 with status UP (replication=false)
2022-12-20 12:26:07.869  WARN [eurekaserver,,] 11884 --- [/api/v2/spans}}] z.r.AsyncReporter$BoundedAsyncReporter   : Spans were dropped due to exceptions. All subsequent errors will be logged at FINE level.
2022-12-20 12:26:07.877  WARN [eurekaserver,,] 11884 --- [/api/v2/spans}}] z.r.AsyncReporter$BoundedAsyncReporter   : Dropped 2 spans due to ResourceAccessException(I/O error on POST request for "http://localhost:9411/api/v2/spans": connect timed out; nested exception is java.net.SocketTimeoutException: connect timed out)

org.springframework.web.client.ResourceAccessException: I/O error on POST request for "http://localhost:9411/api/v2/spans": connect timed out; nested exception is java.net.SocketTimeoutException: connect timed out
	at org.springframework.web.client.RestTemplate.doExecute(RestTemplate.java:785) ~[spring-web-5.3.23.jar!/:5.3.23]
	at org.springframework.cloud.sleuth.zipkin2.ZipkinRestTemplateWrapper.doExecute(ZipkinRestTemplateWrapper.java:67) ~[spring-cloud-sleuth-zipkin-3.1.4.jar!/:3.1.4]
	at org.springframework.web.client.RestTemplate.exchange(RestTemplate.java:660) ~[spring-web-5.3.23.jar!/:5.3.23]
	at org.springframework.cloud.sleuth.zipkin2.RestTemplateSender.post(RestTemplateSender.java:51) ~[spring-cloud-sleuth-zipkin-3.1.4.jar!/:3.1.4]
	at org.springframework.cloud.sleuth.zipkin2.RestTemplateSender.lambda$new$0(RestTemplateSender.java:44) ~[spring-cloud-sleuth-zipkin-3.1.4.jar!/:3.1.4]
	at org.springframework.cloud.sleuth.zipkin2.HttpSender.post(HttpSender.java:137) ~[spring-cloud-sleuth-zipkin-3.1.4.jar!/:3.1.4]
	at org.springframework.cloud.sleuth.zipkin2.HttpSender$HttpPostCall.doExecute(HttpSender.java:150) ~[spring-cloud-sleuth-zipkin-3.1.4.jar!/:3.1.4]
	at org.springframework.cloud.sleuth.zipkin2.HttpSender$HttpPostCall.doExecute(HttpSender.java:140) ~[spring-cloud-sleuth-zipkin-3.1.4.jar!/:3.1.4]
	at zipkin2.Call$Base.execute(Call.java:391) ~[zipkin-2.23.2.jar!/:na]
	at zipkin2.reporter.AsyncReporter$BoundedAsyncReporter.flush(AsyncReporter.java:299) ~[zipkin-reporter-2.16.3.jar!/:na]
	at zipkin2.reporter.AsyncReporter$Flusher.run(AsyncReporter.java:378) ~[zipkin-reporter-2.16.3.jar!/:na]
	at java.base/java.lang.Thread.run(Thread.java:834) ~[na:na]
Caused by: java.net.SocketTimeoutException: connect timed out
	at java.base/java.net.PlainSocketImpl.waitForConnect(Native Method) ~[na:na]
	at java.base/java.net.PlainSocketImpl.socketConnect(PlainSocketImpl.java:107) ~[na:na]
	at java.base/java.net.AbstractPlainSocketImpl.doConnect(AbstractPlainSocketImpl.java:412) ~[na:na]
	at java.base/java.net.AbstractPlainSocketImpl.connectToAddress(AbstractPlainSocketImpl.java:255) ~[na:na]
	at java.base/java.net.AbstractPlainSocketImpl.connect(AbstractPlainSocketImpl.java:237) ~[na:na]
	at java.base/java.net.Socket.connect(Socket.java:608) ~[na:na]
	at java.base/sun.net.NetworkClient.doConnect(NetworkClient.java:177) ~[na:na]
	at java.base/sun.net.www.http.HttpClient.openServer(HttpClient.java:474) ~[na:na]
	at java.base/sun.net.www.http.HttpClient.openServer(HttpClient.java:569) ~[na:na]
	at java.base/sun.net.www.http.HttpClient.<init>(HttpClient.java:242) ~[na:na]
	at java.base/sun.net.www.http.HttpClient.New(HttpClient.java:341) ~[na:na]
	at java.base/sun.net.www.http.HttpClient.New(HttpClient.java:362) ~[na:na]
	at java.base/sun.net.www.protocol.http.HttpURLConnection.getNewHttpClient(HttpURLConnection.java:1253) ~[na:na]
	at java.base/sun.net.www.protocol.http.HttpURLConnection.plainConnect0(HttpURLConnection.java:1187) ~[na:na]
	at java.base/sun.net.www.protocol.http.HttpURLConnection.plainConnect(HttpURLConnection.java:1081) ~[na:na]
	at java.base/sun.net.www.protocol.http.HttpURLConnection.connect(HttpURLConnection.java:1015) ~[na:na]
	at org.springframework.http.client.SimpleBufferingClientHttpRequest.executeInternal(SimpleBufferingClientHttpRequest.java:76) ~[spring-web-5.3.23.jar!/:5.3.23]
	at org.springframework.http.client.AbstractBufferingClientHttpRequest.executeInternal(AbstractBufferingClientHttpRequest.java:48) ~[spring-web-5.3.23.jar!/:5.3.23]
	at org.springframework.http.client.AbstractClientHttpRequest.execute(AbstractClientHttpRequest.java:66) ~[spring-web-5.3.23.jar!/:5.3.23]
	at org.springframework.web.client.RestTemplate.doExecute(RestTemplate.java:776) ~[spring-web-5.3.23.jar!/:5.3.23]
	... 11 common frames omitted

2022-12-20 12:26:41.494  INFO [eurekaserver,,] 11884 --- [a-EvictionTimer] c.n.e.registry.AbstractInstanceRegistry  : Running the evict task with compensationTime 2ms
2022-12-20 12:27:41.501  INFO [eurekaserver,,] 11884 --- [a-EvictionTimer] c.n.e.registry.AbstractInstanceRegistry  : Running the evict task with compensationTime 6ms
2022-12-20 12:28:41.511  INFO [eurekaserver,,] 11884 --- [a-EvictionTimer] c.n.e.registry.AbstractInstanceRegistry  : Running the evict task with compensationTime 10ms
2022-12-20 12:29:41.524  INFO [eurekaserver,,] 11884 --- [a-EvictionTimer] c.n.e.registry.AbstractInstanceRegistry  : Running the evict task with compensationTime 12ms
2022-12-20 12:30:41.538  INFO [eurekaserver,,] 11884 --- [a-EvictionTimer] c.n.e.registry.AbstractInstanceRegistry  : Running the evict task with compensationTime 13ms
2022-12-20 12:31:21.668  INFO [eurekaserver,eb556c3d2ed86013,eb556c3d2ed86013] 11884 --- [nio-8070-exec-6] c.n.e.registry.AbstractInstanceRegistry  : Registered instance ACCOUNTS/host.docker.internal:accounts:8080 with status UP (replication=false)
2022-12-20 12:31:41.545  INFO [eurekaserver,,] 11884 --- [a-EvictionTimer] c.n.e.registry.AbstractInstanceRegistry  : Running the evict task with compensationTime 6ms
2022-12-20 12:32:41.557  INFO [eurekaserver,,] 11884 --- [a-EvictionTimer] c.n.e.registry.AbstractInstanceRegistry  : Running the evict task with compensationTime 12ms
