
  .   ____          _            __ _ _
 /\\ / ___'_ __ _ _(_)_ __  __ _ \ \ \ \
( ( )\___ | '_ | '_| | '_ \/ _` | \ \ \ \
 \\/  ___)| |_)| | | | | || (_| |  ) ) ) )
  '  |____| .__|_| |_|_| |_\__, | / / / /
 =========|_|==============|___/=/_/_/_/
 :: Spring Boot ::               (v2.6.12)

2022-12-19 17:17:36.514  INFO [gatewayserver,,] 1924 --- [           main] c.e.g.GatewayserverApplication           : Starting GatewayserverApplication v0.0.1-SNAPSHOT using Java 11.0.13 on DESKTOP-Q1VBOT1 with PID 1924 (C:\Users\HP\Desktop\SpringBootProjects\udemy cours reworked\gatewayserver\target\gatewayserver-0.0.1-SNAPSHOT.war started by HP in C:\Users\HP\Desktop\SpringBootProjects\udemy cours reworked)
2022-12-19 17:17:36.519 DEBUG [gatewayserver,,] 1924 --- [           main] c.e.g.GatewayserverApplication           : Running with Spring Boot v2.6.12, Spring v5.3.23
2022-12-19 17:17:36.520  INFO [gatewayserver,,] 1924 --- [           main] c.e.g.GatewayserverApplication           : No active profile set, falling back to 1 default profile: "default"
2022-12-19 17:17:36.603  INFO [gatewayserver,,] 1924 --- [           main] o.s.c.c.c.ConfigServerConfigDataLoader   : Fetching config from server at : http://localhost:8071
2022-12-19 17:17:36.604  INFO [gatewayserver,,] 1924 --- [           main] o.s.c.c.c.ConfigServerConfigDataLoader   : Located environment: name=gatewayserver, profiles=[default], label=null, version=81731bac991833fe9694f4c1cb62aed8fe01942c, state=null
2022-12-19 17:17:38.857  INFO [gatewayserver,,] 1924 --- [           main] o.s.cloud.context.scope.GenericScope     : BeanFactory id=0d37a622-efa6-3593-abb4-c9af38858a02
2022-12-19 17:17:39.365  INFO [gatewayserver,,] 1924 --- [           main] trationDelegate$BeanPostProcessorChecker : Bean 'org.springframework.cloud.client.loadbalancer.reactive.LoadBalancerBeanPostProcessorAutoConfiguration' of type [org.springframework.cloud.client.loadbalancer.reactive.LoadBalancerBeanPostProcessorAutoConfiguration] is not eligible for getting processed by all BeanPostProcessors (for example: not eligible for auto-proxying)
2022-12-19 17:17:39.369  INFO [gatewayserver,,] 1924 --- [           main] trationDelegate$BeanPostProcessorChecker : Bean 'org.springframework.cloud.client.loadbalancer.reactive.LoadBalancerBeanPostProcessorAutoConfiguration$ReactorDeferringLoadBalancerFilterConfig' of type [org.springframework.cloud.client.loadbalancer.reactive.LoadBalancerBeanPostProcessorAutoConfiguration$ReactorDeferringLoadBalancerFilterConfig] is not eligible for getting processed by all BeanPostProcessors (for example: not eligible for auto-proxying)
2022-12-19 17:17:39.373  INFO [gatewayserver,,] 1924 --- [           main] trationDelegate$BeanPostProcessorChecker : Bean 'reactorDeferringLoadBalancerExchangeFilterFunction' of type [org.springframework.cloud.client.loadbalancer.reactive.DeferringLoadBalancerExchangeFilterFunction] is not eligible for getting processed by all BeanPostProcessors (for example: not eligible for auto-proxying)
2022-12-19 17:17:40.172  INFO [gatewayserver,,] 1924 --- [           main] o.s.b.w.embedded.tomcat.TomcatWebServer  : Tomcat initialized with port(s): 8072 (http)
2022-12-19 17:17:40.188  INFO [gatewayserver,,] 1924 --- [           main] o.apache.catalina.core.StandardService   : Starting service [Tomcat]
2022-12-19 17:17:40.188  INFO [gatewayserver,,] 1924 --- [           main] org.apache.catalina.core.StandardEngine  : Starting Servlet engine: [Apache Tomcat/9.0.65]
2022-12-19 17:17:43.211  INFO [gatewayserver,,] 1924 --- [           main] o.s.c.g.r.RouteDefinitionRouteLocator    : Loaded RoutePredicateFactory [After]
2022-12-19 17:17:43.211  INFO [gatewayserver,,] 1924 --- [           main] o.s.c.g.r.RouteDefinitionRouteLocator    : Loaded RoutePredicateFactory [Before]
2022-12-19 17:17:43.211  INFO [gatewayserver,,] 1924 --- [           main] o.s.c.g.r.RouteDefinitionRouteLocator    : Loaded RoutePredicateFactory [Between]
2022-12-19 17:17:43.211  INFO [gatewayserver,,] 1924 --- [           main] o.s.c.g.r.RouteDefinitionRouteLocator    : Loaded RoutePredicateFactory [Cookie]
2022-12-19 17:17:43.211  INFO [gatewayserver,,] 1924 --- [           main] o.s.c.g.r.RouteDefinitionRouteLocator    : Loaded RoutePredicateFactory [Header]
2022-12-19 17:17:43.211  INFO [gatewayserver,,] 1924 --- [           main] o.s.c.g.r.RouteDefinitionRouteLocator    : Loaded RoutePredicateFactory [Host]
2022-12-19 17:17:43.211  INFO [gatewayserver,,] 1924 --- [           main] o.s.c.g.r.RouteDefinitionRouteLocator    : Loaded RoutePredicateFactory [Method]
2022-12-19 17:17:43.211  INFO [gatewayserver,,] 1924 --- [           main] o.s.c.g.r.RouteDefinitionRouteLocator    : Loaded RoutePredicateFactory [Path]
2022-12-19 17:17:43.211  INFO [gatewayserver,,] 1924 --- [           main] o.s.c.g.r.RouteDefinitionRouteLocator    : Loaded RoutePredicateFactory [Query]
2022-12-19 17:17:43.211  INFO [gatewayserver,,] 1924 --- [           main] o.s.c.g.r.RouteDefinitionRouteLocator    : Loaded RoutePredicateFactory [ReadBody]
2022-12-19 17:17:43.211  INFO [gatewayserver,,] 1924 --- [           main] o.s.c.g.r.RouteDefinitionRouteLocator    : Loaded RoutePredicateFactory [RemoteAddr]
2022-12-19 17:17:43.211  INFO [gatewayserver,,] 1924 --- [           main] o.s.c.g.r.RouteDefinitionRouteLocator    : Loaded RoutePredicateFactory [XForwardedRemoteAddr]
2022-12-19 17:17:43.211  INFO [gatewayserver,,] 1924 --- [           main] o.s.c.g.r.RouteDefinitionRouteLocator    : Loaded RoutePredicateFactory [Weight]
2022-12-19 17:17:43.211  INFO [gatewayserver,,] 1924 --- [           main] o.s.c.g.r.RouteDefinitionRouteLocator    : Loaded RoutePredicateFactory [CloudFoundryRouteService]
2022-12-19 17:17:45.453  INFO [gatewayserver,,] 1924 --- [           main] o.s.b.a.e.web.EndpointLinksResolver      : Exposing 18 endpoint(s) beneath base path '/actuator'
2022-12-19 17:17:46.120  INFO [gatewayserver,,] 1924 --- [           main] DiscoveryClientOptionalArgsConfiguration : Eureka HTTP Client uses RestTemplate.
2022-12-19 17:17:46.896  WARN [gatewayserver,,] 1924 --- [           main] iguration$LoadBalancerCaffeineWarnLogger : Spring Cloud LoadBalancer is currently working with the default cache. While this cache implementation is useful for development and tests, it's recommended to use Caffeine cache in production.You can switch to using Caffeine cache, by adding it and org.springframework.cache.caffeine.CaffeineCacheManager to the classpath.
2022-12-19 17:17:46.975  INFO [gatewayserver,,] 1924 --- [           main] o.s.c.n.eureka.InstanceInfoFactory       : Setting initial instance status as: STARTING
2022-12-19 17:17:47.107  INFO [gatewayserver,,] 1924 --- [           main] com.netflix.discovery.DiscoveryClient    : Initializing Eureka in region us-east-1
2022-12-19 17:17:47.119  INFO [gatewayserver,,] 1924 --- [           main] c.n.d.s.r.aws.ConfigClusterResolver      : Resolving eureka endpoints via configuration
2022-12-19 17:17:47.158  INFO [gatewayserver,,] 1924 --- [           main] com.netflix.discovery.DiscoveryClient    : Disable delta property : false
2022-12-19 17:17:47.158  INFO [gatewayserver,,] 1924 --- [           main] com.netflix.discovery.DiscoveryClient    : Single vip registry refresh property : null
2022-12-19 17:17:47.158  INFO [gatewayserver,,] 1924 --- [           main] com.netflix.discovery.DiscoveryClient    : Force full registry fetch : false
2022-12-19 17:17:47.158  INFO [gatewayserver,,] 1924 --- [           main] com.netflix.discovery.DiscoveryClient    : Application is null : false
2022-12-19 17:17:47.158  INFO [gatewayserver,,] 1924 --- [           main] com.netflix.discovery.DiscoveryClient    : Registered Applications size is zero : true
2022-12-19 17:17:47.159  INFO [gatewayserver,,] 1924 --- [           main] com.netflix.discovery.DiscoveryClient    : Application version is -1: true
2022-12-19 17:17:47.159  INFO [gatewayserver,,] 1924 --- [           main] com.netflix.discovery.DiscoveryClient    : Getting all instance registry info from the eureka server
2022-12-19 17:17:47.394  INFO [gatewayserver,,] 1924 --- [           main] com.netflix.discovery.DiscoveryClient    : The response status is 200
2022-12-19 17:17:47.397  INFO [gatewayserver,,] 1924 --- [           main] com.netflix.discovery.DiscoveryClient    : Starting heartbeat executor: renew interval is: 30
2022-12-19 17:17:47.400  INFO [gatewayserver,,] 1924 --- [           main] c.n.discovery.InstanceInfoReplicator     : InstanceInfoReplicator onDemand update allowed rate per min is 4
2022-12-19 17:17:47.406  INFO [gatewayserver,,] 1924 --- [           main] com.netflix.discovery.DiscoveryClient    : Discovery Client initialized at timestamp 1671466667405 with initial instances count: 4
2022-12-19 17:17:47.410  INFO [gatewayserver,,] 1924 --- [           main] o.s.c.n.e.s.EurekaServiceRegistry        : Registering application GATEWAYSERVER with eureka with status UP
2022-12-19 17:17:47.410  INFO [gatewayserver,,] 1924 --- [           main] com.netflix.discovery.DiscoveryClient    : Saw local status change event StatusChangeEvent [timestamp=1671466667410, current=UP, previous=STARTING]
2022-12-19 17:17:47.414  INFO [gatewayserver,,] 1924 --- [nfoReplicator-0] com.netflix.discovery.DiscoveryClient    : DiscoveryClient_GATEWAYSERVER/host.docker.internal:gatewayserver:8072: registering service...
2022-12-19 17:17:47.493  INFO [gatewayserver,,] 1924 --- [nfoReplicator-0] com.netflix.discovery.DiscoveryClient    : DiscoveryClient_GATEWAYSERVER/host.docker.internal:gatewayserver:8072 - registration status: 204
2022-12-19 17:17:47.659  INFO [gatewayserver,,] 1924 --- [           main] o.s.b.w.embedded.tomcat.TomcatWebServer  : Tomcat started on port(s): 8072 (http) with context path ''
2022-12-19 17:17:47.660  INFO [gatewayserver,,] 1924 --- [           main] .s.c.n.e.s.EurekaAutoServiceRegistration : Updating port to 8072
2022-12-19 17:17:48.604  INFO [gatewayserver,,] 1924 --- [           main] c.e.g.GatewayserverApplication           : Started GatewayserverApplication in 15.171 seconds (JVM running for 16.064)
2022-12-19 17:18:58.489 DEBUG [gatewayserver,86b63becd4e46e41,86b63becd4e46e41] 1924 --- [nio-8072-exec-2] c.e.gatewayserver.filters.TraceFilters   : Eazybank-correlation-id generated in tracing filter : 7effb93f-e009-4ce2-a398-97684ed09598
2022-12-19 17:19:11.542 DEBUG [gatewayserver,,] 1924 --- [ctor-http-nio-2] c.e.g.filters.ResponseTraceFilter        : updated the correlation id to the outbound header : 7effb93f-e009-4ce2-a398-97684ed09598
2022-12-19 17:19:19.072 DEBUG [gatewayserver,3259ec2320407143,3259ec2320407143] 1924 --- [nio-8072-exec-4] c.e.gatewayserver.filters.TraceFilters   : Eazybank-correlation-id generated in tracing filter : 31ef2a32-d40b-41ee-be9d-a69c1660e7dd
2022-12-19 17:19:19.136 DEBUG [gatewayserver,,] 1924 --- [ctor-http-nio-2] c.e.g.filters.ResponseTraceFilter        : updated the correlation id to the outbound header : 31ef2a32-d40b-41ee-be9d-a69c1660e7dd
2022-12-19 17:22:47.183  INFO [gatewayserver,,] 1924 --- [trap-executor-0] c.n.d.s.r.aws.ConfigClusterResolver      : Resolving eureka endpoints via configuration
2022-12-19 17:27:47.274  INFO [gatewayserver,,] 1924 --- [trap-executor-0] c.n.d.s.r.aws.ConfigClusterResolver      : Resolving eureka endpoints via configuration
2022-12-19 17:32:47.324  INFO [gatewayserver,,] 1924 --- [trap-executor-0] c.n.d.s.r.aws.ConfigClusterResolver      : Resolving eureka endpoints via configuration
