
  .   ____          _            __ _ _
 /\\ / ___'_ __ _ _(_)_ __  __ _ \ \ \ \
( ( )\___ | '_ | '_| | '_ \/ _` | \ \ \ \
 \\/  ___)| |_)| | | | | || (_| |  ) ) ) )
  '  |____| .__|_| |_|_| |_\__, | / / / /
 =========|_|==============|___/=/_/_/_/
 :: Spring Boot ::               (v2.6.12)

2022-12-19 13:26:36.308  INFO [gatewayserver,,] 24264 --- [           main] c.e.g.GatewayserverApplication           : Starting GatewayserverApplication v0.0.1-SNAPSHOT using Java 11.0.13 on DESKTOP-Q1VBOT1 with PID 24264 (C:\Users\HP\Desktop\SpringBootProjects\udemy cours reworked\gatewayserver\target\gatewayserver-0.0.1-SNAPSHOT.war started by HP in C:\Users\HP\Desktop\SpringBootProjects\udemy cours reworked)
2022-12-19 13:26:36.332 DEBUG [gatewayserver,,] 24264 --- [           main] c.e.g.GatewayserverApplication           : Running with Spring Boot v2.6.12, Spring v5.3.23
2022-12-19 13:26:36.335  INFO [gatewayserver,,] 24264 --- [           main] c.e.g.GatewayserverApplication           : No active profile set, falling back to 1 default profile: "default"
2022-12-19 13:26:36.718  INFO [gatewayserver,,] 24264 --- [           main] o.s.c.c.c.ConfigServerConfigDataLoader   : Fetching config from server at : http://localhost:8071
2022-12-19 13:26:36.719  INFO [gatewayserver,,] 24264 --- [           main] o.s.c.c.c.ConfigServerConfigDataLoader   : Connect Timeout Exception on Url - http://localhost:8071. Will be trying the next url if available
2022-12-19 13:26:36.719  WARN [gatewayserver,,] 24264 --- [           main] o.s.c.c.c.ConfigServerConfigDataLoader   : Could not locate PropertySource ([ConfigServerConfigDataResource@28261e8e uris = array<String>['http://localhost:8071'], optional = true, profiles = list['default']]): I/O error on GET request for "http://localhost:8071/gatewayserver/default": Connection refused: connect; nested exception is java.net.ConnectException: Connection refused: connect
2022-12-19 13:26:49.723  INFO [gatewayserver,,] 24264 --- [           main] o.s.cloud.context.scope.GenericScope     : BeanFactory id=2e015351-f719-3372-9f4e-71c5eb1f0023
2022-12-19 13:26:53.365  INFO [gatewayserver,,] 24264 --- [           main] trationDelegate$BeanPostProcessorChecker : Bean 'org.springframework.cloud.client.loadbalancer.reactive.LoadBalancerBeanPostProcessorAutoConfiguration' of type [org.springframework.cloud.client.loadbalancer.reactive.LoadBalancerBeanPostProcessorAutoConfiguration] is not eligible for getting processed by all BeanPostProcessors (for example: not eligible for auto-proxying)
2022-12-19 13:26:53.373  INFO [gatewayserver,,] 24264 --- [           main] trationDelegate$BeanPostProcessorChecker : Bean 'org.springframework.cloud.client.loadbalancer.reactive.LoadBalancerBeanPostProcessorAutoConfiguration$ReactorDeferringLoadBalancerFilterConfig' of type [org.springframework.cloud.client.loadbalancer.reactive.LoadBalancerBeanPostProcessorAutoConfiguration$ReactorDeferringLoadBalancerFilterConfig] is not eligible for getting processed by all BeanPostProcessors (for example: not eligible for auto-proxying)
2022-12-19 13:26:53.379  INFO [gatewayserver,,] 24264 --- [           main] trationDelegate$BeanPostProcessorChecker : Bean 'reactorDeferringLoadBalancerExchangeFilterFunction' of type [org.springframework.cloud.client.loadbalancer.reactive.DeferringLoadBalancerExchangeFilterFunction] is not eligible for getting processed by all BeanPostProcessors (for example: not eligible for auto-proxying)
2022-12-19 13:27:01.146  INFO [gatewayserver,,] 24264 --- [           main] o.s.b.w.embedded.tomcat.TomcatWebServer  : Tomcat initialized with port(s): 8080 (http)
2022-12-19 13:27:01.233  INFO [gatewayserver,,] 24264 --- [           main] o.apache.catalina.core.StandardService   : Starting service [Tomcat]
2022-12-19 13:27:01.234  INFO [gatewayserver,,] 24264 --- [           main] org.apache.catalina.core.StandardEngine  : Starting Servlet engine: [Apache Tomcat/9.0.65]
2022-12-19 13:27:19.843  INFO [gatewayserver,,] 24264 --- [           main] o.s.c.g.r.RouteDefinitionRouteLocator    : Loaded RoutePredicateFactory [After]
2022-12-19 13:27:19.844  INFO [gatewayserver,,] 24264 --- [           main] o.s.c.g.r.RouteDefinitionRouteLocator    : Loaded RoutePredicateFactory [Before]
2022-12-19 13:27:19.844  INFO [gatewayserver,,] 24264 --- [           main] o.s.c.g.r.RouteDefinitionRouteLocator    : Loaded RoutePredicateFactory [Between]
2022-12-19 13:27:19.846  INFO [gatewayserver,,] 24264 --- [           main] o.s.c.g.r.RouteDefinitionRouteLocator    : Loaded RoutePredicateFactory [Cookie]
2022-12-19 13:27:19.847  INFO [gatewayserver,,] 24264 --- [           main] o.s.c.g.r.RouteDefinitionRouteLocator    : Loaded RoutePredicateFactory [Header]
2022-12-19 13:27:19.848  INFO [gatewayserver,,] 24264 --- [           main] o.s.c.g.r.RouteDefinitionRouteLocator    : Loaded RoutePredicateFactory [Host]
2022-12-19 13:27:19.848  INFO [gatewayserver,,] 24264 --- [           main] o.s.c.g.r.RouteDefinitionRouteLocator    : Loaded RoutePredicateFactory [Method]
2022-12-19 13:27:19.848  INFO [gatewayserver,,] 24264 --- [           main] o.s.c.g.r.RouteDefinitionRouteLocator    : Loaded RoutePredicateFactory [Path]
2022-12-19 13:27:19.848  INFO [gatewayserver,,] 24264 --- [           main] o.s.c.g.r.RouteDefinitionRouteLocator    : Loaded RoutePredicateFactory [Query]
2022-12-19 13:27:19.848  INFO [gatewayserver,,] 24264 --- [           main] o.s.c.g.r.RouteDefinitionRouteLocator    : Loaded RoutePredicateFactory [ReadBody]
2022-12-19 13:27:19.848  INFO [gatewayserver,,] 24264 --- [           main] o.s.c.g.r.RouteDefinitionRouteLocator    : Loaded RoutePredicateFactory [RemoteAddr]
2022-12-19 13:27:19.848  INFO [gatewayserver,,] 24264 --- [           main] o.s.c.g.r.RouteDefinitionRouteLocator    : Loaded RoutePredicateFactory [XForwardedRemoteAddr]
2022-12-19 13:27:19.848  INFO [gatewayserver,,] 24264 --- [           main] o.s.c.g.r.RouteDefinitionRouteLocator    : Loaded RoutePredicateFactory [Weight]
2022-12-19 13:27:19.849  INFO [gatewayserver,,] 24264 --- [           main] o.s.c.g.r.RouteDefinitionRouteLocator    : Loaded RoutePredicateFactory [CloudFoundryRouteService]
2022-12-19 13:27:24.263  INFO [gatewayserver,,] 24264 --- [           main] o.s.b.a.e.web.EndpointLinksResolver      : Exposing 18 endpoint(s) beneath base path '/actuator'
2022-12-19 13:27:25.734  WARN [gatewayserver,,] 24264 --- [           main] onfigReactiveWebServerApplicationContext : Exception encountered during context initialization - cancelling refresh attempt: org.springframework.beans.factory.BeanCreationException: Error creating bean with name 'httpHandler' defined in class path resource [org/springframework/boot/autoconfigure/web/reactive/HttpHandlerAutoConfiguration$AnnotationConfig.class]: Bean instantiation via factory method failed; nested exception is org.springframework.beans.BeanInstantiationException: Failed to instantiate [org.springframework.http.server.reactive.HttpHandler]: Factory method 'httpHandler' threw exception; nested exception is org.springframework.beans.factory.UnsatisfiedDependencyException: Error creating bean with name 'traceFilter' defined in class path resource [org/springframework/cloud/sleuth/autoconfig/instrument/web/TraceWebFluxConfiguration.class]: Unsatisfied dependency expressed through method 'traceFilter' parameter 0; nested exception is org.springframework.beans.factory.UnsatisfiedDependencyException: Error creating bean with name 'braveTracer' defined in class path resource [org/springframework/cloud/sleuth/autoconfig/brave/BraveBridgeConfiguration.class]: Unsatisfied dependency expressed through method 'braveTracer' parameter 0; nested exception is org.springframework.beans.factory.UnsatisfiedDependencyException: Error creating bean with name 'tracer' defined in class path resource [org/springframework/cloud/sleuth/autoconfig/brave/BraveAutoConfiguration.class]: Unsatisfied dependency expressed through method 'tracer' parameter 0; nested exception is org.springframework.beans.factory.UnsatisfiedDependencyException: Error creating bean with name 'tracing' defined in class path resource [org/springframework/cloud/sleuth/autoconfig/brave/BraveAutoConfiguration.class]: Unsatisfied dependency expressed through method 'tracing' parameter 5; nested exception is org.springframework.beans.factory.UnsatisfiedDependencyException: Error creating bean with name 'zipkinSpanHandler' defined in class path resource [org/springframework/cloud/sleuth/autoconfig/zipkin2/ZipkinBraveConfiguration.class]: Unsatisfied dependency expressed through method 'zipkinSpanHandler' parameter 0; nested exception is org.springframework.beans.factory.UnsatisfiedDependencyException: Error creating bean with name 'zipkinReporter' defined in class path resource [org/springframework/cloud/sleuth/autoconfig/zipkin2/ZipkinAutoConfiguration.class]: Unsatisfied dependency expressed through method 'reporter' parameter 2; nested exception is org.springframework.beans.factory.NoSuchBeanDefinitionException: No qualifying bean of type 'zipkin2.reporter.Sender' available: expected at least 1 bean which qualifies as autowire candidate. Dependency annotations: {@org.springframework.beans.factory.annotation.Qualifier(value="zipkinSender")}
2022-12-19 13:27:25.761  INFO [gatewayserver,,] 24264 --- [           main] o.apache.catalina.core.StandardService   : Stopping service [Tomcat]
2022-12-19 13:27:25.895  INFO [gatewayserver,,] 24264 --- [           main] ConditionEvaluationReportLoggingListener : 

Error starting ApplicationContext. To display the conditions report re-run your application with 'debug' enabled.
2022-12-19 13:27:26.405 ERROR [gatewayserver,,] 24264 --- [           main] o.s.b.d.LoggingFailureAnalysisReporter   : 

***************************
APPLICATION FAILED TO START
***************************

Description:

Parameter 2 of method reporter in org.springframework.cloud.sleuth.autoconfig.zipkin2.ZipkinAutoConfiguration required a bean of type 'zipkin2.reporter.Sender' that could not be found.


Action:

Consider defining a bean of type 'zipkin2.reporter.Sender' in your configuration.

