
  .   ____          _            __ _ _
 /\\ / ___'_ __ _ _(_)_ __  __ _ \ \ \ \
( ( )\___ | '_ | '_| | '_ \/ _` | \ \ \ \
 \\/  ___)| |_)| | | | | || (_| |  ) ) ) )
  '  |____| .__|_| |_|_| |_\__, | / / / /
 =========|_|==============|___/=/_/_/_/
 :: Spring Boot ::               (v2.6.12)

2022-12-19 15:02:57.802  INFO [gatewayserver,,] 7060 --- [           main] c.e.g.GatewayserverApplication           : Starting GatewayserverApplication v0.0.1-SNAPSHOT using Java 11.0.13 on DESKTOP-Q1VBOT1 with PID 7060 (C:\Users\HP\Desktop\SpringBootProjects\udemy cours reworked\gatewayserver\target\gatewayserver-0.0.1-SNAPSHOT.war started by HP in C:\Users\HP\Desktop\SpringBootProjects\udemy cours reworked)
2022-12-19 15:02:57.807 DEBUG [gatewayserver,,] 7060 --- [           main] c.e.g.GatewayserverApplication           : Running with Spring Boot v2.6.12, Spring v5.3.23
2022-12-19 15:02:57.809  INFO [gatewayserver,,] 7060 --- [           main] c.e.g.GatewayserverApplication           : No active profile set, falling back to 1 default profile: "default"
2022-12-19 15:02:57.880  INFO [gatewayserver,,] 7060 --- [           main] o.s.c.c.c.ConfigServerConfigDataLoader   : Fetching config from server at : http://localhost:8071
2022-12-19 15:02:57.880  INFO [gatewayserver,,] 7060 --- [           main] o.s.c.c.c.ConfigServerConfigDataLoader   : Located environment: name=gatewayserver, profiles=[default], label=null, version=81731bac991833fe9694f4c1cb62aed8fe01942c, state=null
2022-12-19 15:02:59.868  INFO [gatewayserver,,] 7060 --- [           main] o.s.cloud.context.scope.GenericScope     : BeanFactory id=2e015351-f719-3372-9f4e-71c5eb1f0023
2022-12-19 15:03:00.356  INFO [gatewayserver,,] 7060 --- [           main] trationDelegate$BeanPostProcessorChecker : Bean 'org.springframework.cloud.client.loadbalancer.reactive.LoadBalancerBeanPostProcessorAutoConfiguration' of type [org.springframework.cloud.client.loadbalancer.reactive.LoadBalancerBeanPostProcessorAutoConfiguration] is not eligible for getting processed by all BeanPostProcessors (for example: not eligible for auto-proxying)
2022-12-19 15:03:00.359  INFO [gatewayserver,,] 7060 --- [           main] trationDelegate$BeanPostProcessorChecker : Bean 'org.springframework.cloud.client.loadbalancer.reactive.LoadBalancerBeanPostProcessorAutoConfiguration$ReactorDeferringLoadBalancerFilterConfig' of type [org.springframework.cloud.client.loadbalancer.reactive.LoadBalancerBeanPostProcessorAutoConfiguration$ReactorDeferringLoadBalancerFilterConfig] is not eligible for getting processed by all BeanPostProcessors (for example: not eligible for auto-proxying)
2022-12-19 15:03:00.362  INFO [gatewayserver,,] 7060 --- [           main] trationDelegate$BeanPostProcessorChecker : Bean 'reactorDeferringLoadBalancerExchangeFilterFunction' of type [org.springframework.cloud.client.loadbalancer.reactive.DeferringLoadBalancerExchangeFilterFunction] is not eligible for getting processed by all BeanPostProcessors (for example: not eligible for auto-proxying)
2022-12-19 15:03:01.113  INFO [gatewayserver,,] 7060 --- [           main] o.s.b.w.embedded.tomcat.TomcatWebServer  : Tomcat initialized with port(s): 8072 (http)
2022-12-19 15:03:01.127  INFO [gatewayserver,,] 7060 --- [           main] o.apache.catalina.core.StandardService   : Starting service [Tomcat]
2022-12-19 15:03:01.127  INFO [gatewayserver,,] 7060 --- [           main] org.apache.catalina.core.StandardEngine  : Starting Servlet engine: [Apache Tomcat/9.0.65]
2022-12-19 15:03:04.733  INFO [gatewayserver,,] 7060 --- [           main] o.s.c.g.r.RouteDefinitionRouteLocator    : Loaded RoutePredicateFactory [After]
2022-12-19 15:03:04.734  INFO [gatewayserver,,] 7060 --- [           main] o.s.c.g.r.RouteDefinitionRouteLocator    : Loaded RoutePredicateFactory [Before]
2022-12-19 15:03:04.734  INFO [gatewayserver,,] 7060 --- [           main] o.s.c.g.r.RouteDefinitionRouteLocator    : Loaded RoutePredicateFactory [Between]
2022-12-19 15:03:04.734  INFO [gatewayserver,,] 7060 --- [           main] o.s.c.g.r.RouteDefinitionRouteLocator    : Loaded RoutePredicateFactory [Cookie]
2022-12-19 15:03:04.734  INFO [gatewayserver,,] 7060 --- [           main] o.s.c.g.r.RouteDefinitionRouteLocator    : Loaded RoutePredicateFactory [Header]
2022-12-19 15:03:04.734  INFO [gatewayserver,,] 7060 --- [           main] o.s.c.g.r.RouteDefinitionRouteLocator    : Loaded RoutePredicateFactory [Host]
2022-12-19 15:03:04.734  INFO [gatewayserver,,] 7060 --- [           main] o.s.c.g.r.RouteDefinitionRouteLocator    : Loaded RoutePredicateFactory [Method]
2022-12-19 15:03:04.734  INFO [gatewayserver,,] 7060 --- [           main] o.s.c.g.r.RouteDefinitionRouteLocator    : Loaded RoutePredicateFactory [Path]
2022-12-19 15:03:04.734  INFO [gatewayserver,,] 7060 --- [           main] o.s.c.g.r.RouteDefinitionRouteLocator    : Loaded RoutePredicateFactory [Query]
2022-12-19 15:03:04.734  INFO [gatewayserver,,] 7060 --- [           main] o.s.c.g.r.RouteDefinitionRouteLocator    : Loaded RoutePredicateFactory [ReadBody]
2022-12-19 15:03:04.734  INFO [gatewayserver,,] 7060 --- [           main] o.s.c.g.r.RouteDefinitionRouteLocator    : Loaded RoutePredicateFactory [RemoteAddr]
2022-12-19 15:03:04.734  INFO [gatewayserver,,] 7060 --- [           main] o.s.c.g.r.RouteDefinitionRouteLocator    : Loaded RoutePredicateFactory [XForwardedRemoteAddr]
2022-12-19 15:03:04.734  INFO [gatewayserver,,] 7060 --- [           main] o.s.c.g.r.RouteDefinitionRouteLocator    : Loaded RoutePredicateFactory [Weight]
2022-12-19 15:03:04.734  INFO [gatewayserver,,] 7060 --- [           main] o.s.c.g.r.RouteDefinitionRouteLocator    : Loaded RoutePredicateFactory [CloudFoundryRouteService]
2022-12-19 15:03:05.681  INFO [gatewayserver,,] 7060 --- [           main] o.s.b.a.e.web.EndpointLinksResolver      : Exposing 18 endpoint(s) beneath base path '/actuator'
2022-12-19 15:03:05.947  WARN [gatewayserver,,] 7060 --- [           main] onfigReactiveWebServerApplicationContext : Exception encountered during context initialization - cancelling refresh attempt: org.springframework.beans.factory.BeanCreationException: Error creating bean with name 'httpHandler' defined in class path resource [org/springframework/boot/autoconfigure/web/reactive/HttpHandlerAutoConfiguration$AnnotationConfig.class]: Bean instantiation via factory method failed; nested exception is org.springframework.beans.BeanInstantiationException: Failed to instantiate [org.springframework.http.server.reactive.HttpHandler]: Factory method 'httpHandler' threw exception; nested exception is org.springframework.beans.factory.UnsatisfiedDependencyException: Error creating bean with name 'traceFilter' defined in class path resource [org/springframework/cloud/sleuth/autoconfig/instrument/web/TraceWebFluxConfiguration.class]: Unsatisfied dependency expressed through method 'traceFilter' parameter 0; nested exception is org.springframework.beans.factory.UnsatisfiedDependencyException: Error creating bean with name 'braveTracer' defined in class path resource [org/springframework/cloud/sleuth/autoconfig/brave/BraveBridgeConfiguration.class]: Unsatisfied dependency expressed through method 'braveTracer' parameter 0; nested exception is org.springframework.beans.factory.UnsatisfiedDependencyException: Error creating bean with name 'tracer' defined in class path resource [org/springframework/cloud/sleuth/autoconfig/brave/BraveAutoConfiguration.class]: Unsatisfied dependency expressed through method 'tracer' parameter 0; nested exception is org.springframework.beans.factory.UnsatisfiedDependencyException: Error creating bean with name 'tracing' defined in class path resource [org/springframework/cloud/sleuth/autoconfig/brave/BraveAutoConfiguration.class]: Unsatisfied dependency expressed through method 'tracing' parameter 5; nested exception is org.springframework.beans.factory.UnsatisfiedDependencyException: Error creating bean with name 'zipkinSpanHandler' defined in class path resource [org/springframework/cloud/sleuth/autoconfig/zipkin2/ZipkinBraveConfiguration.class]: Unsatisfied dependency expressed through method 'zipkinSpanHandler' parameter 0; nested exception is org.springframework.beans.factory.UnsatisfiedDependencyException: Error creating bean with name 'zipkinReporter' defined in class path resource [org/springframework/cloud/sleuth/autoconfig/zipkin2/ZipkinAutoConfiguration.class]: Unsatisfied dependency expressed through method 'reporter' parameter 2; nested exception is org.springframework.beans.factory.NoSuchBeanDefinitionException: No qualifying bean of type 'zipkin2.reporter.Sender' available: expected at least 1 bean which qualifies as autowire candidate. Dependency annotations: {@org.springframework.beans.factory.annotation.Qualifier(value="zipkinSender")}
2022-12-19 15:03:05.956  INFO [gatewayserver,,] 7060 --- [           main] o.apache.catalina.core.StandardService   : Stopping service [Tomcat]
2022-12-19 15:03:05.990  INFO [gatewayserver,,] 7060 --- [           main] ConditionEvaluationReportLoggingListener : 

Error starting ApplicationContext. To display the conditions report re-run your application with 'debug' enabled.
2022-12-19 15:03:06.026 ERROR [gatewayserver,,] 7060 --- [           main] o.s.b.d.LoggingFailureAnalysisReporter   : 

***************************
APPLICATION FAILED TO START
***************************

Description:

Parameter 2 of method reporter in org.springframework.cloud.sleuth.autoconfig.zipkin2.ZipkinAutoConfiguration required a bean of type 'zipkin2.reporter.Sender' that could not be found.


Action:

Consider defining a bean of type 'zipkin2.reporter.Sender' in your configuration.


  .   ____          _            __ _ _
 /\\ / ___'_ __ _ _(_)_ __  __ _ \ \ \ \
( ( )\___ | '_ | '_| | '_ \/ _` | \ \ \ \
 \\/  ___)| |_)| | | | | || (_| |  ) ) ) )
  '  |____| .__|_| |_|_| |_\__, | / / / /
 =========|_|==============|___/=/_/_/_/
 :: Spring Boot ::               (v2.6.12)

2022-12-19 15:06:31.188  INFO [gatewayserver,,] 3444 --- [           main] c.e.g.GatewayserverApplication           : Starting GatewayserverApplication v0.0.1-SNAPSHOT using Java 11.0.13 on DESKTOP-Q1VBOT1 with PID 3444 (C:\Users\HP\Desktop\SpringBootProjects\udemy cours reworked\gatewayserver\target\gatewayserver-0.0.1-SNAPSHOT.war started by HP in C:\Users\HP\Desktop\SpringBootProjects\udemy cours reworked)
2022-12-19 15:06:31.194 DEBUG [gatewayserver,,] 3444 --- [           main] c.e.g.GatewayserverApplication           : Running with Spring Boot v2.6.12, Spring v5.3.23
2022-12-19 15:06:31.196  INFO [gatewayserver,,] 3444 --- [           main] c.e.g.GatewayserverApplication           : No active profile set, falling back to 1 default profile: "default"
2022-12-19 15:06:31.294  INFO [gatewayserver,,] 3444 --- [           main] o.s.c.c.c.ConfigServerConfigDataLoader   : Fetching config from server at : http://localhost:8071
2022-12-19 15:06:31.295  INFO [gatewayserver,,] 3444 --- [           main] o.s.c.c.c.ConfigServerConfigDataLoader   : Located environment: name=gatewayserver, profiles=[default], label=null, version=81731bac991833fe9694f4c1cb62aed8fe01942c, state=null
2022-12-19 15:06:33.547  INFO [gatewayserver,,] 3444 --- [           main] o.s.cloud.context.scope.GenericScope     : BeanFactory id=0d37a622-efa6-3593-abb4-c9af38858a02
2022-12-19 15:06:34.043  INFO [gatewayserver,,] 3444 --- [           main] trationDelegate$BeanPostProcessorChecker : Bean 'org.springframework.cloud.client.loadbalancer.reactive.LoadBalancerBeanPostProcessorAutoConfiguration' of type [org.springframework.cloud.client.loadbalancer.reactive.LoadBalancerBeanPostProcessorAutoConfiguration] is not eligible for getting processed by all BeanPostProcessors (for example: not eligible for auto-proxying)
2022-12-19 15:06:34.046  INFO [gatewayserver,,] 3444 --- [           main] trationDelegate$BeanPostProcessorChecker : Bean 'org.springframework.cloud.client.loadbalancer.reactive.LoadBalancerBeanPostProcessorAutoConfiguration$ReactorDeferringLoadBalancerFilterConfig' of type [org.springframework.cloud.client.loadbalancer.reactive.LoadBalancerBeanPostProcessorAutoConfiguration$ReactorDeferringLoadBalancerFilterConfig] is not eligible for getting processed by all BeanPostProcessors (for example: not eligible for auto-proxying)
2022-12-19 15:06:34.049  INFO [gatewayserver,,] 3444 --- [           main] trationDelegate$BeanPostProcessorChecker : Bean 'reactorDeferringLoadBalancerExchangeFilterFunction' of type [org.springframework.cloud.client.loadbalancer.reactive.DeferringLoadBalancerExchangeFilterFunction] is not eligible for getting processed by all BeanPostProcessors (for example: not eligible for auto-proxying)
2022-12-19 15:06:34.791  INFO [gatewayserver,,] 3444 --- [           main] o.s.b.w.embedded.tomcat.TomcatWebServer  : Tomcat initialized with port(s): 8072 (http)
2022-12-19 15:06:34.805  INFO [gatewayserver,,] 3444 --- [           main] o.apache.catalina.core.StandardService   : Starting service [Tomcat]
2022-12-19 15:06:34.805  INFO [gatewayserver,,] 3444 --- [           main] org.apache.catalina.core.StandardEngine  : Starting Servlet engine: [Apache Tomcat/9.0.65]
2022-12-19 15:06:37.660  INFO [gatewayserver,,] 3444 --- [           main] o.s.c.g.r.RouteDefinitionRouteLocator    : Loaded RoutePredicateFactory [After]
2022-12-19 15:06:37.660  INFO [gatewayserver,,] 3444 --- [           main] o.s.c.g.r.RouteDefinitionRouteLocator    : Loaded RoutePredicateFactory [Before]
2022-12-19 15:06:37.660  INFO [gatewayserver,,] 3444 --- [           main] o.s.c.g.r.RouteDefinitionRouteLocator    : Loaded RoutePredicateFactory [Between]
2022-12-19 15:06:37.660  INFO [gatewayserver,,] 3444 --- [           main] o.s.c.g.r.RouteDefinitionRouteLocator    : Loaded RoutePredicateFactory [Cookie]
2022-12-19 15:06:37.660  INFO [gatewayserver,,] 3444 --- [           main] o.s.c.g.r.RouteDefinitionRouteLocator    : Loaded RoutePredicateFactory [Header]
2022-12-19 15:06:37.660  INFO [gatewayserver,,] 3444 --- [           main] o.s.c.g.r.RouteDefinitionRouteLocator    : Loaded RoutePredicateFactory [Host]
2022-12-19 15:06:37.660  INFO [gatewayserver,,] 3444 --- [           main] o.s.c.g.r.RouteDefinitionRouteLocator    : Loaded RoutePredicateFactory [Method]
2022-12-19 15:06:37.660  INFO [gatewayserver,,] 3444 --- [           main] o.s.c.g.r.RouteDefinitionRouteLocator    : Loaded RoutePredicateFactory [Path]
2022-12-19 15:06:37.661  INFO [gatewayserver,,] 3444 --- [           main] o.s.c.g.r.RouteDefinitionRouteLocator    : Loaded RoutePredicateFactory [Query]
2022-12-19 15:06:37.661  INFO [gatewayserver,,] 3444 --- [           main] o.s.c.g.r.RouteDefinitionRouteLocator    : Loaded RoutePredicateFactory [ReadBody]
2022-12-19 15:06:37.661  INFO [gatewayserver,,] 3444 --- [           main] o.s.c.g.r.RouteDefinitionRouteLocator    : Loaded RoutePredicateFactory [RemoteAddr]
2022-12-19 15:06:37.661  INFO [gatewayserver,,] 3444 --- [           main] o.s.c.g.r.RouteDefinitionRouteLocator    : Loaded RoutePredicateFactory [XForwardedRemoteAddr]
2022-12-19 15:06:37.661  INFO [gatewayserver,,] 3444 --- [           main] o.s.c.g.r.RouteDefinitionRouteLocator    : Loaded RoutePredicateFactory [Weight]
2022-12-19 15:06:37.661  INFO [gatewayserver,,] 3444 --- [           main] o.s.c.g.r.RouteDefinitionRouteLocator    : Loaded RoutePredicateFactory [CloudFoundryRouteService]
2022-12-19 15:06:39.955  INFO [gatewayserver,,] 3444 --- [           main] o.s.b.a.e.web.EndpointLinksResolver      : Exposing 18 endpoint(s) beneath base path '/actuator'
2022-12-19 15:06:41.029  INFO [gatewayserver,,] 3444 --- [           main] DiscoveryClientOptionalArgsConfiguration : Eureka HTTP Client uses RestTemplate.
2022-12-19 15:06:41.843  WARN [gatewayserver,,] 3444 --- [           main] iguration$LoadBalancerCaffeineWarnLogger : Spring Cloud LoadBalancer is currently working with the default cache. While this cache implementation is useful for development and tests, it's recommended to use Caffeine cache in production.You can switch to using Caffeine cache, by adding it and org.springframework.cache.caffeine.CaffeineCacheManager to the classpath.
2022-12-19 15:06:41.919  INFO [gatewayserver,,] 3444 --- [           main] o.s.c.n.eureka.InstanceInfoFactory       : Setting initial instance status as: STARTING
2022-12-19 15:06:42.083  INFO [gatewayserver,,] 3444 --- [           main] com.netflix.discovery.DiscoveryClient    : Initializing Eureka in region us-east-1
2022-12-19 15:06:42.097  INFO [gatewayserver,,] 3444 --- [           main] c.n.d.s.r.aws.ConfigClusterResolver      : Resolving eureka endpoints via configuration
2022-12-19 15:06:42.146  INFO [gatewayserver,,] 3444 --- [           main] com.netflix.discovery.DiscoveryClient    : Disable delta property : false
2022-12-19 15:06:42.146  INFO [gatewayserver,,] 3444 --- [           main] com.netflix.discovery.DiscoveryClient    : Single vip registry refresh property : null
2022-12-19 15:06:42.146  INFO [gatewayserver,,] 3444 --- [           main] com.netflix.discovery.DiscoveryClient    : Force full registry fetch : false
2022-12-19 15:06:42.146  INFO [gatewayserver,,] 3444 --- [           main] com.netflix.discovery.DiscoveryClient    : Application is null : false
2022-12-19 15:06:42.147  INFO [gatewayserver,,] 3444 --- [           main] com.netflix.discovery.DiscoveryClient    : Registered Applications size is zero : true
2022-12-19 15:06:42.147  INFO [gatewayserver,,] 3444 --- [           main] com.netflix.discovery.DiscoveryClient    : Application version is -1: true
2022-12-19 15:06:42.147  INFO [gatewayserver,,] 3444 --- [           main] com.netflix.discovery.DiscoveryClient    : Getting all instance registry info from the eureka server
2022-12-19 15:06:42.624  INFO [gatewayserver,,] 3444 --- [           main] com.netflix.discovery.DiscoveryClient    : The response status is 200
2022-12-19 15:06:42.628  INFO [gatewayserver,,] 3444 --- [           main] com.netflix.discovery.DiscoveryClient    : Starting heartbeat executor: renew interval is: 30
2022-12-19 15:06:42.633  INFO [gatewayserver,,] 3444 --- [           main] c.n.discovery.InstanceInfoReplicator     : InstanceInfoReplicator onDemand update allowed rate per min is 4
2022-12-19 15:06:42.640  INFO [gatewayserver,,] 3444 --- [           main] com.netflix.discovery.DiscoveryClient    : Discovery Client initialized at timestamp 1671458802639 with initial instances count: 3
2022-12-19 15:06:42.645  INFO [gatewayserver,,] 3444 --- [           main] o.s.c.n.e.s.EurekaServiceRegistry        : Registering application GATEWAYSERVER with eureka with status UP
2022-12-19 15:06:42.646  INFO [gatewayserver,,] 3444 --- [           main] com.netflix.discovery.DiscoveryClient    : Saw local status change event StatusChangeEvent [timestamp=1671458802646, current=UP, previous=STARTING]
2022-12-19 15:06:42.659  INFO [gatewayserver,,] 3444 --- [nfoReplicator-0] com.netflix.discovery.DiscoveryClient    : DiscoveryClient_GATEWAYSERVER/host.docker.internal:gatewayserver:8072: registering service...
2022-12-19 15:06:42.886  INFO [gatewayserver,,] 3444 --- [nfoReplicator-0] com.netflix.discovery.DiscoveryClient    : DiscoveryClient_GATEWAYSERVER/host.docker.internal:gatewayserver:8072 - registration status: 204
2022-12-19 15:06:43.160  INFO [gatewayserver,,] 3444 --- [           main] o.s.b.w.embedded.tomcat.TomcatWebServer  : Tomcat started on port(s): 8072 (http) with context path ''
2022-12-19 15:06:43.162  INFO [gatewayserver,,] 3444 --- [           main] .s.c.n.e.s.EurekaAutoServiceRegistration : Updating port to 8072
2022-12-19 15:06:45.125  INFO [gatewayserver,,] 3444 --- [           main] c.e.g.GatewayserverApplication           : Started GatewayserverApplication in 17.182 seconds (JVM running for 18.088)
2022-12-19 15:08:43.477  INFO [gatewayserver,,] 3444 --- [tbeatExecutor-0] com.netflix.discovery.DiscoveryClient    : DiscoveryClient_GATEWAYSERVER/host.docker.internal:gatewayserver:8072 - Re-registering apps/GATEWAYSERVER
2022-12-19 15:08:43.502  INFO [gatewayserver,,] 3444 --- [tbeatExecutor-0] com.netflix.discovery.DiscoveryClient    : DiscoveryClient_GATEWAYSERVER/host.docker.internal:gatewayserver:8072: registering service...
2022-12-19 15:08:43.568  INFO [gatewayserver,,] 3444 --- [tbeatExecutor-0] com.netflix.discovery.DiscoveryClient    : DiscoveryClient_GATEWAYSERVER/host.docker.internal:gatewayserver:8072 - registration status: 204
2022-12-19 15:11:42.186  INFO [gatewayserver,,] 3444 --- [trap-executor-0] c.n.d.s.r.aws.ConfigClusterResolver      : Resolving eureka endpoints via configuration
2022-12-19 15:16:42.220  INFO [gatewayserver,,] 3444 --- [trap-executor-0] c.n.d.s.r.aws.ConfigClusterResolver      : Resolving eureka endpoints via configuration
2022-12-19 15:21:42.224  INFO [gatewayserver,,] 3444 --- [trap-executor-0] c.n.d.s.r.aws.ConfigClusterResolver      : Resolving eureka endpoints via configuration
2022-12-19 15:26:42.243  INFO [gatewayserver,,] 3444 --- [trap-executor-0] c.n.d.s.r.aws.ConfigClusterResolver      : Resolving eureka endpoints via configuration
2022-12-19 15:31:42.247  INFO [gatewayserver,,] 3444 --- [trap-executor-0] c.n.d.s.r.aws.ConfigClusterResolver      : Resolving eureka endpoints via configuration
2022-12-19 15:36:42.252  INFO [gatewayserver,,] 3444 --- [trap-executor-0] c.n.d.s.r.aws.ConfigClusterResolver      : Resolving eureka endpoints via configuration
2022-12-19 15:41:42.267  INFO [gatewayserver,,] 3444 --- [trap-executor-0] c.n.d.s.r.aws.ConfigClusterResolver      : Resolving eureka endpoints via configuration
2022-12-19 15:46:42.273  INFO [gatewayserver,,] 3444 --- [trap-executor-0] c.n.d.s.r.aws.ConfigClusterResolver      : Resolving eureka endpoints via configuration
2022-12-19 15:51:42.281  INFO [gatewayserver,,] 3444 --- [trap-executor-0] c.n.d.s.r.aws.ConfigClusterResolver      : Resolving eureka endpoints via configuration
2022-12-19 15:56:42.299  INFO [gatewayserver,,] 3444 --- [trap-executor-0] c.n.d.s.r.aws.ConfigClusterResolver      : Resolving eureka endpoints via configuration
2022-12-19 16:01:42.311  INFO [gatewayserver,,] 3444 --- [trap-executor-0] c.n.d.s.r.aws.ConfigClusterResolver      : Resolving eureka endpoints via configuration
2022-12-19 16:06:42.314  INFO [gatewayserver,,] 3444 --- [trap-executor-0] c.n.d.s.r.aws.ConfigClusterResolver      : Resolving eureka endpoints via configuration
2022-12-19 16:11:42.321  INFO [gatewayserver,,] 3444 --- [trap-executor-0] c.n.d.s.r.aws.ConfigClusterResolver      : Resolving eureka endpoints via configuration
2022-12-19 16:16:42.324  INFO [gatewayserver,,] 3444 --- [trap-executor-0] c.n.d.s.r.aws.ConfigClusterResolver      : Resolving eureka endpoints via configuration
2022-12-19 16:21:42.333  INFO [gatewayserver,,] 3444 --- [trap-executor-0] c.n.d.s.r.aws.ConfigClusterResolver      : Resolving eureka endpoints via configuration
2022-12-19 16:26:42.342  INFO [gatewayserver,,] 3444 --- [trap-executor-0] c.n.d.s.r.aws.ConfigClusterResolver      : Resolving eureka endpoints via configuration
2022-12-19 16:31:42.350  INFO [gatewayserver,,] 3444 --- [trap-executor-0] c.n.d.s.r.aws.ConfigClusterResolver      : Resolving eureka endpoints via configuration
2022-12-19 16:36:42.366  INFO [gatewayserver,,] 3444 --- [trap-executor-0] c.n.d.s.r.aws.ConfigClusterResolver      : Resolving eureka endpoints via configuration
2022-12-19 16:41:42.377  INFO [gatewayserver,,] 3444 --- [trap-executor-0] c.n.d.s.r.aws.ConfigClusterResolver      : Resolving eureka endpoints via configuration
2022-12-19 16:46:42.386  INFO [gatewayserver,,] 3444 --- [trap-executor-0] c.n.d.s.r.aws.ConfigClusterResolver      : Resolving eureka endpoints via configuration
2022-12-19 16:51:42.391  INFO [gatewayserver,,] 3444 --- [trap-executor-0] c.n.d.s.r.aws.ConfigClusterResolver      : Resolving eureka endpoints via configuration
2022-12-19 16:56:42.403  INFO [gatewayserver,,] 3444 --- [trap-executor-0] c.n.d.s.r.aws.ConfigClusterResolver      : Resolving eureka endpoints via configuration
2022-12-19 17:01:42.419  INFO [gatewayserver,,] 3444 --- [trap-executor-0] c.n.d.s.r.aws.ConfigClusterResolver      : Resolving eureka endpoints via configuration
2022-12-19 17:06:42.430  INFO [gatewayserver,,] 3444 --- [trap-executor-0] c.n.d.s.r.aws.ConfigClusterResolver      : Resolving eureka endpoints via configuration
2022-12-19 17:11:42.433  INFO [gatewayserver,,] 3444 --- [trap-executor-0] c.n.d.s.r.aws.ConfigClusterResolver      : Resolving eureka endpoints via configuration
