#
# There is insufficient memory for the Java Runtime Environment to continue.
# Native memory allocation (mmap) failed to map 7340032 bytes for G1 virtual space
# Possible reasons:
#   The system is out of physical RAM or swap space
#   The process is running with CompressedOops enabled, and the Java Heap may be blocking the growth of the native heap
# Possible solutions:
#   Reduce memory load on the system
#   Increase physical memory or swap space
#   Check if swap backing store is full
#   Decrease Java heap size (-Xmx/-Xms)
#   Decrease number of Java threads
#   Decrease Java thread stack sizes (-Xss)
#   Set larger code cache with -XX:ReservedCodeCacheSize=
#   JVM is running with Unscaled Compressed Oops mode in which the Java heap is
#     placed in the first 4GB address space. The Java Heap base address is the
#     maximum limit for the native heap growth. Please use -XX:HeapBaseMinAddress
#     to set the Java Heap base and to place the Java Heap above 4GB virtual address.
# This output file may be truncated or incomplete.
#
#  Out of Memory Error (os_windows.cpp:3548), pid=23260, tid=18728
#
# JRE version: OpenJDK Runtime Environment Temurin-17.0.5+8 (17.0.5+8) (build 17.0.5+8)
# Java VM: OpenJDK 64-Bit Server VM Temurin-17.0.5+8 (17.0.5+8, mixed mode, emulated-client, tiered, compressed oops, compressed class ptrs, g1 gc, windows-amd64)
# No core dump will be written. Minidumps are not enabled by default on client versions of Windows
#

---------------  S U M M A R Y ------------

Command Line: -Dsts.lsp.client=vscode -Dsts.log.file=/dev/null -XX:TieredStopAtLevel=1 -Xlog:jni+resolve=off -Dspring.config.location=file:c:\Users\HP\.vscode\extensions\pivotal.vscode-spring-boot-1.42.0\language-server\BOOT-INF\classes\application.properties org.springframework.ide.vscode.boot.app.BootLanguageServerBootApp

Host: Intel(R) Core(TM) i5-8250U CPU @ 1.60GHz, 8 cores, 7G,  Windows 10 , 64 bit Build 19041 (10.0.19041.2364)
Time: Mon Dec 19 12:54:38 2022 Romance Standard Time elapsed time: 27.566972 seconds (0d 0h 0m 27s)

---------------  T H R E A D  ---------------

Current thread (0x0000020f7bc88130):  VMThread "VM Thread" [stack: 0x000000e998700000,0x000000e998800000] [id=18728]

Stack: [0x000000e998700000,0x000000e998800000]
Native frames: (J=compiled Java code, j=interpreted, Vv=VM code, C=native code)
V  [jvm.dll+0x676b3a]
V  [jvm.dll+0x831444]
V  [jvm.dll+0x832bee]
V  [jvm.dll+0x833253]
V  [jvm.dll+0x244ce5]
V  [jvm.dll+0x673a49]
V  [jvm.dll+0x66811a]
V  [jvm.dll+0x303ceb]
V  [jvm.dll+0x30b1e6]
V  [jvm.dll+0x35adbe]
V  [jvm.dll+0x35afef]
V  [jvm.dll+0x2dab88]
V  [jvm.dll+0x2ddc16]
V  [jvm.dll+0x2e82d8]
V  [jvm.dll+0x31c530]
V  [jvm.dll+0x8376fb]
V  [jvm.dll+0x838434]
V  [jvm.dll+0x83894c]
V  [jvm.dll+0x838d24]
V  [jvm.dll+0x838df0]
V  [jvm.dll+0x7e17ea]
V  [jvm.dll+0x6759e5]
C  [ucrtbase.dll+0x21bb2]
C  [KERNEL32.DLL+0x17614]
C  [ntdll.dll+0x526a1]

VM_Operation (0x000000e9983ff570): G1Concurrent, mode: safepoint, requested by thread 0x0000020f6e998a80


---------------  P R O C E S S  ---------------

Threads class SMR info:
_java_thread_list=0x0000020f7d715610, length=39, elements={
0x0000020f7bc9d730, 0x0000020f7bc9e4b0, 0x0000020f7bcb7230, 0x0000020f7c816400,
0x0000020f7c816cc0, 0x0000020f7c817580, 0x0000020f7c817e40, 0x0000020f7c818740,
0x0000020f7ca30bb0, 0x0000020f7ca33ae0, 0x0000020f7d7d72c0, 0x0000020f7dc12a90,
0x0000020f7dd0d030, 0x0000020f6e92c270, 0x0000020f7da985a0, 0x0000020f7dda0430,
0x0000020f7dd74970, 0x0000020f7ddca020, 0x0000020f7d9ca0a0, 0x0000020f7d9c9230,
0x0000020f7d9ca570, 0x0000020f7d9c8d60, 0x0000020f7d9c9700, 0x0000020f7d9caa40,
0x0000020f7d9c9bd0, 0x0000020f7d9c7080, 0x0000020f7d9c7550, 0x0000020f7d9c7ef0,
0x0000020f7d9c7a20, 0x0000020f7d9c83c0, 0x0000020f7d9c8890, 0x0000020f7de4f8f0,
0x0000020f7de4dc10, 0x0000020f7de50290, 0x0000020f7de4cda0, 0x0000020f7de4fdc0,
0x0000020f7de50760, 0x0000020f7de4d270, 0x0000020f7de545f0
}

Java Threads: ( => current thread )
  0x0000020f7bc9d730 JavaThread "Reference Handler" daemon [_thread_blocked, id=13984, stack(0x000000e998800000,0x000000e998900000)]
  0x0000020f7bc9e4b0 JavaThread "Finalizer" daemon [_thread_blocked, id=18296, stack(0x000000e998900000,0x000000e998a00000)]
  0x0000020f7bcb7230 JavaThread "Signal Dispatcher" daemon [_thread_blocked, id=6052, stack(0x000000e998a00000,0x000000e998b00000)]
  0x0000020f7c816400 JavaThread "Attach Listener" daemon [_thread_blocked, id=3436, stack(0x000000e998b00000,0x000000e998c00000)]
  0x0000020f7c816cc0 JavaThread "Service Thread" daemon [_thread_blocked, id=18300, stack(0x000000e998c00000,0x000000e998d00000)]
  0x0000020f7c817580 JavaThread "Monitor Deflation Thread" daemon [_thread_blocked, id=9140, stack(0x000000e998d00000,0x000000e998e00000)]
  0x0000020f7c817e40 JavaThread "C1 CompilerThread0" daemon [_thread_blocked, id=21024, stack(0x000000e998e00000,0x000000e998f00000)]
  0x0000020f7c818740 JavaThread "Sweeper thread" daemon [_thread_blocked, id=16556, stack(0x000000e998f00000,0x000000e999000000)]
  0x0000020f7ca30bb0 JavaThread "Notification Thread" daemon [_thread_blocked, id=24700, stack(0x000000e999300000,0x000000e999400000)]
  0x0000020f7ca33ae0 JavaThread "Common-Cleaner" daemon [_thread_blocked, id=24808, stack(0x000000e999500000,0x000000e999600000)]
  0x0000020f7d7d72c0 JavaThread "boundedElastic-evictor-1" daemon [_thread_blocked, id=25384, stack(0x000000e999200000,0x000000e999300000)]
  0x0000020f7dc12a90 JavaThread "pool-11-thread-1" [_thread_blocked, id=3976, stack(0x000000e999e00000,0x000000e999f00000)]
  0x0000020f7dd0d030 JavaThread "LanguageServerApp-lifecycle" [_thread_blocked, id=1928, stack(0x000000e99a000000,0x000000e99a100000)]
  0x0000020f6e92c270 JavaThread "DestroyJavaVM" [_thread_blocked, id=25128, stack(0x000000e998100000,0x000000e998200000)]
  0x0000020f7da985a0 JavaThread "pool-12-thread-1" [_thread_in_native, id=23960, stack(0x000000e99a100000,0x000000e99a200000)]
  0x0000020f7dda0430 JavaThread "Simple-Language-Server main thread" daemon [_thread_blocked, id=24500, stack(0x000000e99a200000,0x000000e99a300000)]
  0x0000020f7dd74970 JavaThread "pool-8-thread-1" [_thread_blocked, id=23164, stack(0x000000e99a300000,0x000000e99a400000)]
  0x0000020f7ddca020 JavaThread "parallel-1" daemon [_thread_blocked, id=16280, stack(0x000000e99a400000,0x000000e99a500000)]
  0x0000020f7d9ca0a0 JavaThread "parallel-2" daemon [_thread_blocked, id=13508, stack(0x000000e99a500000,0x000000e99a600000)]
  0x0000020f7d9c9230 JavaThread "ForkJoinPool.commonPool-worker-1" daemon [_thread_blocked, id=24692, stack(0x000000e99a600000,0x000000e99a700000)]
  0x0000020f7d9ca570 JavaThread "Reconciler-1" daemon [_thread_blocked, id=12072, stack(0x000000e99a700000,0x000000e99a800000)]
  0x0000020f7d9c8d60 JavaThread "pool-5-thread-1" [_thread_blocked, id=24004, stack(0x000000e99a800000,0x000000e99a900000)]
  0x0000020f7d9c9700 JavaThread "ForkJoinPool.commonPool-worker-2" daemon [_thread_blocked, id=12112, stack(0x000000e99a900000,0x000000e99aa00000)]
  0x0000020f7d9caa40 JavaThread "pool-5-thread-2" [_thread_blocked, id=25260, stack(0x000000e99aa00000,0x000000e99ab00000)]
  0x0000020f7d9c9bd0 JavaThread "parallel-3" daemon [_thread_blocked, id=25552, stack(0x000000e99ab00000,0x000000e99ac00000)]
  0x0000020f7d9c7080 JavaThread "ClassGraph-worker-0" daemon [_thread_blocked, id=23784, stack(0x000000e999100000,0x000000e999200000)]
  0x0000020f7d9c7550 JavaThread "ClassGraph-worker-1" daemon [_thread_blocked, id=24200, stack(0x000000e99ac00000,0x000000e99ad00000)]
  0x0000020f7d9c7ef0 JavaThread "ClassGraph-worker-2" daemon [_thread_blocked, id=24032, stack(0x000000e99ad00000,0x000000e99ae00000)]
  0x0000020f7d9c7a20 JavaThread "ClassGraph-worker-3" daemon [_thread_blocked, id=1648, stack(0x000000e99ae00000,0x000000e99af00000)]
  0x0000020f7d9c83c0 JavaThread "ClassGraph-worker-4" daemon [_thread_blocked, id=14680, stack(0x000000e99af00000,0x000000e99b000000)]
  0x0000020f7d9c8890 JavaThread "ClassGraph-worker-5" daemon [_thread_blocked, id=24616, stack(0x000000e99b000000,0x000000e99b100000)]
  0x0000020f7de4f8f0 JavaThread "ClassGraph-worker-6" daemon [_thread_blocked, id=4144, stack(0x000000e99b100000,0x000000e99b200000)]
  0x0000020f7de4dc10 JavaThread "ClassGraph-worker-7" daemon [_thread_blocked, id=25048, stack(0x000000e99b200000,0x000000e99b300000)]
  0x0000020f7de50290 JavaThread "ClassGraph-worker-8" daemon [_thread_blocked, id=24640, stack(0x000000e99b300000,0x000000e99b400000)]
  0x0000020f7de4cda0 JavaThread "ClassGraph-worker-9" daemon [_thread_blocked, id=25512, stack(0x000000e99b400000,0x000000e99b500000)]
  0x0000020f7de4fdc0 JavaThread "ClassGraph-worker-10" daemon [_thread_blocked, id=12148, stack(0x000000e99b500000,0x000000e99b600000)]
  0x0000020f7de50760 JavaThread "ClassGraph-worker-11" daemon [_thread_blocked, id=9348, stack(0x000000e99b600000,0x000000e99b700000)]
  0x0000020f7de4d270 JavaThread "ClassGraph-worker-12" daemon [_thread_blocked, id=24772, stack(0x000000e99b700000,0x000000e99b800000)]
  0x0000020f7de545f0 JavaThread "ClassGraph-worker-13" daemon [_thread_blocked, id=23764, stack(0x000000e99b800000,0x000000e99b900000)]

Other Threads:
=>0x0000020f7bc88130 VMThread "VM Thread" [stack: 0x000000e998700000,0x000000e998800000] [id=18728]
  0x0000020f7ca31080 WatcherThread [stack: 0x000000e999400000,0x000000e999500000] [id=24704]
  0x0000020f6e987eb0 GCTaskThread "GC Thread#0" [stack: 0x000000e998200000,0x000000e998300000] [id=16948]
  0x0000020f7d467df0 GCTaskThread "GC Thread#1" [stack: 0x000000e999600000,0x000000e999700000] [id=22100]
  0x0000020f7d486190 GCTaskThread "GC Thread#2" [stack: 0x000000e999700000,0x000000e999800000] [id=17888]
  0x0000020f7d4c3850 GCTaskThread "GC Thread#3" [stack: 0x000000e999800000,0x000000e999900000] [id=23100]
  0x0000020f7d4c3b00 GCTaskThread "GC Thread#4" [stack: 0x000000e999900000,0x000000e999a00000] [id=23600]
  0x0000020f7d4c3db0 GCTaskThread "GC Thread#5" [stack: 0x000000e999a00000,0x000000e999b00000] [id=5892]
  0x0000020f7c8acc60 GCTaskThread "GC Thread#6" [stack: 0x000000e999c00000,0x000000e999d00000] [id=24356]
  0x0000020f7c98d4e0 GCTaskThread "GC Thread#7" [stack: 0x000000e999d00000,0x000000e999e00000] [id=25448]
  0x0000020f6e998a80 ConcurrentGCThread "G1 Main Marker" [stack: 0x000000e998300000,0x000000e998400000] [id=24972]
  0x0000020f6e9993a0 ConcurrentGCThread "G1 Conc#0" [stack: 0x000000e998400000,0x000000e998500000] [id=24868]
  0x0000020f7d74c750 ConcurrentGCThread "G1 Conc#1" [stack: 0x000000e999f00000,0x000000e99a000000] [id=25508]
  0x0000020f6e9ed930 ConcurrentGCThread "G1 Refine#0" [stack: 0x000000e998500000,0x000000e998600000] [id=24048]
  0x0000020f7d466f10 ConcurrentGCThread "G1 Refine#1" [stack: 0x000000e999b00000,0x000000e999c00000] [id=13384]
  0x0000020f6e9ee260 ConcurrentGCThread "G1 Service" [stack: 0x000000e998600000,0x000000e998700000] [id=22716]

Threads with active compile tasks:
C1 CompilerThread0    27644 3677       1       java.util.ComparableTimSort::gallopLeft (327 bytes)

VM state: at safepoint (normal execution)

VM Mutex/Monitor currently owned by a thread:  ([mutex/lock_event])
[0x0000020f6c76dc90] Threads_lock - owner thread: 0x0000020f7bc88130
[0x0000020f6c82d3b0] Heap_lock - owner thread: 0x0000020f6e998a80

Heap address: 0x0000000081400000, size: 2028 MB, Compressed Oops mode: 32-bit

CDS archive(s) not mapped
Compressed class space mapped at: 0x0000000100000000-0x0000000140000000, reserved size: 1073741824
Narrow klass base: 0x0000000000000000, Narrow klass shift: 3, Narrow klass range: 0x140000000

GC Precious Log:
 CPUs: 8 total, 8 available
 Memory: 8107M
 Large Page Support: Disabled
 NUMA Support: Disabled
 Compressed Oops: Enabled (32-bit)
 Heap Region Size: 1M
 Heap Min Capacity: 8M
 Heap Initial Capacity: 128M
 Heap Max Capacity: 2028M
 Pre-touch: Disabled
 Parallel Workers: 8
 Concurrent Workers: 2
 Concurrent Refinement Workers: 8
 Periodic GC: Disabled

Heap:
 garbage-first heap   total 61440K, used 39069K [0x0000000081400000, 0x0000000100000000)
  region size 1024K, 8 young (8192K), 2 survivors (2048K)
 Metaspace       used 37836K, committed 38144K, reserved 1089536K
  class space    used 4789K, committed 4928K, reserved 1048576K

Heap Regions: E=young(eden), S=young(survivor), O=old, HS=humongous(starts), HC=humongous(continues), CS=collection set, F=free, OA=open archive, CA=closed archive, TAMS=top-at-mark-start (previous, next)
|   0|0x0000000081400000, 0x0000000081500000, 0x0000000081500000|100%| O|  |TAMS 0x0000000081500000, 0x0000000081400000| Updating 
|   1|0x0000000081500000, 0x0000000081600000, 0x0000000081600000|100%| O|  |TAMS 0x0000000081600000, 0x0000000081500000| Untracked 
|   2|0x0000000081600000, 0x0000000081700000, 0x0000000081700000|100%| O|  |TAMS 0x0000000081700000, 0x0000000081600000| Untracked 
|   3|0x0000000081700000, 0x0000000081800000, 0x0000000081800000|100%| O|  |TAMS 0x0000000081800000, 0x0000000081700000| Untracked 
|   4|0x0000000081800000, 0x0000000081900000, 0x0000000081900000|100%| O|  |TAMS 0x0000000081900000, 0x0000000081800000| Untracked 
|   5|0x0000000081900000, 0x0000000081a00000, 0x0000000081a00000|100%| O|  |TAMS 0x0000000081a00000, 0x0000000081900000| Untracked 
|   6|0x0000000081a00000, 0x0000000081b00000, 0x0000000081b00000|100%| O|  |TAMS 0x0000000081b00000, 0x0000000081a00000| Untracked 
|   7|0x0000000081b00000, 0x0000000081c00000, 0x0000000081c00000|100%| O|  |TAMS 0x0000000081c00000, 0x0000000081b00000| Untracked 
|   8|0x0000000081c00000, 0x0000000081c2f800, 0x0000000081d00000| 18%| O|  |TAMS 0x0000000081c2f800, 0x0000000081c00000| Updating 
|   9|0x0000000081d00000, 0x0000000081e00000, 0x0000000081e00000|100%| O|  |TAMS 0x0000000081e00000, 0x0000000081d00000| Untracked 
|  10|0x0000000081e00000, 0x0000000081f00000, 0x0000000081f00000|100%| O|  |TAMS 0x0000000081f00000, 0x0000000081e00000| Untracked 
|  11|0x0000000081f00000, 0x0000000082000000, 0x0000000082000000|100%| O|  |TAMS 0x0000000082000000, 0x0000000081f00000| Untracked 
|  12|0x0000000082000000, 0x0000000082100000, 0x0000000082100000|100%| O|  |TAMS 0x0000000082100000, 0x0000000082000000| Untracked 
|  13|0x0000000082100000, 0x0000000082200000, 0x0000000082200000|100%| O|  |TAMS 0x0000000082200000, 0x0000000082100000| Untracked 
|  14|0x0000000082200000, 0x0000000082300000, 0x0000000082300000|100%| O|  |TAMS 0x0000000082300000, 0x0000000082200000| Untracked 
|  15|0x0000000082300000, 0x0000000082400000, 0x0000000082400000|100%| O|  |TAMS 0x0000000082400000, 0x0000000082300000| Untracked 
|  16|0x0000000082400000, 0x0000000082500000, 0x0000000082500000|100%| O|  |TAMS 0x0000000082500000, 0x0000000082400000| Updating 
|  17|0x0000000082500000, 0x0000000082600000, 0x0000000082600000|100%| O|  |TAMS 0x0000000082600000, 0x0000000082500000| Untracked 
|  18|0x0000000082600000, 0x0000000082700000, 0x0000000082700000|100%| O|  |TAMS 0x0000000082700000, 0x0000000082600000| Untracked 
|  19|0x0000000082700000, 0x0000000082800000, 0x0000000082800000|100%| O|  |TAMS 0x0000000082800000, 0x0000000082700000| Updating 
|  20|0x0000000082800000, 0x0000000082900000, 0x0000000082900000|100%| O|  |TAMS 0x0000000082900000, 0x0000000082800000| Updating 
|  21|0x0000000082900000, 0x0000000082a00000, 0x0000000082a00000|100%| O|  |TAMS 0x0000000082a00000, 0x0000000082900000| Untracked 
|  22|0x0000000082a00000, 0x0000000082b00000, 0x0000000082b00000|100%| O|  |TAMS 0x0000000082b00000, 0x0000000082a00000| Untracked 
|  23|0x0000000082b00000, 0x0000000082c00000, 0x0000000082c00000|100%| O|  |TAMS 0x0000000082c00000, 0x0000000082b00000| Updating 
|  24|0x0000000082c00000, 0x0000000082d00000, 0x0000000082d00000|100%| O|  |TAMS 0x0000000082d00000, 0x0000000082c00000| Untracked 
|  25|0x0000000082d00000, 0x0000000082e00000, 0x0000000082e00000|100%| O|  |TAMS 0x0000000082e00000, 0x0000000082d00000| Untracked 
|  26|0x0000000082e00000, 0x0000000082f00000, 0x0000000082f00000|100%| O|  |TAMS 0x0000000082f00000, 0x0000000082e00000| Updating 
|  27|0x0000000082f00000, 0x0000000083000000, 0x0000000083000000|100%| O|  |TAMS 0x0000000083000000, 0x0000000082f00000| Updating 
|  28|0x0000000083000000, 0x0000000083100000, 0x0000000083100000|100%| O|  |TAMS 0x0000000083100000, 0x0000000083000000| Untracked 
|  29|0x0000000083100000, 0x0000000083200000, 0x0000000083200000|100%| O|  |TAMS 0x0000000083137000, 0x0000000083100000| Updating 
|  30|0x0000000083200000, 0x0000000083300000, 0x0000000083300000|100%| O|  |TAMS 0x0000000083200000, 0x0000000083200000| Untracked 
|  31|0x0000000083300000, 0x00000000833f7e00, 0x0000000083400000| 96%| O|  |TAMS 0x0000000083300000, 0x0000000083300000| Untracked 
|  32|0x0000000083400000, 0x0000000083400000, 0x0000000083500000|  0%| F|  |TAMS 0x0000000083400000, 0x0000000083400000| Untracked 
|  33|0x0000000083500000, 0x0000000083500000, 0x0000000083600000|  0%| F|  |TAMS 0x0000000083500000, 0x0000000083500000| Untracked 
|  34|0x0000000083600000, 0x0000000083600000, 0x0000000083700000|  0%| F|  |TAMS 0x0000000083600000, 0x0000000083600000| Untracked 
|  35|0x0000000083700000, 0x0000000083700000, 0x0000000083800000|  0%| F|  |TAMS 0x0000000083700000, 0x0000000083700000| Untracked 
|  36|0x0000000083800000, 0x0000000083800000, 0x0000000083900000|  0%| F|  |TAMS 0x0000000083800000, 0x0000000083800000| Untracked 
|  37|0x0000000083900000, 0x0000000083900000, 0x0000000083a00000|  0%| F|  |TAMS 0x0000000083900000, 0x0000000083900000| Untracked 
|  38|0x0000000083a00000, 0x0000000083a00000, 0x0000000083b00000|  0%| F|  |TAMS 0x0000000083a00000, 0x0000000083a00000| Untracked 
|  39|0x0000000083b00000, 0x0000000083b00000, 0x0000000083c00000|  0%| F|  |TAMS 0x0000000083b00000, 0x0000000083b00000| Untracked 
|  40|0x0000000083c00000, 0x0000000083c00000, 0x0000000083d00000|  0%| F|  |TAMS 0x0000000083c00000, 0x0000000083c00000| Untracked 
|  41|0x0000000083d00000, 0x0000000083d00000, 0x0000000083e00000|  0%| F|  |TAMS 0x0000000083d00000, 0x0000000083d00000| Untracked 
|  42|0x0000000083e00000, 0x0000000083e00000, 0x0000000083f00000|  0%| F|  |TAMS 0x0000000083e00000, 0x0000000083e00000| Untracked 
|  43|0x0000000083f00000, 0x0000000083f00000, 0x0000000084000000|  0%| F|  |TAMS 0x0000000083f00000, 0x0000000083f00000| Untracked 
|  44|0x0000000084000000, 0x0000000084000000, 0x0000000084100000|  0%| F|  |TAMS 0x0000000084000000, 0x0000000084000000| Untracked 
|  45|0x0000000084100000, 0x0000000084200000, 0x0000000084200000|100%| S|CS|TAMS 0x0000000084100000, 0x0000000084100000| Complete 
|  46|0x0000000084200000, 0x0000000084300000, 0x0000000084300000|100%| S|CS|TAMS 0x0000000084200000, 0x0000000084200000| Complete 
|  47|0x0000000084300000, 0x0000000084300000, 0x0000000084400000|  0%| F|  |TAMS 0x0000000084300000, 0x0000000084300000| Untracked 
|  48|0x0000000084400000, 0x0000000084400000, 0x0000000084500000|  0%| F|  |TAMS 0x0000000084400000, 0x0000000084400000| Untracked 
|  49|0x0000000084500000, 0x0000000084500000, 0x0000000084600000|  0%| F|  |TAMS 0x0000000084500000, 0x0000000084500000| Untracked 
|  50|0x0000000084600000, 0x0000000084600000, 0x0000000084700000|  0%| F|  |TAMS 0x0000000084600000, 0x0000000084600000| Untracked 
|  51|0x0000000084700000, 0x0000000084700000, 0x0000000084800000|  0%| F|  |TAMS 0x0000000084700000, 0x0000000084700000| Untracked 
|  52|0x0000000084800000, 0x0000000084800000, 0x0000000084900000|  0%| F|  |TAMS 0x0000000084800000, 0x0000000084800000| Untracked 
|  53|0x0000000084900000, 0x0000000084900000, 0x0000000084a00000|  0%| F|  |TAMS 0x0000000084900000, 0x0000000084900000| Untracked 
|  54|0x0000000084a00000, 0x0000000084a86728, 0x0000000084b00000| 52%| E|  |TAMS 0x0000000084a00000, 0x0000000084a00000| Complete 
|  55|0x0000000084b00000, 0x0000000084c00000, 0x0000000084c00000|100%| E|CS|TAMS 0x0000000084b00000, 0x0000000084b00000| Complete 
|  56|0x0000000084c00000, 0x0000000084d00000, 0x0000000084d00000|100%| E|CS|TAMS 0x0000000084c00000, 0x0000000084c00000| Complete 
|  98|0x0000000087600000, 0x0000000087700000, 0x0000000087700000|100%| E|CS|TAMS 0x0000000087600000, 0x0000000087600000| Complete 
|  99|0x0000000087700000, 0x0000000087800000, 0x0000000087800000|100%| E|CS|TAMS 0x0000000087700000, 0x0000000087700000| Complete 
| 127|0x0000000089300000, 0x0000000089400000, 0x0000000089400000|100%| E|CS|TAMS 0x0000000089300000, 0x0000000089300000| Complete 

Card table byte_map: [0x0000020f74ad0000,0x0000020f74ed0000] _byte_map_base: 0x0000020f746c6000

Marking Bits (Prev, Next): (CMBitMap*) 0x0000020f6e9883d0, (CMBitMap*) 0x0000020f6e988410
 Prev Bits: [0x0000020f752d0000, 0x0000020f77280000)
 Next Bits: [0x0000020f77280000, 0x0000020f79230000)

Polling page: 0x0000020f6c860000

Metaspace:

Usage:
  Non-class:     32.27 MB used.
      Class:      4.68 MB used.
       Both:     36.95 MB used.

Virtual space:
  Non-class space:       40.00 MB reserved,      32.44 MB ( 81%) committed,  5 nodes.
      Class space:        1.00 GB reserved,       4.81 MB ( <1%) committed,  1 nodes.
             Both:        1.04 GB reserved,      37.25 MB (  4%) committed. 

Chunk freelists:
   Non-Class:  3.58 MB
       Class:  3.15 MB
        Both:  6.73 MB

MaxMetaspaceSize: unlimited
CompressedClassSpaceSize: 1.00 GB
Initial GC threshold: 21.00 MB
Current GC threshold: 61.06 MB
CDS: off
MetaspaceReclaimPolicy: balanced
 - commit_granule_bytes: 65536.
 - commit_granule_words: 8192.
 - virtual_space_node_default_size: 1048576.
 - enlarge_chunks_in_place: 1.
 - new_chunks_are_fully_committed: 0.
 - uncommit_free_chunks: 1.
 - use_allocation_guard: 0.
 - handle_deallocations: 1.


Internal statistics:

num_allocs_failed_limit: 6.
num_arena_births: 344.
num_arena_deaths: 0.
num_vsnodes_births: 6.
num_vsnodes_deaths: 0.
num_space_committed: 596.
num_space_uncommitted: 0.
num_chunks_returned_to_freelist: 6.
num_chunks_taken_from_freelist: 1447.
num_chunk_merges: 6.
num_chunk_splits: 986.
num_chunks_enlarged: 762.
num_purges: 0.
num_inconsistent_stats: 0.

CodeCache: size=49152Kb used=7129Kb max_used=7301Kb free=42022Kb
 bounds [0x0000020f715b0000, 0x0000020f71ce0000, 0x0000020f745b0000]
 total_blobs=4196 nmethods=3673 adapters=450
 compilation: enabled
              stopped_count=0, restarted_count=0
 full_count=0

Compilation events (20 events):
Event: 27.464 Thread 0x0000020f7c817e40 nmethod 3668 0x0000020f716ec410 code [0x0000020f716ec620, 0x0000020f716ecb48]
Event: 27.464 Thread 0x0000020f7c817e40 3669       1       jdk.internal.jimage.BasicImageReader::getLocationIndex (45 bytes)
Event: 27.464 Thread 0x0000020f7c817e40 nmethod 3669 0x0000020f716ebe90 code [0x0000020f716ec060, 0x0000020f716ec268]
Event: 27.464 Thread 0x0000020f7c817e40 3670       1       jdk.internal.jimage.ImageStringsReader::hashCode (7 bytes)
Event: 27.464 Thread 0x0000020f7c817e40 nmethod 3670 0x0000020f716ebb90 code [0x0000020f716ebd20, 0x0000020f716ebde8]
Event: 27.464 Thread 0x0000020f7c817e40 3671       1       jdk.internal.jimage.ImageLocation::verify (107 bytes)
Event: 27.466 Thread 0x0000020f7c817e40 nmethod 3671 0x0000020f716eae90 code [0x0000020f716eb0a0, 0x0000020f716eb668]
Event: 27.466 Thread 0x0000020f7c817e40 3672       1       jdk.internal.jimage.ImageReader$SharedImageReader::handleModulesSubTree (56 bytes)
Event: 27.466 Thread 0x0000020f7c817e40 nmethod 3672 0x0000020f716ea890 code [0x0000020f716eaa60, 0x0000020f716eaca8]
Event: 27.466 Thread 0x0000020f7c817e40 3673       1       jdk.internal.jimage.ImageReader$SharedImageReader$$Lambda$569/0x0000000100469ea8::<init> (15 bytes)
Event: 27.467 Thread 0x0000020f7c817e40 nmethod 3673 0x0000020f716ea510 code [0x0000020f716ea6a0, 0x0000020f716ea7f8]
Event: 27.467 Thread 0x0000020f7c817e40 3674       1       java.nio.HeapByteBuffer::asIntBuffer (67 bytes)
Event: 27.467 Thread 0x0000020f7c817e40 nmethod 3674 0x0000020f716ea010 code [0x0000020f716ea1c0, 0x0000020f716ea418]
Event: 27.467 Thread 0x0000020f7c817e40 3666       1       java.lang.WeakPairMap$Pair$Lookup::<init> (21 bytes)
Event: 27.467 Thread 0x0000020f7c817e40 nmethod 3666 0x0000020f716e9a90 code [0x0000020f716e9c40, 0x0000020f716e9ef8]
Event: 27.467 Thread 0x0000020f7c817e40 3675       1       java.nio.ByteBufferAsIntBufferL::<init> (50 bytes)
Event: 27.468 Thread 0x0000020f7c817e40 nmethod 3675 0x0000020f716e9690 code [0x0000020f716e9820, 0x0000020f716e99c8]
Event: 27.530 Thread 0x0000020f7c817e40 3676       1       java.util.ComparableTimSort::gallopRight (327 bytes)
Event: 27.531 Thread 0x0000020f7c817e40 nmethod 3676 0x0000020f716e8d90 code [0x0000020f716e8f60, 0x0000020f716e9378]
Event: 27.531 Thread 0x0000020f7c817e40 3677       1       java.util.ComparableTimSort::gallopLeft (327 bytes)

GC Heap History (20 events):
Event: 9.318 GC heap before
{Heap before GC invocations=2 (full 0):
 garbage-first heap   total 131072K, used 32105K [0x0000000081400000, 0x0000000100000000)
  region size 1024K, 26 young (26624K), 3 survivors (3072K)
 Metaspace       used 21299K, committed 21504K, reserved 1073152K
  class space    used 2572K, committed 2688K, reserved 1048576K
}
Event: 9.325 GC heap after
{Heap after GC invocations=3 (full 0):
 garbage-first heap   total 131072K, used 11814K [0x0000000081400000, 0x0000000100000000)
  region size 1024K, 4 young (4096K), 4 survivors (4096K)
 Metaspace       used 21299K, committed 21504K, reserved 1073152K
  class space    used 2572K, committed 2688K, reserved 1048576K
}
Event: 12.149 GC heap before
{Heap before GC invocations=4 (full 0):
 garbage-first heap   total 55296K, used 39462K [0x0000000081400000, 0x0000000100000000)
  region size 1024K, 32 young (32768K), 4 survivors (4096K)
 Metaspace       used 25808K, committed 26112K, reserved 1073152K
  class space    used 3163K, committed 3328K, reserved 1048576K
}
Event: 12.161 GC heap after
{Heap after GC invocations=5 (full 0):
 garbage-first heap   total 55296K, used 13417K [0x0000000081400000, 0x0000000100000000)
  region size 1024K, 5 young (5120K), 5 survivors (5120K)
 Metaspace       used 25808K, committed 26112K, reserved 1073152K
  class space    used 3163K, committed 3328K, reserved 1048576K
}
Event: 15.218 GC heap before
{Heap before GC invocations=6 (full 0):
 garbage-first heap   total 51200K, used 34921K [0x0000000081400000, 0x0000000100000000)
  region size 1024K, 27 young (27648K), 5 survivors (5120K)
 Metaspace       used 29444K, committed 29760K, reserved 1081344K
  class space    used 3683K, committed 3840K, reserved 1048576K
}
Event: 15.238 GC heap after
{Heap after GC invocations=7 (full 0):
 garbage-first heap   total 51200K, used 15915K [0x0000000081400000, 0x0000000100000000)
  region size 1024K, 4 young (4096K), 4 survivors (4096K)
 Metaspace       used 29444K, committed 29760K, reserved 1081344K
  class space    used 3683K, committed 3840K, reserved 1048576K
}
Event: 18.831 GC heap before
{Heap before GC invocations=7 (full 0):
 garbage-first heap   total 51200K, used 33323K [0x0000000081400000, 0x0000000100000000)
  region size 1024K, 22 young (22528K), 4 survivors (4096K)
 Metaspace       used 32916K, committed 33152K, reserved 1081344K
  class space    used 4187K, committed 4288K, reserved 1048576K
}
Event: 18.839 GC heap after
{Heap after GC invocations=8 (full 0):
 garbage-first heap   total 51200K, used 17654K [0x0000000081400000, 0x0000000100000000)
  region size 1024K, 2 young (2048K), 2 survivors (2048K)
 Metaspace       used 32916K, committed 33152K, reserved 1081344K
  class space    used 4187K, committed 4288K, reserved 1048576K
}
Event: 24.606 GC heap before
{Heap before GC invocations=8 (full 0):
 garbage-first heap   total 51200K, used 35062K [0x0000000081400000, 0x0000000100000000)
  region size 1024K, 20 young (20480K), 2 survivors (2048K)
 Metaspace       used 35916K, committed 36224K, reserved 1081344K
  class space    used 4644K, committed 4800K, reserved 1048576K
}
Event: 24.612 GC heap after
{Heap after GC invocations=9 (full 0):
 garbage-first heap   total 51200K, used 19469K [0x0000000081400000, 0x0000000100000000)
  region size 1024K, 3 young (3072K), 3 survivors (3072K)
 Metaspace       used 35916K, committed 36224K, reserved 1081344K
  class space    used 4644K, committed 4800K, reserved 1048576K
}
Event: 26.646 GC heap before
{Heap before GC invocations=9 (full 0):
 garbage-first heap   total 51200K, used 35853K [0x0000000081400000, 0x0000000100000000)
  region size 1024K, 20 young (20480K), 3 survivors (3072K)
 Metaspace       used 36540K, committed 36928K, reserved 1081344K
  class space    used 4688K, committed 4864K, reserved 1048576K
}
Event: 26.651 GC heap after
{Heap after GC invocations=10 (full 0):
 garbage-first heap   total 51200K, used 23471K [0x0000000081400000, 0x0000000100000000)
  region size 1024K, 3 young (3072K), 3 survivors (3072K)
 Metaspace       used 36540K, committed 36928K, reserved 1081344K
  class space    used 4688K, committed 4864K, reserved 1048576K
}
Event: 26.789 GC heap before
{Heap before GC invocations=10 (full 0):
 garbage-first heap   total 51200K, used 36783K [0x0000000081400000, 0x0000000100000000)
  region size 1024K, 17 young (17408K), 3 survivors (3072K)
 Metaspace       used 36831K, committed 37120K, reserved 1081344K
  class space    used 4725K, committed 4864K, reserved 1048576K
}
Event: 26.793 GC heap after
{Heap after GC invocations=11 (full 0):
 garbage-first heap   total 51200K, used 26752K [0x0000000081400000, 0x0000000100000000)
  region size 1024K, 3 young (3072K), 3 survivors (3072K)
 Metaspace       used 36831K, committed 37120K, reserved 1081344K
  class space    used 4725K, committed 4864K, reserved 1048576K
}
Event: 26.898 GC heap before
{Heap before GC invocations=11 (full 0):
 garbage-first heap   total 51200K, used 36992K [0x0000000081400000, 0x0000000100000000)
  region size 1024K, 14 young (14336K), 3 survivors (3072K)
 Metaspace       used 37070K, committed 37376K, reserved 1081344K
  class space    used 4746K, committed 4864K, reserved 1048576K
}
Event: 26.902 GC heap after
{Heap after GC invocations=12 (full 0):
 garbage-first heap   total 61440K, used 29001K [0x0000000081400000, 0x0000000100000000)
  region size 1024K, 2 young (2048K), 2 survivors (2048K)
 Metaspace       used 37070K, committed 37376K, reserved 1081344K
  class space    used 4746K, committed 4864K, reserved 1048576K
}
Event: 27.214 GC heap before
{Heap before GC invocations=13 (full 0):
 garbage-first heap   total 61440K, used 43337K [0x0000000081400000, 0x0000000100000000)
  region size 1024K, 17 young (17408K), 2 survivors (2048K)
 Metaspace       used 37403K, committed 37696K, reserved 1081344K
  class space    used 4782K, committed 4928K, reserved 1048576K
}
Event: 27.218 GC heap after
{Heap after GC invocations=14 (full 0):
 garbage-first heap   total 61440K, used 31961K [0x0000000081400000, 0x0000000100000000)
  region size 1024K, 3 young (3072K), 3 survivors (3072K)
 Metaspace       used 37403K, committed 37696K, reserved 1081344K
  class space    used 4782K, committed 4928K, reserved 1048576K
}
Event: 27.483 GC heap before
{Heap before GC invocations=14 (full 0):
 garbage-first heap   total 61440K, used 45273K [0x0000000081400000, 0x0000000100000000)
  region size 1024K, 16 young (16384K), 3 survivors (3072K)
 Metaspace       used 37685K, committed 38016K, reserved 1089536K
  class space    used 4789K, committed 4928K, reserved 1048576K
}
Event: 27.489 GC heap after
{Heap after GC invocations=15 (full 0):
 garbage-first heap   total 61440K, used 33949K [0x0000000081400000, 0x0000000100000000)
  region size 1024K, 2 young (2048K), 2 survivors (2048K)
 Metaspace       used 37685K, committed 38016K, reserved 1089536K
  class space    used 4789K, committed 4928K, reserved 1048576K
}

Dll operation events (8 events):
Event: 0.015 Loaded shared library c:\Users\HP\.vscode\extensions\redhat.java-1.13.0-win32-x64\jre\17.0.5-win32-x86_64\bin\java.dll
Event: 1.760 Loaded shared library C:\Users\HP\.vscode\extensions\redhat.java-1.13.0-win32-x64\jre\17.0.5-win32-x86_64\bin\net.dll
Event: 1.764 Loaded shared library C:\Users\HP\.vscode\extensions\redhat.java-1.13.0-win32-x64\jre\17.0.5-win32-x86_64\bin\nio.dll
Event: 1.781 Loaded shared library C:\Users\HP\.vscode\extensions\redhat.java-1.13.0-win32-x64\jre\17.0.5-win32-x86_64\bin\zip.dll
Event: 2.532 Loaded shared library c:\Users\HP\.vscode\extensions\redhat.java-1.13.0-win32-x64\jre\17.0.5-win32-x86_64\bin\verify.dll
Event: 2.557 Loaded shared library C:\Users\HP\.vscode\extensions\redhat.java-1.13.0-win32-x64\jre\17.0.5-win32-x86_64\bin\jimage.dll
Event: 8.378 Loaded shared library C:\Users\HP\.vscode\extensions\redhat.java-1.13.0-win32-x64\jre\17.0.5-win32-x86_64\bin\management.dll
Event: 8.385 Loaded shared library C:\Users\HP\.vscode\extensions\redhat.java-1.13.0-win32-x64\jre\17.0.5-win32-x86_64\bin\management_ext.dll

Deoptimization events (12 events):
Event: 9.431 Thread 0x0000020f6e92c270 DEOPT PACKING pc=0x0000020f71b1cd99 sp=0x000000e9981fd040
Event: 9.431 Thread 0x0000020f6e92c270 DEOPT UNPACKING pc=0x0000020f71602b43 sp=0x000000e9981fc520 mode 3
Event: 16.417 Thread 0x0000020f6e92c270 DEOPT PACKING pc=0x0000020f71804919 sp=0x000000e9981fc420
Event: 16.417 Thread 0x0000020f6e92c270 DEOPT UNPACKING pc=0x0000020f71602b43 sp=0x000000e9981fb900 mode 3
Event: 22.332 Thread 0x0000020f7dda0430 DEOPT PACKING pc=0x0000020f71cc0235 sp=0x000000e99a2fd170
Event: 22.332 Thread 0x0000020f7dda0430 DEOPT UNPACKING pc=0x0000020f71602b43 sp=0x000000e99a2fc698 mode 3
Event: 23.507 Thread 0x0000020f7da985a0 DEOPT PACKING pc=0x0000020f71b1aa01 sp=0x000000e99a1fd9b0
Event: 23.507 Thread 0x0000020f7da985a0 DEOPT UNPACKING pc=0x0000020f71602b43 sp=0x000000e99a1fce40 mode 3
Event: 24.109 Thread 0x0000020f7d9c9230 DEOPT PACKING pc=0x0000020f717b7eab sp=0x000000e99a6fe760
Event: 24.114 Thread 0x0000020f7d9c9230 DEOPT UNPACKING pc=0x0000020f71602b43 sp=0x000000e99a6fdca8 mode 3
Event: 26.943 Thread 0x0000020f7de4fdc0 DEOPT PACKING pc=0x0000020f71b15f97 sp=0x000000e99b5ff300
Event: 26.943 Thread 0x0000020f7de4fdc0 DEOPT UNPACKING pc=0x0000020f71602b43 sp=0x000000e99b5fe758 mode 3

Classes unloaded (0 events):
No events

Classes redefined (0 events):
No events

Internal exceptions (20 events):
Event: 24.691 Thread 0x0000020f7d9c7080 Exception <a 'sun/nio/fs/WindowsException'{0x0000000087711218}> (0x0000000087711218) 
thrown [s\src\hotspot\share\prims\jni.cpp, line 516]
Event: 24.691 Thread 0x0000020f7d9c7080 Exception <a 'sun/nio/fs/WindowsException'{0x00000000877115d8}> (0x00000000877115d8) 
thrown [s\src\hotspot\share\prims\jni.cpp, line 516]
Event: 24.691 Thread 0x0000020f7d9c7080 Exception <a 'sun/nio/fs/WindowsException'{0x0000000087712010}> (0x0000000087712010) 
thrown [s\src\hotspot\share\prims\jni.cpp, line 516]
Event: 24.691 Thread 0x0000020f7d9c7080 Exception <a 'sun/nio/fs/WindowsException'{0x0000000087712400}> (0x0000000087712400) 
thrown [s\src\hotspot\share\prims\jni.cpp, line 516]
Event: 24.691 Thread 0x0000020f7d9c7080 Exception <a 'sun/nio/fs/WindowsException'{0x0000000087712e10}> (0x0000000087712e10) 
thrown [s\src\hotspot\share\prims\jni.cpp, line 516]
Event: 24.692 Thread 0x0000020f7d9c7080 Exception <a 'sun/nio/fs/WindowsException'{0x00000000877131d0}> (0x00000000877131d0) 
thrown [s\src\hotspot\share\prims\jni.cpp, line 516]
Event: 24.692 Thread 0x0000020f7d9c7080 Exception <a 'sun/nio/fs/WindowsException'{0x0000000087735a50}> (0x0000000087735a50) 
thrown [s\src\hotspot\share\prims\jni.cpp, line 516]
Event: 24.692 Thread 0x0000020f7d9c7080 Exception <a 'sun/nio/fs/WindowsException'{0x0000000087735de0}> (0x0000000087735de0) 
thrown [s\src\hotspot\share\prims\jni.cpp, line 516]
Event: 24.692 Thread 0x0000020f7d9c7080 Exception <a 'sun/nio/fs/WindowsException'{0x00000000877367d8}> (0x00000000877367d8) 
thrown [s\src\hotspot\share\prims\jni.cpp, line 516]
Event: 24.692 Thread 0x0000020f7d9c7080 Exception <a 'sun/nio/fs/WindowsException'{0x0000000087736b88}> (0x0000000087736b88) 
thrown [s\src\hotspot\share\prims\jni.cpp, line 516]
Event: 24.692 Thread 0x0000020f7d9c7080 Exception <a 'sun/nio/fs/WindowsException'{0x0000000087737570}> (0x0000000087737570) 
thrown [s\src\hotspot\share\prims\jni.cpp, line 516]
Event: 24.692 Thread 0x0000020f7d9c7080 Exception <a 'sun/nio/fs/WindowsException'{0x0000000087737900}> (0x0000000087737900) 
thrown [s\src\hotspot\share\prims\jni.cpp, line 516]
Event: 24.692 Thread 0x0000020f7d9c7080 Exception <a 'sun/nio/fs/WindowsException'{0x00000000877382f8}> (0x00000000877382f8) 
thrown [s\src\hotspot\share\prims\jni.cpp, line 516]
Event: 24.692 Thread 0x0000020f7d9c7080 Exception <a 'sun/nio/fs/WindowsException'{0x00000000877386a8}> (0x00000000877386a8) 
thrown [s\src\hotspot\share\prims\jni.cpp, line 516]
Event: 24.693 Thread 0x0000020f7d9c7080 Exception <a 'sun/nio/fs/WindowsException'{0x00000000877390b8}> (0x00000000877390b8) 
thrown [s\src\hotspot\share\prims\jni.cpp, line 516]
Event: 24.693 Thread 0x0000020f7d9c7080 Exception <a 'sun/nio/fs/WindowsException'{0x0000000087739478}> (0x0000000087739478) 
thrown [s\src\hotspot\share\prims\jni.cpp, line 516]
Event: 24.693 Thread 0x0000020f7d9c7080 Exception <a 'sun/nio/fs/WindowsException'{0x0000000087739ea0}> (0x0000000087739ea0) 
thrown [s\src\hotspot\share\prims\jni.cpp, line 516]
Event: 24.693 Thread 0x0000020f7d9c7080 Exception <a 'sun/nio/fs/WindowsException'{0x000000008773a280}> (0x000000008773a280) 
thrown [s\src\hotspot\share\prims\jni.cpp, line 516]
Event: 24.693 Thread 0x0000020f7d9c7080 Exception <a 'sun/nio/fs/WindowsException'{0x000000008773aca0}> (0x000000008773aca0) 
thrown [s\src\hotspot\share\prims\jni.cpp, line 516]
Event: 24.693 Thread 0x0000020f7d9c7080 Exception <a 'sun/nio/fs/WindowsException'{0x000000008773b080}> (0x000000008773b080) 
thrown [s\src\hotspot\share\prims\jni.cpp, line 516]

VM Operations (20 events):
Event: 23.459 Executing VM operation: Cleanup done
Event: 24.456 Executing VM operation: G1CollectForAllocation
Event: 24.645 Executing VM operation: G1CollectForAllocation done
Event: 25.143 Executing VM operation: G1CollectForAllocation
Event: 26.652 Executing VM operation: G1CollectForAllocation done
Event: 26.764 Executing VM operation: G1CollectForAllocation
Event: 26.795 Executing VM operation: G1CollectForAllocation done
Event: 26.837 Executing VM operation: G1CollectForAllocation
Event: 26.907 Executing VM operation: G1CollectForAllocation done
Event: 26.943 Executing VM operation: G1Concurrent
Event: 27.059 Executing VM operation: G1Concurrent done
Event: 27.069 Executing VM operation: HandshakeAllThreads
Event: 27.072 Executing VM operation: HandshakeAllThreads done
Event: 27.073 Executing VM operation: G1Concurrent
Event: 27.076 Executing VM operation: G1Concurrent done
Event: 27.185 Executing VM operation: G1CollectForAllocation
Event: 27.219 Executing VM operation: G1CollectForAllocation done
Event: 27.480 Executing VM operation: G1CollectForAllocation
Event: 27.489 Executing VM operation: G1CollectForAllocation done
Event: 27.531 Executing VM operation: G1Concurrent

Events (20 events):
Event: 27.066 loading class java/util/stream/Collectors$1PairBox
Event: 27.066 loading class java/util/stream/Collectors$1PairBox done
Event: 27.066 loading class jdk/internal/module/SystemModuleFinders$ModuleContentSpliterator
Event: 27.066 loading class jdk/internal/module/SystemModuleFinders$ModuleContentSpliterator done
Event: 27.067 loading class jdk/internal/jimage/ImageReader$Directory
Event: 27.067 loading class jdk/internal/jimage/ImageReader$Node
Event: 27.067 loading class jdk/internal/jimage/ImageReader$Node done
Event: 27.067 loading class jdk/internal/jimage/ImageReader$Directory done
Event: 27.067 loading class jdk/internal/jimage/ImageReader$SharedImageReader$LocationVisitor
Event: 27.067 loading class jdk/internal/jimage/ImageReader$SharedImageReader$LocationVisitor done
Event: 27.068 loading class java/nio/ByteBufferAsIntBufferL
Event: 27.068 loading class java/nio/ByteBufferAsIntBufferL done
Event: 27.076 loading class jdk/internal/jimage/ImageReader$Resource
Event: 27.076 loading class jdk/internal/jimage/ImageReader$Resource done
Event: 27.076 loading class java/util/stream/LongStream
Event: 27.077 loading class java/util/stream/LongStream done
Event: 27.077 loading class java/util/stream/DoubleStream
Event: 27.077 loading class java/util/concurrent/locks/AbstractQueuedSynchronizer$SharedNode
Event: 27.077 loading class java/util/concurrent/locks/AbstractQueuedSynchronizer$SharedNode done
Event: 27.077 loading class java/util/stream/DoubleStream done


Dynamic libraries:
0x00007ff75e5c0000 - 0x00007ff75e5ce000 	c:\Users\HP\.vscode\extensions\redhat.java-1.13.0-win32-x64\jre\17.0.5-win32-x86_64\bin\java.exe
0x00007ffae9ad0000 - 0x00007ffae9cc8000 	C:\Windows\SYSTEM32\ntdll.dll
0x00007ffae9540000 - 0x00007ffae95ff000 	C:\Windows\System32\KERNEL32.DLL
0x00007ffae7390000 - 0x00007ffae7662000 	C:\Windows\System32\KERNELBASE.dll
0x00007ffae79c0000 - 0x00007ffae7ac0000 	C:\Windows\System32\ucrtbase.dll
0x00007ffac8150000 - 0x00007ffac8167000 	c:\Users\HP\.vscode\extensions\redhat.java-1.13.0-win32-x64\jre\17.0.5-win32-x86_64\bin\jli.dll
0x00007ffae9600000 - 0x00007ffae97a1000 	C:\Windows\System32\USER32.dll
0x00007ffae72d0000 - 0x00007ffae72f2000 	C:\Windows\System32\win32u.dll
0x00007ffae97b0000 - 0x00007ffae97db000 	C:\Windows\System32\GDI32.dll
0x00007ffae71c0000 - 0x00007ffae72cf000 	C:\Windows\System32\gdi32full.dll
0x00007ffae7710000 - 0x00007ffae77ad000 	C:\Windows\System32\msvcp_win.dll
0x00007ffac7b20000 - 0x00007ffac7b39000 	c:\Users\HP\.vscode\extensions\redhat.java-1.13.0-win32-x64\jre\17.0.5-win32-x86_64\bin\VCRUNTIME140.dll
0x00007ffad1520000 - 0x00007ffad17ba000 	C:\Windows\WinSxS\amd64_microsoft.windows.common-controls_6595b64144ccf1df_6.0.19041.1110_none_60b5254171f9507e\COMCTL32.dll
0x00007ffae80d0000 - 0x00007ffae816e000 	C:\Windows\System32\msvcrt.dll
0x00007ffae93e0000 - 0x00007ffae9412000 	C:\Windows\System32\IMM32.DLL
0x00007fface260000 - 0x00007fface26c000 	c:\Users\HP\.vscode\extensions\redhat.java-1.13.0-win32-x64\jre\17.0.5-win32-x86_64\bin\vcruntime140_1.dll
0x00007ffabde90000 - 0x00007ffabdf21000 	c:\Users\HP\.vscode\extensions\redhat.java-1.13.0-win32-x64\jre\17.0.5-win32-x86_64\bin\msvcp140.dll
0x00007ffa9ce20000 - 0x00007ffa9da64000 	c:\Users\HP\.vscode\extensions\redhat.java-1.13.0-win32-x64\jre\17.0.5-win32-x86_64\bin\server\jvm.dll
0x00007ffae87b0000 - 0x00007ffae885e000 	C:\Windows\System32\ADVAPI32.dll
0x00007ffae8860000 - 0x00007ffae88fc000 	C:\Windows\System32\sechost.dll
0x00007ffae97e0000 - 0x00007ffae9905000 	C:\Windows\System32\RPCRT4.dll
0x00007ffacf0d0000 - 0x00007ffacf0f7000 	C:\Windows\SYSTEM32\WINMM.dll
0x00007ffae0830000 - 0x00007ffae083a000 	C:\Windows\SYSTEM32\VERSION.dll
0x00007ffae19e0000 - 0x00007ffae19e9000 	C:\Windows\SYSTEM32\WSOCK32.dll
0x00007ffae8900000 - 0x00007ffae896b000 	C:\Windows\System32\WS2_32.dll
0x00007ffae59d0000 - 0x00007ffae59e2000 	C:\Windows\SYSTEM32\kernel.appcore.dll
0x00007fface200000 - 0x00007fface20a000 	c:\Users\HP\.vscode\extensions\redhat.java-1.13.0-win32-x64\jre\17.0.5-win32-x86_64\bin\jimage.dll
0x00007ffae4df0000 - 0x00007ffae4fd4000 	C:\Windows\SYSTEM32\DBGHELP.DLL
0x00007ffacf840000 - 0x00007ffacf875000 	C:\Windows\SYSTEM32\dbgcore.DLL
0x00007ffae7300000 - 0x00007ffae7382000 	C:\Windows\System32\bcryptPrimitives.dll
0x00007ffabe490000 - 0x00007ffabe4b5000 	c:\Users\HP\.vscode\extensions\redhat.java-1.13.0-win32-x64\jre\17.0.5-win32-x86_64\bin\java.dll
0x00007ffabe090000 - 0x00007ffabe0a8000 	c:\Users\HP\.vscode\extensions\redhat.java-1.13.0-win32-x64\jre\17.0.5-win32-x86_64\bin\zip.dll
0x00007ffae8b20000 - 0x00007ffae9264000 	C:\Windows\System32\SHELL32.dll
0x00007ffae5220000 - 0x00007ffae59b2000 	C:\Windows\SYSTEM32\windows.storage.dll
0x00007ffae7d70000 - 0x00007ffae80c5000 	C:\Windows\System32\combase.dll
0x00007ffae6b40000 - 0x00007ffae6b70000 	C:\Windows\SYSTEM32\Wldp.dll
0x00007ffae8700000 - 0x00007ffae87ad000 	C:\Windows\System32\SHCORE.dll
0x00007ffae92f0000 - 0x00007ffae9345000 	C:\Windows\System32\shlwapi.dll
0x00007ffae7100000 - 0x00007ffae711f000 	C:\Windows\SYSTEM32\profapi.dll
0x00007ffabde00000 - 0x00007ffabde19000 	C:\Users\HP\.vscode\extensions\redhat.java-1.13.0-win32-x64\jre\17.0.5-win32-x86_64\bin\net.dll
0x00007ffade3e0000 - 0x00007ffade4ec000 	C:\Windows\SYSTEM32\WINHTTP.dll
0x00007ffae6920000 - 0x00007ffae698a000 	C:\Windows\system32\mswsock.dll
0x00007ffabdd30000 - 0x00007ffabdd45000 	C:\Users\HP\.vscode\extensions\redhat.java-1.13.0-win32-x64\jre\17.0.5-win32-x86_64\bin\nio.dll
0x00007ffacc5e0000 - 0x00007ffacc5f0000 	c:\Users\HP\.vscode\extensions\redhat.java-1.13.0-win32-x64\jre\17.0.5-win32-x86_64\bin\verify.dll
0x00007ffacc790000 - 0x00007ffacc799000 	C:\Users\HP\.vscode\extensions\redhat.java-1.13.0-win32-x64\jre\17.0.5-win32-x86_64\bin\management.dll
0x00007ffac9ec0000 - 0x00007ffac9ecb000 	C:\Users\HP\.vscode\extensions\redhat.java-1.13.0-win32-x64\jre\17.0.5-win32-x86_64\bin\management_ext.dll
0x00007ffae93d0000 - 0x00007ffae93d8000 	C:\Windows\System32\PSAPI.DLL
0x00007ffac0150000 - 0x00007ffac0167000 	C:\Windows\system32\napinsp.dll
0x00007ffac0130000 - 0x00007ffac014b000 	C:\Windows\system32\pnrpnsp.dll
0x00007ffae1f60000 - 0x00007ffae1f75000 	C:\Windows\system32\wshbth.dll
0x00007ffae4150000 - 0x00007ffae416d000 	C:\Windows\system32\NLAapi.dll
0x00007ffae65e0000 - 0x00007ffae661b000 	C:\Windows\SYSTEM32\IPHLPAPI.DLL
0x00007ffae6620000 - 0x00007ffae66ea000 	C:\Windows\SYSTEM32\DNSAPI.dll
0x00007ffae99f0000 - 0x00007ffae99f8000 	C:\Windows\System32\NSI.dll
0x00007ffac0110000 - 0x00007ffac0122000 	C:\Windows\System32\winrnr.dll
0x00007ffade880000 - 0x00007ffade88a000 	C:\Windows\System32\rasadhlp.dll
0x00007ffadb950000 - 0x00007ffadb9d0000 	C:\Windows\System32\fwpuclnt.dll
0x00007ffae76e0000 - 0x00007ffae7707000 	C:\Windows\System32\bcrypt.dll
0x00007ffae6b80000 - 0x00007ffae6b98000 	C:\Windows\SYSTEM32\CRYPTSP.dll
0x00007ffae61f0000 - 0x00007ffae6224000 	C:\Windows\system32\rsaenh.dll
0x00007ffae70c0000 - 0x00007ffae70ee000 	C:\Windows\SYSTEM32\USERENV.dll
0x00007ffae6ab0000 - 0x00007ffae6abc000 	C:\Windows\SYSTEM32\CRYPTBASE.dll
0x00007ffadfff0000 - 0x00007ffae0007000 	C:\Windows\SYSTEM32\dhcpcsvc6.DLL
0x00007ffadfe30000 - 0x00007ffadfe4d000 	C:\Windows\SYSTEM32\dhcpcsvc.DLL

dbghelp: loaded successfully - version: 4.0.5 - missing functions: none
symbol engine: initialized successfully - sym options: 0x614 - pdb path: .;c:\Users\HP\.vscode\extensions\redhat.java-1.13.0-win32-x64\jre\17.0.5-win32-x86_64\bin;C:\Windows\SYSTEM32;C:\Windows\WinSxS\amd64_microsoft.windows.common-controls_6595b64144ccf1df_6.0.19041.1110_none_60b5254171f9507e;c:\Users\HP\.vscode\extensions\redhat.java-1.13.0-win32-x64\jre\17.0.5-win32-x86_64\bin\server

VM Arguments:
jvm_args: -Dsts.lsp.client=vscode -Dsts.log.file=/dev/null -XX:TieredStopAtLevel=1 -Xlog:jni+resolve=off -Dspring.config.location=file:c:\Users\HP\.vscode\extensions\pivotal.vscode-spring-boot-1.42.0\language-server\BOOT-INF\classes\application.properties 
java_command: org.springframework.ide.vscode.boot.app.BootLanguageServerBootApp
java_class_path (initial): c:\Users\HP\.vscode\extensions\pivotal.vscode-spring-boot-1.42.0\language-server\BOOT-INF\classes;c:\Users\HP\.vscode\extensions\pivotal.vscode-spring-boot-1.42.0\language-server\BOOT-INF\lib\annotations-23.1.0.jar;c:\Users\HP\.vscode\extensions\pivotal.vscode-spring-boot-1.42.0\language-server\BOOT-INF\lib\ant-1.10.12.jar;c:\Users\HP\.vscode\extensions\pivotal.vscode-spring-boot-1.42.0\language-server\BOOT-INF\lib\ant-launcher-1.10.12.jar;c:\Users\HP\.vscode\extensions\pivotal.vscode-spring-boot-1.42.0\language-server\BOOT-INF\lib\antlr-runtime-3.5.2.jar;c:\Users\HP\.vscode\extensions\pivotal.vscode-spring-boot-1.42.0\language-server\BOOT-INF\lib\antlr4-4.9.3.jar;c:\Users\HP\.vscode\extensions\pivotal.vscode-spring-boot-1.42.0\language-server\BOOT-INF\lib\antlr4-runtime-4.9.3.jar;c:\Users\HP\.vscode\extensions\pivotal.vscode-spring-boot-1.42.0\language-server\BOOT-INF\lib\apiguardian-api-1.1.2.jar;c:\Users\HP\.vscode\extensions\pivotal.vscode-spring-boot-1.42.0\language-server\BOOT-INF\lib\asm-9.4.jar;c:\Users\HP\.vscode\extensions\pivotal.vscode-spring-boot-1.42.0\language-server\BOOT-INF\lib\asm-analysis-9.4.jar;c:\Users\HP\.vscode\extensions\pivotal.vscode-spring-boot-1.42.0\language-server\BOOT-INF\lib\asm-tree-9.4.jar;c:\Users\HP\.vscode\extensions\pivotal.vscode-spring-boot-1.42.0\language-server\BOOT-INF\lib\asm-util-9.4.jar;c:\Users\HP\.vscode\extensions\pivotal.vscode-spring-boot-1.42.0\language-server\BOOT-INF\lib\caffeine-2.9.3.jar;c:\Users\HP\.vscode\extensions\pivotal.vscode-spring-boot-1.42.0\language-server\BOOT-INF\lib\checker-qual-3.12.0.jar;c:\Users\HP\.vscode\extensions\pivotal.vscode-spring-boot-1.42.0\language-server\BOOT-INF\lib\ci-environment-9.1.0.jar;c:\Users\HP\.vscode\extensions\pivotal.vscode-spring-boot-1.42.0\language-server\BOOT-INF\lib\classgraph-4.8.149.jar;c:\Users\HP\.vscode\extensions\pivotal.vscode-spring-boot-1.42.0\language-server\BOOT-INF\lib\commons-codec-1.15.jar;c:\Users\HP\.vscode\extensions\p
Launcher Type: SUN_STANDARD

[Global flags]
     intx CICompilerCount                          = 4                                         {product} {ergonomic}
     uint ConcGCThreads                            = 2                                         {product} {ergonomic}
     uint G1ConcRefinementThreads                  = 8                                         {product} {ergonomic}
   size_t G1HeapRegionSize                         = 1048576                                   {product} {ergonomic}
    uintx GCDrainStackTargetSize                   = 64                                        {product} {ergonomic}
   size_t InitialHeapSize                          = 134217728                                 {product} {ergonomic}
   size_t MarkStackSize                            = 4194304                                   {product} {ergonomic}
   size_t MaxHeapSize                              = 2126512128                                {product} {ergonomic}
   size_t MaxNewSize                               = 1275068416                                {product} {ergonomic}
   size_t MinHeapDeltaBytes                        = 1048576                                   {product} {ergonomic}
   size_t MinHeapSize                              = 8388608                                   {product} {ergonomic}
    uintx NonProfiledCodeHeapSize                  = 0                                      {pd product} {ergonomic}
     bool ProfileInterpreter                       = false                                  {pd product} {command line}
    uintx ProfiledCodeHeapSize                     = 0                                      {pd product} {ergonomic}
   size_t SoftMaxHeapSize                          = 2126512128                             {manageable} {ergonomic}
     intx TieredStopAtLevel                        = 1                                         {product} {command line}
     bool UseCompressedClassPointers               = true                           {product lp64_product} {ergonomic}
     bool UseCompressedOops                        = true                           {product lp64_product} {ergonomic}
     bool UseG1GC                                  = true                                      {product} {ergonomic}
     bool UseLargePagesIndividualAllocation        = false                                  {pd product} {ergonomic}

Logging:
Log output configuration:
 #0: stdout all=warning,jni+resolve=off uptime,level,tags
 #1: stderr all=off uptime,level,tags

Environment Variables:
PATH=C:\Users\HP\bin;C:\Program Files\Git\mingw64\bin;C:\Program Files\Git\usr\local\bin;C:\Program Files\Git\usr\bin;C:\Program Files\Git\usr\bin;C:\Program Files\Git\mingw64\bin;C:\Program Files\Git\usr\bin;C:\Users\HP\bin;C:\Program Files (x86)\Microsoft SDKs\Azure\CLI2\wbin;C:\Windows\system32;C:\Windows;C:\Windows\System32\Wbem;C:\Windows\System32\WindowsPowerShell\v1.0;C:\Windows\System32\OpenSSH;C:\Program Files\Java\jdk-11.0.13\bin;C:\Program Files\Git\cmd;C:\Users\HP\flutter\bin;C:\Users\HP\AppData\Local\Pub\Cache\bin;C:\Program Files\nodejs;C:\Program Files\GitHub CLI;C:\apache2\apache-maven-3.8.4\bin;C:\Program Files\PuTTY;C:\Program Files\Docker\Docker\resources\bin;C:\ProgramData\DockerDesktop\version-bin;C:\Program Files (x86)\Vim\vim90;C:\Program Files\Terraform;C:\Users\HP\AppData\Local\Programs\Python\Python310\Scripts;C:\Users\HP\AppData\Local\Programs\Python\Python310;C:\Program Files\MySQL\MySQL Shell 8.0\bin;C:\Users\HP\AppData\Local\Microsoft\WindowsApps;C:\Users\HP\AppData\Local\Programs\Microsoft VS Code\bin;C:\Users\HP\AppData\Roaming\npm;C:\MinGW\bin;C:\Users\HP\AppData\Local\GitHubDesktop\bin;C:\Program Files\Git\usr\bin\vendor_perl;C:\Program Files\Git\usr\bin\core_perl
USERNAME=HP
SHELL=C:\Program Files\Git\usr\bin\bash.exe
DISPLAY=needs-to-be-defined
LC_CTYPE=en_US.UTF-8
TERM=xterm
TMPDIR=C:\Users\HP\AppData\Local\Temp
OS=Windows_NT
PROCESSOR_IDENTIFIER=Intel64 Family 6 Model 142 Stepping 10, GenuineIntel
TMP=C:\Users\HP\AppData\Local\Temp
TEMP=C:\Users\HP\AppData\Local\Temp



---------------  S Y S T E M  ---------------

OS:
 Windows 10 , 64 bit Build 19041 (10.0.19041.2364)
OS uptime: 3 days 3:17 hours
Hyper-V role detected

CPU: total 8 (initial active 8) (4 cores per cpu, 2 threads per core) family 6 model 142 stepping 10 microcode 0xb4, cx8, cmov, fxsr, ht, mmx, 3dnowpref, sse, sse2, sse3, ssse3, sse4.1, sse4.2, popcnt, lzcnt, tsc, tscinvbit, avx, avx2, aes, erms, clmul, bmi1, bmi2, adx, fma, vzeroupper, clflush, clflushopt, hv

Memory: 4k page, system-wide physical 8107M (4M free)
TotalPageFile size 23373M (AvailPageFile size 5M)
current process WorkingSet (physical memory assigned to process): 154M, peak: 154M
current process commit charge ("private bytes"): 192M, peak: 233M

vm_info: OpenJDK 64-Bit Server VM (17.0.5+8) for windows-amd64 JRE (17.0.5+8), built on Oct 19 2022 04:48:13 by "temurin" with MS VC++ 16.7 (VS2019)

END.
