#
# There is insufficient memory for the Java Runtime Environment to continue.
# Native memory allocation (mmap) failed to map 214958080 bytes for G1 virtual space
# Possible reasons:
#   The system is out of physical RAM or swap space
#   The process is running with CompressedOops enabled, and the Java Heap may be blocking the growth of the native heap
# Possible solutions:
#   Reduce memory load on the system
#   Increase physical memory or swap space
#   Check if swap backing store is full
#   Decrease Java heap size (-Xmx/-Xms)
#   Decrease number of Java threads
#   Decrease Java thread stack sizes (-Xss)
#   Set larger code cache with -XX:ReservedCodeCacheSize=
#   JVM is running with Unscaled Compressed Oops mode in which the Java heap is
#     placed in the first 4GB address space. The Java Heap base address is the
#     maximum limit for the native heap growth. Please use -XX:HeapBaseMinAddress
#     to set the Java Heap base and to place the Java Heap above 4GB virtual address.
# This output file may be truncated or incomplete.
#
#  Out of Memory Error (os_windows.cpp:3548), pid=12156, tid=23988
#
# JRE version: OpenJDK Runtime Environment Temurin-17.0.5+8 (17.0.5+8) (build 17.0.5+8)
# Java VM: OpenJDK 64-Bit Server VM Temurin-17.0.5+8 (17.0.5+8, mixed mode, emulated-client, tiered, compressed oops, compressed class ptrs, g1 gc, windows-amd64)
# No core dump will be written. Minidumps are not enabled by default on client versions of Windows
#

---------------  S U M M A R Y ------------

Command Line: -Dsts.lsp.client=vscode -Dsts.log.file=/dev/null -XX:TieredStopAtLevel=1 -Xlog:jni+resolve=off -Dspring.config.location=file:c:\Users\HP\.vscode\extensions\pivotal.vscode-spring-boot-1.42.0\language-server\BOOT-INF\classes\application.properties org.springframework.ide.vscode.boot.app.BootLanguageServerBootApp

Host: Intel(R) Core(TM) i5-8250U CPU @ 1.60GHz, 8 cores, 7G,  Windows 10 , 64 bit Build 19041 (10.0.19041.2364)
Time: Mon Dec 19 12:55:46 2022 Romance Standard Time elapsed time: 20.534571 seconds (0d 0h 0m 20s)

---------------  T H R E A D  ---------------

Current thread (0x0000021d09129320):  VMThread "VM Thread" [stack: 0x000000b42b600000,0x000000b42b700000] [id=23988]

Stack: [0x000000b42b600000,0x000000b42b700000]
Native frames: (J=compiled Java code, j=interpreted, Vv=VM code, C=native code)
V  [jvm.dll+0x676b3a]
V  [jvm.dll+0x831444]
V  [jvm.dll+0x832bee]
V  [jvm.dll+0x833253]
V  [jvm.dll+0x244ce5]
V  [jvm.dll+0x673a49]
V  [jvm.dll+0x66811a]
V  [jvm.dll+0x303ceb]
V  [jvm.dll+0x30b1e6]
V  [jvm.dll+0x35adbe]
V  [jvm.dll+0x35afef]
V  [jvm.dll+0x2dab88]
V  [jvm.dll+0x2d8e3c]
V  [jvm.dll+0x2d840c]
V  [jvm.dll+0x31c31b]
V  [jvm.dll+0x8376fb]
V  [jvm.dll+0x838434]
V  [jvm.dll+0x83894c]
V  [jvm.dll+0x838d24]
V  [jvm.dll+0x838df0]
V  [jvm.dll+0x7e17ea]
V  [jvm.dll+0x6759e5]
C  [ucrtbase.dll+0x21bb2]
C  [KERNEL32.DLL+0x17614]
C  [ntdll.dll+0x526a1]

VM_Operation (0x000000b42defe960): G1CollectForAllocation, mode: safepoint, requested by thread 0x0000021d0b42c6d0


---------------  P R O C E S S  ---------------

Threads class SMR info:
_java_thread_list=0x0000021d0b453190, length=42, elements={
0x0000021d0913e730, 0x0000021d0913f0c0, 0x0000021d09157a90, 0x0000021d0915b380,
0x0000021d0915b850, 0x0000021d0915bd20, 0x0000021d0915c2a0, 0x0000021d09c3d800,
0x0000021d09e20800, 0x0000021d09e258d0, 0x0000021d79d0db10, 0x0000021d0a76c0d0,
0x0000021d0a7fe010, 0x0000021d0ae36030, 0x0000021d0b0e0870, 0x0000021d0b146950,
0x0000021d79d0cd50, 0x0000021d0b13c1c0, 0x0000021d0b183100, 0x0000021d0b186ba0,
0x0000021d0b1974f0, 0x0000021d0b1907e0, 0x0000021d0b191180, 0x0000021d0b18fe40,
0x0000021d0b191650, 0x0000021d0b190cb0, 0x0000021d0b190310, 0x0000021d0b429b80,
0x0000021d0b4296b0, 0x0000021d0b42a050, 0x0000021d0b42b390, 0x0000021d0b42c6d0,
0x0000021d0b428d10, 0x0000021d0b42fbc0, 0x0000021d0b42a520, 0x0000021d0b42cba0,
0x0000021d0b42bd30, 0x0000021d0b42c200, 0x0000021d0b430090, 0x0000021d0b42e3b0,
0x0000021d0b42f6f0, 0x0000021d0b42da10
}

Java Threads: ( => current thread )
  0x0000021d0913e730 JavaThread "Reference Handler" daemon [_thread_blocked, id=1092, stack(0x000000b42b700000,0x000000b42b800000)]
  0x0000021d0913f0c0 JavaThread "Finalizer" daemon [_thread_blocked, id=13984, stack(0x000000b42b800000,0x000000b42b900000)]
  0x0000021d09157a90 JavaThread "Signal Dispatcher" daemon [_thread_blocked, id=3480, stack(0x000000b42b900000,0x000000b42ba00000)]
  0x0000021d0915b380 JavaThread "Attach Listener" daemon [_thread_blocked, id=24204, stack(0x000000b42ba00000,0x000000b42bb00000)]
  0x0000021d0915b850 JavaThread "Service Thread" daemon [_thread_blocked, id=24624, stack(0x000000b42bb00000,0x000000b42bc00000)]
  0x0000021d0915bd20 JavaThread "Monitor Deflation Thread" daemon [_thread_blocked, id=23364, stack(0x000000b42bc00000,0x000000b42bd00000)]
  0x0000021d0915c2a0 JavaThread "C1 CompilerThread0" daemon [_thread_blocked, id=4472, stack(0x000000b42bd00000,0x000000b42be00000)]
  0x0000021d09c3d800 JavaThread "Sweeper thread" daemon [_thread_blocked, id=25092, stack(0x000000b42be00000,0x000000b42bf00000)]
  0x0000021d09e20800 JavaThread "Notification Thread" daemon [_thread_blocked, id=25516, stack(0x000000b42bf00000,0x000000b42c000000)]
  0x0000021d09e258d0 JavaThread "Common-Cleaner" daemon [_thread_blocked, id=22776, stack(0x000000b42c100000,0x000000b42c200000)]
  0x0000021d79d0db10 JavaThread "C1 CompilerThread1" daemon [_thread_blocked, id=24200, stack(0x000000b42c200000,0x000000b42c300000)]
  0x0000021d0a76c0d0 JavaThread "C1 CompilerThread2" daemon [_thread_blocked, id=25224, stack(0x000000b42c300000,0x000000b42c400000)]
  0x0000021d0a7fe010 JavaThread "C1 CompilerThread3" daemon [_thread_blocked, id=25004, stack(0x000000b42c400000,0x000000b42c500000)]
  0x0000021d0ae36030 JavaThread "boundedElastic-evictor-1" daemon [_thread_blocked, id=20792, stack(0x000000b42cc00000,0x000000b42cd00000)]
  0x0000021d0b0e0870 JavaThread "pool-11-thread-1" [_thread_blocked, id=23592, stack(0x000000b42ce00000,0x000000b42cf00000)]
  0x0000021d0b146950 JavaThread "LanguageServerApp-lifecycle" [_thread_blocked, id=12216, stack(0x000000b42cf00000,0x000000b42d000000)]
  0x0000021d79d0cd50 JavaThread "DestroyJavaVM" [_thread_blocked, id=22632, stack(0x000000b42b000000,0x000000b42b100000)]
  0x0000021d0b13c1c0 JavaThread "pool-12-thread-1" [_thread_in_native, id=23884, stack(0x000000b42d000000,0x000000b42d100000)]
  0x0000021d0b183100 JavaThread "Simple-Language-Server main thread" daemon [_thread_blocked, id=24604, stack(0x000000b42d100000,0x000000b42d200000)]
  0x0000021d0b186ba0 JavaThread "pool-8-thread-1" [_thread_blocked, id=25584, stack(0x000000b42d200000,0x000000b42d300000)]
  0x0000021d0b1974f0 JavaThread "parallel-1" daemon [_thread_blocked, id=23744, stack(0x000000b42d300000,0x000000b42d400000)]
  0x0000021d0b1907e0 JavaThread "parallel-2" daemon [_thread_blocked, id=24736, stack(0x000000b42d400000,0x000000b42d500000)]
  0x0000021d0b191180 JavaThread "ForkJoinPool.commonPool-worker-1" daemon [_thread_blocked, id=7284, stack(0x000000b42d500000,0x000000b42d600000)]
  0x0000021d0b18fe40 JavaThread "pool-5-thread-1" [_thread_blocked, id=21372, stack(0x000000b42d600000,0x000000b42d700000)]
  0x0000021d0b191650 JavaThread "ForkJoinPool.commonPool-worker-2" daemon [_thread_blocked, id=7376, stack(0x000000b42d700000,0x000000b42d800000)]
  0x0000021d0b190cb0 JavaThread "Reconciler-1" daemon [_thread_blocked, id=24348, stack(0x000000b42d800000,0x000000b42d900000)]
  0x0000021d0b190310 JavaThread "pool-5-thread-2" [_thread_blocked, id=3964, stack(0x000000b42d900000,0x000000b42da00000)]
  0x0000021d0b429b80 JavaThread "ClassGraph-worker-0" daemon [_thread_blocked, id=20120, stack(0x000000b42da00000,0x000000b42db00000)]
  0x0000021d0b4296b0 JavaThread "parallel-3" daemon [_thread_blocked, id=19784, stack(0x000000b42db00000,0x000000b42dc00000)]
  0x0000021d0b42a050 JavaThread "ClassGraph-worker-1" daemon [_thread_blocked, id=24064, stack(0x000000b42dc00000,0x000000b42dd00000)]
  0x0000021d0b42b390 JavaThread "ClassGraph-worker-2" daemon [_thread_blocked, id=21700, stack(0x000000b42dd00000,0x000000b42de00000)]
  0x0000021d0b42c6d0 JavaThread "ClassGraph-worker-3" daemon [_thread_blocked, id=18896, stack(0x000000b42de00000,0x000000b42df00000)]
  0x0000021d0b428d10 JavaThread "ClassGraph-worker-4" daemon [_thread_blocked, id=24620, stack(0x000000b42df00000,0x000000b42e000000)]
  0x0000021d0b42fbc0 JavaThread "ClassGraph-worker-5" daemon [_thread_blocked, id=25048, stack(0x000000b42e000000,0x000000b42e100000)]
  0x0000021d0b42a520 JavaThread "ClassGraph-worker-6" daemon [_thread_blocked, id=23128, stack(0x000000b42e100000,0x000000b42e200000)]
  0x0000021d0b42cba0 JavaThread "ClassGraph-worker-7" daemon [_thread_blocked, id=23596, stack(0x000000b42e200000,0x000000b42e300000)]
  0x0000021d0b42bd30 JavaThread "ClassGraph-worker-8" daemon [_thread_blocked, id=11244, stack(0x000000b42e300000,0x000000b42e400000)]
  0x0000021d0b42c200 JavaThread "ClassGraph-worker-9" daemon [_thread_blocked, id=2452, stack(0x000000b42e400000,0x000000b42e500000)]
  0x0000021d0b430090 JavaThread "ClassGraph-worker-10" daemon [_thread_blocked, id=8868, stack(0x000000b42e500000,0x000000b42e600000)]
  0x0000021d0b42e3b0 JavaThread "ClassGraph-worker-11" daemon [_thread_blocked, id=5308, stack(0x000000b42e600000,0x000000b42e700000)]
  0x0000021d0b42f6f0 JavaThread "ClassGraph-worker-12" daemon [_thread_blocked, id=24512, stack(0x000000b42e700000,0x000000b42e800000)]
  0x0000021d0b42da10 JavaThread "ClassGraph-worker-13" daemon [_thread_blocked, id=24124, stack(0x000000b42e800000,0x000000b42e900000)]

Other Threads:
=>0x0000021d09129320 VMThread "VM Thread" [stack: 0x000000b42b600000,0x000000b42b700000] [id=23988]
  0x0000021d09e22ce0 WatcherThread [stack: 0x000000b42c000000,0x000000b42c100000] [id=24628]
  0x0000021d79d67d70 GCTaskThread "GC Thread#0" [stack: 0x000000b42b100000,0x000000b42b200000] [id=21912]
  0x0000021d0a5153d0 GCTaskThread "GC Thread#1" [stack: 0x000000b42c500000,0x000000b42c600000] [id=20108]
  0x0000021d0a538550 GCTaskThread "GC Thread#2" [stack: 0x000000b42c600000,0x000000b42c700000] [id=22760]
  0x0000021d0a51f2c0 GCTaskThread "GC Thread#3" [stack: 0x000000b42c700000,0x000000b42c800000] [id=24004]
  0x0000021d09d72670 GCTaskThread "GC Thread#4" [stack: 0x000000b42c800000,0x000000b42c900000] [id=23752]
  0x0000021d09d72920 GCTaskThread "GC Thread#5" [stack: 0x000000b42c900000,0x000000b42ca00000] [id=23324]
  0x0000021d0a948310 GCTaskThread "GC Thread#6" [stack: 0x000000b42ca00000,0x000000b42cb00000] [id=6596]
  0x0000021d0a9489d0 GCTaskThread "GC Thread#7" [stack: 0x000000b42cb00000,0x000000b42cc00000] [id=4144]
  0x0000021d79d78940 ConcurrentGCThread "G1 Main Marker" [stack: 0x000000b42b200000,0x000000b42b300000] [id=24116]
  0x0000021d79d79260 ConcurrentGCThread "G1 Conc#0" [stack: 0x000000b42b300000,0x000000b42b400000] [id=9176]
  0x0000021d0aad3140 ConcurrentGCThread "G1 Conc#1" [stack: 0x000000b42cd00000,0x000000b42ce00000] [id=17348]
  0x0000021d79dce7e0 ConcurrentGCThread "G1 Refine#0" [stack: 0x000000b42b400000,0x000000b42b500000] [id=8588]
  0x0000021d0b52c860 ConcurrentGCThread "G1 Refine#1" [stack: 0x000000b42e900000,0x000000b42ea00000] [id=24536]
  0x0000021d08f92220 ConcurrentGCThread "G1 Service" [stack: 0x000000b42b500000,0x000000b42b600000] [id=24632]

Threads with active compile tasks:

VM state: at safepoint (normal execution)

VM Mutex/Monitor currently owned by a thread:  ([mutex/lock_event])
[0x0000021d79aef5a0] Threads_lock - owner thread: 0x0000021d09129320
[0x0000021d79d0b390] Heap_lock - owner thread: 0x0000021d0b42c6d0

OutOfMemory and StackOverflow Exception counts:
StackOverflowErrors=1
LinkageErrors=60

Heap address: 0x0000000081400000, size: 2028 MB, Compressed Oops mode: 32-bit

CDS archive(s) not mapped
Compressed class space mapped at: 0x0000000100000000-0x0000000140000000, reserved size: 1073741824
Narrow klass base: 0x0000000000000000, Narrow klass shift: 3, Narrow klass range: 0x140000000

GC Precious Log:
 CPUs: 8 total, 8 available
 Memory: 8107M
 Large Page Support: Disabled
 NUMA Support: Disabled
 Compressed Oops: Enabled (32-bit)
 Heap Region Size: 1M
 Heap Min Capacity: 8M
 Heap Initial Capacity: 128M
 Heap Max Capacity: 2028M
 Pre-touch: Disabled
 Parallel Workers: 8
 Concurrent Workers: 2
 Concurrent Refinement Workers: 8
 Periodic GC: Disabled

Heap:
 garbage-first heap   total 148480K, used 74790K [0x0000000081400000, 0x0000000100000000)
  region size 1024K, 4 young (4096K), 4 survivors (4096K)
 Metaspace       used 38968K, committed 39360K, reserved 1089536K
  class space    used 4915K, committed 5120K, reserved 1048576K

Heap Regions: E=young(eden), S=young(survivor), O=old, HS=humongous(starts), HC=humongous(continues), CS=collection set, F=free, OA=open archive, CA=closed archive, TAMS=top-at-mark-start (previous, next)
|   0|0x0000000081400000, 0x0000000081500000, 0x0000000081500000|100%| O|  |TAMS 0x0000000081500000, 0x0000000081500000| Untracked 
|   1|0x0000000081500000, 0x0000000081600000, 0x0000000081600000|100%| O|  |TAMS 0x0000000081600000, 0x0000000081600000| Untracked 
|   2|0x0000000081600000, 0x0000000081700000, 0x0000000081700000|100%| O|  |TAMS 0x0000000081700000, 0x0000000081700000| Untracked 
|   3|0x0000000081700000, 0x0000000081800000, 0x0000000081800000|100%| O|  |TAMS 0x0000000081800000, 0x0000000081800000| Untracked 
|   4|0x0000000081800000, 0x0000000081900000, 0x0000000081900000|100%| O|  |TAMS 0x0000000081900000, 0x0000000081900000| Untracked 
|   5|0x0000000081900000, 0x0000000081a00000, 0x0000000081a00000|100%| O|  |TAMS 0x0000000081a00000, 0x0000000081a00000| Untracked 
|   6|0x0000000081a00000, 0x0000000081b00000, 0x0000000081b00000|100%| O|  |TAMS 0x0000000081b00000, 0x0000000081b00000| Untracked 
|   7|0x0000000081b00000, 0x0000000081c00000, 0x0000000081c00000|100%| O|  |TAMS 0x0000000081c00000, 0x0000000081c00000| Untracked 
|   8|0x0000000081c00000, 0x0000000081c82e00, 0x0000000081d00000| 51%| O|  |TAMS 0x0000000081c82e00, 0x0000000081c82e00| Untracked 
|   9|0x0000000081d00000, 0x0000000081e00000, 0x0000000081e00000|100%| O|  |TAMS 0x0000000081e00000, 0x0000000081e00000| Untracked 
|  10|0x0000000081e00000, 0x0000000081f00000, 0x0000000081f00000|100%| O|  |TAMS 0x0000000081f00000, 0x0000000081f00000| Untracked 
|  11|0x0000000081f00000, 0x0000000082000000, 0x0000000082000000|100%| O|  |TAMS 0x0000000082000000, 0x0000000082000000| Untracked 
|  12|0x0000000082000000, 0x0000000082100000, 0x0000000082100000|100%| O|  |TAMS 0x0000000082100000, 0x0000000082100000| Untracked 
|  13|0x0000000082100000, 0x0000000082200000, 0x0000000082200000|100%| O|  |TAMS 0x0000000082200000, 0x0000000082200000| Untracked 
|  14|0x0000000082200000, 0x0000000082300000, 0x0000000082300000|100%| O|  |TAMS 0x0000000082300000, 0x0000000082300000| Untracked 
|  15|0x0000000082300000, 0x0000000082400000, 0x0000000082400000|100%| O|  |TAMS 0x0000000082400000, 0x0000000082400000| Untracked 
|  16|0x0000000082400000, 0x0000000082500000, 0x0000000082500000|100%| O|  |TAMS 0x0000000082500000, 0x0000000082500000| Untracked 
|  17|0x0000000082500000, 0x0000000082600000, 0x0000000082600000|100%| O|  |TAMS 0x0000000082600000, 0x0000000082600000| Untracked 
|  18|0x0000000082600000, 0x0000000082700000, 0x0000000082700000|100%| O|  |TAMS 0x0000000082700000, 0x0000000082700000| Untracked 
|  19|0x0000000082700000, 0x0000000082800000, 0x0000000082800000|100%| O|  |TAMS 0x0000000082800000, 0x0000000082800000| Untracked 
|  20|0x0000000082800000, 0x0000000082900000, 0x0000000082900000|100%| O|  |TAMS 0x0000000082900000, 0x0000000082900000| Untracked 
|  21|0x0000000082900000, 0x0000000082a00000, 0x0000000082a00000|100%| O|  |TAMS 0x0000000082a00000, 0x0000000082a00000| Untracked 
|  22|0x0000000082a00000, 0x0000000082b00000, 0x0000000082b00000|100%| O|  |TAMS 0x0000000082b00000, 0x0000000082b00000| Untracked 
|  23|0x0000000082b00000, 0x0000000082c00000, 0x0000000082c00000|100%| O|  |TAMS 0x0000000082c00000, 0x0000000082c00000| Untracked 
|  24|0x0000000082c00000, 0x0000000082d00000, 0x0000000082d00000|100%| O|  |TAMS 0x0000000082d00000, 0x0000000082d00000| Untracked 
|  25|0x0000000082d00000, 0x0000000082e00000, 0x0000000082e00000|100%| O|  |TAMS 0x0000000082e00000, 0x0000000082e00000| Untracked 
|  26|0x0000000082e00000, 0x0000000082f00000, 0x0000000082f00000|100%| O|  |TAMS 0x0000000082f00000, 0x0000000082f00000| Untracked 
|  27|0x0000000082f00000, 0x0000000083000000, 0x0000000083000000|100%| O|  |TAMS 0x0000000083000000, 0x0000000083000000| Untracked 
|  28|0x0000000083000000, 0x0000000083100000, 0x0000000083100000|100%| O|  |TAMS 0x0000000083100000, 0x0000000083100000| Untracked 
|  29|0x0000000083100000, 0x0000000083200000, 0x0000000083200000|100%| O|  |TAMS 0x0000000083200000, 0x0000000083200000| Untracked 
|  30|0x0000000083200000, 0x0000000083300000, 0x0000000083300000|100%| O|  |TAMS 0x0000000083300000, 0x0000000083300000| Untracked 
|  31|0x0000000083300000, 0x0000000083400000, 0x0000000083400000|100%| O|  |TAMS 0x0000000083400000, 0x0000000083400000| Untracked 
|  32|0x0000000083400000, 0x0000000083500000, 0x0000000083500000|100%| O|  |TAMS 0x0000000083500000, 0x0000000083500000| Untracked 
|  33|0x0000000083500000, 0x0000000083600000, 0x0000000083600000|100%| O|  |TAMS 0x0000000083512a00, 0x0000000083600000| Untracked 
|  34|0x0000000083600000, 0x0000000083700000, 0x0000000083700000|100%| O|  |TAMS 0x0000000083600000, 0x0000000083700000| Untracked 
|  35|0x0000000083700000, 0x0000000083800000, 0x0000000083800000|100%| O|  |TAMS 0x0000000083700000, 0x0000000083800000| Untracked 
|  36|0x0000000083800000, 0x0000000083900000, 0x0000000083900000|100%| O|  |TAMS 0x0000000083800000, 0x0000000083900000| Untracked 
|  37|0x0000000083900000, 0x0000000083a00000, 0x0000000083a00000|100%| O|  |TAMS 0x0000000083900000, 0x0000000083a00000| Untracked 
|  38|0x0000000083a00000, 0x0000000083b00000, 0x0000000083b00000|100%| O|  |TAMS 0x0000000083a00000, 0x0000000083b00000| Untracked 
|  39|0x0000000083b00000, 0x0000000083c00000, 0x0000000083c00000|100%| O|  |TAMS 0x0000000083b00000, 0x0000000083c00000| Untracked 
|  40|0x0000000083c00000, 0x0000000083d00000, 0x0000000083d00000|100%| O|  |TAMS 0x0000000083c00000, 0x0000000083d00000| Untracked 
|  41|0x0000000083d00000, 0x0000000083e00000, 0x0000000083e00000|100%| O|  |TAMS 0x0000000083d00000, 0x0000000083e00000| Untracked 
|  42|0x0000000083e00000, 0x0000000083f00000, 0x0000000083f00000|100%|HS|  |TAMS 0x0000000083e00000, 0x0000000083f00000| Complete 
|  43|0x0000000083f00000, 0x0000000084000000, 0x0000000084000000|100%|HS|  |TAMS 0x0000000083f00000, 0x0000000084000000| Complete 
|  44|0x0000000084000000, 0x0000000084100000, 0x0000000084100000|100%| O|  |TAMS 0x0000000084000000, 0x0000000084100000| Untracked 
|  45|0x0000000084100000, 0x0000000084200000, 0x0000000084200000|100%| O|  |TAMS 0x0000000084100000, 0x0000000084200000| Untracked 
|  46|0x0000000084200000, 0x0000000084300000, 0x0000000084300000|100%| O|  |TAMS 0x0000000084200000, 0x0000000084300000| Untracked 
|  47|0x0000000084300000, 0x0000000084400000, 0x0000000084400000|100%| O|  |TAMS 0x0000000084300000, 0x0000000084400000| Untracked 
|  48|0x0000000084400000, 0x0000000084500000, 0x0000000084500000|100%| O|  |TAMS 0x0000000084400000, 0x0000000084500000| Untracked 
|  49|0x0000000084500000, 0x0000000084600000, 0x0000000084600000|100%| O|  |TAMS 0x0000000084500000, 0x0000000084600000| Untracked 
|  50|0x0000000084600000, 0x0000000084700000, 0x0000000084700000|100%| O|  |TAMS 0x0000000084600000, 0x0000000084700000| Untracked 
|  51|0x0000000084700000, 0x0000000084800000, 0x0000000084800000|100%| O|  |TAMS 0x0000000084700000, 0x0000000084800000| Untracked 
|  52|0x0000000084800000, 0x0000000084900000, 0x0000000084900000|100%| O|  |TAMS 0x0000000084800000, 0x0000000084900000| Untracked 
|  53|0x0000000084900000, 0x0000000084a00000, 0x0000000084a00000|100%| O|  |TAMS 0x0000000084900000, 0x0000000084a00000| Untracked 
|  54|0x0000000084a00000, 0x0000000084b00000, 0x0000000084b00000|100%| O|  |TAMS 0x0000000084a00000, 0x0000000084b00000| Untracked 
|  55|0x0000000084b00000, 0x0000000084c00000, 0x0000000084c00000|100%| O|  |TAMS 0x0000000084b00000, 0x0000000084c00000| Untracked 
|  56|0x0000000084c00000, 0x0000000084d00000, 0x0000000084d00000|100%| O|  |TAMS 0x0000000084c00000, 0x0000000084d00000| Untracked 
|  57|0x0000000084d00000, 0x0000000084e00000, 0x0000000084e00000|100%| O|  |TAMS 0x0000000084d00000, 0x0000000084e00000| Untracked 
|  58|0x0000000084e00000, 0x0000000084f00000, 0x0000000084f00000|100%| O|  |TAMS 0x0000000084e00000, 0x0000000084f00000| Untracked 
|  59|0x0000000084f00000, 0x0000000085000000, 0x0000000085000000|100%| O|  |TAMS 0x0000000084f00000, 0x0000000085000000| Untracked 
|  60|0x0000000085000000, 0x0000000085100000, 0x0000000085100000|100%| O|  |TAMS 0x0000000085000000, 0x0000000085100000| Untracked 
|  61|0x0000000085100000, 0x0000000085200000, 0x0000000085200000|100%| O|  |TAMS 0x0000000085100000, 0x0000000085200000| Untracked 
|  62|0x0000000085200000, 0x0000000085300000, 0x0000000085300000|100%| O|  |TAMS 0x0000000085200000, 0x0000000085300000| Untracked 
|  63|0x0000000085300000, 0x0000000085400000, 0x0000000085400000|100%| O|  |TAMS 0x0000000085300000, 0x0000000085400000| Untracked 
|  64|0x0000000085400000, 0x0000000085500000, 0x0000000085500000|100%| O|  |TAMS 0x0000000085400000, 0x0000000085500000| Untracked 
|  65|0x0000000085500000, 0x0000000085600000, 0x0000000085600000|100%| O|  |TAMS 0x0000000085500000, 0x0000000085600000| Untracked 
|  66|0x0000000085600000, 0x0000000085700000, 0x0000000085700000|100%| O|  |TAMS 0x0000000085600000, 0x0000000085700000| Untracked 
|  67|0x0000000085700000, 0x0000000085800000, 0x0000000085800000|100%| O|  |TAMS 0x0000000085700000, 0x0000000085800000| Untracked 
|  68|0x0000000085800000, 0x0000000085900000, 0x0000000085900000|100%| O|  |TAMS 0x0000000085800000, 0x0000000085895000| Untracked 
|  69|0x0000000085900000, 0x0000000085a00000, 0x0000000085a00000|100%| O|  |TAMS 0x0000000085900000, 0x0000000085900000| Untracked 
|  70|0x0000000085a00000, 0x0000000085a3d200, 0x0000000085b00000| 23%| O|  |TAMS 0x0000000085a00000, 0x0000000085a00000| Untracked 
|  71|0x0000000085b00000, 0x0000000085b00000, 0x0000000085c00000|  0%| F|  |TAMS 0x0000000085b00000, 0x0000000085b00000| Untracked 
|  72|0x0000000085c00000, 0x0000000085c00000, 0x0000000085d00000|  0%| F|  |TAMS 0x0000000085c00000, 0x0000000085c00000| Untracked 
|  73|0x0000000085d00000, 0x0000000085d00000, 0x0000000085e00000|  0%| F|  |TAMS 0x0000000085d00000, 0x0000000085d00000| Untracked 
|  74|0x0000000085e00000, 0x0000000085e00000, 0x0000000085f00000|  0%| F|  |TAMS 0x0000000085e00000, 0x0000000085e00000| Untracked 
|  75|0x0000000085f00000, 0x0000000085f00000, 0x0000000086000000|  0%| F|  |TAMS 0x0000000085f00000, 0x0000000085f00000| Untracked 
|  76|0x0000000086000000, 0x0000000086000000, 0x0000000086100000|  0%| F|  |TAMS 0x0000000086000000, 0x0000000086000000| Untracked 
|  77|0x0000000086100000, 0x0000000086100000, 0x0000000086200000|  0%| F|  |TAMS 0x0000000086100000, 0x0000000086100000| Untracked 
|  78|0x0000000086200000, 0x0000000086200000, 0x0000000086300000|  0%| F|  |TAMS 0x0000000086200000, 0x0000000086200000| Untracked 
|  79|0x0000000086300000, 0x0000000086300000, 0x0000000086400000|  0%| F|  |TAMS 0x0000000086300000, 0x0000000086300000| Untracked 
|  80|0x0000000086400000, 0x0000000086400000, 0x0000000086500000|  0%| F|  |TAMS 0x0000000086400000, 0x0000000086400000| Untracked 
|  81|0x0000000086500000, 0x0000000086500000, 0x0000000086600000|  0%| F|  |TAMS 0x0000000086500000, 0x0000000086500000| Untracked 
|  82|0x0000000086600000, 0x0000000086600000, 0x0000000086700000|  0%| F|  |TAMS 0x0000000086600000, 0x0000000086600000| Untracked 
|  83|0x0000000086700000, 0x0000000086700000, 0x0000000086800000|  0%| F|  |TAMS 0x0000000086700000, 0x0000000086700000| Untracked 
|  84|0x0000000086800000, 0x0000000086800000, 0x0000000086900000|  0%| F|  |TAMS 0x0000000086800000, 0x0000000086800000| Untracked 
|  85|0x0000000086900000, 0x0000000086900000, 0x0000000086a00000|  0%| F|  |TAMS 0x0000000086900000, 0x0000000086900000| Untracked 
|  86|0x0000000086a00000, 0x0000000086a00000, 0x0000000086b00000|  0%| F|  |TAMS 0x0000000086a00000, 0x0000000086a00000| Untracked 
|  87|0x0000000086b00000, 0x0000000086b00000, 0x0000000086c00000|  0%| F|  |TAMS 0x0000000086b00000, 0x0000000086b00000| Untracked 
|  88|0x0000000086c00000, 0x0000000086c00000, 0x0000000086d00000|  0%| F|  |TAMS 0x0000000086c00000, 0x0000000086c00000| Untracked 
|  89|0x0000000086d00000, 0x0000000086d00000, 0x0000000086e00000|  0%| F|  |TAMS 0x0000000086d00000, 0x0000000086d00000| Untracked 
|  90|0x0000000086e00000, 0x0000000086e00000, 0x0000000086f00000|  0%| F|  |TAMS 0x0000000086e00000, 0x0000000086e00000| Untracked 
|  91|0x0000000086f00000, 0x0000000086f00000, 0x0000000087000000|  0%| F|  |TAMS 0x0000000086f00000, 0x0000000086f00000| Untracked 
|  92|0x0000000087000000, 0x0000000087000000, 0x0000000087100000|  0%| F|  |TAMS 0x0000000087000000, 0x0000000087000000| Untracked 
|  93|0x0000000087100000, 0x0000000087100000, 0x0000000087200000|  0%| F|  |TAMS 0x0000000087100000, 0x0000000087100000| Untracked 
|  94|0x0000000087200000, 0x0000000087200000, 0x0000000087300000|  0%| F|  |TAMS 0x0000000087200000, 0x0000000087200000| Untracked 
|  95|0x0000000087300000, 0x0000000087300000, 0x0000000087400000|  0%| F|  |TAMS 0x0000000087300000, 0x0000000087300000| Untracked 
|  96|0x0000000087400000, 0x0000000087400000, 0x0000000087500000|  0%| F|  |TAMS 0x0000000087400000, 0x0000000087400000| Untracked 
|  97|0x0000000087500000, 0x0000000087500000, 0x0000000087600000|  0%| F|  |TAMS 0x0000000087500000, 0x0000000087500000| Untracked 
|  98|0x0000000087600000, 0x0000000087649ae0, 0x0000000087700000| 28%| S|CS|TAMS 0x0000000087600000, 0x0000000087600000| Complete 
|  99|0x0000000087700000, 0x0000000087800000, 0x0000000087800000|100%| S|CS|TAMS 0x0000000087700000, 0x0000000087700000| Complete 
| 100|0x0000000087800000, 0x0000000087900000, 0x0000000087900000|100%| S|CS|TAMS 0x0000000087800000, 0x0000000087800000| Complete 
| 101|0x0000000087900000, 0x0000000087900000, 0x0000000087a00000|  0%| F|  |TAMS 0x0000000087900000, 0x0000000087900000| Untracked 
| 102|0x0000000087a00000, 0x0000000087a00000, 0x0000000087b00000|  0%| F|  |TAMS 0x0000000087a00000, 0x0000000087a00000| Untracked 
| 103|0x0000000087b00000, 0x0000000087b00000, 0x0000000087c00000|  0%| F|  |TAMS 0x0000000087b00000, 0x0000000087b00000| Untracked 
| 104|0x0000000087c00000, 0x0000000087c00000, 0x0000000087d00000|  0%| F|  |TAMS 0x0000000087c00000, 0x0000000087c00000| Untracked 
| 105|0x0000000087d00000, 0x0000000087e00000, 0x0000000087e00000|100%| S|CS|TAMS 0x0000000087d00000, 0x0000000087d00000| Complete 
| 106|0x0000000087e00000, 0x0000000087e00000, 0x0000000087f00000|  0%| F|  |TAMS 0x0000000087e00000, 0x0000000087e00000| Untracked 
| 107|0x0000000087f00000, 0x0000000087f00000, 0x0000000088000000|  0%| F|  |TAMS 0x0000000087f00000, 0x0000000087f00000| Untracked 
| 108|0x0000000088000000, 0x0000000088000000, 0x0000000088100000|  0%| F|  |TAMS 0x0000000088000000, 0x0000000088000000| Untracked 
| 109|0x0000000088100000, 0x0000000088100000, 0x0000000088200000|  0%| F|  |TAMS 0x0000000088100000, 0x0000000088100000| Untracked 
| 110|0x0000000088200000, 0x0000000088200000, 0x0000000088300000|  0%| F|  |TAMS 0x0000000088200000, 0x0000000088200000| Untracked 
| 111|0x0000000088300000, 0x0000000088300000, 0x0000000088400000|  0%| F|  |TAMS 0x0000000088300000, 0x0000000088300000| Untracked 
| 112|0x0000000088400000, 0x0000000088400000, 0x0000000088500000|  0%| F|  |TAMS 0x0000000088400000, 0x0000000088400000| Untracked 
| 113|0x0000000088500000, 0x0000000088500000, 0x0000000088600000|  0%| F|  |TAMS 0x0000000088500000, 0x0000000088500000| Untracked 
| 114|0x0000000088600000, 0x0000000088600000, 0x0000000088700000|  0%| F|  |TAMS 0x0000000088600000, 0x0000000088600000| Untracked 
| 115|0x0000000088700000, 0x0000000088700000, 0x0000000088800000|  0%| F|  |TAMS 0x0000000088700000, 0x0000000088700000| Untracked 
| 116|0x0000000088800000, 0x0000000088800000, 0x0000000088900000|  0%| F|  |TAMS 0x0000000088800000, 0x0000000088800000| Untracked 
| 117|0x0000000088900000, 0x0000000088900000, 0x0000000088a00000|  0%| F|  |TAMS 0x0000000088900000, 0x0000000088900000| Untracked 
| 118|0x0000000088a00000, 0x0000000088a00000, 0x0000000088b00000|  0%| F|  |TAMS 0x0000000088a00000, 0x0000000088a00000| Untracked 
| 119|0x0000000088b00000, 0x0000000088b00000, 0x0000000088c00000|  0%| F|  |TAMS 0x0000000088b00000, 0x0000000088b00000| Untracked 
| 120|0x0000000088c00000, 0x0000000088c00000, 0x0000000088d00000|  0%| F|  |TAMS 0x0000000088c00000, 0x0000000088c00000| Untracked 
| 121|0x0000000088d00000, 0x0000000088d00000, 0x0000000088e00000|  0%| F|  |TAMS 0x0000000088d00000, 0x0000000088d00000| Untracked 
| 122|0x0000000088e00000, 0x0000000088e00000, 0x0000000088f00000|  0%| F|  |TAMS 0x0000000088e00000, 0x0000000088e00000| Untracked 
| 123|0x0000000088f00000, 0x0000000088f00000, 0x0000000089000000|  0%| F|  |TAMS 0x0000000088f00000, 0x0000000088f00000| Untracked 
| 124|0x0000000089000000, 0x0000000089000000, 0x0000000089100000|  0%| F|  |TAMS 0x0000000089000000, 0x0000000089000000| Untracked 
| 125|0x0000000089100000, 0x0000000089100000, 0x0000000089200000|  0%| F|  |TAMS 0x0000000089100000, 0x0000000089100000| Untracked 
| 126|0x0000000089200000, 0x0000000089200000, 0x0000000089300000|  0%| F|  |TAMS 0x0000000089200000, 0x0000000089200000| Untracked 
| 127|0x0000000089300000, 0x0000000089300000, 0x0000000089400000|  0%| F|  |TAMS 0x0000000089300000, 0x0000000089300000| Untracked 
| 128|0x0000000089400000, 0x0000000089400000, 0x0000000089500000|  0%| F|  |TAMS 0x0000000089400000, 0x0000000089400000| Untracked 
| 129|0x0000000089500000, 0x0000000089500000, 0x0000000089600000|  0%| F|  |TAMS 0x0000000089500000, 0x0000000089500000| Untracked 
| 130|0x0000000089600000, 0x0000000089600000, 0x0000000089700000|  0%| F|  |TAMS 0x0000000089600000, 0x0000000089600000| Untracked 
| 131|0x0000000089700000, 0x0000000089700000, 0x0000000089800000|  0%| F|  |TAMS 0x0000000089700000, 0x0000000089700000| Untracked 
| 132|0x0000000089800000, 0x0000000089800000, 0x0000000089900000|  0%| F|  |TAMS 0x0000000089800000, 0x0000000089800000| Untracked 
| 133|0x0000000089900000, 0x0000000089900000, 0x0000000089a00000|  0%| F|  |TAMS 0x0000000089900000, 0x0000000089900000| Untracked 
| 134|0x0000000089a00000, 0x0000000089a00000, 0x0000000089b00000|  0%| F|  |TAMS 0x0000000089a00000, 0x0000000089a00000| Untracked 
| 135|0x0000000089b00000, 0x0000000089b00000, 0x0000000089c00000|  0%| F|  |TAMS 0x0000000089b00000, 0x0000000089b00000| Untracked 
| 136|0x0000000089c00000, 0x0000000089c00000, 0x0000000089d00000|  0%| F|  |TAMS 0x0000000089c00000, 0x0000000089c00000| Untracked 
| 137|0x0000000089d00000, 0x0000000089d00000, 0x0000000089e00000|  0%| F|  |TAMS 0x0000000089d00000, 0x0000000089d00000| Untracked 
| 138|0x0000000089e00000, 0x0000000089e00000, 0x0000000089f00000|  0%| F|  |TAMS 0x0000000089e00000, 0x0000000089e00000| Untracked 
| 139|0x0000000089f00000, 0x0000000089f00000, 0x000000008a000000|  0%| F|  |TAMS 0x0000000089f00000, 0x0000000089f00000| Untracked 
| 140|0x000000008a000000, 0x000000008a000000, 0x000000008a100000|  0%| F|  |TAMS 0x000000008a000000, 0x000000008a000000| Untracked 
| 141|0x000000008a100000, 0x000000008a100000, 0x000000008a200000|  0%| F|  |TAMS 0x000000008a100000, 0x000000008a100000| Untracked 
| 142|0x000000008a200000, 0x000000008a200000, 0x000000008a300000|  0%| F|  |TAMS 0x000000008a200000, 0x000000008a200000| Untracked 
| 143|0x000000008a300000, 0x000000008a300000, 0x000000008a400000|  0%| F|  |TAMS 0x000000008a300000, 0x000000008a300000| Untracked 
| 144|0x000000008a400000, 0x000000008a400000, 0x000000008a500000|  0%| F|  |TAMS 0x000000008a400000, 0x000000008a400000| Untracked 

Card table byte_map: [0x0000021d7ee40000,0x0000021d7f240000] _byte_map_base: 0x0000021d7ea36000

Marking Bits (Prev, Next): (CMBitMap*) 0x0000021d79d68290, (CMBitMap*) 0x0000021d79d682d0
 Prev Bits: [0x0000021d03000000, 0x0000021d04fb0000)
 Next Bits: [0x0000021d04fb0000, 0x0000021d06f60000)

Polling page: 0x0000021d79dd0000

Metaspace:

Usage:
  Non-class:     33.26 MB used.
      Class:      4.80 MB used.
       Both:     38.06 MB used.

Virtual space:
  Non-class space:       40.00 MB reserved,      33.44 MB ( 84%) committed,  5 nodes.
      Class space:        1.00 GB reserved,       5.00 MB ( <1%) committed,  1 nodes.
             Both:        1.04 GB reserved,      38.44 MB (  4%) committed. 

Chunk freelists:
   Non-Class:  1.72 MB
       Class:  3.05 MB
        Both:  4.77 MB

MaxMetaspaceSize: unlimited
CompressedClassSpaceSize: 1.00 GB
Initial GC threshold: 21.00 MB
Current GC threshold: 61.25 MB
CDS: off
MetaspaceReclaimPolicy: balanced
 - commit_granule_bytes: 65536.
 - commit_granule_words: 8192.
 - virtual_space_node_default_size: 1048576.
 - enlarge_chunks_in_place: 1.
 - new_chunks_are_fully_committed: 0.
 - uncommit_free_chunks: 1.
 - use_allocation_guard: 0.
 - handle_deallocations: 1.


Internal statistics:

num_allocs_failed_limit: 6.
num_arena_births: 350.
num_arena_deaths: 0.
num_vsnodes_births: 6.
num_vsnodes_deaths: 0.
num_space_committed: 615.
num_space_uncommitted: 0.
num_chunks_returned_to_freelist: 6.
num_chunks_taken_from_freelist: 1505.
num_chunk_merges: 6.
num_chunk_splits: 1021.
num_chunks_enlarged: 790.
num_purges: 0.
num_inconsistent_stats: 0.

CodeCache: size=49152Kb used=9560Kb max_used=9560Kb free=39591Kb
 bounds [0x0000021d00000000, 0x0000021d00960000, 0x0000021d03000000]
 total_blobs=4549 nmethods=4017 adapters=456
 compilation: enabled
              stopped_count=0, restarted_count=0
 full_count=0

Compilation events (20 events):
Event: 20.483 Thread 0x0000021d0a76c0d0 4009       1       jdk.internal.jimage.ImageReader$Node::isLink (2 bytes)
Event: 20.483 Thread 0x0000021d0915c2a0 4010       1       jdk.internal.jrtfs.JrtPath::getFileSystem (5 bytes)
Event: 20.483 Thread 0x0000021d0a7fe010 4011       1       jdk.internal.jrtfs.JrtFileSystemProvider::toJrtPath (27 bytes)
Event: 20.483 Thread 0x0000021d0a76c0d0 nmethod 4009 0x0000021d00953410 code [0x0000021d009535a0, 0x0000021d00953678]
Event: 20.483 Thread 0x0000021d0a76c0d0 4012   !   1       jdk.internal.jrtfs.JrtDirectoryStream$1::hasNext (41 bytes)
Event: 20.483 Thread 0x0000021d79d0db10 4013       1       java.nio.file.FileTreeWalker$Event::<init> (26 bytes)
Event: 20.483 Thread 0x0000021d0915c2a0 nmethod 4010 0x0000021d00953710 code [0x0000021d009538a0, 0x0000021d00953978]
Event: 20.483 Thread 0x0000021d0915c2a0 4014   !   1       java.nio.file.FileTreeWalker::next (144 bytes)
Event: 20.484 Thread 0x0000021d0a7fe010 nmethod 4011 0x0000021d00953a10 code [0x0000021d00953bc0, 0x0000021d00953e18]
Event: 20.484 Thread 0x0000021d79d0db10 nmethod 4013 0x0000021d00953f90 code [0x0000021d00954120, 0x0000021d00954358]
Event: 20.484 Thread 0x0000021d0a7fe010 4015       1       jdk.internal.jimage.ImageReader$LinkNode::isCompleted (2 bytes)
Event: 20.484 Thread 0x0000021d0a76c0d0 nmethod 4012 0x0000021d00954410 code [0x0000021d009545c0, 0x0000021d00954808]
Event: 20.484 Thread 0x0000021d79d0db10 4016       1       jdk.internal.jimage.ImageReader$LinkNode::isLink (2 bytes)
Event: 20.484 Thread 0x0000021d0a76c0d0 4017       1       jdk.internal.jimage.ImageReader$Node::isDirectory (2 bytes)
Event: 20.484 Thread 0x0000021d0a7fe010 nmethod 4015 0x0000021d00954990 code [0x0000021d00954b20, 0x0000021d00954bf8]
Event: 20.484 Thread 0x0000021d79d0db10 nmethod 4016 0x0000021d00954c90 code [0x0000021d00954e20, 0x0000021d00954ef8]
Event: 20.484 Thread 0x0000021d0a76c0d0 nmethod 4017 0x0000021d00954f90 code [0x0000021d00955120, 0x0000021d009551f8]
Event: 20.484 Thread 0x0000021d79d0db10 4018       1       java.util.ArrayDeque::pop (5 bytes)
Event: 20.484 Thread 0x0000021d79d0db10 nmethod 4018 0x0000021d00955290 code [0x0000021d00955440, 0x0000021d009555b8]
Event: 20.484 Thread 0x0000021d0915c2a0 nmethod 4014 0x0000021d00955690 code [0x0000021d009558e0, 0x0000021d00955f78]

GC Heap History (20 events):
Event: 18.702 GC heap after
{Heap after GC invocations=11 (full 0):
 garbage-first heap   total 63488K, used 27269K [0x0000000081400000, 0x0000000100000000)
  region size 1024K, 3 young (3072K), 3 survivors (3072K)
 Metaspace       used 36277K, committed 36608K, reserved 1081344K
  class space    used 4673K, committed 4800K, reserved 1048576K
}
Event: 18.937 GC heap before
{Heap before GC invocations=11 (full 0):
 garbage-first heap   total 63488K, used 44677K [0x0000000081400000, 0x0000000100000000)
  region size 1024K, 21 young (21504K), 3 survivors (3072K)
 Metaspace       used 36655K, committed 36992K, reserved 1081344K
  class space    used 4709K, committed 4864K, reserved 1048576K
}
Event: 18.944 GC heap after
{Heap after GC invocations=12 (full 0):
 garbage-first heap   total 63488K, used 30664K [0x0000000081400000, 0x0000000100000000)
  region size 1024K, 3 young (3072K), 3 survivors (3072K)
 Metaspace       used 36655K, committed 36992K, reserved 1081344K
  class space    used 4709K, committed 4864K, reserved 1048576K
}
Event: 19.048 GC heap before
{Heap before GC invocations=12 (full 0):
 garbage-first heap   total 63488K, used 46024K [0x0000000081400000, 0x0000000100000000)
  region size 1024K, 18 young (18432K), 3 survivors (3072K)
 Metaspace       used 36861K, committed 37184K, reserved 1081344K
  class space    used 4731K, committed 4864K, reserved 1048576K
}
Event: 19.053 GC heap after
{Heap after GC invocations=13 (full 0):
 garbage-first heap   total 63488K, used 33392K [0x0000000081400000, 0x0000000100000000)
  region size 1024K, 3 young (3072K), 3 survivors (3072K)
 Metaspace       used 36861K, committed 37184K, reserved 1081344K
  class space    used 4731K, committed 4864K, reserved 1048576K
}
Event: 19.158 GC heap before
{Heap before GC invocations=14 (full 0):
 garbage-first heap   total 70656K, used 46704K [0x0000000081400000, 0x0000000100000000)
  region size 1024K, 17 young (17408K), 3 survivors (3072K)
 Metaspace       used 37005K, committed 37312K, reserved 1081344K
  class space    used 4754K, committed 4864K, reserved 1048576K
}
Event: 19.163 GC heap after
{Heap after GC invocations=15 (full 0):
 garbage-first heap   total 70656K, used 36220K [0x0000000081400000, 0x0000000100000000)
  region size 1024K, 3 young (3072K), 3 survivors (3072K)
 Metaspace       used 37005K, committed 37312K, reserved 1081344K
  class space    used 4754K, committed 4864K, reserved 1048576K
}
Event: 19.254 GC heap before
{Heap before GC invocations=15 (full 0):
 garbage-first heap   total 70656K, used 51580K [0x0000000081400000, 0x0000000100000000)
  region size 1024K, 19 young (19456K), 3 survivors (3072K)
 Metaspace       used 37152K, committed 37504K, reserved 1081344K
  class space    used 4766K, committed 4928K, reserved 1048576K
}
Event: 19.263 GC heap after
{Heap after GC invocations=16 (full 0):
 garbage-first heap   total 70656K, used 41079K [0x0000000081400000, 0x0000000100000000)
  region size 1024K, 3 young (3072K), 3 survivors (3072K)
 Metaspace       used 37152K, committed 37504K, reserved 1081344K
  class space    used 4766K, committed 4928K, reserved 1048576K
}
Event: 19.327 GC heap before
{Heap before GC invocations=16 (full 0):
 garbage-first heap   total 91136K, used 53367K [0x0000000081400000, 0x0000000100000000)
  region size 1024K, 15 young (15360K), 3 survivors (3072K)
 Metaspace       used 37344K, committed 37632K, reserved 1081344K
  class space    used 4778K, committed 4928K, reserved 1048576K
}
Event: 19.334 GC heap after
{Heap after GC invocations=17 (full 0):
 garbage-first heap   total 148480K, used 44201K [0x0000000081400000, 0x0000000100000000)
  region size 1024K, 2 young (2048K), 2 survivors (2048K)
 Metaspace       used 37344K, committed 37632K, reserved 1081344K
  class space    used 4778K, committed 4928K, reserved 1048576K
}
Event: 20.194 GC heap before
{Heap before GC invocations=18 (full 0):
 garbage-first heap   total 148480K, used 106665K [0x0000000081400000, 0x0000000100000000)
  region size 1024K, 62 young (63488K), 2 survivors (2048K)
 Metaspace       used 38744K, committed 39104K, reserved 1089536K
  class space    used 4887K, committed 5056K, reserved 1048576K
}
Event: 20.215 GC heap after
{Heap after GC invocations=19 (full 0):
 garbage-first heap   total 148480K, used 63458K [0x0000000081400000, 0x0000000100000000)
  region size 1024K, 8 young (8192K), 8 survivors (8192K)
 Metaspace       used 38744K, committed 39104K, reserved 1089536K
  class space    used 4887K, committed 5056K, reserved 1048576K
}
Event: 20.344 GC heap before
{Heap before GC invocations=19 (full 0):
 garbage-first heap   total 148480K, used 101346K [0x0000000081400000, 0x0000000100000000)
  region size 1024K, 46 young (47104K), 8 survivors (8192K)
 Metaspace       used 38839K, committed 39168K, reserved 1089536K
  class space    used 4897K, committed 5056K, reserved 1048576K
}
Event: 20.374 GC heap after
{Heap after GC invocations=20 (full 0):
 garbage-first heap   total 148480K, used 69590K [0x0000000081400000, 0x0000000100000000)
  region size 1024K, 6 young (6144K), 6 survivors (6144K)
 Metaspace       used 38839K, committed 39168K, reserved 1089536K
  class space    used 4897K, committed 5056K, reserved 1048576K
}
Event: 20.399 GC heap before
{Heap before GC invocations=20 (full 0):
 garbage-first heap   total 148480K, used 105430K [0x0000000081400000, 0x0000000100000000)
  region size 1024K, 42 young (43008K), 6 survivors (6144K)
 Metaspace       used 38945K, committed 39360K, reserved 1089536K
  class space    used 4910K, committed 5120K, reserved 1048576K
}
Event: 20.420 GC heap after
{Heap after GC invocations=21 (full 0):
 garbage-first heap   total 148480K, used 71666K [0x0000000081400000, 0x0000000100000000)
  region size 1024K, 2 young (2048K), 2 survivors (2048K)
 Metaspace       used 38945K, committed 39360K, reserved 1089536K
  class space    used 4910K, committed 5120K, reserved 1048576K
}
Event: 20.446 GC heap before
{Heap before GC invocations=21 (full 0):
 garbage-first heap   total 148480K, used 109554K [0x0000000081400000, 0x0000000100000000)
  region size 1024K, 40 young (40960K), 2 survivors (2048K)
 Metaspace       used 38968K, committed 39360K, reserved 1089536K
  class space    used 4915K, committed 5120K, reserved 1048576K
}
Event: 20.449 GC heap after
{Heap after GC invocations=22 (full 0):
 garbage-first heap   total 148480K, used 73111K [0x0000000081400000, 0x0000000100000000)
  region size 1024K, 4 young (4096K), 4 survivors (4096K)
 Metaspace       used 38968K, committed 39360K, reserved 1089536K
  class space    used 4915K, committed 5120K, reserved 1048576K
}
Event: 20.525 GC heap before
{Heap before GC invocations=22 (full 0):
 garbage-first heap   total 148480K, used 112023K [0x0000000081400000, 0x0000000100000000)
  region size 1024K, 43 young (44032K), 4 survivors (4096K)
 Metaspace       used 38968K, committed 39360K, reserved 1089536K
  class space    used 4915K, committed 5120K, reserved 1048576K
}

Dll operation events (8 events):
Event: 0.044 Loaded shared library c:\Users\HP\.vscode\extensions\redhat.java-1.13.0-win32-x64\jre\17.0.5-win32-x86_64\bin\java.dll
Event: 1.819 Loaded shared library C:\Users\HP\.vscode\extensions\redhat.java-1.13.0-win32-x64\jre\17.0.5-win32-x86_64\bin\net.dll
Event: 1.827 Loaded shared library C:\Users\HP\.vscode\extensions\redhat.java-1.13.0-win32-x64\jre\17.0.5-win32-x86_64\bin\nio.dll
Event: 1.857 Loaded shared library C:\Users\HP\.vscode\extensions\redhat.java-1.13.0-win32-x64\jre\17.0.5-win32-x86_64\bin\zip.dll
Event: 3.266 Loaded shared library c:\Users\HP\.vscode\extensions\redhat.java-1.13.0-win32-x64\jre\17.0.5-win32-x86_64\bin\verify.dll
Event: 3.301 Loaded shared library C:\Users\HP\.vscode\extensions\redhat.java-1.13.0-win32-x64\jre\17.0.5-win32-x86_64\bin\jimage.dll
Event: 10.112 Loaded shared library C:\Users\HP\.vscode\extensions\redhat.java-1.13.0-win32-x64\jre\17.0.5-win32-x86_64\bin\management.dll
Event: 10.138 Loaded shared library C:\Users\HP\.vscode\extensions\redhat.java-1.13.0-win32-x64\jre\17.0.5-win32-x86_64\bin\management_ext.dll

Deoptimization events (12 events):
Event: 11.094 Thread 0x0000021d79d0cd50 DEOPT PACKING pc=0x0000021d00568e99 sp=0x000000b42b0fd380
Event: 11.094 Thread 0x0000021d79d0cd50 DEOPT UNPACKING pc=0x0000021d00052b43 sp=0x000000b42b0fc860 mode 3
Event: 16.055 Thread 0x0000021d79d0cd50 DEOPT PACKING pc=0x0000021d006da699 sp=0x000000b42b0fc760
Event: 16.055 Thread 0x0000021d79d0cd50 DEOPT UNPACKING pc=0x0000021d00052b43 sp=0x000000b42b0fbc40 mode 3
Event: 17.406 Thread 0x0000021d0b183100 DEOPT PACKING pc=0x0000021d0079db35 sp=0x000000b42d1fdeb0
Event: 17.406 Thread 0x0000021d0b183100 DEOPT UNPACKING pc=0x0000021d00052b43 sp=0x000000b42d1fd3d8 mode 3
Event: 17.953 Thread 0x0000021d0b191180 DEOPT PACKING pc=0x0000021d007b6bab sp=0x000000b42d5fe800
Event: 17.953 Thread 0x0000021d0b191180 DEOPT UNPACKING pc=0x0000021d00052b43 sp=0x000000b42d5fdd48 mode 3
Event: 18.215 Thread 0x0000021d0b13c1c0 DEOPT PACKING pc=0x0000021d00567a01 sp=0x000000b42d0fdc30
Event: 18.215 Thread 0x0000021d0b13c1c0 DEOPT UNPACKING pc=0x0000021d00052b43 sp=0x000000b42d0fd0c0 mode 3
Event: 19.759 Thread 0x0000021d0b42da10 DEOPT PACKING pc=0x0000021d00564e17 sp=0x000000b42e8fedc0
Event: 19.759 Thread 0x0000021d0b42da10 DEOPT UNPACKING pc=0x0000021d00052b43 sp=0x000000b42e8fe218 mode 3

Classes unloaded (0 events):
No events

Classes redefined (0 events):
No events

Internal exceptions (20 events):
Event: 18.213 Thread 0x0000021d0b429b80 Exception <a 'sun/nio/fs/WindowsException'{0x00000000837a9c50}> (0x00000000837a9c50) 
thrown [s\src\hotspot\share\prims\jni.cpp, line 516]
Event: 18.213 Thread 0x0000021d0b429b80 Exception <a 'sun/nio/fs/WindowsException'{0x00000000837aa660}> (0x00000000837aa660) 
thrown [s\src\hotspot\share\prims\jni.cpp, line 516]
Event: 18.213 Thread 0x0000021d0b429b80 Exception <a 'sun/nio/fs/WindowsException'{0x00000000837aaa20}> (0x00000000837aaa20) 
thrown [s\src\hotspot\share\prims\jni.cpp, line 516]
Event: 18.213 Thread 0x0000021d0b429b80 Exception <a 'sun/nio/fs/WindowsException'{0x00000000837ab408}> (0x00000000837ab408) 
thrown [s\src\hotspot\share\prims\jni.cpp, line 516]
Event: 18.213 Thread 0x0000021d0b429b80 Exception <a 'sun/nio/fs/WindowsException'{0x00000000837ab798}> (0x00000000837ab798) 
thrown [s\src\hotspot\share\prims\jni.cpp, line 516]
Event: 18.213 Thread 0x0000021d0b429b80 Exception <a 'sun/nio/fs/WindowsException'{0x00000000837ac190}> (0x00000000837ac190) 
thrown [s\src\hotspot\share\prims\jni.cpp, line 516]
Event: 18.214 Thread 0x0000021d0b429b80 Exception <a 'sun/nio/fs/WindowsException'{0x00000000837ac540}> (0x00000000837ac540) 
thrown [s\src\hotspot\share\prims\jni.cpp, line 516]
Event: 18.214 Thread 0x0000021d0b429b80 Exception <a 'sun/nio/fs/WindowsException'{0x00000000837acf28}> (0x00000000837acf28) 
thrown [s\src\hotspot\share\prims\jni.cpp, line 516]
Event: 18.214 Thread 0x0000021d0b429b80 Exception <a 'sun/nio/fs/WindowsException'{0x00000000837ad2b8}> (0x00000000837ad2b8) 
thrown [s\src\hotspot\share\prims\jni.cpp, line 516]
Event: 18.214 Thread 0x0000021d0b429b80 Exception <a 'sun/nio/fs/WindowsException'{0x00000000837adcb0}> (0x00000000837adcb0) 
thrown [s\src\hotspot\share\prims\jni.cpp, line 516]
Event: 18.214 Thread 0x0000021d0b429b80 Exception <a 'sun/nio/fs/WindowsException'{0x00000000837ae060}> (0x00000000837ae060) 
thrown [s\src\hotspot\share\prims\jni.cpp, line 516]
Event: 18.214 Thread 0x0000021d0b429b80 Exception <a 'sun/nio/fs/WindowsException'{0x00000000837aea70}> (0x00000000837aea70) 
thrown [s\src\hotspot\share\prims\jni.cpp, line 516]
Event: 18.214 Thread 0x0000021d0b429b80 Exception <a 'sun/nio/fs/WindowsException'{0x00000000837aee30}> (0x00000000837aee30) 
thrown [s\src\hotspot\share\prims\jni.cpp, line 516]
Event: 18.215 Thread 0x0000021d0b429b80 Exception <a 'sun/nio/fs/WindowsException'{0x00000000837af858}> (0x00000000837af858) 
thrown [s\src\hotspot\share\prims\jni.cpp, line 516]
Event: 18.215 Thread 0x0000021d0b429b80 Exception <a 'sun/nio/fs/WindowsException'{0x00000000837afc38}> (0x00000000837afc38) 
thrown [s\src\hotspot\share\prims\jni.cpp, line 516]
Event: 18.215 Thread 0x0000021d0b429b80 Exception <a 'sun/nio/fs/WindowsException'{0x00000000837b0658}> (0x00000000837b0658) 
thrown [s\src\hotspot\share\prims\jni.cpp, line 516]
Event: 18.215 Thread 0x0000021d0b429b80 Exception <a 'sun/nio/fs/WindowsException'{0x00000000837b0a38}> (0x00000000837b0a38) 
thrown [s\src\hotspot\share\prims\jni.cpp, line 516]
Event: 18.512 Thread 0x0000021d0b42a520 StackOverflowError at 0x0000021d001e39e0
Event: 18.513 Thread 0x0000021d0b42a520 Exception <a 'java/lang/StackOverflowError'{0x0000000089366df8}> (0x0000000089366df8) 
thrown [s\src\hotspot\share\runtime\sharedRuntime.cpp, line 628]
Event: 20.078 Thread 0x0000021d0b183100 Exception <a 'java/lang/NoSuchMethodError'{0x000000008717f838}: 'java.lang.Object java.lang.invoke.Invokers$Holder.invoke_MT(java.lang.Object, java.lang.Object, java.lang.Object)'> (0x000000008717f838) 
thrown [s\src\hotspot\share\interpreter\linkResolver.cpp, line 759]

VM Operations (20 events):
Event: 20.217 Executing VM operation: G1CollectForAllocation done
Event: 20.299 Executing VM operation: G1CollectForAllocation
Event: 20.344 Executing VM operation: G1CollectForAllocation done
Event: 20.344 Executing VM operation: G1CollectForAllocation
Event: 20.374 Executing VM operation: G1CollectForAllocation done
Event: 20.379 Executing VM operation: HandshakeAllThreads
Event: 20.379 Executing VM operation: HandshakeAllThreads done
Event: 20.381 Executing VM operation: HandshakeAllThreads
Event: 20.381 Executing VM operation: HandshakeAllThreads done
Event: 20.398 Executing VM operation: G1CollectForAllocation
Event: 20.399 Executing VM operation: G1CollectForAllocation done
Event: 20.399 Executing VM operation: G1CollectForAllocation
Event: 20.420 Executing VM operation: G1CollectForAllocation done
Event: 20.423 Executing VM operation: HandshakeAllThreads
Event: 20.423 Executing VM operation: HandshakeAllThreads done
Event: 20.439 Executing VM operation: G1CollectForAllocation
Event: 20.441 Executing VM operation: G1CollectForAllocation done
Event: 20.446 Executing VM operation: G1CollectForAllocation
Event: 20.449 Executing VM operation: G1CollectForAllocation done
Event: 20.484 Executing VM operation: G1CollectForAllocation

Events (20 events):
Event: 20.084 loading class java/nio/file/ClosedDirectoryStreamException
Event: 20.084 loading class java/nio/file/ClosedDirectoryStreamException done
Event: 20.085 loading class jdk/internal/jrtfs/JrtFileSystem
Event: 20.087 loading class jdk/internal/jrtfs/JrtFileSystem done
Event: 20.087 loading class jdk/internal/jrtfs/JrtPath
Event: 20.093 loading class jdk/internal/jrtfs/JrtPath done
Event: 20.100 loading class java/nio/file/FileVisitOption
Event: 20.100 loading class java/nio/file/FileVisitOption done
Event: 20.100 loading class java/nio/file/FileTreeWalker
Event: 20.101 loading class java/nio/file/FileTreeWalker done
Event: 20.443 loading class java/nio/file/FileTreeWalker$DirectoryNode
Event: 20.443 loading class java/nio/file/FileTreeWalker$DirectoryNode done
Event: 20.443 loading class java/nio/file/FileTreeWalker$Event
Event: 20.443 loading class java/nio/file/FileTreeWalker$Event done
Event: 20.444 loading class java/nio/file/FileTreeWalker$EventType
Event: 20.444 loading class java/nio/file/FileTreeWalker$EventType done
Event: 20.444 loading class java/nio/file/Files$3
Event: 20.444 loading class java/nio/file/Files$3 done
Event: 20.444 loading class java/nio/file/FileVisitResult
Event: 20.444 loading class java/nio/file/FileVisitResult done


Dynamic libraries:
0x00007ff75e5c0000 - 0x00007ff75e5ce000 	c:\Users\HP\.vscode\extensions\redhat.java-1.13.0-win32-x64\jre\17.0.5-win32-x86_64\bin\java.exe
0x00007ffae9ad0000 - 0x00007ffae9cc8000 	C:\Windows\SYSTEM32\ntdll.dll
0x00007ffae9540000 - 0x00007ffae95ff000 	C:\Windows\System32\KERNEL32.DLL
0x00007ffae7390000 - 0x00007ffae7662000 	C:\Windows\System32\KERNELBASE.dll
0x00007ffae79c0000 - 0x00007ffae7ac0000 	C:\Windows\System32\ucrtbase.dll
0x00007ffac8150000 - 0x00007ffac8167000 	c:\Users\HP\.vscode\extensions\redhat.java-1.13.0-win32-x64\jre\17.0.5-win32-x86_64\bin\jli.dll
0x00007ffae9600000 - 0x00007ffae97a1000 	C:\Windows\System32\USER32.dll
0x00007ffae72d0000 - 0x00007ffae72f2000 	C:\Windows\System32\win32u.dll
0x00007ffae97b0000 - 0x00007ffae97db000 	C:\Windows\System32\GDI32.dll
0x00007ffae71c0000 - 0x00007ffae72cf000 	C:\Windows\System32\gdi32full.dll
0x00007ffae7710000 - 0x00007ffae77ad000 	C:\Windows\System32\msvcp_win.dll
0x00007ffac7b20000 - 0x00007ffac7b39000 	c:\Users\HP\.vscode\extensions\redhat.java-1.13.0-win32-x64\jre\17.0.5-win32-x86_64\bin\VCRUNTIME140.dll
0x00007ffad1520000 - 0x00007ffad17ba000 	C:\Windows\WinSxS\amd64_microsoft.windows.common-controls_6595b64144ccf1df_6.0.19041.1110_none_60b5254171f9507e\COMCTL32.dll
0x00007ffae80d0000 - 0x00007ffae816e000 	C:\Windows\System32\msvcrt.dll
0x00007ffae93e0000 - 0x00007ffae9412000 	C:\Windows\System32\IMM32.DLL
0x00007fface260000 - 0x00007fface26c000 	c:\Users\HP\.vscode\extensions\redhat.java-1.13.0-win32-x64\jre\17.0.5-win32-x86_64\bin\vcruntime140_1.dll
0x00007ffabde90000 - 0x00007ffabdf21000 	c:\Users\HP\.vscode\extensions\redhat.java-1.13.0-win32-x64\jre\17.0.5-win32-x86_64\bin\msvcp140.dll
0x00007ffa9ce20000 - 0x00007ffa9da64000 	c:\Users\HP\.vscode\extensions\redhat.java-1.13.0-win32-x64\jre\17.0.5-win32-x86_64\bin\server\jvm.dll
0x00007ffae87b0000 - 0x00007ffae885e000 	C:\Windows\System32\ADVAPI32.dll
0x00007ffae8860000 - 0x00007ffae88fc000 	C:\Windows\System32\sechost.dll
0x00007ffae97e0000 - 0x00007ffae9905000 	C:\Windows\System32\RPCRT4.dll
0x00007ffae19e0000 - 0x00007ffae19e9000 	C:\Windows\SYSTEM32\WSOCK32.dll
0x00007ffae8900000 - 0x00007ffae896b000 	C:\Windows\System32\WS2_32.dll
0x00007ffacf0d0000 - 0x00007ffacf0f7000 	C:\Windows\SYSTEM32\WINMM.dll
0x00007ffae0830000 - 0x00007ffae083a000 	C:\Windows\SYSTEM32\VERSION.dll
0x00007ffae59d0000 - 0x00007ffae59e2000 	C:\Windows\SYSTEM32\kernel.appcore.dll
0x00007fface200000 - 0x00007fface20a000 	c:\Users\HP\.vscode\extensions\redhat.java-1.13.0-win32-x64\jre\17.0.5-win32-x86_64\bin\jimage.dll
0x00007ffae4df0000 - 0x00007ffae4fd4000 	C:\Windows\SYSTEM32\DBGHELP.DLL
0x00007ffacf840000 - 0x00007ffacf875000 	C:\Windows\SYSTEM32\dbgcore.DLL
0x00007ffae7300000 - 0x00007ffae7382000 	C:\Windows\System32\bcryptPrimitives.dll
0x00007ffabe490000 - 0x00007ffabe4b5000 	c:\Users\HP\.vscode\extensions\redhat.java-1.13.0-win32-x64\jre\17.0.5-win32-x86_64\bin\java.dll
0x00007ffabe090000 - 0x00007ffabe0a8000 	c:\Users\HP\.vscode\extensions\redhat.java-1.13.0-win32-x64\jre\17.0.5-win32-x86_64\bin\zip.dll
0x00007ffae8b20000 - 0x00007ffae9264000 	C:\Windows\System32\SHELL32.dll
0x00007ffae5220000 - 0x00007ffae59b2000 	C:\Windows\SYSTEM32\windows.storage.dll
0x00007ffae7d70000 - 0x00007ffae80c5000 	C:\Windows\System32\combase.dll
0x00007ffae6b40000 - 0x00007ffae6b70000 	C:\Windows\SYSTEM32\Wldp.dll
0x00007ffae8700000 - 0x00007ffae87ad000 	C:\Windows\System32\SHCORE.dll
0x00007ffae92f0000 - 0x00007ffae9345000 	C:\Windows\System32\shlwapi.dll
0x00007ffae7100000 - 0x00007ffae711f000 	C:\Windows\SYSTEM32\profapi.dll
0x00007ffabde00000 - 0x00007ffabde19000 	C:\Users\HP\.vscode\extensions\redhat.java-1.13.0-win32-x64\jre\17.0.5-win32-x86_64\bin\net.dll
0x00007ffade3e0000 - 0x00007ffade4ec000 	C:\Windows\SYSTEM32\WINHTTP.dll
0x00007ffae6920000 - 0x00007ffae698a000 	C:\Windows\system32\mswsock.dll
0x00007ffabdd30000 - 0x00007ffabdd45000 	C:\Users\HP\.vscode\extensions\redhat.java-1.13.0-win32-x64\jre\17.0.5-win32-x86_64\bin\nio.dll
0x00007ffacc5e0000 - 0x00007ffacc5f0000 	c:\Users\HP\.vscode\extensions\redhat.java-1.13.0-win32-x64\jre\17.0.5-win32-x86_64\bin\verify.dll
0x00007ffacc790000 - 0x00007ffacc799000 	C:\Users\HP\.vscode\extensions\redhat.java-1.13.0-win32-x64\jre\17.0.5-win32-x86_64\bin\management.dll
0x00007ffac9ec0000 - 0x00007ffac9ecb000 	C:\Users\HP\.vscode\extensions\redhat.java-1.13.0-win32-x64\jre\17.0.5-win32-x86_64\bin\management_ext.dll
0x00007ffae93d0000 - 0x00007ffae93d8000 	C:\Windows\System32\PSAPI.DLL
0x00007ffac0150000 - 0x00007ffac0167000 	C:\Windows\system32\napinsp.dll
0x00007ffac0130000 - 0x00007ffac014b000 	C:\Windows\system32\pnrpnsp.dll
0x00007ffae1f60000 - 0x00007ffae1f75000 	C:\Windows\system32\wshbth.dll
0x00007ffae4150000 - 0x00007ffae416d000 	C:\Windows\system32\NLAapi.dll
0x00007ffae65e0000 - 0x00007ffae661b000 	C:\Windows\SYSTEM32\IPHLPAPI.DLL
0x00007ffae6620000 - 0x00007ffae66ea000 	C:\Windows\SYSTEM32\DNSAPI.dll
0x00007ffae99f0000 - 0x00007ffae99f8000 	C:\Windows\System32\NSI.dll
0x00007ffac0110000 - 0x00007ffac0122000 	C:\Windows\System32\winrnr.dll
0x00007ffade880000 - 0x00007ffade88a000 	C:\Windows\System32\rasadhlp.dll
0x00007ffadb950000 - 0x00007ffadb9d0000 	C:\Windows\System32\fwpuclnt.dll
0x00007ffae76e0000 - 0x00007ffae7707000 	C:\Windows\System32\bcrypt.dll
0x00007ffae6b80000 - 0x00007ffae6b98000 	C:\Windows\SYSTEM32\CRYPTSP.dll
0x00007ffae61f0000 - 0x00007ffae6224000 	C:\Windows\system32\rsaenh.dll
0x00007ffae70c0000 - 0x00007ffae70ee000 	C:\Windows\SYSTEM32\USERENV.dll
0x00007ffae6ab0000 - 0x00007ffae6abc000 	C:\Windows\SYSTEM32\CRYPTBASE.dll
0x00007ffadfff0000 - 0x00007ffae0007000 	C:\Windows\SYSTEM32\dhcpcsvc6.DLL
0x00007ffadfe30000 - 0x00007ffadfe4d000 	C:\Windows\SYSTEM32\dhcpcsvc.DLL

dbghelp: loaded successfully - version: 4.0.5 - missing functions: none
symbol engine: initialized successfully - sym options: 0x614 - pdb path: .;c:\Users\HP\.vscode\extensions\redhat.java-1.13.0-win32-x64\jre\17.0.5-win32-x86_64\bin;C:\Windows\SYSTEM32;C:\Windows\WinSxS\amd64_microsoft.windows.common-controls_6595b64144ccf1df_6.0.19041.1110_none_60b5254171f9507e;c:\Users\HP\.vscode\extensions\redhat.java-1.13.0-win32-x64\jre\17.0.5-win32-x86_64\bin\server

VM Arguments:
jvm_args: -Dsts.lsp.client=vscode -Dsts.log.file=/dev/null -XX:TieredStopAtLevel=1 -Xlog:jni+resolve=off -Dspring.config.location=file:c:\Users\HP\.vscode\extensions\pivotal.vscode-spring-boot-1.42.0\language-server\BOOT-INF\classes\application.properties 
java_command: org.springframework.ide.vscode.boot.app.BootLanguageServerBootApp
java_class_path (initial): c:\Users\HP\.vscode\extensions\pivotal.vscode-spring-boot-1.42.0\language-server\BOOT-INF\classes;c:\Users\HP\.vscode\extensions\pivotal.vscode-spring-boot-1.42.0\language-server\BOOT-INF\lib\annotations-23.1.0.jar;c:\Users\HP\.vscode\extensions\pivotal.vscode-spring-boot-1.42.0\language-server\BOOT-INF\lib\ant-1.10.12.jar;c:\Users\HP\.vscode\extensions\pivotal.vscode-spring-boot-1.42.0\language-server\BOOT-INF\lib\ant-launcher-1.10.12.jar;c:\Users\HP\.vscode\extensions\pivotal.vscode-spring-boot-1.42.0\language-server\BOOT-INF\lib\antlr-runtime-3.5.2.jar;c:\Users\HP\.vscode\extensions\pivotal.vscode-spring-boot-1.42.0\language-server\BOOT-INF\lib\antlr4-4.9.3.jar;c:\Users\HP\.vscode\extensions\pivotal.vscode-spring-boot-1.42.0\language-server\BOOT-INF\lib\antlr4-runtime-4.9.3.jar;c:\Users\HP\.vscode\extensions\pivotal.vscode-spring-boot-1.42.0\language-server\BOOT-INF\lib\apiguardian-api-1.1.2.jar;c:\Users\HP\.vscode\extensions\pivotal.vscode-spring-boot-1.42.0\language-server\BOOT-INF\lib\asm-9.4.jar;c:\Users\HP\.vscode\extensions\pivotal.vscode-spring-boot-1.42.0\language-server\BOOT-INF\lib\asm-analysis-9.4.jar;c:\Users\HP\.vscode\extensions\pivotal.vscode-spring-boot-1.42.0\language-server\BOOT-INF\lib\asm-tree-9.4.jar;c:\Users\HP\.vscode\extensions\pivotal.vscode-spring-boot-1.42.0\language-server\BOOT-INF\lib\asm-util-9.4.jar;c:\Users\HP\.vscode\extensions\pivotal.vscode-spring-boot-1.42.0\language-server\BOOT-INF\lib\caffeine-2.9.3.jar;c:\Users\HP\.vscode\extensions\pivotal.vscode-spring-boot-1.42.0\language-server\BOOT-INF\lib\checker-qual-3.12.0.jar;c:\Users\HP\.vscode\extensions\pivotal.vscode-spring-boot-1.42.0\language-server\BOOT-INF\lib\ci-environment-9.1.0.jar;c:\Users\HP\.vscode\extensions\pivotal.vscode-spring-boot-1.42.0\language-server\BOOT-INF\lib\classgraph-4.8.149.jar;c:\Users\HP\.vscode\extensions\pivotal.vscode-spring-boot-1.42.0\language-server\BOOT-INF\lib\commons-codec-1.15.jar;c:\Users\HP\.vscode\extensions\p
Launcher Type: SUN_STANDARD

[Global flags]
     intx CICompilerCount                          = 4                                         {product} {ergonomic}
     uint ConcGCThreads                            = 2                                         {product} {ergonomic}
     uint G1ConcRefinementThreads                  = 8                                         {product} {ergonomic}
   size_t G1HeapRegionSize                         = 1048576                                   {product} {ergonomic}
    uintx GCDrainStackTargetSize                   = 64                                        {product} {ergonomic}
   size_t InitialHeapSize                          = 134217728                                 {product} {ergonomic}
   size_t MarkStackSize                            = 4194304                                   {product} {ergonomic}
   size_t MaxHeapSize                              = 2126512128                                {product} {ergonomic}
   size_t MaxNewSize                               = 1275068416                                {product} {ergonomic}
   size_t MinHeapDeltaBytes                        = 1048576                                   {product} {ergonomic}
   size_t MinHeapSize                              = 8388608                                   {product} {ergonomic}
    uintx NonProfiledCodeHeapSize                  = 0                                      {pd product} {ergonomic}
     bool ProfileInterpreter                       = false                                  {pd product} {command line}
    uintx ProfiledCodeHeapSize                     = 0                                      {pd product} {ergonomic}
   size_t SoftMaxHeapSize                          = 2126512128                             {manageable} {ergonomic}
     intx TieredStopAtLevel                        = 1                                         {product} {command line}
     bool UseCompressedClassPointers               = true                           {product lp64_product} {ergonomic}
     bool UseCompressedOops                        = true                           {product lp64_product} {ergonomic}
     bool UseG1GC                                  = true                                      {product} {ergonomic}
     bool UseLargePagesIndividualAllocation        = false                                  {pd product} {ergonomic}

Logging:
Log output configuration:
 #0: stdout all=warning,jni+resolve=off uptime,level,tags
 #1: stderr all=off uptime,level,tags

Environment Variables:
PATH=C:\Users\HP\bin;C:\Program Files\Git\mingw64\bin;C:\Program Files\Git\usr\local\bin;C:\Program Files\Git\usr\bin;C:\Program Files\Git\usr\bin;C:\Program Files\Git\mingw64\bin;C:\Program Files\Git\usr\bin;C:\Users\HP\bin;C:\Program Files (x86)\Microsoft SDKs\Azure\CLI2\wbin;C:\Windows\system32;C:\Windows;C:\Windows\System32\Wbem;C:\Windows\System32\WindowsPowerShell\v1.0;C:\Windows\System32\OpenSSH;C:\Program Files\Java\jdk-11.0.13\bin;C:\Program Files\Git\cmd;C:\Users\HP\flutter\bin;C:\Users\HP\AppData\Local\Pub\Cache\bin;C:\Program Files\nodejs;C:\Program Files\GitHub CLI;C:\apache2\apache-maven-3.8.4\bin;C:\Program Files\PuTTY;C:\Program Files\Docker\Docker\resources\bin;C:\ProgramData\DockerDesktop\version-bin;C:\Program Files (x86)\Vim\vim90;C:\Program Files\Terraform;C:\Users\HP\AppData\Local\Programs\Python\Python310\Scripts;C:\Users\HP\AppData\Local\Programs\Python\Python310;C:\Program Files\MySQL\MySQL Shell 8.0\bin;C:\Users\HP\AppData\Local\Microsoft\WindowsApps;C:\Users\HP\AppData\Local\Programs\Microsoft VS Code\bin;C:\Users\HP\AppData\Roaming\npm;C:\MinGW\bin;C:\Users\HP\AppData\Local\GitHubDesktop\bin;C:\Program Files\Git\usr\bin\vendor_perl;C:\Program Files\Git\usr\bin\core_perl
USERNAME=HP
SHELL=C:\Program Files\Git\usr\bin\bash.exe
DISPLAY=needs-to-be-defined
LC_CTYPE=en_US.UTF-8
TERM=xterm
TMPDIR=C:\Users\HP\AppData\Local\Temp
OS=Windows_NT
PROCESSOR_IDENTIFIER=Intel64 Family 6 Model 142 Stepping 10, GenuineIntel
TMP=C:\Users\HP\AppData\Local\Temp
TEMP=C:\Users\HP\AppData\Local\Temp



---------------  S Y S T E M  ---------------

OS:
 Windows 10 , 64 bit Build 19041 (10.0.19041.2364)
OS uptime: 3 days 3:18 hours
Hyper-V role detected

CPU: total 8 (initial active 8) (4 cores per cpu, 2 threads per core) family 6 model 142 stepping 10 microcode 0xb4, cx8, cmov, fxsr, ht, mmx, 3dnowpref, sse, sse2, sse3, ssse3, sse4.1, sse4.2, popcnt, lzcnt, tsc, tscinvbit, avx, avx2, aes, erms, clmul, bmi1, bmi2, adx, fma, vzeroupper, clflush, clflushopt, hv

Memory: 4k page, system-wide physical 8107M (553M free)
TotalPageFile size 23373M (AvailPageFile size 186M)
current process WorkingSet (physical memory assigned to process): 248M, peak: 248M
current process commit charge ("private bytes"): 291M, peak: 496M

vm_info: OpenJDK 64-Bit Server VM (17.0.5+8) for windows-amd64 JRE (17.0.5+8), built on Oct 19 2022 04:48:13 by "temurin" with MS VC++ 16.7 (VS2019)

END.
