#
# There is insufficient memory for the Java Runtime Environment to continue.
# Native memory allocation (mmap) failed to map 27262976 bytes for G1 virtual space
# Possible reasons:
#   The system is out of physical RAM or swap space
#   The process is running with CompressedOops enabled, and the Java Heap may be blocking the growth of the native heap
# Possible solutions:
#   Reduce memory load on the system
#   Increase physical memory or swap space
#   Check if swap backing store is full
#   Decrease Java heap size (-Xmx/-Xms)
#   Decrease number of Java threads
#   Decrease Java thread stack sizes (-Xss)
#   Set larger code cache with -XX:ReservedCodeCacheSize=
#   JVM is running with Unscaled Compressed Oops mode in which the Java heap is
#     placed in the first 4GB address space. The Java Heap base address is the
#     maximum limit for the native heap growth. Please use -XX:HeapBaseMinAddress
#     to set the Java Heap base and to place the Java Heap above 4GB virtual address.
# This output file may be truncated or incomplete.
#
#  Out of Memory Error (os_windows.cpp:3548), pid=22404, tid=25148
#
# JRE version: OpenJDK Runtime Environment Temurin-17.0.5+8 (17.0.5+8) (build 17.0.5+8)
# Java VM: OpenJDK 64-Bit Server VM Temurin-17.0.5+8 (17.0.5+8, mixed mode, emulated-client, tiered, compressed oops, compressed class ptrs, g1 gc, windows-amd64)
# No core dump will be written. Minidumps are not enabled by default on client versions of Windows
#

---------------  S U M M A R Y ------------

Command Line: -Dsts.lsp.client=vscode -Dsts.log.file=/dev/null -XX:TieredStopAtLevel=1 -Xlog:jni+resolve=off -Dspring.config.location=file:c:\Users\HP\.vscode\extensions\pivotal.vscode-spring-boot-1.42.0\language-server\BOOT-INF\classes\application.properties org.springframework.ide.vscode.boot.app.BootLanguageServerBootApp

Host: Intel(R) Core(TM) i5-8250U CPU @ 1.60GHz, 8 cores, 7G,  Windows 10 , 64 bit Build 19041 (10.0.19041.2364)
Time: Mon Dec 19 12:55:24 2022 Romance Standard Time elapsed time: 23.659764 seconds (0d 0h 0m 23s)

---------------  T H R E A D  ---------------

Current thread (0x0000024ea95b7290):  VMThread "VM Thread" [stack: 0x0000006d7f700000,0x0000006d7f800000] [id=25148]

Stack: [0x0000006d7f700000,0x0000006d7f800000]
Native frames: (J=compiled Java code, j=interpreted, Vv=VM code, C=native code)
V  [jvm.dll+0x676b3a]
V  [jvm.dll+0x831444]
V  [jvm.dll+0x832bee]
V  [jvm.dll+0x833253]
V  [jvm.dll+0x244ce5]
V  [jvm.dll+0x673a49]
V  [jvm.dll+0x66811a]
V  [jvm.dll+0x303ceb]
V  [jvm.dll+0x30b1e6]
V  [jvm.dll+0x35adbe]
V  [jvm.dll+0x35afef]
V  [jvm.dll+0x2dab88]
V  [jvm.dll+0x2d8e3c]
V  [jvm.dll+0x2d840c]
V  [jvm.dll+0x31c31b]
V  [jvm.dll+0x8376fb]
V  [jvm.dll+0x838434]
V  [jvm.dll+0x83894c]
V  [jvm.dll+0x838d24]
V  [jvm.dll+0x838df0]
V  [jvm.dll+0x7e17ea]
V  [jvm.dll+0x6759e5]
C  [ucrtbase.dll+0x21bb2]
C  [KERNEL32.DLL+0x17614]
C  [ntdll.dll+0x526a1]

VM_Operation (0x0000006d020fd510): G1CollectForAllocation, mode: safepoint, requested by thread 0x0000024eab709580


---------------  P R O C E S S  ---------------

Threads class SMR info:
_java_thread_list=0x0000024eaaae78d0, length=40, elements={
0x0000024ea95cc730, 0x0000024ea95cd4b0, 0x0000024ea95e80d0, 0x0000024ea95e99a0,
0x0000024ea95ea260, 0x0000024ea95eab20, 0x0000024ea95eb490, 0x0000024ea95ed8a0,
0x0000024eaa211ee0, 0x0000024eaa2225c0, 0x0000024eaa2250f0, 0x0000024eaa227020,
0x0000024eab3a3750, 0x0000024eab65f580, 0x0000024eab08ea20, 0x0000024e9c27cbe0,
0x0000024eab69b030, 0x0000024eab6da530, 0x0000024eab6ec920, 0x0000024eab6efbc0,
0x0000024eab70a3f0, 0x0000024eab70b730, 0x0000024eab70c0d0, 0x0000024eab709f20,
0x0000024eab709a50, 0x0000024eab70c5a0, 0x0000024eab708be0, 0x0000024eab7090b0,
0x0000024eab70b260, 0x0000024eab70a8c0, 0x0000024eab70ad90, 0x0000024eab709580,
0x0000024eab70bc00, 0x0000024eab94f480, 0x0000024eab94eae0, 0x0000024eab94efb0,
0x0000024eab954180, 0x0000024eab951fd0, 0x0000024eab94f950, 0x0000024eab94fe20
}
_to_delete_list=0x0000024eab93f030, length=27, elements={
0x0000024ea95cc730, 0x0000024ea95cd4b0, 0x0000024ea95e80d0, 0x0000024ea95e99a0,
0x0000024ea95ea260, 0x0000024ea95eab20, 0x0000024ea95eb490, 0x0000024ea95ed8a0,
0x0000024eaa211ee0, 0x0000024eaa2225c0, 0x0000024eaa2250f0, 0x0000024eaa227020,
0x0000024eab3a3750, 0x0000024eab65f580, 0x0000024eab08ea20, 0x0000024e9c27cbe0,
0x0000024eab69b030, 0x0000024eab6da530, 0x0000024eab6ec920, 0x0000024eab6efbc0,
0x0000024eab70a3f0, 0x0000024eab70b730, 0x0000024eab70c0d0, 0x0000024eab709f20,
0x0000024eab709a50, 0x0000024eab70c5a0, 0x0000024eab708be0
}

Java Threads: ( => current thread )
  0x0000024ea95cc730 JavaThread "Reference Handler" daemon [_thread_blocked, id=23616, stack(0x0000006d7f800000,0x0000006d7f900000)]
  0x0000024ea95cd4b0 JavaThread "Finalizer" daemon [_thread_blocked, id=20648, stack(0x0000006d7f900000,0x0000006d7fa00000)]
  0x0000024ea95e80d0 JavaThread "Signal Dispatcher" daemon [_thread_blocked, id=24824, stack(0x0000006d7fa00000,0x0000006d7fb00000)]
  0x0000024ea95e99a0 JavaThread "Attach Listener" daemon [_thread_blocked, id=20464, stack(0x0000006d7fb00000,0x0000006d7fc00000)]
  0x0000024ea95ea260 JavaThread "Service Thread" daemon [_thread_blocked, id=22492, stack(0x0000006d7fc00000,0x0000006d7fd00000)]
  0x0000024ea95eab20 JavaThread "Monitor Deflation Thread" daemon [_thread_blocked, id=24876, stack(0x0000006d7fd00000,0x0000006d7fe00000)]
  0x0000024ea95eb490 JavaThread "C1 CompilerThread0" daemon [_thread_blocked, id=22796, stack(0x0000006d7fe00000,0x0000006d7ff00000)]
  0x0000024ea95ed8a0 JavaThread "Sweeper thread" daemon [_thread_blocked, id=23560, stack(0x0000006d7ff00000,0x0000006d80000000)]
  0x0000024eaa211ee0 JavaThread "C1 CompilerThread1" daemon [_thread_blocked, id=23856, stack(0x0000006d00000000,0x0000006d00100000)]
  0x0000024eaa2225c0 JavaThread "C1 CompilerThread2" daemon [_thread_blocked, id=13268, stack(0x0000006d00100000,0x0000006d00200000)]
  0x0000024eaa2250f0 JavaThread "Notification Thread" daemon [_thread_blocked, id=3964, stack(0x0000006d00200000,0x0000006d00300000)]
  0x0000024eaa227020 JavaThread "Common-Cleaner" daemon [_thread_blocked, id=24832, stack(0x0000006d00400000,0x0000006d00500000)]
  0x0000024eab3a3750 JavaThread "boundedElastic-evictor-1" daemon [_thread_blocked, id=16484, stack(0x0000006d00e00000,0x0000006d00f00000)]
  0x0000024eab65f580 JavaThread "pool-11-thread-1" [_thread_blocked, id=23476, stack(0x0000006d00500000,0x0000006d00600000)]
  0x0000024eab08ea20 JavaThread "LanguageServerApp-lifecycle" [_thread_blocked, id=18296, stack(0x0000006d01000000,0x0000006d01100000)]
  0x0000024e9c27cbe0 JavaThread "DestroyJavaVM" [_thread_blocked, id=25564, stack(0x0000006d7f100000,0x0000006d7f200000)]
  0x0000024eab69b030 JavaThread "pool-12-thread-1" [_thread_in_native, id=9140, stack(0x0000006d01100000,0x0000006d01200000)]
  0x0000024eab6da530 JavaThread "Simple-Language-Server main thread" daemon [_thread_blocked, id=9124, stack(0x0000006d01200000,0x0000006d01300000)]
  0x0000024eab6ec920 JavaThread "pool-8-thread-1" [_thread_blocked, id=23420, stack(0x0000006d01300000,0x0000006d01400000)]
  0x0000024eab6efbc0 JavaThread "parallel-1" daemon [_thread_blocked, id=21752, stack(0x0000006d01400000,0x0000006d01500000)]
  0x0000024eab70a3f0 JavaThread "parallel-2" daemon [_thread_blocked, id=976, stack(0x0000006d01500000,0x0000006d01600000)]
  0x0000024eab70b730 JavaThread "Reconciler-1" daemon [_thread_blocked, id=20844, stack(0x0000006d01600000,0x0000006d01700000)]
  0x0000024eab70c0d0 JavaThread "ForkJoinPool.commonPool-worker-1" daemon [_thread_blocked, id=21656, stack(0x0000006d01700000,0x0000006d01800000)]
  0x0000024eab709f20 JavaThread "pool-5-thread-1" [_thread_blocked, id=23156, stack(0x0000006d01800000,0x0000006d01900000)]
  0x0000024eab709a50 JavaThread "ForkJoinPool.commonPool-worker-2" daemon [_thread_blocked, id=16088, stack(0x0000006d01900000,0x0000006d01a00000)]
  0x0000024eab70c5a0 JavaThread "parallel-3" daemon [_thread_blocked, id=4144, stack(0x0000006d01a00000,0x0000006d01b00000)]
  0x0000024eab708be0 JavaThread "ClassGraph-worker-0" daemon [_thread_blocked, id=24076, stack(0x0000006d01b00000,0x0000006d01c00000)]
  0x0000024eab7090b0 JavaThread "ClassGraph-worker-1" daemon [_thread_blocked, id=18188, stack(0x0000006d01c00000,0x0000006d01d00000)]
  0x0000024eab70b260 JavaThread "ClassGraph-worker-2" daemon [_thread_blocked, id=23020, stack(0x0000006d01d00000,0x0000006d01e00000)]
  0x0000024eab70a8c0 JavaThread "ClassGraph-worker-3" daemon [_thread_blocked, id=22084, stack(0x0000006d01e00000,0x0000006d01f00000)]
  0x0000024eab70ad90 JavaThread "ClassGraph-worker-4" daemon [_thread_blocked, id=25592, stack(0x0000006d01f00000,0x0000006d02000000)]
  0x0000024eab709580 JavaThread "ClassGraph-worker-5" daemon [_thread_blocked, id=25440, stack(0x0000006d02000000,0x0000006d02100000)]
  0x0000024eab70bc00 JavaThread "ClassGraph-worker-6" daemon [_thread_blocked, id=24344, stack(0x0000006d02100000,0x0000006d02200000)]
  0x0000024eab94f480 JavaThread "ClassGraph-worker-7" daemon [_thread_blocked, id=25188, stack(0x0000006d02200000,0x0000006d02300000)]
  0x0000024eab94eae0 JavaThread "ClassGraph-worker-8" daemon [_thread_blocked, id=15800, stack(0x0000006d02300000,0x0000006d02400000)]
  0x0000024eab94efb0 JavaThread "ClassGraph-worker-9" daemon [_thread_blocked, id=24168, stack(0x0000006d02400000,0x0000006d02500000)]
  0x0000024eab954180 JavaThread "ClassGraph-worker-10" daemon [_thread_blocked, id=23836, stack(0x0000006d02500000,0x0000006d02600000)]
  0x0000024eab951fd0 JavaThread "ClassGraph-worker-11" daemon [_thread_blocked, id=25048, stack(0x0000006d02600000,0x0000006d02700000)]
  0x0000024eab94f950 JavaThread "ClassGraph-worker-12" daemon [_thread_blocked, id=25552, stack(0x0000006d02700000,0x0000006d02800000)]
  0x0000024eab94fe20 JavaThread "ClassGraph-worker-13" daemon [_thread_blocked, id=23596, stack(0x0000006d02800000,0x0000006d02900000)]

Other Threads:
=>0x0000024ea95b7290 VMThread "VM Thread" [stack: 0x0000006d7f700000,0x0000006d7f800000] [id=25148]
  0x0000024eaa2265d0 WatcherThread [stack: 0x0000006d00300000,0x0000006d00400000] [id=22152]
  0x0000024e9c2d7aa0 GCTaskThread "GC Thread#0" [stack: 0x0000006d7f200000,0x0000006d7f300000] [id=22608]
  0x0000024eaadd68b0 GCTaskThread "GC Thread#1" [stack: 0x0000006d00600000,0x0000006d00700000] [id=16316]
  0x0000024eaadd6b60 GCTaskThread "GC Thread#2" [stack: 0x0000006d00700000,0x0000006d00800000] [id=17556]
  0x0000024eaadf5ff0 GCTaskThread "GC Thread#3" [stack: 0x0000006d00800000,0x0000006d00900000] [id=11144]
  0x0000024eaadf62a0 GCTaskThread "GC Thread#4" [stack: 0x0000006d00900000,0x0000006d00a00000] [id=17436]
  0x0000024eaadf6550 GCTaskThread "GC Thread#5" [stack: 0x0000006d00a00000,0x0000006d00b00000] [id=5476]
  0x0000024eaa95d630 GCTaskThread "GC Thread#6" [stack: 0x0000006d00c00000,0x0000006d00d00000] [id=19400]
  0x0000024eaa066480 GCTaskThread "GC Thread#7" [stack: 0x0000006d00d00000,0x0000006d00e00000] [id=18632]
  0x0000024e9c2e8670 ConcurrentGCThread "G1 Main Marker" [stack: 0x0000006d7f300000,0x0000006d7f400000] [id=25384]
  0x0000024e9c2e8f90 ConcurrentGCThread "G1 Conc#0" [stack: 0x0000006d7f400000,0x0000006d7f500000] [id=23408]
  0x0000024eab04f920 ConcurrentGCThread "G1 Conc#1" [stack: 0x0000006d00f00000,0x0000006d01000000] [id=23100]
  0x0000024e9c33e350 ConcurrentGCThread "G1 Refine#0" [stack: 0x0000006d7f500000,0x0000006d7f600000] [id=13384]
  0x0000024eaad942a0 ConcurrentGCThread "G1 Refine#1" [stack: 0x0000006d00b00000,0x0000006d00c00000] [id=288]
  0x0000024e9c33ec80 ConcurrentGCThread "G1 Service" [stack: 0x0000006d7f600000,0x0000006d7f700000] [id=24148]

Threads with active compile tasks:

VM state: at safepoint (normal execution)

VM Mutex/Monitor currently owned by a thread:  ([mutex/lock_event])
[0x0000024e9a08e6c0] Threads_lock - owner thread: 0x0000024ea95b7290
[0x0000024e9c27ada0] Heap_lock - owner thread: 0x0000024eab709580

Heap address: 0x0000000081400000, size: 2028 MB, Compressed Oops mode: 32-bit

CDS archive(s) not mapped
Compressed class space mapped at: 0x0000000100000000-0x0000000140000000, reserved size: 1073741824
Narrow klass base: 0x0000000000000000, Narrow klass shift: 3, Narrow klass range: 0x140000000

GC Precious Log:
 CPUs: 8 total, 8 available
 Memory: 8107M
 Large Page Support: Disabled
 NUMA Support: Disabled
 Compressed Oops: Enabled (32-bit)
 Heap Region Size: 1M
 Heap Min Capacity: 8M
 Heap Initial Capacity: 128M
 Heap Max Capacity: 2028M
 Pre-touch: Disabled
 Parallel Workers: 8
 Concurrent Workers: 2
 Concurrent Refinement Workers: 8
 Periodic GC: Disabled

Heap:
 garbage-first heap   total 104448K, used 44725K [0x0000000081400000, 0x0000000100000000)
  region size 1024K, 2 young (2048K), 2 survivors (2048K)
 Metaspace       used 38073K, committed 38336K, reserved 1089536K
  class space    used 4811K, committed 4928K, reserved 1048576K

Heap Regions: E=young(eden), S=young(survivor), O=old, HS=humongous(starts), HC=humongous(continues), CS=collection set, F=free, OA=open archive, CA=closed archive, TAMS=top-at-mark-start (previous, next)
|   0|0x0000000081400000, 0x0000000081500000, 0x0000000081500000|100%| O|  |TAMS 0x0000000081500000, 0x0000000081500000| Untracked 
|   1|0x0000000081500000, 0x0000000081600000, 0x0000000081600000|100%| O|  |TAMS 0x0000000081600000, 0x0000000081600000| Untracked 
|   2|0x0000000081600000, 0x0000000081700000, 0x0000000081700000|100%| O|  |TAMS 0x0000000081700000, 0x0000000081700000| Untracked 
|   3|0x0000000081700000, 0x0000000081800000, 0x0000000081800000|100%| O|  |TAMS 0x0000000081800000, 0x0000000081800000| Untracked 
|   4|0x0000000081800000, 0x0000000081900000, 0x0000000081900000|100%| O|  |TAMS 0x0000000081900000, 0x0000000081900000| Untracked 
|   5|0x0000000081900000, 0x0000000081a00000, 0x0000000081a00000|100%| O|  |TAMS 0x0000000081a00000, 0x0000000081a00000| Untracked 
|   6|0x0000000081a00000, 0x0000000081b00000, 0x0000000081b00000|100%| O|  |TAMS 0x0000000081b00000, 0x0000000081b00000| Untracked 
|   7|0x0000000081b00000, 0x0000000081c00000, 0x0000000081c00000|100%| O|  |TAMS 0x0000000081c00000, 0x0000000081c00000| Untracked 
|   8|0x0000000081c00000, 0x0000000081d00000, 0x0000000081d00000|100%| O|  |TAMS 0x0000000081c00000, 0x0000000081c00000| Untracked 
|   9|0x0000000081d00000, 0x0000000081e00000, 0x0000000081e00000|100%| O|  |TAMS 0x0000000081e00000, 0x0000000081e00000| Untracked 
|  10|0x0000000081e00000, 0x0000000081f00000, 0x0000000081f00000|100%| O|  |TAMS 0x0000000081f00000, 0x0000000081f00000| Untracked 
|  11|0x0000000081f00000, 0x0000000082000000, 0x0000000082000000|100%| O|  |TAMS 0x0000000082000000, 0x0000000082000000| Untracked 
|  12|0x0000000082000000, 0x0000000082100000, 0x0000000082100000|100%| O|  |TAMS 0x0000000082100000, 0x0000000082100000| Untracked 
|  13|0x0000000082100000, 0x0000000082200000, 0x0000000082200000|100%| O|  |TAMS 0x0000000082200000, 0x0000000082200000| Untracked 
|  14|0x0000000082200000, 0x0000000082300000, 0x0000000082300000|100%| O|  |TAMS 0x0000000082300000, 0x0000000082300000| Untracked 
|  15|0x0000000082300000, 0x0000000082400000, 0x0000000082400000|100%| O|  |TAMS 0x0000000082400000, 0x0000000082400000| Untracked 
|  16|0x0000000082400000, 0x0000000082500000, 0x0000000082500000|100%| O|  |TAMS 0x0000000082500000, 0x0000000082500000| Untracked 
|  17|0x0000000082500000, 0x0000000082600000, 0x0000000082600000|100%| O|  |TAMS 0x0000000082600000, 0x0000000082600000| Untracked 
|  18|0x0000000082600000, 0x0000000082700000, 0x0000000082700000|100%| O|  |TAMS 0x0000000082700000, 0x0000000082700000| Untracked 
|  19|0x0000000082700000, 0x0000000082800000, 0x0000000082800000|100%| O|  |TAMS 0x0000000082800000, 0x0000000082800000| Untracked 
|  20|0x0000000082800000, 0x0000000082900000, 0x0000000082900000|100%| O|  |TAMS 0x0000000082900000, 0x0000000082900000| Untracked 
|  21|0x0000000082900000, 0x0000000082a00000, 0x0000000082a00000|100%| O|  |TAMS 0x0000000082a00000, 0x0000000082a00000| Untracked 
|  22|0x0000000082a00000, 0x0000000082b00000, 0x0000000082b00000|100%| O|  |TAMS 0x0000000082b00000, 0x0000000082b00000| Untracked 
|  23|0x0000000082b00000, 0x0000000082c00000, 0x0000000082c00000|100%| O|  |TAMS 0x0000000082c00000, 0x0000000082c00000| Untracked 
|  24|0x0000000082c00000, 0x0000000082d00000, 0x0000000082d00000|100%| O|  |TAMS 0x0000000082d00000, 0x0000000082d00000| Untracked 
|  25|0x0000000082d00000, 0x0000000082e00000, 0x0000000082e00000|100%| O|  |TAMS 0x0000000082e00000, 0x0000000082e00000| Untracked 
|  26|0x0000000082e00000, 0x0000000082f00000, 0x0000000082f00000|100%| O|  |TAMS 0x0000000082f00000, 0x0000000082f00000| Untracked 
|  27|0x0000000082f00000, 0x0000000083000000, 0x0000000083000000|100%| O|  |TAMS 0x0000000083000000, 0x0000000083000000| Untracked 
|  28|0x0000000083000000, 0x0000000083100000, 0x0000000083100000|100%| O|  |TAMS 0x00000000830a0a00, 0x0000000083100000| Untracked 
|  29|0x0000000083100000, 0x0000000083200000, 0x0000000083200000|100%| O|  |TAMS 0x0000000083100000, 0x0000000083200000| Untracked 
|  30|0x0000000083200000, 0x0000000083300000, 0x0000000083300000|100%| O|  |TAMS 0x0000000083200000, 0x0000000083300000| Untracked 
|  31|0x0000000083300000, 0x0000000083400000, 0x0000000083400000|100%| O|  |TAMS 0x0000000083300000, 0x0000000083400000| Untracked 
|  32|0x0000000083400000, 0x0000000083500000, 0x0000000083500000|100%| O|  |TAMS 0x0000000083400000, 0x0000000083500000| Untracked 
|  33|0x0000000083500000, 0x0000000083600000, 0x0000000083600000|100%| O|  |TAMS 0x0000000083500000, 0x0000000083600000| Untracked 
|  34|0x0000000083600000, 0x0000000083700000, 0x0000000083700000|100%| O|  |TAMS 0x0000000083600000, 0x0000000083700000| Untracked 
|  35|0x0000000083700000, 0x0000000083800000, 0x0000000083800000|100%| O|  |TAMS 0x0000000083700000, 0x0000000083800000| Untracked 
|  36|0x0000000083800000, 0x0000000083900000, 0x0000000083900000|100%| O|  |TAMS 0x0000000083800000, 0x000000008381ec00| Untracked 
|  37|0x0000000083900000, 0x0000000083a00000, 0x0000000083a00000|100%| O|  |TAMS 0x0000000083900000, 0x0000000083900000| Untracked 
|  38|0x0000000083a00000, 0x0000000083b00000, 0x0000000083b00000|100%| O|  |TAMS 0x0000000083a00000, 0x0000000083a00000| Untracked 
|  39|0x0000000083b00000, 0x0000000083c00000, 0x0000000083c00000|100%| O|  |TAMS 0x0000000083b00000, 0x0000000083b00000| Untracked 
|  40|0x0000000083c00000, 0x0000000083d00000, 0x0000000083d00000|100%| O|  |TAMS 0x0000000083c00000, 0x0000000083c00000| Untracked 
|  41|0x0000000083d00000, 0x0000000083dad400, 0x0000000083e00000| 67%| O|  |TAMS 0x0000000083d00000, 0x0000000083d00000| Untracked 
|  42|0x0000000083e00000, 0x0000000083e00000, 0x0000000083f00000|  0%| F|  |TAMS 0x0000000083e00000, 0x0000000083e00000| Untracked 
|  43|0x0000000083f00000, 0x0000000083f00000, 0x0000000084000000|  0%| F|  |TAMS 0x0000000083f00000, 0x0000000083f00000| Untracked 
|  44|0x0000000084000000, 0x0000000084000000, 0x0000000084100000|  0%| F|  |TAMS 0x0000000084000000, 0x0000000084000000| Untracked 
|  45|0x0000000084100000, 0x0000000084100000, 0x0000000084200000|  0%| F|  |TAMS 0x0000000084100000, 0x0000000084100000| Untracked 
|  46|0x0000000084200000, 0x0000000084200000, 0x0000000084300000|  0%| F|  |TAMS 0x0000000084200000, 0x0000000084200000| Untracked 
|  47|0x0000000084300000, 0x0000000084300000, 0x0000000084400000|  0%| F|  |TAMS 0x0000000084300000, 0x0000000084300000| Untracked 
|  48|0x0000000084400000, 0x0000000084400000, 0x0000000084500000|  0%| F|  |TAMS 0x0000000084400000, 0x0000000084400000| Untracked 
|  49|0x0000000084500000, 0x0000000084500000, 0x0000000084600000|  0%| F|  |TAMS 0x0000000084500000, 0x0000000084500000| Untracked 
|  50|0x0000000084600000, 0x0000000084600000, 0x0000000084700000|  0%| F|  |TAMS 0x0000000084600000, 0x0000000084600000| Untracked 
|  51|0x0000000084700000, 0x0000000084700000, 0x0000000084800000|  0%| F|  |TAMS 0x0000000084700000, 0x0000000084700000| Untracked 
|  52|0x0000000084800000, 0x0000000084800000, 0x0000000084900000|  0%| F|  |TAMS 0x0000000084800000, 0x0000000084800000| Untracked 
|  53|0x0000000084900000, 0x0000000084a00000, 0x0000000084a00000|100%| S|CS|TAMS 0x0000000084900000, 0x0000000084900000| Complete 
|  54|0x0000000084a00000, 0x0000000084b00000, 0x0000000084b00000|100%| S|CS|TAMS 0x0000000084a00000, 0x0000000084a00000| Complete 
|  55|0x0000000084b00000, 0x0000000084b00000, 0x0000000084c00000|  0%| F|  |TAMS 0x0000000084b00000, 0x0000000084b00000| Untracked 
|  56|0x0000000084c00000, 0x0000000084c00000, 0x0000000084d00000|  0%| F|  |TAMS 0x0000000084c00000, 0x0000000084c00000| Untracked 
|  57|0x0000000084d00000, 0x0000000084d00000, 0x0000000084e00000|  0%| F|  |TAMS 0x0000000084d00000, 0x0000000084d00000| Untracked 
|  58|0x0000000084e00000, 0x0000000084e00000, 0x0000000084f00000|  0%| F|  |TAMS 0x0000000084e00000, 0x0000000084e00000| Untracked 
|  59|0x0000000084f00000, 0x0000000084f00000, 0x0000000085000000|  0%| F|  |TAMS 0x0000000084f00000, 0x0000000084f00000| Untracked 
|  60|0x0000000085000000, 0x0000000085000000, 0x0000000085100000|  0%| F|  |TAMS 0x0000000085000000, 0x0000000085000000| Untracked 
|  61|0x0000000085100000, 0x0000000085100000, 0x0000000085200000|  0%| F|  |TAMS 0x0000000085100000, 0x0000000085100000| Untracked 
|  62|0x0000000085200000, 0x0000000085200000, 0x0000000085300000|  0%| F|  |TAMS 0x0000000085200000, 0x0000000085200000| Untracked 
|  63|0x0000000085300000, 0x0000000085300000, 0x0000000085400000|  0%| F|  |TAMS 0x0000000085300000, 0x0000000085300000| Untracked 
|  64|0x0000000085400000, 0x0000000085400000, 0x0000000085500000|  0%| F|  |TAMS 0x0000000085400000, 0x0000000085400000| Untracked 
|  65|0x0000000085500000, 0x0000000085500000, 0x0000000085600000|  0%| F|  |TAMS 0x0000000085500000, 0x0000000085500000| Untracked 
|  66|0x0000000085600000, 0x0000000085600000, 0x0000000085700000|  0%| F|  |TAMS 0x0000000085600000, 0x0000000085600000| Untracked 
|  67|0x0000000085700000, 0x0000000085700000, 0x0000000085800000|  0%| F|  |TAMS 0x0000000085700000, 0x0000000085700000| Untracked 
|  68|0x0000000085800000, 0x0000000085800000, 0x0000000085900000|  0%| F|  |TAMS 0x0000000085800000, 0x0000000085800000| Untracked 
|  69|0x0000000085900000, 0x0000000085900000, 0x0000000085a00000|  0%| F|  |TAMS 0x0000000085900000, 0x0000000085900000| Untracked 
|  70|0x0000000085a00000, 0x0000000085a00000, 0x0000000085b00000|  0%| F|  |TAMS 0x0000000085a00000, 0x0000000085a00000| Untracked 
|  71|0x0000000085b00000, 0x0000000085b00000, 0x0000000085c00000|  0%| F|  |TAMS 0x0000000085b00000, 0x0000000085b00000| Untracked 
|  72|0x0000000085c00000, 0x0000000085c00000, 0x0000000085d00000|  0%| F|  |TAMS 0x0000000085c00000, 0x0000000085c00000| Untracked 
|  73|0x0000000085d00000, 0x0000000085d00000, 0x0000000085e00000|  0%| F|  |TAMS 0x0000000085d00000, 0x0000000085d00000| Untracked 
|  74|0x0000000085e00000, 0x0000000085e00000, 0x0000000085f00000|  0%| F|  |TAMS 0x0000000085e00000, 0x0000000085e00000| Untracked 
|  75|0x0000000085f00000, 0x0000000085f00000, 0x0000000086000000|  0%| F|  |TAMS 0x0000000085f00000, 0x0000000085f00000| Untracked 
|  76|0x0000000086000000, 0x0000000086000000, 0x0000000086100000|  0%| F|  |TAMS 0x0000000086000000, 0x0000000086000000| Untracked 
|  77|0x0000000086100000, 0x0000000086100000, 0x0000000086200000|  0%| F|  |TAMS 0x0000000086100000, 0x0000000086100000| Untracked 
|  78|0x0000000086200000, 0x0000000086200000, 0x0000000086300000|  0%| F|  |TAMS 0x0000000086200000, 0x0000000086200000| Untracked 
|  79|0x0000000086300000, 0x0000000086300000, 0x0000000086400000|  0%| F|  |TAMS 0x0000000086300000, 0x0000000086300000| Untracked 
|  80|0x0000000086400000, 0x0000000086400000, 0x0000000086500000|  0%| F|  |TAMS 0x0000000086400000, 0x0000000086400000| Untracked 
|  81|0x0000000086500000, 0x0000000086500000, 0x0000000086600000|  0%| F|  |TAMS 0x0000000086500000, 0x0000000086500000| Untracked 
|  82|0x0000000086600000, 0x0000000086600000, 0x0000000086700000|  0%| F|  |TAMS 0x0000000086600000, 0x0000000086600000| Untracked 
|  83|0x0000000086700000, 0x0000000086700000, 0x0000000086800000|  0%| F|  |TAMS 0x0000000086700000, 0x0000000086700000| Untracked 
|  84|0x0000000086800000, 0x0000000086800000, 0x0000000086900000|  0%| F|  |TAMS 0x0000000086800000, 0x0000000086800000| Untracked 
|  85|0x0000000086900000, 0x0000000086900000, 0x0000000086a00000|  0%| F|  |TAMS 0x0000000086900000, 0x0000000086900000| Untracked 
|  86|0x0000000086a00000, 0x0000000086a00000, 0x0000000086b00000|  0%| F|  |TAMS 0x0000000086a00000, 0x0000000086a00000| Untracked 
|  87|0x0000000086b00000, 0x0000000086b00000, 0x0000000086c00000|  0%| F|  |TAMS 0x0000000086b00000, 0x0000000086b00000| Untracked 
|  88|0x0000000086c00000, 0x0000000086c00000, 0x0000000086d00000|  0%| F|  |TAMS 0x0000000086c00000, 0x0000000086c00000| Untracked 
|  89|0x0000000086d00000, 0x0000000086d00000, 0x0000000086e00000|  0%| F|  |TAMS 0x0000000086d00000, 0x0000000086d00000| Untracked 
|  90|0x0000000086e00000, 0x0000000086e00000, 0x0000000086f00000|  0%| F|  |TAMS 0x0000000086e00000, 0x0000000086e00000| Untracked 
|  91|0x0000000086f00000, 0x0000000086f00000, 0x0000000087000000|  0%| F|  |TAMS 0x0000000086f00000, 0x0000000086f00000| Untracked 
|  92|0x0000000087000000, 0x0000000087000000, 0x0000000087100000|  0%| F|  |TAMS 0x0000000087000000, 0x0000000087000000| Untracked 
|  93|0x0000000087100000, 0x0000000087100000, 0x0000000087200000|  0%| F|  |TAMS 0x0000000087100000, 0x0000000087100000| Untracked 
|  94|0x0000000087200000, 0x0000000087200000, 0x0000000087300000|  0%| F|  |TAMS 0x0000000087200000, 0x0000000087200000| Untracked 
|  95|0x0000000087300000, 0x0000000087300000, 0x0000000087400000|  0%| F|  |TAMS 0x0000000087300000, 0x0000000087300000| Untracked 
|  96|0x0000000087400000, 0x0000000087400000, 0x0000000087500000|  0%| F|  |TAMS 0x0000000087400000, 0x0000000087400000| Untracked 
|  97|0x0000000087500000, 0x0000000087500000, 0x0000000087600000|  0%| F|  |TAMS 0x0000000087500000, 0x0000000087500000| Untracked 
|  98|0x0000000087600000, 0x0000000087600000, 0x0000000087700000|  0%| F|  |TAMS 0x0000000087600000, 0x0000000087600000| Untracked 
|  99|0x0000000087700000, 0x0000000087700000, 0x0000000087800000|  0%| F|  |TAMS 0x0000000087700000, 0x0000000087700000| Untracked 
| 126|0x0000000089200000, 0x0000000089200000, 0x0000000089300000|  0%| F|  |TAMS 0x0000000089200000, 0x0000000089200000| Untracked 
| 127|0x0000000089300000, 0x0000000089300000, 0x0000000089400000|  0%| F|  |TAMS 0x0000000089300000, 0x0000000089300000| Untracked 

Card table byte_map: [0x0000024ea2410000,0x0000024ea2810000] _byte_map_base: 0x0000024ea2006000

Marking Bits (Prev, Next): (CMBitMap*) 0x0000024e9c2d7fc0, (CMBitMap*) 0x0000024e9c2d8000
 Prev Bits: [0x0000024ea2c10000, 0x0000024ea4bc0000)
 Next Bits: [0x0000024ea4bc0000, 0x0000024ea6b70000)

Polling page: 0x0000024e9a200000

Metaspace:

Usage:
  Non-class:     32.48 MB used.
      Class:      4.70 MB used.
       Both:     37.18 MB used.

Virtual space:
  Non-class space:       40.00 MB reserved,      32.62 MB ( 82%) committed,  5 nodes.
      Class space:        1.00 GB reserved,       4.81 MB ( <1%) committed,  1 nodes.
             Both:        1.04 GB reserved,      37.44 MB (  4%) committed. 

Chunk freelists:
   Non-Class:  3.38 MB
       Class:  3.12 MB
        Both:  6.50 MB

MaxMetaspaceSize: unlimited
CompressedClassSpaceSize: 1.00 GB
Initial GC threshold: 21.00 MB
Current GC threshold: 61.88 MB
CDS: off
MetaspaceReclaimPolicy: balanced
 - commit_granule_bytes: 65536.
 - commit_granule_words: 8192.
 - virtual_space_node_default_size: 1048576.
 - enlarge_chunks_in_place: 1.
 - new_chunks_are_fully_committed: 0.
 - uncommit_free_chunks: 1.
 - use_allocation_guard: 0.
 - handle_deallocations: 1.


Internal statistics:

num_allocs_failed_limit: 6.
num_arena_births: 344.
num_arena_deaths: 0.
num_vsnodes_births: 6.
num_vsnodes_deaths: 0.
num_space_committed: 599.
num_space_uncommitted: 0.
num_chunks_returned_to_freelist: 6.
num_chunks_taken_from_freelist: 1464.
num_chunk_merges: 6.
num_chunk_splits: 991.
num_chunks_enlarged: 769.
num_purges: 0.
num_inconsistent_stats: 0.

CodeCache: size=49152Kb used=8433Kb max_used=8433Kb free=40718Kb
 bounds [0x0000024e9ef00000, 0x0000024e9f740000, 0x0000024ea1f00000]
 total_blobs=4284 nmethods=3757 adapters=452
 compilation: enabled
              stopped_count=0, restarted_count=0
 full_count=0

Compilation events (20 events):
Event: 23.558 Thread 0x0000024eaa2225c0 3751       1       sun.nio.fs.WindowsPath::hasDotOrDotDot (76 bytes)
Event: 23.560 Thread 0x0000024eaa2225c0 nmethod 3751 0x0000024e9f738410 code [0x0000024e9f738640, 0x0000024e9f738bb8]
Event: 23.560 Thread 0x0000024eaa211ee0 3752       1       sun.nio.fs.WindowsPath$WindowsPathWithAttributes::getFileSystem (5 bytes)
Event: 23.560 Thread 0x0000024eaa211ee0 nmethod 3752 0x0000024e9f738f90 code [0x0000024e9f739120, 0x0000024e9f7391f8]
Event: 23.560 Thread 0x0000024eaa2225c0 3753       1       nonapi.io.github.classgraph.utils.FastPathResolver::resolve (6 bytes)
Event: 23.561 Thread 0x0000024eaa2225c0 nmethod 3753 0x0000024e9f739290 code [0x0000024e9f739420, 0x0000024e9f7394e8]
Event: 23.563 Thread 0x0000024eaa211ee0 3754       1       java.util.ComparableTimSort::pushRun (31 bytes)
Event: 23.563 Thread 0x0000024ea95eb490 3755       1       java.util.ComparableTimSort::mergeCollapse (134 bytes)
Event: 23.563 Thread 0x0000024eaa211ee0 nmethod 3754 0x0000024e9f739890 code [0x0000024e9f739a20, 0x0000024e9f739b38]
Event: 23.564 Thread 0x0000024ea95eb490 nmethod 3755 0x0000024e9f739c90 code [0x0000024e9f739e40, 0x0000024e9f73a128]
Event: 23.564 Thread 0x0000024eaa2225c0 3756       1       nonapi.io.github.classgraph.fastzipfilereader.PhysicalZipFile::getFile (5 bytes)
Event: 23.564 Thread 0x0000024eaa2225c0 nmethod 3756 0x0000024e9f73a310 code [0x0000024e9f73a4a0, 0x0000024e9f73a578]
Event: 23.572 Thread 0x0000024eaa211ee0 3757       1       java.util.LinkedHashMap::keysToArray (38 bytes)
Event: 23.573 Thread 0x0000024eaa211ee0 nmethod 3757 0x0000024e9f73a610 code [0x0000024e9f73a7a0, 0x0000024e9f73a978]
Event: 23.573 Thread 0x0000024eaa2225c0 3759       1       org.eclipse.jdt.internal.compiler.util.HashtableOfInt::put (95 bytes)
Event: 23.574 Thread 0x0000024eaa2225c0 nmethod 3759 0x0000024e9f73b710 code [0x0000024e9f73b8e0, 0x0000024e9f73bc48]
Event: 23.574 Thread 0x0000024eaa211ee0 3762       1       jdk.internal.reflect.UnsafeQualifiedStaticIntegerFieldAccessorImpl::get (9 bytes)
Event: 23.574 Thread 0x0000024eaa211ee0 nmethod 3762 0x0000024e9f73be90 code [0x0000024e9f73c020, 0x0000024e9f73c198]
Event: 23.574 Thread 0x0000024eaa2225c0 3763       1       jdk.internal.reflect.UnsafeQualifiedStaticIntegerFieldAccessorImpl::getInt (15 bytes)
Event: 23.574 Thread 0x0000024eaa2225c0 nmethod 3763 0x0000024e9f73c290 code [0x0000024e9f73c420, 0x0000024e9f73c4f8]

GC Heap History (20 events):
Event: 21.915 GC heap after
{Heap after GC invocations=8 (full 0):
 garbage-first heap   total 51200K, used 19122K [0x0000000081400000, 0x0000000100000000)
  region size 1024K, 2 young (2048K), 2 survivors (2048K)
 Metaspace       used 35180K, committed 35520K, reserved 1081344K
  class space    used 4547K, committed 4736K, reserved 1048576K
}
Event: 22.450 GC heap before
{Heap before GC invocations=8 (full 0):
 garbage-first heap   total 51200K, used 26290K [0x0000000081400000, 0x0000000100000000)
  region size 1024K, 10 young (10240K), 2 survivors (2048K)
 Metaspace       used 35986K, committed 36288K, reserved 1081344K
  class space    used 4655K, committed 4800K, reserved 1048576K
}
Event: 22.457 GC heap after
{Heap after GC invocations=9 (full 0):
 garbage-first heap   total 51200K, used 20442K [0x0000000081400000, 0x0000000100000000)
  region size 1024K, 2 young (2048K), 2 survivors (2048K)
 Metaspace       used 35986K, committed 36288K, reserved 1081344K
  class space    used 4655K, committed 4800K, reserved 1048576K
}
Event: 22.638 GC heap before
{Heap before GC invocations=10 (full 0):
 garbage-first heap   total 51200K, used 35802K [0x0000000081400000, 0x0000000100000000)
  region size 1024K, 18 young (18432K), 2 survivors (2048K)
 Metaspace       used 36085K, committed 36416K, reserved 1081344K
  class space    used 4665K, committed 4800K, reserved 1048576K
}
Event: 22.645 GC heap after
{Heap after GC invocations=11 (full 0):
 garbage-first heap   total 51200K, used 24095K [0x0000000081400000, 0x0000000100000000)
  region size 1024K, 3 young (3072K), 3 survivors (3072K)
 Metaspace       used 36085K, committed 36416K, reserved 1081344K
  class space    used 4665K, committed 4800K, reserved 1048576K
}
Event: 22.766 GC heap before
{Heap before GC invocations=11 (full 0):
 garbage-first heap   total 51200K, used 36383K [0x0000000081400000, 0x0000000100000000)
  region size 1024K, 16 young (16384K), 3 survivors (3072K)
 Metaspace       used 36302K, committed 36608K, reserved 1081344K
  class space    used 4674K, committed 4800K, reserved 1048576K
}
Event: 22.770 GC heap after
{Heap after GC invocations=12 (full 0):
 garbage-first heap   total 51200K, used 26485K [0x0000000081400000, 0x0000000100000000)
  region size 1024K, 2 young (2048K), 2 survivors (2048K)
 Metaspace       used 36302K, committed 36608K, reserved 1081344K
  class space    used 4674K, committed 4800K, reserved 1048576K
}
Event: 22.860 GC heap before
{Heap before GC invocations=12 (full 0):
 garbage-first heap   total 51200K, used 36725K [0x0000000081400000, 0x0000000100000000)
  region size 1024K, 13 young (13312K), 2 survivors (2048K)
 Metaspace       used 36458K, committed 36800K, reserved 1081344K
  class space    used 4688K, committed 4864K, reserved 1048576K
}
Event: 22.864 GC heap after
{Heap after GC invocations=13 (full 0):
 garbage-first heap   total 62464K, used 28666K [0x0000000081400000, 0x0000000100000000)
  region size 1024K, 2 young (2048K), 2 survivors (2048K)
 Metaspace       used 36458K, committed 36800K, reserved 1081344K
  class space    used 4688K, committed 4864K, reserved 1048576K
}
Event: 23.097 GC heap before
{Heap before GC invocations=14 (full 0):
 garbage-first heap   total 62464K, used 44026K [0x0000000081400000, 0x0000000100000000)
  region size 1024K, 18 young (18432K), 2 survivors (2048K)
 Metaspace       used 37203K, committed 37504K, reserved 1081344K
  class space    used 4772K, committed 4928K, reserved 1048576K
}
Event: 23.102 GC heap after
{Heap after GC invocations=15 (full 0):
 garbage-first heap   total 62464K, used 31298K [0x0000000081400000, 0x0000000100000000)
  region size 1024K, 3 young (3072K), 3 survivors (3072K)
 Metaspace       used 37203K, committed 37504K, reserved 1081344K
  class space    used 4772K, committed 4928K, reserved 1048576K
}
Event: 23.181 GC heap before
{Heap before GC invocations=15 (full 0):
 garbage-first heap   total 62464K, used 44610K [0x0000000081400000, 0x0000000100000000)
  region size 1024K, 17 young (17408K), 3 survivors (3072K)
 Metaspace       used 37508K, committed 37824K, reserved 1089536K
  class space    used 4788K, committed 4928K, reserved 1048576K
}
Event: 23.186 GC heap after
{Heap after GC invocations=16 (full 0):
 garbage-first heap   total 62464K, used 33587K [0x0000000081400000, 0x0000000100000000)
  region size 1024K, 3 young (3072K), 3 survivors (3072K)
 Metaspace       used 37508K, committed 37824K, reserved 1089536K
  class space    used 4788K, committed 4928K, reserved 1048576K
}
Event: 23.315 GC heap before
{Heap before GC invocations=17 (full 0):
 garbage-first heap   total 68608K, used 45875K [0x0000000081400000, 0x0000000100000000)
  region size 1024K, 16 young (16384K), 3 survivors (3072K)
 Metaspace       used 37872K, committed 38144K, reserved 1089536K
  class space    used 4801K, committed 4928K, reserved 1048576K
}
Event: 23.320 GC heap after
{Heap after GC invocations=18 (full 0):
 garbage-first heap   total 68608K, used 35909K [0x0000000081400000, 0x0000000100000000)
  region size 1024K, 2 young (2048K), 2 survivors (2048K)
 Metaspace       used 37872K, committed 38144K, reserved 1089536K
  class space    used 4801K, committed 4928K, reserved 1048576K
}
Event: 23.330 GC heap before
{Heap before GC invocations=18 (full 0):
 garbage-first heap   total 68608K, used 36933K [0x0000000081400000, 0x0000000100000000)
  region size 1024K, 3 young (3072K), 2 survivors (2048K)
 Metaspace       used 37872K, committed 38144K, reserved 1089536K
  class space    used 4801K, committed 4928K, reserved 1048576K
}
Event: 23.333 GC heap after
{Heap after GC invocations=19 (full 0):
 garbage-first heap   total 68608K, used 36261K [0x0000000081400000, 0x0000000100000000)
  region size 1024K, 1 young (1024K), 1 survivors (1024K)
 Metaspace       used 37872K, committed 38144K, reserved 1089536K
  class space    used 4801K, committed 4928K, reserved 1048576K
}
Event: 23.537 GC heap before
{Heap before GC invocations=19 (full 0):
 garbage-first heap   total 68608K, used 50597K [0x0000000081400000, 0x0000000100000000)
  region size 1024K, 16 young (16384K), 1 survivors (1024K)
 Metaspace       used 37880K, committed 38208K, reserved 1089536K
  class space    used 4803K, committed 4928K, reserved 1048576K
}
Event: 23.544 GC heap after
{Heap after GC invocations=20 (full 0):
 garbage-first heap   total 68608K, used 40451K [0x0000000081400000, 0x0000000100000000)
  region size 1024K, 2 young (2048K), 2 survivors (2048K)
 Metaspace       used 37880K, committed 38208K, reserved 1089536K
  class space    used 4803K, committed 4928K, reserved 1048576K
}
Event: 23.647 GC heap before
{Heap before GC invocations=20 (full 0):
 garbage-first heap   total 68608K, used 52739K [0x0000000081400000, 0x0000000100000000)
  region size 1024K, 14 young (14336K), 2 survivors (2048K)
 Metaspace       used 38073K, committed 38336K, reserved 1089536K
  class space    used 4811K, committed 4928K, reserved 1048576K
}

Dll operation events (8 events):
Event: 0.019 Loaded shared library c:\Users\HP\.vscode\extensions\redhat.java-1.13.0-win32-x64\jre\17.0.5-win32-x86_64\bin\java.dll
Event: 2.046 Loaded shared library C:\Users\HP\.vscode\extensions\redhat.java-1.13.0-win32-x64\jre\17.0.5-win32-x86_64\bin\net.dll
Event: 2.050 Loaded shared library C:\Users\HP\.vscode\extensions\redhat.java-1.13.0-win32-x64\jre\17.0.5-win32-x86_64\bin\nio.dll
Event: 2.121 Loaded shared library C:\Users\HP\.vscode\extensions\redhat.java-1.13.0-win32-x64\jre\17.0.5-win32-x86_64\bin\zip.dll
Event: 3.231 Loaded shared library c:\Users\HP\.vscode\extensions\redhat.java-1.13.0-win32-x64\jre\17.0.5-win32-x86_64\bin\verify.dll
Event: 3.252 Loaded shared library C:\Users\HP\.vscode\extensions\redhat.java-1.13.0-win32-x64\jre\17.0.5-win32-x86_64\bin\jimage.dll
Event: 9.186 Loaded shared library C:\Users\HP\.vscode\extensions\redhat.java-1.13.0-win32-x64\jre\17.0.5-win32-x86_64\bin\management.dll
Event: 9.192 Loaded shared library C:\Users\HP\.vscode\extensions\redhat.java-1.13.0-win32-x64\jre\17.0.5-win32-x86_64\bin\management_ext.dll

Deoptimization events (10 events):
Event: 10.740 Thread 0x0000024e9c27cbe0 DEOPT PACKING pc=0x0000024e9f469a19 sp=0x0000006d7f1fd770
Event: 10.741 Thread 0x0000024e9c27cbe0 DEOPT UNPACKING pc=0x0000024e9ef52b43 sp=0x0000006d7f1fcc50 mode 3
Event: 18.907 Thread 0x0000024e9c27cbe0 DEOPT PACKING pc=0x0000024e9f2af619 sp=0x0000006d7f1fcb50
Event: 18.907 Thread 0x0000024e9c27cbe0 DEOPT UNPACKING pc=0x0000024e9ef52b43 sp=0x0000006d7f1fc030 mode 3
Event: 21.498 Thread 0x0000024eab6da530 DEOPT PACKING pc=0x0000024e9f60ea35 sp=0x0000006d012fe320
Event: 21.498 Thread 0x0000024eab6da530 DEOPT UNPACKING pc=0x0000024e9ef52b43 sp=0x0000006d012fd848 mode 3
Event: 21.891 Thread 0x0000024eab70c0d0 DEOPT PACKING pc=0x0000024e9f627eab sp=0x0000006d017fe8b0
Event: 21.891 Thread 0x0000024eab70c0d0 DEOPT UNPACKING pc=0x0000024e9ef52b43 sp=0x0000006d017fddf8 mode 3
Event: 21.991 Thread 0x0000024eab69b030 DEOPT PACKING pc=0x0000024e9f467b01 sp=0x0000006d011fdd90
Event: 21.991 Thread 0x0000024eab69b030 DEOPT UNPACKING pc=0x0000024e9ef52b43 sp=0x0000006d011fd220 mode 3

Classes unloaded (0 events):
No events

Classes redefined (0 events):
No events

Internal exceptions (20 events):
Event: 22.152 Thread 0x0000024eab708be0 Exception <a 'sun/nio/fs/WindowsException'{0x000000008766be60}> (0x000000008766be60) 
thrown [s\src\hotspot\share\prims\jni.cpp, line 516]
Event: 22.152 Thread 0x0000024eab708be0 Exception <a 'sun/nio/fs/WindowsException'{0x000000008766c220}> (0x000000008766c220) 
thrown [s\src\hotspot\share\prims\jni.cpp, line 516]
Event: 22.152 Thread 0x0000024eab708be0 Exception <a 'sun/nio/fs/WindowsException'{0x000000008766cc58}> (0x000000008766cc58) 
thrown [s\src\hotspot\share\prims\jni.cpp, line 516]
Event: 22.152 Thread 0x0000024eab708be0 Exception <a 'sun/nio/fs/WindowsException'{0x000000008766d048}> (0x000000008766d048) 
thrown [s\src\hotspot\share\prims\jni.cpp, line 516]
Event: 22.152 Thread 0x0000024eab708be0 Exception <a 'sun/nio/fs/WindowsException'{0x000000008766da58}> (0x000000008766da58) 
thrown [s\src\hotspot\share\prims\jni.cpp, line 516]
Event: 22.152 Thread 0x0000024eab708be0 Exception <a 'sun/nio/fs/WindowsException'{0x000000008766de18}> (0x000000008766de18) 
thrown [s\src\hotspot\share\prims\jni.cpp, line 516]
Event: 22.153 Thread 0x0000024eab708be0 Exception <a 'sun/nio/fs/WindowsException'{0x000000008766e800}> (0x000000008766e800) 
thrown [s\src\hotspot\share\prims\jni.cpp, line 516]
Event: 22.153 Thread 0x0000024eab708be0 Exception <a 'sun/nio/fs/WindowsException'{0x000000008766eb90}> (0x000000008766eb90) 
thrown [s\src\hotspot\share\prims\jni.cpp, line 516]
Event: 22.153 Thread 0x0000024eab708be0 Exception <a 'sun/nio/fs/WindowsException'{0x000000008766f588}> (0x000000008766f588) 
thrown [s\src\hotspot\share\prims\jni.cpp, line 516]
Event: 22.153 Thread 0x0000024eab708be0 Exception <a 'sun/nio/fs/WindowsException'{0x000000008766f938}> (0x000000008766f938) 
thrown [s\src\hotspot\share\prims\jni.cpp, line 516]
Event: 22.153 Thread 0x0000024eab708be0 Exception <a 'sun/nio/fs/WindowsException'{0x0000000087670320}> (0x0000000087670320) 
thrown [s\src\hotspot\share\prims\jni.cpp, line 516]
Event: 22.153 Thread 0x0000024eab708be0 Exception <a 'sun/nio/fs/WindowsException'{0x0000000087690e20}> (0x0000000087690e20) 
thrown [s\src\hotspot\share\prims\jni.cpp, line 516]
Event: 22.154 Thread 0x0000024eab708be0 Exception <a 'sun/nio/fs/WindowsException'{0x0000000087691818}> (0x0000000087691818) 
thrown [s\src\hotspot\share\prims\jni.cpp, line 516]
Event: 22.154 Thread 0x0000024eab708be0 Exception <a 'sun/nio/fs/WindowsException'{0x0000000087691bc8}> (0x0000000087691bc8) 
thrown [s\src\hotspot\share\prims\jni.cpp, line 516]
Event: 22.154 Thread 0x0000024eab708be0 Exception <a 'sun/nio/fs/WindowsException'{0x00000000876925d8}> (0x00000000876925d8) 
thrown [s\src\hotspot\share\prims\jni.cpp, line 516]
Event: 22.154 Thread 0x0000024eab708be0 Exception <a 'sun/nio/fs/WindowsException'{0x0000000087692998}> (0x0000000087692998) 
thrown [s\src\hotspot\share\prims\jni.cpp, line 516]
Event: 22.155 Thread 0x0000024eab708be0 Exception <a 'sun/nio/fs/WindowsException'{0x00000000876933c0}> (0x00000000876933c0) 
thrown [s\src\hotspot\share\prims\jni.cpp, line 516]
Event: 22.155 Thread 0x0000024eab708be0 Exception <a 'sun/nio/fs/WindowsException'{0x00000000876937a0}> (0x00000000876937a0) 
thrown [s\src\hotspot\share\prims\jni.cpp, line 516]
Event: 22.155 Thread 0x0000024eab708be0 Exception <a 'sun/nio/fs/WindowsException'{0x00000000876941c0}> (0x00000000876941c0) 
thrown [s\src\hotspot\share\prims\jni.cpp, line 516]
Event: 22.157 Thread 0x0000024eab708be0 Exception <a 'sun/nio/fs/WindowsException'{0x00000000876945a0}> (0x00000000876945a0) 
thrown [s\src\hotspot\share\prims\jni.cpp, line 516]

VM Operations (20 events):
Event: 22.939 Executing VM operation: G1Concurrent done
Event: 22.953 Executing VM operation: HandshakeAllThreads
Event: 22.953 Executing VM operation: HandshakeAllThreads done
Event: 23.074 Executing VM operation: G1CollectForAllocation
Event: 23.102 Executing VM operation: G1CollectForAllocation done
Event: 23.181 Executing VM operation: G1CollectForAllocation
Event: 23.186 Executing VM operation: G1CollectForAllocation done
Event: 23.224 Executing VM operation: G1Concurrent
Event: 23.256 Executing VM operation: G1Concurrent done
Event: 23.274 Executing VM operation: G1Concurrent
Event: 23.284 Executing VM operation: G1Concurrent done
Event: 23.315 Executing VM operation: G1CollectForAllocation
Event: 23.320 Executing VM operation: G1CollectForAllocation done
Event: 23.330 Executing VM operation: G1CollectForAllocation
Event: 23.333 Executing VM operation: G1CollectForAllocation done
Event: 23.351 Executing VM operation: HandshakeAllThreads
Event: 23.351 Executing VM operation: HandshakeAllThreads done
Event: 23.475 Executing VM operation: G1CollectForAllocation
Event: 23.544 Executing VM operation: G1CollectForAllocation done
Event: 23.590 Executing VM operation: G1CollectForAllocation

Events (20 events):
Event: 22.951 loading class jdk/internal/jimage/ImageReader$SharedImageReader$LocationVisitor
Event: 22.951 loading class jdk/internal/jimage/ImageReader$SharedImageReader$LocationVisitor done
Event: 22.952 loading class java/nio/ByteBufferAsIntBufferL
Event: 22.952 loading class java/nio/ByteBufferAsIntBufferL done
Event: 22.953 loading class jdk/internal/jimage/ImageReader$Resource
Event: 22.953 loading class jdk/internal/jimage/ImageReader$Resource done
Event: 22.954 loading class java/util/stream/LongStream
Event: 22.954 loading class java/util/stream/LongStream done
Event: 22.955 loading class java/util/stream/DoubleStream
Event: 22.955 loading class java/util/stream/DoubleStream done
Event: 22.961 loading class java/net/SocketTimeoutException
Event: 22.961 loading class java/io/InterruptedIOException
Event: 22.961 loading class java/io/InterruptedIOException done
Event: 22.961 loading class java/net/SocketTimeoutException done
Event: 22.962 loading class java/net/ProtocolException
Event: 22.962 loading class java/net/ProtocolException done
Event: 23.552 loading class java/lang/UnsupportedClassVersionError
Event: 23.552 loading class java/lang/UnsupportedClassVersionError done
Event: 23.562 loading class java/io/FilenameFilter
Event: 23.562 loading class java/io/FilenameFilter done


Dynamic libraries:
0x00007ff75e5c0000 - 0x00007ff75e5ce000 	c:\Users\HP\.vscode\extensions\redhat.java-1.13.0-win32-x64\jre\17.0.5-win32-x86_64\bin\java.exe
0x00007ffae9ad0000 - 0x00007ffae9cc8000 	C:\Windows\SYSTEM32\ntdll.dll
0x00007ffae9540000 - 0x00007ffae95ff000 	C:\Windows\System32\KERNEL32.DLL
0x00007ffae7390000 - 0x00007ffae7662000 	C:\Windows\System32\KERNELBASE.dll
0x00007ffae79c0000 - 0x00007ffae7ac0000 	C:\Windows\System32\ucrtbase.dll
0x00007ffac8150000 - 0x00007ffac8167000 	c:\Users\HP\.vscode\extensions\redhat.java-1.13.0-win32-x64\jre\17.0.5-win32-x86_64\bin\jli.dll
0x00007ffae9600000 - 0x00007ffae97a1000 	C:\Windows\System32\USER32.dll
0x00007ffae72d0000 - 0x00007ffae72f2000 	C:\Windows\System32\win32u.dll
0x00007ffae97b0000 - 0x00007ffae97db000 	C:\Windows\System32\GDI32.dll
0x00007ffae71c0000 - 0x00007ffae72cf000 	C:\Windows\System32\gdi32full.dll
0x00007ffae7710000 - 0x00007ffae77ad000 	C:\Windows\System32\msvcp_win.dll
0x00007ffac7b20000 - 0x00007ffac7b39000 	c:\Users\HP\.vscode\extensions\redhat.java-1.13.0-win32-x64\jre\17.0.5-win32-x86_64\bin\VCRUNTIME140.dll
0x00007ffad1520000 - 0x00007ffad17ba000 	C:\Windows\WinSxS\amd64_microsoft.windows.common-controls_6595b64144ccf1df_6.0.19041.1110_none_60b5254171f9507e\COMCTL32.dll
0x00007ffae80d0000 - 0x00007ffae816e000 	C:\Windows\System32\msvcrt.dll
0x00007ffae93e0000 - 0x00007ffae9412000 	C:\Windows\System32\IMM32.DLL
0x00007fface260000 - 0x00007fface26c000 	c:\Users\HP\.vscode\extensions\redhat.java-1.13.0-win32-x64\jre\17.0.5-win32-x86_64\bin\vcruntime140_1.dll
0x00007ffabde90000 - 0x00007ffabdf21000 	c:\Users\HP\.vscode\extensions\redhat.java-1.13.0-win32-x64\jre\17.0.5-win32-x86_64\bin\msvcp140.dll
0x00007ffa9ce20000 - 0x00007ffa9da64000 	c:\Users\HP\.vscode\extensions\redhat.java-1.13.0-win32-x64\jre\17.0.5-win32-x86_64\bin\server\jvm.dll
0x00007ffae87b0000 - 0x00007ffae885e000 	C:\Windows\System32\ADVAPI32.dll
0x00007ffae8860000 - 0x00007ffae88fc000 	C:\Windows\System32\sechost.dll
0x00007ffae97e0000 - 0x00007ffae9905000 	C:\Windows\System32\RPCRT4.dll
0x00007ffae19e0000 - 0x00007ffae19e9000 	C:\Windows\SYSTEM32\WSOCK32.dll
0x00007ffae8900000 - 0x00007ffae896b000 	C:\Windows\System32\WS2_32.dll
0x00007ffacf0d0000 - 0x00007ffacf0f7000 	C:\Windows\SYSTEM32\WINMM.dll
0x00007ffae0830000 - 0x00007ffae083a000 	C:\Windows\SYSTEM32\VERSION.dll
0x00007ffae59d0000 - 0x00007ffae59e2000 	C:\Windows\SYSTEM32\kernel.appcore.dll
0x00007fface200000 - 0x00007fface20a000 	c:\Users\HP\.vscode\extensions\redhat.java-1.13.0-win32-x64\jre\17.0.5-win32-x86_64\bin\jimage.dll
0x00007ffae4df0000 - 0x00007ffae4fd4000 	C:\Windows\SYSTEM32\DBGHELP.DLL
0x00007ffacf840000 - 0x00007ffacf875000 	C:\Windows\SYSTEM32\dbgcore.DLL
0x00007ffae7300000 - 0x00007ffae7382000 	C:\Windows\System32\bcryptPrimitives.dll
0x00007ffabe490000 - 0x00007ffabe4b5000 	c:\Users\HP\.vscode\extensions\redhat.java-1.13.0-win32-x64\jre\17.0.5-win32-x86_64\bin\java.dll
0x00007ffabe090000 - 0x00007ffabe0a8000 	c:\Users\HP\.vscode\extensions\redhat.java-1.13.0-win32-x64\jre\17.0.5-win32-x86_64\bin\zip.dll
0x00007ffae8b20000 - 0x00007ffae9264000 	C:\Windows\System32\SHELL32.dll
0x00007ffae5220000 - 0x00007ffae59b2000 	C:\Windows\SYSTEM32\windows.storage.dll
0x00007ffae7d70000 - 0x00007ffae80c5000 	C:\Windows\System32\combase.dll
0x00007ffae6b40000 - 0x00007ffae6b70000 	C:\Windows\SYSTEM32\Wldp.dll
0x00007ffae8700000 - 0x00007ffae87ad000 	C:\Windows\System32\SHCORE.dll
0x00007ffae92f0000 - 0x00007ffae9345000 	C:\Windows\System32\shlwapi.dll
0x00007ffae7100000 - 0x00007ffae711f000 	C:\Windows\SYSTEM32\profapi.dll
0x00007ffabde00000 - 0x00007ffabde19000 	C:\Users\HP\.vscode\extensions\redhat.java-1.13.0-win32-x64\jre\17.0.5-win32-x86_64\bin\net.dll
0x00007ffade3e0000 - 0x00007ffade4ec000 	C:\Windows\SYSTEM32\WINHTTP.dll
0x00007ffae6920000 - 0x00007ffae698a000 	C:\Windows\system32\mswsock.dll
0x00007ffabdd30000 - 0x00007ffabdd45000 	C:\Users\HP\.vscode\extensions\redhat.java-1.13.0-win32-x64\jre\17.0.5-win32-x86_64\bin\nio.dll
0x00007ffacc5e0000 - 0x00007ffacc5f0000 	c:\Users\HP\.vscode\extensions\redhat.java-1.13.0-win32-x64\jre\17.0.5-win32-x86_64\bin\verify.dll
0x00007ffacc790000 - 0x00007ffacc799000 	C:\Users\HP\.vscode\extensions\redhat.java-1.13.0-win32-x64\jre\17.0.5-win32-x86_64\bin\management.dll
0x00007ffac9ec0000 - 0x00007ffac9ecb000 	C:\Users\HP\.vscode\extensions\redhat.java-1.13.0-win32-x64\jre\17.0.5-win32-x86_64\bin\management_ext.dll
0x00007ffae93d0000 - 0x00007ffae93d8000 	C:\Windows\System32\PSAPI.DLL
0x00007ffac0150000 - 0x00007ffac0167000 	C:\Windows\system32\napinsp.dll
0x00007ffac0130000 - 0x00007ffac014b000 	C:\Windows\system32\pnrpnsp.dll
0x00007ffae1f60000 - 0x00007ffae1f75000 	C:\Windows\system32\wshbth.dll
0x00007ffae4150000 - 0x00007ffae416d000 	C:\Windows\system32\NLAapi.dll
0x00007ffae65e0000 - 0x00007ffae661b000 	C:\Windows\SYSTEM32\IPHLPAPI.DLL
0x00007ffae6620000 - 0x00007ffae66ea000 	C:\Windows\SYSTEM32\DNSAPI.dll
0x00007ffae99f0000 - 0x00007ffae99f8000 	C:\Windows\System32\NSI.dll
0x00007ffac0110000 - 0x00007ffac0122000 	C:\Windows\System32\winrnr.dll
0x00007ffade880000 - 0x00007ffade88a000 	C:\Windows\System32\rasadhlp.dll
0x00007ffadb950000 - 0x00007ffadb9d0000 	C:\Windows\System32\fwpuclnt.dll
0x00007ffae76e0000 - 0x00007ffae7707000 	C:\Windows\System32\bcrypt.dll
0x00007ffae6b80000 - 0x00007ffae6b98000 	C:\Windows\SYSTEM32\CRYPTSP.dll
0x00007ffae61f0000 - 0x00007ffae6224000 	C:\Windows\system32\rsaenh.dll
0x00007ffae70c0000 - 0x00007ffae70ee000 	C:\Windows\SYSTEM32\USERENV.dll
0x00007ffae6ab0000 - 0x00007ffae6abc000 	C:\Windows\SYSTEM32\CRYPTBASE.dll
0x00007ffadfff0000 - 0x00007ffae0007000 	C:\Windows\SYSTEM32\dhcpcsvc6.DLL
0x00007ffadfe30000 - 0x00007ffadfe4d000 	C:\Windows\SYSTEM32\dhcpcsvc.DLL

dbghelp: loaded successfully - version: 4.0.5 - missing functions: none
symbol engine: initialized successfully - sym options: 0x614 - pdb path: .;c:\Users\HP\.vscode\extensions\redhat.java-1.13.0-win32-x64\jre\17.0.5-win32-x86_64\bin;C:\Windows\SYSTEM32;C:\Windows\WinSxS\amd64_microsoft.windows.common-controls_6595b64144ccf1df_6.0.19041.1110_none_60b5254171f9507e;c:\Users\HP\.vscode\extensions\redhat.java-1.13.0-win32-x64\jre\17.0.5-win32-x86_64\bin\server

VM Arguments:
jvm_args: -Dsts.lsp.client=vscode -Dsts.log.file=/dev/null -XX:TieredStopAtLevel=1 -Xlog:jni+resolve=off -Dspring.config.location=file:c:\Users\HP\.vscode\extensions\pivotal.vscode-spring-boot-1.42.0\language-server\BOOT-INF\classes\application.properties 
java_command: org.springframework.ide.vscode.boot.app.BootLanguageServerBootApp
java_class_path (initial): c:\Users\HP\.vscode\extensions\pivotal.vscode-spring-boot-1.42.0\language-server\BOOT-INF\classes;c:\Users\HP\.vscode\extensions\pivotal.vscode-spring-boot-1.42.0\language-server\BOOT-INF\lib\annotations-23.1.0.jar;c:\Users\HP\.vscode\extensions\pivotal.vscode-spring-boot-1.42.0\language-server\BOOT-INF\lib\ant-1.10.12.jar;c:\Users\HP\.vscode\extensions\pivotal.vscode-spring-boot-1.42.0\language-server\BOOT-INF\lib\ant-launcher-1.10.12.jar;c:\Users\HP\.vscode\extensions\pivotal.vscode-spring-boot-1.42.0\language-server\BOOT-INF\lib\antlr-runtime-3.5.2.jar;c:\Users\HP\.vscode\extensions\pivotal.vscode-spring-boot-1.42.0\language-server\BOOT-INF\lib\antlr4-4.9.3.jar;c:\Users\HP\.vscode\extensions\pivotal.vscode-spring-boot-1.42.0\language-server\BOOT-INF\lib\antlr4-runtime-4.9.3.jar;c:\Users\HP\.vscode\extensions\pivotal.vscode-spring-boot-1.42.0\language-server\BOOT-INF\lib\apiguardian-api-1.1.2.jar;c:\Users\HP\.vscode\extensions\pivotal.vscode-spring-boot-1.42.0\language-server\BOOT-INF\lib\asm-9.4.jar;c:\Users\HP\.vscode\extensions\pivotal.vscode-spring-boot-1.42.0\language-server\BOOT-INF\lib\asm-analysis-9.4.jar;c:\Users\HP\.vscode\extensions\pivotal.vscode-spring-boot-1.42.0\language-server\BOOT-INF\lib\asm-tree-9.4.jar;c:\Users\HP\.vscode\extensions\pivotal.vscode-spring-boot-1.42.0\language-server\BOOT-INF\lib\asm-util-9.4.jar;c:\Users\HP\.vscode\extensions\pivotal.vscode-spring-boot-1.42.0\language-server\BOOT-INF\lib\caffeine-2.9.3.jar;c:\Users\HP\.vscode\extensions\pivotal.vscode-spring-boot-1.42.0\language-server\BOOT-INF\lib\checker-qual-3.12.0.jar;c:\Users\HP\.vscode\extensions\pivotal.vscode-spring-boot-1.42.0\language-server\BOOT-INF\lib\ci-environment-9.1.0.jar;c:\Users\HP\.vscode\extensions\pivotal.vscode-spring-boot-1.42.0\language-server\BOOT-INF\lib\classgraph-4.8.149.jar;c:\Users\HP\.vscode\extensions\pivotal.vscode-spring-boot-1.42.0\language-server\BOOT-INF\lib\commons-codec-1.15.jar;c:\Users\HP\.vscode\extensions\p
Launcher Type: SUN_STANDARD

[Global flags]
     intx CICompilerCount                          = 4                                         {product} {ergonomic}
     uint ConcGCThreads                            = 2                                         {product} {ergonomic}
     uint G1ConcRefinementThreads                  = 8                                         {product} {ergonomic}
   size_t G1HeapRegionSize                         = 1048576                                   {product} {ergonomic}
    uintx GCDrainStackTargetSize                   = 64                                        {product} {ergonomic}
   size_t InitialHeapSize                          = 134217728                                 {product} {ergonomic}
   size_t MarkStackSize                            = 4194304                                   {product} {ergonomic}
   size_t MaxHeapSize                              = 2126512128                                {product} {ergonomic}
   size_t MaxNewSize                               = 1275068416                                {product} {ergonomic}
   size_t MinHeapDeltaBytes                        = 1048576                                   {product} {ergonomic}
   size_t MinHeapSize                              = 8388608                                   {product} {ergonomic}
    uintx NonProfiledCodeHeapSize                  = 0                                      {pd product} {ergonomic}
     bool ProfileInterpreter                       = false                                  {pd product} {command line}
    uintx ProfiledCodeHeapSize                     = 0                                      {pd product} {ergonomic}
   size_t SoftMaxHeapSize                          = 2126512128                             {manageable} {ergonomic}
     intx TieredStopAtLevel                        = 1                                         {product} {command line}
     bool UseCompressedClassPointers               = true                           {product lp64_product} {ergonomic}
     bool UseCompressedOops                        = true                           {product lp64_product} {ergonomic}
     bool UseG1GC                                  = true                                      {product} {ergonomic}
     bool UseLargePagesIndividualAllocation        = false                                  {pd product} {ergonomic}

Logging:
Log output configuration:
 #0: stdout all=warning,jni+resolve=off uptime,level,tags
 #1: stderr all=off uptime,level,tags

Environment Variables:
PATH=C:\Users\HP\bin;C:\Program Files\Git\mingw64\bin;C:\Program Files\Git\usr\local\bin;C:\Program Files\Git\usr\bin;C:\Program Files\Git\usr\bin;C:\Program Files\Git\mingw64\bin;C:\Program Files\Git\usr\bin;C:\Users\HP\bin;C:\Program Files (x86)\Microsoft SDKs\Azure\CLI2\wbin;C:\Windows\system32;C:\Windows;C:\Windows\System32\Wbem;C:\Windows\System32\WindowsPowerShell\v1.0;C:\Windows\System32\OpenSSH;C:\Program Files\Java\jdk-11.0.13\bin;C:\Program Files\Git\cmd;C:\Users\HP\flutter\bin;C:\Users\HP\AppData\Local\Pub\Cache\bin;C:\Program Files\nodejs;C:\Program Files\GitHub CLI;C:\apache2\apache-maven-3.8.4\bin;C:\Program Files\PuTTY;C:\Program Files\Docker\Docker\resources\bin;C:\ProgramData\DockerDesktop\version-bin;C:\Program Files (x86)\Vim\vim90;C:\Program Files\Terraform;C:\Users\HP\AppData\Local\Programs\Python\Python310\Scripts;C:\Users\HP\AppData\Local\Programs\Python\Python310;C:\Program Files\MySQL\MySQL Shell 8.0\bin;C:\Users\HP\AppData\Local\Microsoft\WindowsApps;C:\Users\HP\AppData\Local\Programs\Microsoft VS Code\bin;C:\Users\HP\AppData\Roaming\npm;C:\MinGW\bin;C:\Users\HP\AppData\Local\GitHubDesktop\bin;C:\Program Files\Git\usr\bin\vendor_perl;C:\Program Files\Git\usr\bin\core_perl
USERNAME=HP
SHELL=C:\Program Files\Git\usr\bin\bash.exe
DISPLAY=needs-to-be-defined
LC_CTYPE=en_US.UTF-8
TERM=xterm
TMPDIR=C:\Users\HP\AppData\Local\Temp
OS=Windows_NT
PROCESSOR_IDENTIFIER=Intel64 Family 6 Model 142 Stepping 10, GenuineIntel
TMP=C:\Users\HP\AppData\Local\Temp
TEMP=C:\Users\HP\AppData\Local\Temp



---------------  S Y S T E M  ---------------

OS:
 Windows 10 , 64 bit Build 19041 (10.0.19041.2364)
OS uptime: 3 days 3:18 hours
Hyper-V role detected

CPU: total 8 (initial active 8) (4 cores per cpu, 2 threads per core) family 6 model 142 stepping 10 microcode 0xb4, cx8, cmov, fxsr, ht, mmx, 3dnowpref, sse, sse2, sse3, ssse3, sse4.1, sse4.2, popcnt, lzcnt, tsc, tscinvbit, avx, avx2, aes, erms, clmul, bmi1, bmi2, adx, fma, vzeroupper, clflush, clflushopt, hv

Memory: 4k page, system-wide physical 8107M (451M free)
TotalPageFile size 23373M (AvailPageFile size 20M)
current process WorkingSet (physical memory assigned to process): 170M, peak: 170M
current process commit charge ("private bytes"): 243M, peak: 269M

vm_info: OpenJDK 64-Bit Server VM (17.0.5+8) for windows-amd64 JRE (17.0.5+8), built on Oct 19 2022 04:48:13 by "temurin" with MS VC++ 16.7 (VS2019)

END.
