#
# There is insufficient memory for the Java Runtime Environment to continue.
# Native memory allocation (mmap) failed to map 184549376 bytes for G1 virtual space
# Possible reasons:
#   The system is out of physical RAM or swap space
#   The process is running with CompressedOops enabled, and the Java Heap may be blocking the growth of the native heap
# Possible solutions:
#   Reduce memory load on the system
#   Increase physical memory or swap space
#   Check if swap backing store is full
#   Decrease Java heap size (-Xmx/-Xms)
#   Decrease number of Java threads
#   Decrease Java thread stack sizes (-Xss)
#   Set larger code cache with -XX:ReservedCodeCacheSize=
#   JVM is running with Unscaled Compressed Oops mode in which the Java heap is
#     placed in the first 4GB address space. The Java Heap base address is the
#     maximum limit for the native heap growth. Please use -XX:HeapBaseMinAddress
#     to set the Java Heap base and to place the Java Heap above 4GB virtual address.
# This output file may be truncated or incomplete.
#
#  Out of Memory Error (os_windows.cpp:3548), pid=14324, tid=9192
#
# JRE version: OpenJDK Runtime Environment Temurin-17.0.5+8 (17.0.5+8) (build 17.0.5+8)
# Java VM: OpenJDK 64-Bit Server VM Temurin-17.0.5+8 (17.0.5+8, mixed mode, emulated-client, tiered, compressed oops, compressed class ptrs, g1 gc, windows-amd64)
# No core dump will be written. Minidumps are not enabled by default on client versions of Windows
#

---------------  S U M M A R Y ------------

Command Line: -Dsts.lsp.client=vscode -Dsts.log.file=/dev/null -XX:TieredStopAtLevel=1 -Xlog:jni+resolve=off -Dspring.config.location=file:c:\Users\HP\.vscode\extensions\pivotal.vscode-spring-boot-1.42.0\language-server\BOOT-INF\classes\application.properties org.springframework.ide.vscode.boot.app.BootLanguageServerBootApp

Host: Intel(R) Core(TM) i5-8250U CPU @ 1.60GHz, 8 cores, 7G,  Windows 10 , 64 bit Build 19041 (10.0.19041.2364)
Time: Mon Dec 19 12:54:58 2022 Romance Standard Time elapsed time: 17.981023 seconds (0d 0h 0m 17s)

---------------  T H R E A D  ---------------

Current thread (0x00000202f3f27290):  VMThread "VM Thread" [stack: 0x0000000c31400000,0x0000000c31500000] [id=9192]

Stack: [0x0000000c31400000,0x0000000c31500000]
Native frames: (J=compiled Java code, j=interpreted, Vv=VM code, C=native code)
V  [jvm.dll+0x676b3a]
V  [jvm.dll+0x831444]
V  [jvm.dll+0x832bee]
V  [jvm.dll+0x833253]
V  [jvm.dll+0x244ce5]
V  [jvm.dll+0x673a49]
V  [jvm.dll+0x66811a]
V  [jvm.dll+0x303ceb]
V  [jvm.dll+0x30b1e6]
V  [jvm.dll+0x35adbe]
V  [jvm.dll+0x35afef]
V  [jvm.dll+0x2dab88]
V  [jvm.dll+0x2d8e3c]
V  [jvm.dll+0x2d840c]
V  [jvm.dll+0x31c31b]
V  [jvm.dll+0x8376fb]
V  [jvm.dll+0x838434]
V  [jvm.dll+0x83894c]
V  [jvm.dll+0x838d24]
V  [jvm.dll+0x838df0]
V  [jvm.dll+0x7e17ea]
V  [jvm.dll+0x6759e5]
C  [ucrtbase.dll+0x21bb2]
C  [KERNEL32.DLL+0x17614]
C  [ntdll.dll+0x526a1]

VM_Operation (0x0000000c33dfe5a0): G1CollectForAllocation, mode: safepoint, requested by thread 0x00000202f6037870


---------------  P R O C E S S  ---------------

Threads class SMR info:
_java_thread_list=0x00000202f5c4e050, length=41, elements={
0x00000202f3f3c730, 0x00000202f3f3d4b0, 0x00000202f3f56270, 0x00000202f49153f0,
0x00000202f4915cb0, 0x00000202f4916570, 0x00000202f4916ee0, 0x00000202f49177e0,
0x00000202f4b15ca0, 0x00000202f4b24300, 0x00000202f4b50890, 0x00000202f54f23d0,
0x00000202f54f0a80, 0x00000202f5e47880, 0x00000202f53a4480, 0x00000202f5ad9a80,
0x00000202e6bdc8a0, 0x00000202f5b11ae0, 0x00000202f5b8a540, 0x00000202f60135e0,
0x00000202f6013ab0, 0x00000202f6012c70, 0x00000202f6038210, 0x00000202f60386e0,
0x00000202f6038bb0, 0x00000202f6036060, 0x00000202f6036530, 0x00000202f60351f0,
0x00000202f6036a00, 0x00000202f60356c0, 0x00000202f6036ed0, 0x00000202f60373a0,
0x00000202f6037870, 0x00000202f6035b90, 0x00000202f6037d40, 0x00000202f61ec0a0,
0x00000202f61e7d40, 0x00000202f61e6060, 0x00000202f61e6530, 0x00000202f61e8bb0,
0x00000202f61e6a00
}

Java Threads: ( => current thread )
  0x00000202f3f3c730 JavaThread "Reference Handler" daemon [_thread_blocked, id=22908, stack(0x0000000c31500000,0x0000000c31600000)]
  0x00000202f3f3d4b0 JavaThread "Finalizer" daemon [_thread_blocked, id=23856, stack(0x0000000c31600000,0x0000000c31700000)]
  0x00000202f3f56270 JavaThread "Signal Dispatcher" daemon [_thread_blocked, id=13268, stack(0x0000000c31700000,0x0000000c31800000)]
  0x00000202f49153f0 JavaThread "Attach Listener" daemon [_thread_blocked, id=3964, stack(0x0000000c31800000,0x0000000c31900000)]
  0x00000202f4915cb0 JavaThread "Service Thread" daemon [_thread_blocked, id=22152, stack(0x0000000c31900000,0x0000000c31a00000)]
  0x00000202f4916570 JavaThread "Monitor Deflation Thread" daemon [_thread_blocked, id=24832, stack(0x0000000c31a00000,0x0000000c31b00000)]
  0x00000202f4916ee0 JavaThread "C1 CompilerThread0" daemon [_thread_blocked, id=23832, stack(0x0000000c31b00000,0x0000000c31c00000)]
  0x00000202f49177e0 JavaThread "Sweeper thread" daemon [_thread_blocked, id=13048, stack(0x0000000c31c00000,0x0000000c31d00000)]
  0x00000202f4b15ca0 JavaThread "C1 CompilerThread1" daemon [_thread_blocked, id=14108, stack(0x0000000c31d00000,0x0000000c31e00000)]
  0x00000202f4b24300 JavaThread "Notification Thread" daemon [_thread_blocked, id=4940, stack(0x0000000c31e00000,0x0000000c31f00000)]
  0x00000202f4b50890 JavaThread "Common-Cleaner" daemon [_thread_blocked, id=13728, stack(0x0000000c32000000,0x0000000c32100000)]
  0x00000202f54f23d0 JavaThread "C1 CompilerThread2" daemon [_thread_blocked, id=11660, stack(0x0000000c32100000,0x0000000c32200000)]
  0x00000202f54f0a80 JavaThread "C1 CompilerThread3" daemon [_thread_blocked, id=11144, stack(0x0000000c32200000,0x0000000c32300000)]
  0x00000202f5e47880 JavaThread "boundedElastic-evictor-1" daemon [_thread_blocked, id=25368, stack(0x0000000c32a00000,0x0000000c32b00000)]
  0x00000202f53a4480 JavaThread "pool-11-thread-1" [_thread_blocked, id=23596, stack(0x0000000c32c00000,0x0000000c32d00000)]
  0x00000202f5ad9a80 JavaThread "LanguageServerApp-lifecycle" [_thread_blocked, id=9700, stack(0x0000000c32d00000,0x0000000c32e00000)]
  0x00000202e6bdc8a0 JavaThread "DestroyJavaVM" [_thread_blocked, id=21072, stack(0x0000000c30e00000,0x0000000c30f00000)]
  0x00000202f5b11ae0 JavaThread "pool-12-thread-1" [_thread_in_native, id=288, stack(0x0000000c32e00000,0x0000000c32f00000)]
  0x00000202f5b8a540 JavaThread "Simple-Language-Server main thread" daemon [_thread_in_native, id=4144, stack(0x0000000c32f00000,0x0000000c33000000)]
  0x00000202f60135e0 JavaThread "pool-8-thread-1" [_thread_blocked, id=14116, stack(0x0000000c33000000,0x0000000c33100000)]
  0x00000202f6013ab0 JavaThread "parallel-1" daemon [_thread_blocked, id=25064, stack(0x0000000c33100000,0x0000000c33200000)]
  0x00000202f6012c70 JavaThread "parallel-2" daemon [_thread_blocked, id=17412, stack(0x0000000c33200000,0x0000000c33300000)]
  0x00000202f6038210 JavaThread "ForkJoinPool.commonPool-worker-1" daemon [_thread_blocked, id=11800, stack(0x0000000c33300000,0x0000000c33400000)]
  0x00000202f60386e0 JavaThread "pool-5-thread-1" [_thread_blocked, id=10692, stack(0x0000000c33400000,0x0000000c33500000)]
  0x00000202f6038bb0 JavaThread "ForkJoinPool.commonPool-worker-2" daemon [_thread_blocked, id=16516, stack(0x0000000c33500000,0x0000000c33600000)]
  0x00000202f6036060 JavaThread "Reconciler-1" daemon [_thread_blocked, id=18584, stack(0x0000000c33600000,0x0000000c33700000)]
  0x00000202f6036530 JavaThread "parallel-3" daemon [_thread_blocked, id=11060, stack(0x0000000c33700000,0x0000000c33800000)]
  0x00000202f60351f0 JavaThread "ClassGraph-worker-0" daemon [_thread_blocked, id=13100, stack(0x0000000c33800000,0x0000000c33900000)]
  0x00000202f6036a00 JavaThread "ClassGraph-worker-1" daemon [_thread_blocked, id=11020, stack(0x0000000c33900000,0x0000000c33a00000)]
  0x00000202f60356c0 JavaThread "ClassGraph-worker-2" daemon [_thread_blocked, id=17480, stack(0x0000000c33a00000,0x0000000c33b00000)]
  0x00000202f6036ed0 JavaThread "ClassGraph-worker-3" daemon [_thread_blocked, id=19712, stack(0x0000000c33b00000,0x0000000c33c00000)]
  0x00000202f60373a0 JavaThread "ClassGraph-worker-4" daemon [_thread_blocked, id=22744, stack(0x0000000c33c00000,0x0000000c33d00000)]
  0x00000202f6037870 JavaThread "ClassGraph-worker-5" daemon [_thread_blocked, id=22564, stack(0x0000000c33d00000,0x0000000c33e00000)]
  0x00000202f6035b90 JavaThread "ClassGraph-worker-6" daemon [_thread_blocked, id=25024, stack(0x0000000c33e00000,0x0000000c33f00000)]
  0x00000202f6037d40 JavaThread "ClassGraph-worker-7" daemon [_thread_blocked, id=24132, stack(0x0000000c33f00000,0x0000000c34000000)]
  0x00000202f61ec0a0 JavaThread "ClassGraph-worker-8" daemon [_thread_blocked, id=23076, stack(0x0000000c34000000,0x0000000c34100000)]
  0x00000202f61e7d40 JavaThread "ClassGraph-worker-9" daemon [_thread_blocked, id=6240, stack(0x0000000c34100000,0x0000000c34200000)]
  0x00000202f61e6060 JavaThread "ClassGraph-worker-10" daemon [_thread_blocked, id=14692, stack(0x0000000c34200000,0x0000000c34300000)]
  0x00000202f61e6530 JavaThread "ClassGraph-worker-11" daemon [_thread_blocked, id=24072, stack(0x0000000c34300000,0x0000000c34400000)]
  0x00000202f61e8bb0 JavaThread "ClassGraph-worker-12" daemon [_thread_blocked, id=24200, stack(0x0000000c34400000,0x0000000c34500000)]
  0x00000202f61e6a00 JavaThread "ClassGraph-worker-13" daemon [_thread_blocked, id=24140, stack(0x0000000c34500000,0x0000000c34600000)]

Other Threads:
=>0x00000202f3f27290 VMThread "VM Thread" [stack: 0x0000000c31400000,0x0000000c31500000] [id=9192]
  0x00000202f4b467f0 WatcherThread [stack: 0x0000000c31f00000,0x0000000c32000000] [id=25284]
  0x00000202e6c378c0 GCTaskThread "GC Thread#0" [stack: 0x0000000c30f00000,0x0000000c31000000] [id=25124]
  0x00000202f56b6440 GCTaskThread "GC Thread#1" [stack: 0x0000000c32300000,0x0000000c32400000] [id=24708]
  0x00000202f56fa050 GCTaskThread "GC Thread#2" [stack: 0x0000000c32400000,0x0000000c32500000] [id=22068]
  0x00000202f5687850 GCTaskThread "GC Thread#3" [stack: 0x0000000c32500000,0x0000000c32600000] [id=17436]
  0x00000202f5687b00 GCTaskThread "GC Thread#4" [stack: 0x0000000c32600000,0x0000000c32700000] [id=5476]
  0x00000202f572a880 GCTaskThread "GC Thread#5" [stack: 0x0000000c32700000,0x0000000c32800000] [id=21972]
  0x00000202f58e9000 GCTaskThread "GC Thread#6" [stack: 0x0000000c32800000,0x0000000c32900000] [id=18148]
  0x00000202f58e92b0 GCTaskThread "GC Thread#7" [stack: 0x0000000c32900000,0x0000000c32a00000] [id=24744]
  0x00000202e6c48490 ConcurrentGCThread "G1 Main Marker" [stack: 0x0000000c31000000,0x0000000c31100000] [id=23476]
  0x00000202e6c48db0 ConcurrentGCThread "G1 Conc#0" [stack: 0x0000000c31100000,0x0000000c31200000] [id=22728]
  0x00000202f541ca10 ConcurrentGCThread "G1 Conc#1" [stack: 0x0000000c32b00000,0x0000000c32c00000] [id=11924]
  0x00000202e6c9e330 ConcurrentGCThread "G1 Refine#0" [stack: 0x0000000c31200000,0x0000000c31300000] [id=9640]
  0x00000202f8540210 ConcurrentGCThread "G1 Refine#1" [stack: 0x0000000c34600000,0x0000000c34700000] [id=8868]
  0x00000202f64b94c0 ConcurrentGCThread "G1 Refine#2" [stack: 0x0000000c34700000,0x0000000c34800000] [id=24784]
  0x00000202e6c9ec60 ConcurrentGCThread "G1 Service" [stack: 0x0000000c31300000,0x0000000c31400000] [id=14756]

Threads with active compile tasks:
C1 CompilerThread0    18030 4082       1       nonapi.io.github.classgraph.utils.ProxyingInputStream::read (11 bytes)
C1 CompilerThread1    18030 4080       1       jdk.internal.jimage.ImageLocation::verify (38 bytes)
C1 CompilerThread2    18030 4081       1       nonapi.io.github.classgraph.fileslice.reader.ClassfileReader::readTo (292 bytes)
C1 CompilerThread3    18031 4083   !   1       jdk.internal.jimage.decompressor.Decompressor::decompressResource (260 bytes)

VM state: at safepoint (normal execution)

VM Mutex/Monitor currently owned by a thread:  ([mutex/lock_event])
[0x00000202e4a4eee0] Threads_lock - owner thread: 0x00000202f3f27290
[0x00000202e6bdbfc0] Heap_lock - owner thread: 0x00000202f6037870

Heap address: 0x0000000081400000, size: 2028 MB, Compressed Oops mode: 32-bit

CDS archive(s) not mapped
Compressed class space mapped at: 0x0000000100000000-0x0000000140000000, reserved size: 1073741824
Narrow klass base: 0x0000000000000000, Narrow klass shift: 3, Narrow klass range: 0x140000000

GC Precious Log:
 CPUs: 8 total, 8 available
 Memory: 8107M
 Large Page Support: Disabled
 NUMA Support: Disabled
 Compressed Oops: Enabled (32-bit)
 Heap Region Size: 1M
 Heap Min Capacity: 8M
 Heap Initial Capacity: 128M
 Heap Max Capacity: 2028M
 Pre-touch: Disabled
 Parallel Workers: 8
 Concurrent Workers: 2
 Concurrent Refinement Workers: 8
 Periodic GC: Disabled

Heap:
 garbage-first heap   total 131072K, used 73243K [0x0000000081400000, 0x0000000100000000)
  region size 1024K, 2 young (2048K), 2 survivors (2048K)
 Metaspace       used 39077K, committed 39424K, reserved 1089536K
  class space    used 4931K, committed 5120K, reserved 1048576K

Heap Regions: E=young(eden), S=young(survivor), O=old, HS=humongous(starts), HC=humongous(continues), CS=collection set, F=free, OA=open archive, CA=closed archive, TAMS=top-at-mark-start (previous, next)
|   0|0x0000000081400000, 0x0000000081500000, 0x0000000081500000|100%| O|  |TAMS 0x0000000081500000, 0x0000000081500000| Untracked 
|   1|0x0000000081500000, 0x0000000081600000, 0x0000000081600000|100%| O|  |TAMS 0x0000000081600000, 0x0000000081600000| Untracked 
|   2|0x0000000081600000, 0x0000000081700000, 0x0000000081700000|100%| O|  |TAMS 0x0000000081700000, 0x0000000081700000| Untracked 
|   3|0x0000000081700000, 0x0000000081800000, 0x0000000081800000|100%| O|  |TAMS 0x0000000081800000, 0x0000000081800000| Untracked 
|   4|0x0000000081800000, 0x0000000081900000, 0x0000000081900000|100%| O|  |TAMS 0x0000000081900000, 0x0000000081900000| Untracked 
|   5|0x0000000081900000, 0x0000000081a00000, 0x0000000081a00000|100%| O|  |TAMS 0x0000000081a00000, 0x0000000081a00000| Untracked 
|   6|0x0000000081a00000, 0x0000000081b00000, 0x0000000081b00000|100%| O|  |TAMS 0x0000000081b00000, 0x0000000081b00000| Untracked 
|   7|0x0000000081b00000, 0x0000000081c00000, 0x0000000081c00000|100%| O|  |TAMS 0x0000000081c00000, 0x0000000081c00000| Untracked 
|   8|0x0000000081c00000, 0x0000000081d00000, 0x0000000081d00000|100%| O|  |TAMS 0x0000000081c00000, 0x0000000081d00000| Untracked 
|   9|0x0000000081d00000, 0x0000000081e00000, 0x0000000081e00000|100%| O|  |TAMS 0x0000000081e00000, 0x0000000081e00000| Untracked 
|  10|0x0000000081e00000, 0x0000000081f00000, 0x0000000081f00000|100%| O|  |TAMS 0x0000000081f00000, 0x0000000081f00000| Untracked 
|  11|0x0000000081f00000, 0x0000000081f00000, 0x0000000082000000|  0%| F|  |TAMS 0x0000000081f00000, 0x0000000081f00000| Untracked 
|  12|0x0000000082000000, 0x0000000082100000, 0x0000000082100000|100%| O|  |TAMS 0x0000000082100000, 0x0000000082100000| Untracked 
|  13|0x0000000082100000, 0x0000000082200000, 0x0000000082200000|100%| O|  |TAMS 0x0000000082200000, 0x0000000082200000| Untracked 
|  14|0x0000000082200000, 0x0000000082300000, 0x0000000082300000|100%| O|  |TAMS 0x0000000082300000, 0x0000000082300000| Untracked 
|  15|0x0000000082300000, 0x0000000082400000, 0x0000000082400000|100%| O|  |TAMS 0x0000000082400000, 0x0000000082400000| Untracked 
|  16|0x0000000082400000, 0x0000000082500000, 0x0000000082500000|100%| O|  |TAMS 0x0000000082500000, 0x0000000082500000| Untracked 
|  17|0x0000000082500000, 0x0000000082600000, 0x0000000082600000|100%| O|  |TAMS 0x0000000082600000, 0x0000000082600000| Untracked 
|  18|0x0000000082600000, 0x0000000082700000, 0x0000000082700000|100%| O|  |TAMS 0x0000000082700000, 0x0000000082700000| Untracked 
|  19|0x0000000082700000, 0x0000000082800000, 0x0000000082800000|100%| O|  |TAMS 0x0000000082800000, 0x0000000082800000| Untracked 
|  20|0x0000000082800000, 0x0000000082900000, 0x0000000082900000|100%| O|  |TAMS 0x0000000082900000, 0x0000000082900000| Untracked 
|  21|0x0000000082900000, 0x0000000082a00000, 0x0000000082a00000|100%| O|  |TAMS 0x0000000082a00000, 0x0000000082a00000| Untracked 
|  22|0x0000000082a00000, 0x0000000082b00000, 0x0000000082b00000|100%| O|  |TAMS 0x0000000082b00000, 0x0000000082b00000| Untracked 
|  23|0x0000000082b00000, 0x0000000082c00000, 0x0000000082c00000|100%| O|  |TAMS 0x0000000082c00000, 0x0000000082c00000| Untracked 
|  24|0x0000000082c00000, 0x0000000082d00000, 0x0000000082d00000|100%| O|  |TAMS 0x0000000082d00000, 0x0000000082d00000| Untracked 
|  25|0x0000000082d00000, 0x0000000082e00000, 0x0000000082e00000|100%| O|  |TAMS 0x0000000082e00000, 0x0000000082e00000| Untracked 
|  26|0x0000000082e00000, 0x0000000082f00000, 0x0000000082f00000|100%| O|  |TAMS 0x0000000082f00000, 0x0000000082f00000| Untracked 
|  27|0x0000000082f00000, 0x0000000083000000, 0x0000000083000000|100%| O|  |TAMS 0x0000000083000000, 0x0000000083000000| Untracked 
|  28|0x0000000083000000, 0x0000000083100000, 0x0000000083100000|100%| O|  |TAMS 0x0000000083100000, 0x0000000083100000| Untracked 
|  29|0x0000000083100000, 0x0000000083200000, 0x0000000083200000|100%| O|  |TAMS 0x0000000083200000, 0x0000000083200000| Untracked 
|  30|0x0000000083200000, 0x0000000083300000, 0x0000000083300000|100%| O|  |TAMS 0x0000000083300000, 0x0000000083300000| Untracked 
|  31|0x0000000083300000, 0x0000000083400000, 0x0000000083400000|100%| O|  |TAMS 0x0000000083400000, 0x0000000083400000| Untracked 
|  32|0x0000000083400000, 0x0000000083500000, 0x0000000083500000|100%| O|  |TAMS 0x0000000083500000, 0x0000000083500000| Untracked 
|  33|0x0000000083500000, 0x0000000083600000, 0x0000000083600000|100%| O|  |TAMS 0x0000000083600000, 0x0000000083600000| Untracked 
|  34|0x0000000083600000, 0x0000000083700000, 0x0000000083700000|100%| O|  |TAMS 0x0000000083700000, 0x0000000083700000| Untracked 
|  35|0x0000000083700000, 0x0000000083800000, 0x0000000083800000|100%| O|  |TAMS 0x0000000083800000, 0x0000000083800000| Untracked 
|  36|0x0000000083800000, 0x0000000083900000, 0x0000000083900000|100%| O|  |TAMS 0x0000000083900000, 0x0000000083900000| Untracked 
|  37|0x0000000083900000, 0x0000000083a00000, 0x0000000083a00000|100%| O|  |TAMS 0x0000000083a00000, 0x0000000083a00000| Untracked 
|  38|0x0000000083a00000, 0x0000000083b00000, 0x0000000083b00000|100%| O|  |TAMS 0x0000000083b00000, 0x0000000083b00000| Untracked 
|  39|0x0000000083b00000, 0x0000000083c00000, 0x0000000083c00000|100%| O|  |TAMS 0x0000000083c00000, 0x0000000083c00000| Untracked 
|  40|0x0000000083c00000, 0x0000000083d00000, 0x0000000083d00000|100%| O|  |TAMS 0x0000000083d00000, 0x0000000083d00000| Untracked 
|  41|0x0000000083d00000, 0x0000000083e00000, 0x0000000083e00000|100%| O|  |TAMS 0x0000000083e00000, 0x0000000083e00000| Untracked 
|  42|0x0000000083e00000, 0x0000000083f00000, 0x0000000083f00000|100%| O|  |TAMS 0x0000000083f00000, 0x0000000083f00000| Untracked 
|  43|0x0000000083f00000, 0x0000000084000000, 0x0000000084000000|100%| O|  |TAMS 0x0000000084000000, 0x0000000084000000| Untracked 
|  44|0x0000000084000000, 0x0000000084100000, 0x0000000084100000|100%| O|  |TAMS 0x0000000084100000, 0x0000000084100000| Untracked 
|  45|0x0000000084100000, 0x0000000084200000, 0x0000000084200000|100%| O|  |TAMS 0x0000000084100000, 0x0000000084200000| Untracked 
|  46|0x0000000084200000, 0x0000000084300000, 0x0000000084300000|100%| O|  |TAMS 0x0000000084300000, 0x0000000084300000| Untracked 
|  47|0x0000000084300000, 0x0000000084300000, 0x0000000084400000|  0%| F|  |TAMS 0x0000000084300000, 0x0000000084300000| Untracked 
|  48|0x0000000084400000, 0x0000000084500000, 0x0000000084500000|100%| O|  |TAMS 0x0000000084500000, 0x0000000084500000| Untracked 
|  49|0x0000000084500000, 0x0000000084600000, 0x0000000084600000|100%| O|  |TAMS 0x0000000084600000, 0x0000000084600000| Untracked 
|  50|0x0000000084600000, 0x0000000084700000, 0x0000000084700000|100%| O|  |TAMS 0x0000000084700000, 0x0000000084700000| Untracked 
|  51|0x0000000084700000, 0x0000000084800000, 0x0000000084800000|100%| O|  |TAMS 0x0000000084800000, 0x0000000084800000| Untracked 
|  52|0x0000000084800000, 0x0000000084900000, 0x0000000084900000|100%| O|  |TAMS 0x0000000084900000, 0x0000000084900000| Untracked 
|  53|0x0000000084900000, 0x0000000084a00000, 0x0000000084a00000|100%| O|  |TAMS 0x0000000084a00000, 0x0000000084a00000| Untracked 
|  54|0x0000000084a00000, 0x0000000084b00000, 0x0000000084b00000|100%| O|  |TAMS 0x0000000084b00000, 0x0000000084b00000| Untracked 
|  55|0x0000000084b00000, 0x0000000084c00000, 0x0000000084c00000|100%| O|  |TAMS 0x0000000084c00000, 0x0000000084c00000| Untracked 
|  56|0x0000000084c00000, 0x0000000084d00000, 0x0000000084d00000|100%| O|  |TAMS 0x0000000084d00000, 0x0000000084d00000| Untracked 
|  57|0x0000000084d00000, 0x0000000084e00000, 0x0000000084e00000|100%| O|  |TAMS 0x0000000084e00000, 0x0000000084e00000| Untracked 
|  58|0x0000000084e00000, 0x0000000084f00000, 0x0000000084f00000|100%| O|  |TAMS 0x0000000084e66e00, 0x0000000084f00000| Untracked 
|  59|0x0000000084f00000, 0x0000000085000000, 0x0000000085000000|100%| O|  |TAMS 0x0000000084f00000, 0x0000000085000000| Untracked 
|  60|0x0000000085000000, 0x0000000085100000, 0x0000000085100000|100%|HS|  |TAMS 0x0000000085000000, 0x0000000085100000| Complete 
|  61|0x0000000085100000, 0x0000000085200000, 0x0000000085200000|100%| O|  |TAMS 0x0000000085100000, 0x0000000085200000| Untracked 
|  62|0x0000000085200000, 0x0000000085300000, 0x0000000085300000|100%| O|  |TAMS 0x0000000085200000, 0x0000000085300000| Untracked 
|  63|0x0000000085300000, 0x0000000085400000, 0x0000000085400000|100%| O|  |TAMS 0x0000000085300000, 0x0000000085400000| Untracked 
|  64|0x0000000085400000, 0x0000000085500000, 0x0000000085500000|100%| O|  |TAMS 0x0000000085400000, 0x0000000085500000| Untracked 
|  65|0x0000000085500000, 0x0000000085600000, 0x0000000085600000|100%| O|  |TAMS 0x0000000085500000, 0x0000000085600000| Untracked 
|  66|0x0000000085600000, 0x0000000085700000, 0x0000000085700000|100%| O|  |TAMS 0x0000000085600000, 0x0000000085700000| Untracked 
|  67|0x0000000085700000, 0x0000000085800000, 0x0000000085800000|100%| O|  |TAMS 0x0000000085700000, 0x0000000085800000| Untracked 
|  68|0x0000000085800000, 0x0000000085900000, 0x0000000085900000|100%| O|  |TAMS 0x0000000085800000, 0x0000000085900000| Untracked 
|  69|0x0000000085900000, 0x0000000085a00000, 0x0000000085a00000|100%| O|  |TAMS 0x0000000085900000, 0x0000000085a00000| Untracked 
|  70|0x0000000085a00000, 0x0000000085b00000, 0x0000000085b00000|100%| O|  |TAMS 0x0000000085a00000, 0x0000000085b00000| Untracked 
|  71|0x0000000085b00000, 0x0000000085c00000, 0x0000000085c00000|100%| O|  |TAMS 0x0000000085b00000, 0x0000000085c00000| Untracked 
|  72|0x0000000085c00000, 0x0000000085c20c00, 0x0000000085d00000| 12%| O|  |TAMS 0x0000000085c00000, 0x0000000085c20c00| Untracked 
|  73|0x0000000085d00000, 0x0000000085d00000, 0x0000000085e00000|  0%| F|  |TAMS 0x0000000085d00000, 0x0000000085d00000| Untracked 
|  74|0x0000000085e00000, 0x0000000085e00000, 0x0000000085f00000|  0%| F|  |TAMS 0x0000000085e00000, 0x0000000085e00000| Untracked 
|  75|0x0000000085f00000, 0x0000000085f00000, 0x0000000086000000|  0%| F|  |TAMS 0x0000000085f00000, 0x0000000085f00000| Untracked 
|  76|0x0000000086000000, 0x0000000086000000, 0x0000000086100000|  0%| F|  |TAMS 0x0000000086000000, 0x0000000086000000| Untracked 
|  77|0x0000000086100000, 0x0000000086100000, 0x0000000086200000|  0%| F|  |TAMS 0x0000000086100000, 0x0000000086100000| Untracked 
|  78|0x0000000086200000, 0x0000000086200000, 0x0000000086300000|  0%| F|  |TAMS 0x0000000086200000, 0x0000000086200000| Untracked 
|  79|0x0000000086300000, 0x0000000086300000, 0x0000000086400000|  0%| F|  |TAMS 0x0000000086300000, 0x0000000086300000| Untracked 
|  80|0x0000000086400000, 0x0000000086400000, 0x0000000086500000|  0%| F|  |TAMS 0x0000000086400000, 0x0000000086400000| Untracked 
|  81|0x0000000086500000, 0x0000000086500000, 0x0000000086600000|  0%| F|  |TAMS 0x0000000086500000, 0x0000000086500000| Untracked 
|  82|0x0000000086600000, 0x0000000086600000, 0x0000000086700000|  0%| F|  |TAMS 0x0000000086600000, 0x0000000086600000| Untracked 
|  83|0x0000000086700000, 0x0000000086700000, 0x0000000086800000|  0%| F|  |TAMS 0x0000000086700000, 0x0000000086700000| Untracked 
|  84|0x0000000086800000, 0x0000000086800000, 0x0000000086900000|  0%| F|  |TAMS 0x0000000086800000, 0x0000000086800000| Untracked 
|  85|0x0000000086900000, 0x0000000086900000, 0x0000000086a00000|  0%| F|  |TAMS 0x0000000086900000, 0x0000000086900000| Untracked 
|  86|0x0000000086a00000, 0x0000000086a00000, 0x0000000086b00000|  0%| F|  |TAMS 0x0000000086a00000, 0x0000000086a00000| Untracked 
|  87|0x0000000086b00000, 0x0000000086b00000, 0x0000000086c00000|  0%| F|  |TAMS 0x0000000086b00000, 0x0000000086b00000| Untracked 
|  88|0x0000000086c00000, 0x0000000086c00000, 0x0000000086d00000|  0%| F|  |TAMS 0x0000000086c00000, 0x0000000086c00000| Untracked 
|  89|0x0000000086d00000, 0x0000000086d00000, 0x0000000086e00000|  0%| F|  |TAMS 0x0000000086d00000, 0x0000000086d00000| Untracked 
|  90|0x0000000086e00000, 0x0000000086e00000, 0x0000000086f00000|  0%| F|  |TAMS 0x0000000086e00000, 0x0000000086e00000| Untracked 
|  91|0x0000000086f00000, 0x0000000086f00000, 0x0000000087000000|  0%| F|  |TAMS 0x0000000086f00000, 0x0000000086f00000| Untracked 
|  92|0x0000000087000000, 0x0000000087000000, 0x0000000087100000|  0%| F|  |TAMS 0x0000000087000000, 0x0000000087000000| Untracked 
|  93|0x0000000087100000, 0x0000000087100000, 0x0000000087200000|  0%| F|  |TAMS 0x0000000087100000, 0x0000000087100000| Untracked 
|  94|0x0000000087200000, 0x0000000087200000, 0x0000000087300000|  0%| F|  |TAMS 0x0000000087200000, 0x0000000087200000| Untracked 
|  95|0x0000000087300000, 0x0000000087300000, 0x0000000087400000|  0%| F|  |TAMS 0x0000000087300000, 0x0000000087300000| Untracked 
|  96|0x0000000087400000, 0x0000000087400000, 0x0000000087500000|  0%| F|  |TAMS 0x0000000087400000, 0x0000000087400000| Untracked 
|  97|0x0000000087500000, 0x0000000087500000, 0x0000000087600000|  0%| F|  |TAMS 0x0000000087500000, 0x0000000087500000| Untracked 
|  98|0x0000000087600000, 0x0000000087600000, 0x0000000087700000|  0%| F|  |TAMS 0x0000000087600000, 0x0000000087600000| Untracked 
|  99|0x0000000087700000, 0x0000000087700000, 0x0000000087800000|  0%| F|  |TAMS 0x0000000087700000, 0x0000000087700000| Untracked 
| 100|0x0000000087800000, 0x0000000087800000, 0x0000000087900000|  0%| F|  |TAMS 0x0000000087800000, 0x0000000087800000| Untracked 
| 101|0x0000000087900000, 0x0000000087900000, 0x0000000087a00000|  0%| F|  |TAMS 0x0000000087900000, 0x0000000087900000| Untracked 
| 102|0x0000000087a00000, 0x0000000087a66300, 0x0000000087b00000| 39%| S|CS|TAMS 0x0000000087a00000, 0x0000000087a00000| Complete 
| 103|0x0000000087b00000, 0x0000000087c00000, 0x0000000087c00000|100%| S|CS|TAMS 0x0000000087b00000, 0x0000000087b00000| Complete 
| 104|0x0000000087c00000, 0x0000000087c00000, 0x0000000087d00000|  0%| F|  |TAMS 0x0000000087c00000, 0x0000000087c00000| Untracked 
| 105|0x0000000087d00000, 0x0000000087d00000, 0x0000000087e00000|  0%| F|  |TAMS 0x0000000087d00000, 0x0000000087d00000| Untracked 
| 106|0x0000000087e00000, 0x0000000087e00000, 0x0000000087f00000|  0%| F|  |TAMS 0x0000000087e00000, 0x0000000087e00000| Untracked 
| 107|0x0000000087f00000, 0x0000000087f00000, 0x0000000088000000|  0%| F|  |TAMS 0x0000000087f00000, 0x0000000087f00000| Untracked 
| 108|0x0000000088000000, 0x0000000088000000, 0x0000000088100000|  0%| F|  |TAMS 0x0000000088000000, 0x0000000088000000| Untracked 
| 109|0x0000000088100000, 0x0000000088100000, 0x0000000088200000|  0%| F|  |TAMS 0x0000000088100000, 0x0000000088100000| Untracked 
| 110|0x0000000088200000, 0x0000000088200000, 0x0000000088300000|  0%| F|  |TAMS 0x0000000088200000, 0x0000000088200000| Untracked 
| 111|0x0000000088300000, 0x0000000088300000, 0x0000000088400000|  0%| F|  |TAMS 0x0000000088300000, 0x0000000088300000| Untracked 
| 112|0x0000000088400000, 0x0000000088400000, 0x0000000088500000|  0%| F|  |TAMS 0x0000000088400000, 0x0000000088400000| Untracked 
| 113|0x0000000088500000, 0x0000000088500000, 0x0000000088600000|  0%| F|  |TAMS 0x0000000088500000, 0x0000000088500000| Untracked 
| 114|0x0000000088600000, 0x0000000088600000, 0x0000000088700000|  0%| F|  |TAMS 0x0000000088600000, 0x0000000088600000| Untracked 
| 115|0x0000000088700000, 0x0000000088700000, 0x0000000088800000|  0%| F|  |TAMS 0x0000000088700000, 0x0000000088700000| Untracked 
| 116|0x0000000088800000, 0x0000000088800000, 0x0000000088900000|  0%| F|  |TAMS 0x0000000088800000, 0x0000000088800000| Untracked 
| 117|0x0000000088900000, 0x0000000088900000, 0x0000000088a00000|  0%| F|  |TAMS 0x0000000088900000, 0x0000000088900000| Untracked 
| 118|0x0000000088a00000, 0x0000000088a00000, 0x0000000088b00000|  0%| F|  |TAMS 0x0000000088a00000, 0x0000000088a00000| Untracked 
| 119|0x0000000088b00000, 0x0000000088b00000, 0x0000000088c00000|  0%| F|  |TAMS 0x0000000088b00000, 0x0000000088b00000| Untracked 
| 120|0x0000000088c00000, 0x0000000088c00000, 0x0000000088d00000|  0%| F|  |TAMS 0x0000000088c00000, 0x0000000088c00000| Untracked 
| 121|0x0000000088d00000, 0x0000000088d00000, 0x0000000088e00000|  0%| F|  |TAMS 0x0000000088d00000, 0x0000000088d00000| Untracked 
| 122|0x0000000088e00000, 0x0000000088e00000, 0x0000000088f00000|  0%| F|  |TAMS 0x0000000088e00000, 0x0000000088e00000| Untracked 
| 123|0x0000000088f00000, 0x0000000088f00000, 0x0000000089000000|  0%| F|  |TAMS 0x0000000088f00000, 0x0000000088f00000| Untracked 
| 124|0x0000000089000000, 0x0000000089000000, 0x0000000089100000|  0%| F|  |TAMS 0x0000000089000000, 0x0000000089000000| Untracked 
| 125|0x0000000089100000, 0x0000000089100000, 0x0000000089200000|  0%| F|  |TAMS 0x0000000089100000, 0x0000000089100000| Untracked 
| 126|0x0000000089200000, 0x0000000089200000, 0x0000000089300000|  0%| F|  |TAMS 0x0000000089200000, 0x0000000089200000| Untracked 
| 127|0x0000000089300000, 0x0000000089300000, 0x0000000089400000|  0%| F|  |TAMS 0x0000000089300000, 0x0000000089300000| Untracked 

Card table byte_map: [0x00000202ecd80000,0x00000202ed180000] _byte_map_base: 0x00000202ec976000

Marking Bits (Prev, Next): (CMBitMap*) 0x00000202e6c37de0, (CMBitMap*) 0x00000202e6c37e20
 Prev Bits: [0x00000202ed580000, 0x00000202ef530000)
 Next Bits: [0x00000202ef530000, 0x00000202f14e0000)

Polling page: 0x00000202e4b10000

Metaspace:

Usage:
  Non-class:     33.35 MB used.
      Class:      4.82 MB used.
       Both:     38.16 MB used.

Virtual space:
  Non-class space:       40.00 MB reserved,      33.50 MB ( 84%) committed,  5 nodes.
      Class space:        1.00 GB reserved,       5.00 MB ( <1%) committed,  1 nodes.
             Both:        1.04 GB reserved,      38.50 MB (  4%) committed. 

Chunk freelists:
   Non-Class:  1.64 MB
       Class:  3.05 MB
        Both:  4.68 MB

MaxMetaspaceSize: unlimited
CompressedClassSpaceSize: 1.00 GB
Initial GC threshold: 21.00 MB
Current GC threshold: 64.00 MB
CDS: off
MetaspaceReclaimPolicy: balanced
 - commit_granule_bytes: 65536.
 - commit_granule_words: 8192.
 - virtual_space_node_default_size: 1048576.
 - enlarge_chunks_in_place: 1.
 - new_chunks_are_fully_committed: 0.
 - uncommit_free_chunks: 1.
 - use_allocation_guard: 0.
 - handle_deallocations: 1.


Internal statistics:

num_allocs_failed_limit: 11.
num_arena_births: 350.
num_arena_deaths: 0.
num_vsnodes_births: 6.
num_vsnodes_deaths: 0.
num_space_committed: 616.
num_space_uncommitted: 0.
num_chunks_returned_to_freelist: 11.
num_chunks_taken_from_freelist: 1490.
num_chunk_merges: 11.
num_chunk_splits: 1026.
num_chunks_enlarged: 800.
num_purges: 0.
num_inconsistent_stats: 0.

CodeCache: size=49152Kb used=9664Kb max_used=9664Kb free=39488Kb
 bounds [0x00000202e9860000, 0x00000202ea1d0000, 0x00000202ec860000]
 total_blobs=4610 nmethods=4079 adapters=455
 compilation: enabled
              stopped_count=0, restarted_count=0
 full_count=0

Compilation events (20 events):
Event: 17.890 Thread 0x00000202f54f0a80 nmethod 4070 0x00000202ea1cd110 code [0x00000202ea1cd2e0, 0x00000202ea1cd578]
Event: 17.890 Thread 0x00000202f4916ee0 nmethod 4072 0x00000202ea1cd710 code [0x00000202ea1cd8a0, 0x00000202ea1cd988]
Event: 17.890 Thread 0x00000202f54f0a80 4053       1       io.github.classgraph.Scanner$ClassfileScanWorkUnit::access$600 (5 bytes)
Event: 17.890 Thread 0x00000202f4916ee0 4074  s    1       java.util.zip.Inflater$InflaterZStreamRef::run (21 bytes)
Event: 17.890 Thread 0x00000202f4b15ca0 nmethod 4052 0x00000202ea1cda10 code [0x00000202ea1cdba0, 0x00000202ea1cdc58]
Event: 17.890 Thread 0x00000202f4b15ca0 4073   !   1       java.util.zip.Inflater::end (37 bytes)
Event: 17.890 Thread 0x00000202f54f0a80 nmethod 4053 0x00000202ea1cdd10 code [0x00000202ea1cdea0, 0x00000202ea1cdf58]
Event: 17.890 Thread 0x00000202f54f23d0 nmethod 4071 0x00000202ea1c9610 code [0x00000202ea1c9be0, 0x00000202ea1cbc18]
Event: 17.890 Thread 0x00000202f4916ee0 nmethod 4074 0x00000202ea1ce010 code [0x00000202ea1ce1a0, 0x00000202ea1ce348]
Event: 17.890 Thread 0x00000202f54f0a80 4075       1       java.util.zip.Inflater$InflaterZStreamRef::clean (10 bytes)
Event: 17.890 Thread 0x00000202f4916ee0 4067       1       io.github.classgraph.Classfile$ClassContainment::<init> (20 bytes)
Event: 17.890 Thread 0x00000202f4916ee0 nmethod 4067 0x00000202ea1ce410 code [0x00000202ea1ce5a0, 0x00000202ea1ce6f8]
Event: 17.891 Thread 0x00000202f54f0a80 nmethod 4075 0x00000202ea1ce790 code [0x00000202ea1ce940, 0x00000202ea1ceaa8]
Event: 17.891 Thread 0x00000202f4b15ca0 nmethod 4073 0x00000202ea1cec10 code [0x00000202ea1cede0, 0x00000202ea1cf0e8]
Event: 17.942 Thread 0x00000202f54f23d0 4078   !   1       jdk.internal.reflect.GeneratedMethodAccessor29::invoke (67 bytes)
Event: 17.943 Thread 0x00000202f54f23d0 nmethod 4078 0x00000202ea1cf310 code [0x00000202ea1cf500, 0x00000202ea1cf938]
Event: 17.957 Thread 0x00000202f4b15ca0 4080       1       jdk.internal.jimage.ImageLocation::verify (38 bytes)
Event: 17.957 Thread 0x00000202f54f23d0 4081       1       nonapi.io.github.classgraph.fileslice.reader.ClassfileReader::readTo (292 bytes)
Event: 17.957 Thread 0x00000202f4916ee0 4082       1       nonapi.io.github.classgraph.utils.ProxyingInputStream::read (11 bytes)
Event: 17.957 Thread 0x00000202f54f0a80 4083   !   1       jdk.internal.jimage.decompressor.Decompressor::decompressResource (260 bytes)

GC Heap History (20 events):
Event: 15.822 GC heap after
{Heap after GC invocations=11 (full 0):
 garbage-first heap   total 71680K, used 29810K [0x0000000081400000, 0x0000000100000000)
  region size 1024K, 3 young (3072K), 3 survivors (3072K)
 Metaspace       used 36991K, committed 37376K, reserved 1081344K
  class space    used 4746K, committed 4928K, reserved 1048576K
}
Event: 15.984 GC heap before
{Heap before GC invocations=11 (full 0):
 garbage-first heap   total 71680K, used 50290K [0x0000000081400000, 0x0000000100000000)
  region size 1024K, 23 young (23552K), 3 survivors (3072K)
 Metaspace       used 37200K, committed 37504K, reserved 1081344K
  class space    used 4765K, committed 4928K, reserved 1048576K
}
Event: 15.989 GC heap after
{Heap after GC invocations=12 (full 0):
 garbage-first heap   total 71680K, used 33102K [0x0000000081400000, 0x0000000100000000)
  region size 1024K, 3 young (3072K), 3 survivors (3072K)
 Metaspace       used 37200K, committed 37504K, reserved 1081344K
  class space    used 4765K, committed 4928K, reserved 1048576K
}
Event: 16.094 GC heap before
{Heap before GC invocations=12 (full 0):
 garbage-first heap   total 71680K, used 51534K [0x0000000081400000, 0x0000000100000000)
  region size 1024K, 22 young (22528K), 3 survivors (3072K)
 Metaspace       used 37463K, committed 37760K, reserved 1089536K
  class space    used 4782K, committed 4928K, reserved 1048576K
}
Event: 16.098 GC heap after
{Heap after GC invocations=13 (full 0):
 garbage-first heap   total 71680K, used 36614K [0x0000000081400000, 0x0000000100000000)
  region size 1024K, 3 young (3072K), 3 survivors (3072K)
 Metaspace       used 37463K, committed 37760K, reserved 1089536K
  class space    used 4782K, committed 4928K, reserved 1048576K
}
Event: 16.169 GC heap before
{Heap before GC invocations=13 (full 0):
 garbage-first heap   total 71680K, used 52998K [0x0000000081400000, 0x0000000100000000)
  region size 1024K, 19 young (19456K), 3 survivors (3072K)
 Metaspace       used 37571K, committed 37888K, reserved 1089536K
  class space    used 4787K, committed 4928K, reserved 1048576K
}
Event: 16.175 GC heap after
{Heap after GC invocations=14 (full 0):
 garbage-first heap   total 71680K, used 40503K [0x0000000081400000, 0x0000000100000000)
  region size 1024K, 3 young (3072K), 3 survivors (3072K)
 Metaspace       used 37571K, committed 37888K, reserved 1089536K
  class space    used 4787K, committed 4928K, reserved 1048576K
}
Event: 16.271 GC heap before
{Heap before GC invocations=14 (full 0):
 garbage-first heap   total 91136K, used 53815K [0x0000000081400000, 0x0000000100000000)
  region size 1024K, 16 young (16384K), 3 survivors (3072K)
 Metaspace       used 37899K, committed 38208K, reserved 1089536K
  class space    used 4790K, committed 4928K, reserved 1048576K
}
Event: 16.278 GC heap after
{Heap after GC invocations=15 (full 0):
 garbage-first heap   total 131072K, used 45644K [0x0000000081400000, 0x0000000100000000)
  region size 1024K, 2 young (2048K), 2 survivors (2048K)
 Metaspace       used 37899K, committed 38208K, reserved 1089536K
  class space    used 4790K, committed 4928K, reserved 1048576K
}
Event: 17.329 GC heap before
{Heap before GC invocations=16 (full 0):
 garbage-first heap   total 131072K, used 92748K [0x0000000081400000, 0x0000000100000000)
  region size 1024K, 48 young (49152K), 2 survivors (2048K)
 Metaspace       used 38857K, committed 39168K, reserved 1089536K
  class space    used 4904K, committed 5056K, reserved 1048576K
}
Event: 17.341 GC heap after
{Heap after GC invocations=17 (full 0):
 garbage-first heap   total 131072K, used 57303K [0x0000000081400000, 0x0000000100000000)
  region size 1024K, 6 young (6144K), 6 survivors (6144K)
 Metaspace       used 38857K, committed 39168K, reserved 1089536K
  class space    used 4904K, committed 5056K, reserved 1048576K
}
Event: 17.431 GC heap before
{Heap before GC invocations=17 (full 0):
 garbage-first heap   total 131072K, used 58327K [0x0000000081400000, 0x0000000100000000)
  region size 1024K, 7 young (7168K), 6 survivors (6144K)
 Metaspace       used 38889K, committed 39232K, reserved 1089536K
  class space    used 4912K, committed 5056K, reserved 1048576K
}
Event: 17.438 GC heap after
{Heap after GC invocations=18 (full 0):
 garbage-first heap   total 131072K, used 58907K [0x0000000081400000, 0x0000000100000000)
  region size 1024K, 1 young (1024K), 1 survivors (1024K)
 Metaspace       used 38889K, committed 39232K, reserved 1089536K
  class space    used 4912K, committed 5056K, reserved 1048576K
}
Event: 17.650 GC heap before
{Heap before GC invocations=18 (full 0):
 garbage-first heap   total 131072K, used 70171K [0x0000000081400000, 0x0000000100000000)
  region size 1024K, 14 young (14336K), 1 survivors (1024K)
 Metaspace       used 38983K, committed 39296K, reserved 1089536K
  class space    used 4921K, committed 5056K, reserved 1048576K
}
Event: 17.656 GC heap after
{Heap after GC invocations=19 (full 0):
 garbage-first heap   total 131072K, used 65053K [0x0000000081400000, 0x0000000100000000)
  region size 1024K, 5 young (5120K), 5 survivors (5120K)
 Metaspace       used 38983K, committed 39296K, reserved 1089536K
  class space    used 4921K, committed 5056K, reserved 1048576K
}
Event: 17.908 GC heap before
{Heap before GC invocations=20 (full 0):
 garbage-first heap   total 131072K, used 91677K [0x0000000081400000, 0x0000000100000000)
  region size 1024K, 32 young (32768K), 5 survivors (5120K)
 Metaspace       used 39067K, committed 39424K, reserved 1089536K
  class space    used 4931K, committed 5120K, reserved 1048576K
}
Event: 17.935 GC heap after
{Heap after GC invocations=21 (full 0):
 garbage-first heap   total 131072K, used 72322K [0x0000000081400000, 0x0000000100000000)
  region size 1024K, 4 young (4096K), 4 survivors (4096K)
 Metaspace       used 39067K, committed 39424K, reserved 1089536K
  class space    used 4931K, committed 5120K, reserved 1048576K
}
Event: 17.946 GC heap before
{Heap before GC invocations=21 (full 0):
 garbage-first heap   total 131072K, used 73346K [0x0000000081400000, 0x0000000100000000)
  region size 1024K, 6 young (6144K), 4 survivors (4096K)
 Metaspace       used 39067K, committed 39424K, reserved 1089536K
  class space    used 4931K, committed 5120K, reserved 1048576K
}
Event: 17.953 GC heap after
{Heap after GC invocations=22 (full 0):
 garbage-first heap   total 131072K, used 72455K [0x0000000081400000, 0x0000000100000000)
  region size 1024K, 1 young (1024K), 1 survivors (1024K)
 Metaspace       used 39067K, committed 39424K, reserved 1089536K
  class space    used 4931K, committed 5120K, reserved 1048576K
}
Event: 17.976 GC heap before
{Heap before GC invocations=22 (full 0):
 garbage-first heap   total 131072K, used 94983K [0x0000000081400000, 0x0000000100000000)
  region size 1024K, 24 young (24576K), 1 survivors (1024K)
 Metaspace       used 39077K, committed 39424K, reserved 1089536K
  class space    used 4931K, committed 5120K, reserved 1048576K
}

Dll operation events (8 events):
Event: 0.019 Loaded shared library c:\Users\HP\.vscode\extensions\redhat.java-1.13.0-win32-x64\jre\17.0.5-win32-x86_64\bin\java.dll
Event: 1.474 Loaded shared library C:\Users\HP\.vscode\extensions\redhat.java-1.13.0-win32-x64\jre\17.0.5-win32-x86_64\bin\net.dll
Event: 1.477 Loaded shared library C:\Users\HP\.vscode\extensions\redhat.java-1.13.0-win32-x64\jre\17.0.5-win32-x86_64\bin\nio.dll
Event: 1.498 Loaded shared library C:\Users\HP\.vscode\extensions\redhat.java-1.13.0-win32-x64\jre\17.0.5-win32-x86_64\bin\zip.dll
Event: 2.131 Loaded shared library c:\Users\HP\.vscode\extensions\redhat.java-1.13.0-win32-x64\jre\17.0.5-win32-x86_64\bin\verify.dll
Event: 2.178 Loaded shared library C:\Users\HP\.vscode\extensions\redhat.java-1.13.0-win32-x64\jre\17.0.5-win32-x86_64\bin\jimage.dll
Event: 5.960 Loaded shared library C:\Users\HP\.vscode\extensions\redhat.java-1.13.0-win32-x64\jre\17.0.5-win32-x86_64\bin\management.dll
Event: 5.965 Loaded shared library C:\Users\HP\.vscode\extensions\redhat.java-1.13.0-win32-x64\jre\17.0.5-win32-x86_64\bin\management_ext.dll

Deoptimization events (12 events):
Event: 7.015 Thread 0x00000202e6bdc8a0 DEOPT PACKING pc=0x00000202e9dc4299 sp=0x0000000c30efd150
Event: 7.015 Thread 0x00000202e6bdc8a0 DEOPT UNPACKING pc=0x00000202e98b2b43 sp=0x0000000c30efc630 mode 3
Event: 12.343 Thread 0x00000202e6bdc8a0 DEOPT PACKING pc=0x00000202e9f3aa19 sp=0x0000000c30efc530
Event: 12.343 Thread 0x00000202e6bdc8a0 DEOPT UNPACKING pc=0x00000202e98b2b43 sp=0x0000000c30efba10 mode 3
Event: 14.181 Thread 0x00000202f5b8a540 DEOPT PACKING pc=0x00000202e9ff7335 sp=0x0000000c32ffe180
Event: 14.181 Thread 0x00000202f5b8a540 DEOPT UNPACKING pc=0x00000202e98b2b43 sp=0x0000000c32ffd6a8 mode 3
Event: 14.744 Thread 0x00000202f5b11ae0 DEOPT PACKING pc=0x00000202e9dc1b81 sp=0x0000000c32efd750
Event: 14.744 Thread 0x00000202f5b11ae0 DEOPT UNPACKING pc=0x00000202e98b2b43 sp=0x0000000c32efcbe0 mode 3
Event: 14.823 Thread 0x00000202f6038210 DEOPT PACKING pc=0x00000202ea0339ab sp=0x0000000c333fe670
Event: 14.823 Thread 0x00000202f6038210 DEOPT UNPACKING pc=0x00000202e98b2b43 sp=0x0000000c333fdbb8 mode 3
Event: 17.030 Thread 0x00000202f61e7d40 DEOPT PACKING pc=0x00000202e9dbb897 sp=0x0000000c341ff310
Event: 17.030 Thread 0x00000202f61e7d40 DEOPT UNPACKING pc=0x00000202e98b2b43 sp=0x0000000c341fe768 mode 3

Classes unloaded (0 events):
No events

Classes redefined (0 events):
No events

Internal exceptions (20 events):
Event: 15.091 Thread 0x00000202f60351f0 Exception <a 'sun/nio/fs/WindowsException'{0x00000000846d9c38}> (0x00000000846d9c38) 
thrown [s\src\hotspot\share\prims\jni.cpp, line 516]
Event: 15.092 Thread 0x00000202f60351f0 Exception <a 'sun/nio/fs/WindowsException'{0x00000000846da670}> (0x00000000846da670) 
thrown [s\src\hotspot\share\prims\jni.cpp, line 516]
Event: 15.092 Thread 0x00000202f60351f0 Exception <a 'sun/nio/fs/WindowsException'{0x00000000846daa60}> (0x00000000846daa60) 
thrown [s\src\hotspot\share\prims\jni.cpp, line 516]
Event: 15.092 Thread 0x00000202f60351f0 Exception <a 'sun/nio/fs/WindowsException'{0x00000000846db470}> (0x00000000846db470) 
thrown [s\src\hotspot\share\prims\jni.cpp, line 516]
Event: 15.092 Thread 0x00000202f60351f0 Exception <a 'sun/nio/fs/WindowsException'{0x00000000846db830}> (0x00000000846db830) 
thrown [s\src\hotspot\share\prims\jni.cpp, line 516]
Event: 15.092 Thread 0x00000202f60351f0 Exception <a 'sun/nio/fs/WindowsException'{0x00000000846dc218}> (0x00000000846dc218) 
thrown [s\src\hotspot\share\prims\jni.cpp, line 516]
Event: 15.092 Thread 0x00000202f60351f0 Exception <a 'sun/nio/fs/WindowsException'{0x00000000846dc5a8}> (0x00000000846dc5a8) 
thrown [s\src\hotspot\share\prims\jni.cpp, line 516]
Event: 15.092 Thread 0x00000202f60351f0 Exception <a 'sun/nio/fs/WindowsException'{0x00000000846dcfa0}> (0x00000000846dcfa0) 
thrown [s\src\hotspot\share\prims\jni.cpp, line 516]
Event: 15.092 Thread 0x00000202f60351f0 Exception <a 'sun/nio/fs/WindowsException'{0x00000000846dd350}> (0x00000000846dd350) 
thrown [s\src\hotspot\share\prims\jni.cpp, line 516]
Event: 15.093 Thread 0x00000202f60351f0 Exception <a 'sun/nio/fs/WindowsException'{0x00000000846ddd38}> (0x00000000846ddd38) 
thrown [s\src\hotspot\share\prims\jni.cpp, line 516]
Event: 15.093 Thread 0x00000202f60351f0 Exception <a 'sun/nio/fs/WindowsException'{0x00000000846de0c8}> (0x00000000846de0c8) 
thrown [s\src\hotspot\share\prims\jni.cpp, line 516]
Event: 15.093 Thread 0x00000202f60351f0 Exception <a 'sun/nio/fs/WindowsException'{0x00000000846deba0}> (0x00000000846deba0) 
thrown [s\src\hotspot\share\prims\jni.cpp, line 516]
Event: 15.093 Thread 0x00000202f60351f0 Exception <a 'sun/nio/fs/WindowsException'{0x00000000846def50}> (0x00000000846def50) 
thrown [s\src\hotspot\share\prims\jni.cpp, line 516]
Event: 15.093 Thread 0x00000202f60351f0 Exception <a 'sun/nio/fs/WindowsException'{0x00000000846df960}> (0x00000000846df960) 
thrown [s\src\hotspot\share\prims\jni.cpp, line 516]
Event: 15.093 Thread 0x00000202f60351f0 Exception <a 'sun/nio/fs/WindowsException'{0x00000000846dfd20}> (0x00000000846dfd20) 
thrown [s\src\hotspot\share\prims\jni.cpp, line 516]
Event: 15.093 Thread 0x00000202f60351f0 Exception <a 'sun/nio/fs/WindowsException'{0x00000000846e0748}> (0x00000000846e0748) 
thrown [s\src\hotspot\share\prims\jni.cpp, line 516]
Event: 15.093 Thread 0x00000202f60351f0 Exception <a 'sun/nio/fs/WindowsException'{0x00000000846e0b28}> (0x00000000846e0b28) 
thrown [s\src\hotspot\share\prims\jni.cpp, line 516]
Event: 15.094 Thread 0x00000202f60351f0 Exception <a 'sun/nio/fs/WindowsException'{0x00000000846e1548}> (0x00000000846e1548) 
thrown [s\src\hotspot\share\prims\jni.cpp, line 516]
Event: 15.094 Thread 0x00000202f60351f0 Exception <a 'sun/nio/fs/WindowsException'{0x00000000846e1928}> (0x00000000846e1928) 
thrown [s\src\hotspot\share\prims\jni.cpp, line 516]
Event: 16.907 Thread 0x00000202f5b8a540 Exception <a 'java/lang/NoSuchMethodError'{0x00000000876be6c8}: 'java.lang.Object java.lang.invoke.Invokers$Holder.invoke_MT(java.lang.Object, java.lang.Object, java.lang.Object)'> (0x00000000876be6c8) 
thrown [s\src\hotspot\share\interpreter\linkResolver.cpp, line 759]

VM Operations (20 events):
Event: 17.162 Executing VM operation: HandshakeAllThreads done
Event: 17.329 Executing VM operation: G1CollectForAllocation
Event: 17.342 Executing VM operation: G1CollectForAllocation done
Event: 17.431 Executing VM operation: G1CollectForAllocation
Event: 17.438 Executing VM operation: G1CollectForAllocation done
Event: 17.649 Executing VM operation: G1TryInitiateConcMark
Event: 17.663 Executing VM operation: G1TryInitiateConcMark done
Event: 17.748 Executing VM operation: G1Concurrent
Event: 17.761 Executing VM operation: G1Concurrent done
Event: 17.801 Executing VM operation: G1Concurrent
Event: 17.842 Executing VM operation: G1Concurrent done
Event: 17.870 Executing VM operation: G1CollectForAllocation
Event: 17.906 Executing VM operation: G1CollectForAllocation done
Event: 17.907 Executing VM operation: G1CollectForAllocation
Event: 17.935 Executing VM operation: G1CollectForAllocation done
Event: 17.943 Executing VM operation: G1CollectForAllocation
Event: 17.945 Executing VM operation: G1CollectForAllocation done
Event: 17.946 Executing VM operation: G1CollectForAllocation
Event: 17.953 Executing VM operation: G1CollectForAllocation done
Event: 17.976 Executing VM operation: G1CollectForAllocation

Events (20 events):
Event: 16.913 loading class jdk/internal/jrtfs/JrtPath
Event: 16.914 loading class jdk/internal/jrtfs/JrtPath done
Event: 16.919 loading class java/nio/file/FileVisitOption
Event: 16.919 loading class java/nio/file/FileVisitOption done
Event: 16.919 loading class java/nio/file/FileTreeWalker
Event: 16.920 loading class java/nio/file/FileTreeWalker done
Event: 17.170 loading class java/nio/file/FileTreeWalker$DirectoryNode
Event: 17.170 loading class java/nio/file/FileTreeWalker$DirectoryNode done
Event: 17.170 loading class java/nio/file/FileTreeWalker$Event
Event: 17.170 loading class java/nio/file/FileTreeWalker$Event done
Event: 17.170 loading class java/nio/file/FileTreeWalker$EventType
Event: 17.170 loading class java/nio/file/FileTreeWalker$EventType done
Event: 17.170 loading class java/nio/file/Files$3
Event: 17.171 loading class java/nio/file/Files$3 done
Event: 17.171 loading class java/nio/file/FileVisitResult
Event: 17.171 loading class java/nio/file/FileVisitResult done
Event: 17.274 loading class java/nio/channels/Channels$ReadableByteChannelImpl
Event: 17.274 loading class java/nio/channels/Channels$ReadableByteChannelImpl done
Event: 17.274 loading class java/nio/channels/NonWritableChannelException
Event: 17.274 loading class java/nio/channels/NonWritableChannelException done


Dynamic libraries:
0x00007ff75e5c0000 - 0x00007ff75e5ce000 	c:\Users\HP\.vscode\extensions\redhat.java-1.13.0-win32-x64\jre\17.0.5-win32-x86_64\bin\java.exe
0x00007ffae9ad0000 - 0x00007ffae9cc8000 	C:\Windows\SYSTEM32\ntdll.dll
0x00007ffae9540000 - 0x00007ffae95ff000 	C:\Windows\System32\KERNEL32.DLL
0x00007ffae7390000 - 0x00007ffae7662000 	C:\Windows\System32\KERNELBASE.dll
0x00007ffae79c0000 - 0x00007ffae7ac0000 	C:\Windows\System32\ucrtbase.dll
0x00007ffac8150000 - 0x00007ffac8167000 	c:\Users\HP\.vscode\extensions\redhat.java-1.13.0-win32-x64\jre\17.0.5-win32-x86_64\bin\jli.dll
0x00007ffae9600000 - 0x00007ffae97a1000 	C:\Windows\System32\USER32.dll
0x00007ffae72d0000 - 0x00007ffae72f2000 	C:\Windows\System32\win32u.dll
0x00007ffae97b0000 - 0x00007ffae97db000 	C:\Windows\System32\GDI32.dll
0x00007ffae71c0000 - 0x00007ffae72cf000 	C:\Windows\System32\gdi32full.dll
0x00007ffae7710000 - 0x00007ffae77ad000 	C:\Windows\System32\msvcp_win.dll
0x00007ffac7b20000 - 0x00007ffac7b39000 	c:\Users\HP\.vscode\extensions\redhat.java-1.13.0-win32-x64\jre\17.0.5-win32-x86_64\bin\VCRUNTIME140.dll
0x00007ffad1520000 - 0x00007ffad17ba000 	C:\Windows\WinSxS\amd64_microsoft.windows.common-controls_6595b64144ccf1df_6.0.19041.1110_none_60b5254171f9507e\COMCTL32.dll
0x00007ffae80d0000 - 0x00007ffae816e000 	C:\Windows\System32\msvcrt.dll
0x00007ffae93e0000 - 0x00007ffae9412000 	C:\Windows\System32\IMM32.DLL
0x00007fface260000 - 0x00007fface26c000 	c:\Users\HP\.vscode\extensions\redhat.java-1.13.0-win32-x64\jre\17.0.5-win32-x86_64\bin\vcruntime140_1.dll
0x00007ffabde90000 - 0x00007ffabdf21000 	c:\Users\HP\.vscode\extensions\redhat.java-1.13.0-win32-x64\jre\17.0.5-win32-x86_64\bin\msvcp140.dll
0x00007ffa9ce20000 - 0x00007ffa9da64000 	c:\Users\HP\.vscode\extensions\redhat.java-1.13.0-win32-x64\jre\17.0.5-win32-x86_64\bin\server\jvm.dll
0x00007ffae87b0000 - 0x00007ffae885e000 	C:\Windows\System32\ADVAPI32.dll
0x00007ffae8860000 - 0x00007ffae88fc000 	C:\Windows\System32\sechost.dll
0x00007ffae97e0000 - 0x00007ffae9905000 	C:\Windows\System32\RPCRT4.dll
0x00007ffae19e0000 - 0x00007ffae19e9000 	C:\Windows\SYSTEM32\WSOCK32.dll
0x00007ffae8900000 - 0x00007ffae896b000 	C:\Windows\System32\WS2_32.dll
0x00007ffacf0d0000 - 0x00007ffacf0f7000 	C:\Windows\SYSTEM32\WINMM.dll
0x00007ffae0830000 - 0x00007ffae083a000 	C:\Windows\SYSTEM32\VERSION.dll
0x00007ffae59d0000 - 0x00007ffae59e2000 	C:\Windows\SYSTEM32\kernel.appcore.dll
0x00007fface200000 - 0x00007fface20a000 	c:\Users\HP\.vscode\extensions\redhat.java-1.13.0-win32-x64\jre\17.0.5-win32-x86_64\bin\jimage.dll
0x00007ffae4df0000 - 0x00007ffae4fd4000 	C:\Windows\SYSTEM32\DBGHELP.DLL
0x00007ffacf840000 - 0x00007ffacf875000 	C:\Windows\SYSTEM32\dbgcore.DLL
0x00007ffae7300000 - 0x00007ffae7382000 	C:\Windows\System32\bcryptPrimitives.dll
0x00007ffabe490000 - 0x00007ffabe4b5000 	c:\Users\HP\.vscode\extensions\redhat.java-1.13.0-win32-x64\jre\17.0.5-win32-x86_64\bin\java.dll
0x00007ffabe090000 - 0x00007ffabe0a8000 	c:\Users\HP\.vscode\extensions\redhat.java-1.13.0-win32-x64\jre\17.0.5-win32-x86_64\bin\zip.dll
0x00007ffae8b20000 - 0x00007ffae9264000 	C:\Windows\System32\SHELL32.dll
0x00007ffae5220000 - 0x00007ffae59b2000 	C:\Windows\SYSTEM32\windows.storage.dll
0x00007ffae7d70000 - 0x00007ffae80c5000 	C:\Windows\System32\combase.dll
0x00007ffae6b40000 - 0x00007ffae6b70000 	C:\Windows\SYSTEM32\Wldp.dll
0x00007ffae8700000 - 0x00007ffae87ad000 	C:\Windows\System32\SHCORE.dll
0x00007ffae92f0000 - 0x00007ffae9345000 	C:\Windows\System32\shlwapi.dll
0x00007ffae7100000 - 0x00007ffae711f000 	C:\Windows\SYSTEM32\profapi.dll
0x00007ffabde00000 - 0x00007ffabde19000 	C:\Users\HP\.vscode\extensions\redhat.java-1.13.0-win32-x64\jre\17.0.5-win32-x86_64\bin\net.dll
0x00007ffade3e0000 - 0x00007ffade4ec000 	C:\Windows\SYSTEM32\WINHTTP.dll
0x00007ffae6920000 - 0x00007ffae698a000 	C:\Windows\system32\mswsock.dll
0x00007ffabdd30000 - 0x00007ffabdd45000 	C:\Users\HP\.vscode\extensions\redhat.java-1.13.0-win32-x64\jre\17.0.5-win32-x86_64\bin\nio.dll
0x00007ffacc5e0000 - 0x00007ffacc5f0000 	c:\Users\HP\.vscode\extensions\redhat.java-1.13.0-win32-x64\jre\17.0.5-win32-x86_64\bin\verify.dll
0x00007ffad2280000 - 0x00007ffad2289000 	C:\Users\HP\.vscode\extensions\redhat.java-1.13.0-win32-x64\jre\17.0.5-win32-x86_64\bin\management.dll
0x00007ffacc790000 - 0x00007ffacc79b000 	C:\Users\HP\.vscode\extensions\redhat.java-1.13.0-win32-x64\jre\17.0.5-win32-x86_64\bin\management_ext.dll
0x00007ffae93d0000 - 0x00007ffae93d8000 	C:\Windows\System32\PSAPI.DLL
0x00007ffac0150000 - 0x00007ffac0167000 	C:\Windows\system32\napinsp.dll
0x00007ffac0130000 - 0x00007ffac014b000 	C:\Windows\system32\pnrpnsp.dll
0x00007ffae1f60000 - 0x00007ffae1f75000 	C:\Windows\system32\wshbth.dll
0x00007ffae4150000 - 0x00007ffae416d000 	C:\Windows\system32\NLAapi.dll
0x00007ffae65e0000 - 0x00007ffae661b000 	C:\Windows\SYSTEM32\IPHLPAPI.DLL
0x00007ffae6620000 - 0x00007ffae66ea000 	C:\Windows\SYSTEM32\DNSAPI.dll
0x00007ffae99f0000 - 0x00007ffae99f8000 	C:\Windows\System32\NSI.dll
0x00007ffac0110000 - 0x00007ffac0122000 	C:\Windows\System32\winrnr.dll
0x00007ffade880000 - 0x00007ffade88a000 	C:\Windows\System32\rasadhlp.dll
0x00007ffadb950000 - 0x00007ffadb9d0000 	C:\Windows\System32\fwpuclnt.dll
0x00007ffae76e0000 - 0x00007ffae7707000 	C:\Windows\System32\bcrypt.dll
0x00007ffae6b80000 - 0x00007ffae6b98000 	C:\Windows\SYSTEM32\CRYPTSP.dll
0x00007ffae61f0000 - 0x00007ffae6224000 	C:\Windows\system32\rsaenh.dll
0x00007ffae70c0000 - 0x00007ffae70ee000 	C:\Windows\SYSTEM32\USERENV.dll
0x00007ffae6ab0000 - 0x00007ffae6abc000 	C:\Windows\SYSTEM32\CRYPTBASE.dll
0x00007ffadfff0000 - 0x00007ffae0007000 	C:\Windows\SYSTEM32\dhcpcsvc6.DLL
0x00007ffadfe30000 - 0x00007ffadfe4d000 	C:\Windows\SYSTEM32\dhcpcsvc.DLL

dbghelp: loaded successfully - version: 4.0.5 - missing functions: none
symbol engine: initialized successfully - sym options: 0x614 - pdb path: .;c:\Users\HP\.vscode\extensions\redhat.java-1.13.0-win32-x64\jre\17.0.5-win32-x86_64\bin;C:\Windows\SYSTEM32;C:\Windows\WinSxS\amd64_microsoft.windows.common-controls_6595b64144ccf1df_6.0.19041.1110_none_60b5254171f9507e;c:\Users\HP\.vscode\extensions\redhat.java-1.13.0-win32-x64\jre\17.0.5-win32-x86_64\bin\server

VM Arguments:
jvm_args: -Dsts.lsp.client=vscode -Dsts.log.file=/dev/null -XX:TieredStopAtLevel=1 -Xlog:jni+resolve=off -Dspring.config.location=file:c:\Users\HP\.vscode\extensions\pivotal.vscode-spring-boot-1.42.0\language-server\BOOT-INF\classes\application.properties 
java_command: org.springframework.ide.vscode.boot.app.BootLanguageServerBootApp
java_class_path (initial): c:\Users\HP\.vscode\extensions\pivotal.vscode-spring-boot-1.42.0\language-server\BOOT-INF\classes;c:\Users\HP\.vscode\extensions\pivotal.vscode-spring-boot-1.42.0\language-server\BOOT-INF\lib\annotations-23.1.0.jar;c:\Users\HP\.vscode\extensions\pivotal.vscode-spring-boot-1.42.0\language-server\BOOT-INF\lib\ant-1.10.12.jar;c:\Users\HP\.vscode\extensions\pivotal.vscode-spring-boot-1.42.0\language-server\BOOT-INF\lib\ant-launcher-1.10.12.jar;c:\Users\HP\.vscode\extensions\pivotal.vscode-spring-boot-1.42.0\language-server\BOOT-INF\lib\antlr-runtime-3.5.2.jar;c:\Users\HP\.vscode\extensions\pivotal.vscode-spring-boot-1.42.0\language-server\BOOT-INF\lib\antlr4-4.9.3.jar;c:\Users\HP\.vscode\extensions\pivotal.vscode-spring-boot-1.42.0\language-server\BOOT-INF\lib\antlr4-runtime-4.9.3.jar;c:\Users\HP\.vscode\extensions\pivotal.vscode-spring-boot-1.42.0\language-server\BOOT-INF\lib\apiguardian-api-1.1.2.jar;c:\Users\HP\.vscode\extensions\pivotal.vscode-spring-boot-1.42.0\language-server\BOOT-INF\lib\asm-9.4.jar;c:\Users\HP\.vscode\extensions\pivotal.vscode-spring-boot-1.42.0\language-server\BOOT-INF\lib\asm-analysis-9.4.jar;c:\Users\HP\.vscode\extensions\pivotal.vscode-spring-boot-1.42.0\language-server\BOOT-INF\lib\asm-tree-9.4.jar;c:\Users\HP\.vscode\extensions\pivotal.vscode-spring-boot-1.42.0\language-server\BOOT-INF\lib\asm-util-9.4.jar;c:\Users\HP\.vscode\extensions\pivotal.vscode-spring-boot-1.42.0\language-server\BOOT-INF\lib\caffeine-2.9.3.jar;c:\Users\HP\.vscode\extensions\pivotal.vscode-spring-boot-1.42.0\language-server\BOOT-INF\lib\checker-qual-3.12.0.jar;c:\Users\HP\.vscode\extensions\pivotal.vscode-spring-boot-1.42.0\language-server\BOOT-INF\lib\ci-environment-9.1.0.jar;c:\Users\HP\.vscode\extensions\pivotal.vscode-spring-boot-1.42.0\language-server\BOOT-INF\lib\classgraph-4.8.149.jar;c:\Users\HP\.vscode\extensions\pivotal.vscode-spring-boot-1.42.0\language-server\BOOT-INF\lib\commons-codec-1.15.jar;c:\Users\HP\.vscode\extensions\p
Launcher Type: SUN_STANDARD

[Global flags]
     intx CICompilerCount                          = 4                                         {product} {ergonomic}
     uint ConcGCThreads                            = 2                                         {product} {ergonomic}
     uint G1ConcRefinementThreads                  = 8                                         {product} {ergonomic}
   size_t G1HeapRegionSize                         = 1048576                                   {product} {ergonomic}
    uintx GCDrainStackTargetSize                   = 64                                        {product} {ergonomic}
   size_t InitialHeapSize                          = 134217728                                 {product} {ergonomic}
   size_t MarkStackSize                            = 4194304                                   {product} {ergonomic}
   size_t MaxHeapSize                              = 2126512128                                {product} {ergonomic}
   size_t MaxNewSize                               = 1275068416                                {product} {ergonomic}
   size_t MinHeapDeltaBytes                        = 1048576                                   {product} {ergonomic}
   size_t MinHeapSize                              = 8388608                                   {product} {ergonomic}
    uintx NonProfiledCodeHeapSize                  = 0                                      {pd product} {ergonomic}
     bool ProfileInterpreter                       = false                                  {pd product} {command line}
    uintx ProfiledCodeHeapSize                     = 0                                      {pd product} {ergonomic}
   size_t SoftMaxHeapSize                          = 2126512128                             {manageable} {ergonomic}
     intx TieredStopAtLevel                        = 1                                         {product} {command line}
     bool UseCompressedClassPointers               = true                           {product lp64_product} {ergonomic}
     bool UseCompressedOops                        = true                           {product lp64_product} {ergonomic}
     bool UseG1GC                                  = true                                      {product} {ergonomic}
     bool UseLargePagesIndividualAllocation        = false                                  {pd product} {ergonomic}

Logging:
Log output configuration:
 #0: stdout all=warning,jni+resolve=off uptime,level,tags
 #1: stderr all=off uptime,level,tags

Environment Variables:
PATH=C:\Users\HP\bin;C:\Program Files\Git\mingw64\bin;C:\Program Files\Git\usr\local\bin;C:\Program Files\Git\usr\bin;C:\Program Files\Git\usr\bin;C:\Program Files\Git\mingw64\bin;C:\Program Files\Git\usr\bin;C:\Users\HP\bin;C:\Program Files (x86)\Microsoft SDKs\Azure\CLI2\wbin;C:\Windows\system32;C:\Windows;C:\Windows\System32\Wbem;C:\Windows\System32\WindowsPowerShell\v1.0;C:\Windows\System32\OpenSSH;C:\Program Files\Java\jdk-11.0.13\bin;C:\Program Files\Git\cmd;C:\Users\HP\flutter\bin;C:\Users\HP\AppData\Local\Pub\Cache\bin;C:\Program Files\nodejs;C:\Program Files\GitHub CLI;C:\apache2\apache-maven-3.8.4\bin;C:\Program Files\PuTTY;C:\Program Files\Docker\Docker\resources\bin;C:\ProgramData\DockerDesktop\version-bin;C:\Program Files (x86)\Vim\vim90;C:\Program Files\Terraform;C:\Users\HP\AppData\Local\Programs\Python\Python310\Scripts;C:\Users\HP\AppData\Local\Programs\Python\Python310;C:\Program Files\MySQL\MySQL Shell 8.0\bin;C:\Users\HP\AppData\Local\Microsoft\WindowsApps;C:\Users\HP\AppData\Local\Programs\Microsoft VS Code\bin;C:\Users\HP\AppData\Roaming\npm;C:\MinGW\bin;C:\Users\HP\AppData\Local\GitHubDesktop\bin;C:\Program Files\Git\usr\bin\vendor_perl;C:\Program Files\Git\usr\bin\core_perl
USERNAME=HP
SHELL=C:\Program Files\Git\usr\bin\bash.exe
DISPLAY=needs-to-be-defined
LC_CTYPE=en_US.UTF-8
TERM=xterm
TMPDIR=C:\Users\HP\AppData\Local\Temp
OS=Windows_NT
PROCESSOR_IDENTIFIER=Intel64 Family 6 Model 142 Stepping 10, GenuineIntel
TMP=C:\Users\HP\AppData\Local\Temp
TEMP=C:\Users\HP\AppData\Local\Temp



---------------  S Y S T E M  ---------------

OS:
 Windows 10 , 64 bit Build 19041 (10.0.19041.2364)
OS uptime: 3 days 3:17 hours
Hyper-V role detected

CPU: total 8 (initial active 8) (4 cores per cpu, 2 threads per core) family 6 model 142 stepping 10 microcode 0xb4, cx8, cmov, fxsr, ht, mmx, 3dnowpref, sse, sse2, sse3, ssse3, sse4.1, sse4.2, popcnt, lzcnt, tsc, tscinvbit, avx, avx2, aes, erms, clmul, bmi1, bmi2, adx, fma, vzeroupper, clflush, clflushopt, hv

Memory: 4k page, system-wide physical 8107M (241M free)
TotalPageFile size 23373M (AvailPageFile size 150M)
current process WorkingSet (physical memory assigned to process): 230M, peak: 230M
current process commit charge ("private bytes"): 271M, peak: 447M

vm_info: OpenJDK 64-Bit Server VM (17.0.5+8) for windows-amd64 JRE (17.0.5+8), built on Oct 19 2022 04:48:13 by "temurin" with MS VC++ 16.7 (VS2019)

END.
