#
# There is insufficient memory for the Java Runtime Environment to continue.
# Native memory allocation (mmap) failed to map 178257920 bytes for G1 virtual space
# Possible reasons:
#   The system is out of physical RAM or swap space
#   The process is running with CompressedOops enabled, and the Java Heap may be blocking the growth of the native heap
# Possible solutions:
#   Reduce memory load on the system
#   Increase physical memory or swap space
#   Check if swap backing store is full
#   Decrease Java heap size (-Xmx/-Xms)
#   Decrease number of Java threads
#   Decrease Java thread stack sizes (-Xss)
#   Set larger code cache with -XX:ReservedCodeCacheSize=
#   JVM is running with Unscaled Compressed Oops mode in which the Java heap is
#     placed in the first 4GB address space. The Java Heap base address is the
#     maximum limit for the native heap growth. Please use -XX:HeapBaseMinAddress
#     to set the Java Heap base and to place the Java Heap above 4GB virtual address.
# This output file may be truncated or incomplete.
#
#  Out of Memory Error (os_windows.cpp:3548), pid=22980, tid=24700
#
# JRE version: OpenJDK Runtime Environment Temurin-17.0.5+8 (17.0.5+8) (build 17.0.5+8)
# Java VM: OpenJDK 64-Bit Server VM Temurin-17.0.5+8 (17.0.5+8, mixed mode, emulated-client, tiered, compressed oops, compressed class ptrs, g1 gc, windows-amd64)
# No core dump will be written. Minidumps are not enabled by default on client versions of Windows
#

---------------  S U M M A R Y ------------

Command Line: -Dsts.lsp.client=vscode -Dsts.log.file=/dev/null -XX:TieredStopAtLevel=1 -Xlog:jni+resolve=off -Dspring.config.location=file:c:\Users\HP\.vscode\extensions\pivotal.vscode-spring-boot-1.42.0\language-server\BOOT-INF\classes\application.properties org.springframework.ide.vscode.boot.app.BootLanguageServerBootApp

Host: Intel(R) Core(TM) i5-8250U CPU @ 1.60GHz, 8 cores, 7G,  Windows 10 , 64 bit Build 19041 (10.0.19041.2364)
Time: Mon Dec 19 12:55:03 2022 Romance Standard Time elapsed time: 20.914529 seconds (0d 0h 0m 20s)

---------------  T H R E A D  ---------------

Current thread (0x0000027524bf6c10):  VMThread "VM Thread" [stack: 0x000000af95400000,0x000000af95500000] [id=24700]

Stack: [0x000000af95400000,0x000000af95500000]
Native frames: (J=compiled Java code, j=interpreted, Vv=VM code, C=native code)
V  [jvm.dll+0x676b3a]
V  [jvm.dll+0x831444]
V  [jvm.dll+0x832bee]
V  [jvm.dll+0x833253]
V  [jvm.dll+0x244ce5]
V  [jvm.dll+0x673a49]
V  [jvm.dll+0x66811a]
V  [jvm.dll+0x303ceb]
V  [jvm.dll+0x30b1e6]
V  [jvm.dll+0x35adbe]
V  [jvm.dll+0x35afef]
V  [jvm.dll+0x2dab88]
V  [jvm.dll+0x2d8e3c]
V  [jvm.dll+0x2d840c]
V  [jvm.dll+0x31c31b]
V  [jvm.dll+0x8376fb]
V  [jvm.dll+0x838434]
V  [jvm.dll+0x83894c]
V  [jvm.dll+0x838d24]
V  [jvm.dll+0x838df0]
V  [jvm.dll+0x7e17ea]
V  [jvm.dll+0x6759e5]
C  [ucrtbase.dll+0x21bb2]
C  [KERNEL32.DLL+0x17614]
C  [ntdll.dll+0x526a1]

VM_Operation (0x000000af984fdfa0): G1CollectForAllocation, mode: safepoint, requested by thread 0x00000275261cb170


---------------  P R O C E S S  ---------------

Threads class SMR info:
_java_thread_list=0x000002752937db00, length=52, elements={
0x0000027524c0c730, 0x0000027524c0d3b0, 0x0000027524c28080, 0x0000027524c29d50,
0x0000027524c2a610, 0x0000027524c2aed0, 0x0000027524c2b840, 0x0000027524c2c140,
0x0000027525a24a60, 0x0000027525a35d20, 0x0000027525a34bc0, 0x0000027526bb94f0,
0x00000275267dbbd0, 0x000002752692e870, 0x000002751782c970, 0x0000027526a5b0a0,
0x0000027526d673f0, 0x0000027526d75130, 0x0000027526d8e070, 0x0000027526d9cff0,
0x0000027526d9d990, 0x0000027526da0010, 0x0000027526d9e800, 0x0000027526da09b0,
0x0000027526d9d4c0, 0x0000027526da04e0, 0x0000027526d9de60, 0x0000027526d9ecd0,
0x0000027526d9e330, 0x0000027526d9f1a0, 0x0000027526d9fb40, 0x0000027526d9f670,
0x00000275261c6e10, 0x00000275261ca300, 0x00000275261c8fc0, 0x00000275261c9490,
0x00000275261cbfe0, 0x00000275261c6470, 0x00000275261cb170, 0x00000275261cce50,
0x00000275261c8af0, 0x00000275261cc4b0, 0x00000275261c9960, 0x00000275261caca0,
0x00000275261c9e30, 0x00000275261cb640, 0x00000275261cd7f0, 0x00000275261c8150,
0x00000275261cd320, 0x00000275261c5fa0, 0x0000027529582be0, 0x0000027529519840
}

Java Threads: ( => current thread )
  0x0000027524c0c730 JavaThread "Reference Handler" daemon [_thread_blocked, id=25128, stack(0x000000af95500000,0x000000af95600000)]
  0x0000027524c0d3b0 JavaThread "Finalizer" daemon [_thread_blocked, id=25508, stack(0x000000af95600000,0x000000af95700000)]
  0x0000027524c28080 JavaThread "Signal Dispatcher" daemon [_thread_blocked, id=24692, stack(0x000000af95700000,0x000000af95800000)]
  0x0000027524c29d50 JavaThread "Attach Listener" daemon [_thread_blocked, id=12072, stack(0x000000af95800000,0x000000af95900000)]
  0x0000027524c2a610 JavaThread "Service Thread" daemon [_thread_blocked, id=24004, stack(0x000000af95900000,0x000000af95a00000)]
  0x0000027524c2aed0 JavaThread "Monitor Deflation Thread" daemon [_thread_blocked, id=12112, stack(0x000000af95a00000,0x000000af95b00000)]
  0x0000027524c2b840 JavaThread "C1 CompilerThread0" daemon [_thread_blocked, id=25260, stack(0x000000af95b00000,0x000000af95c00000)]
  0x0000027524c2c140 JavaThread "Sweeper thread" daemon [_thread_blocked, id=23784, stack(0x000000af95c00000,0x000000af95d00000)]
  0x0000027525a24a60 JavaThread "C1 CompilerThread1" daemon [_thread_blocked, id=23884, stack(0x000000af95d00000,0x000000af95e00000)]
  0x0000027525a35d20 JavaThread "Notification Thread" daemon [_thread_blocked, id=20196, stack(0x000000af95e00000,0x000000af95f00000)]
  0x0000027525a34bc0 JavaThread "Common-Cleaner" daemon [_thread_blocked, id=23760, stack(0x000000af96000000,0x000000af96100000)]
  0x0000027526bb94f0 JavaThread "boundedElastic-evictor-1" daemon [_thread_blocked, id=24516, stack(0x000000af96b00000,0x000000af96c00000)]
  0x00000275267dbbd0 JavaThread "pool-11-thread-1" [_thread_blocked, id=24144, stack(0x000000af96d00000,0x000000af96e00000)]
  0x000002752692e870 JavaThread "LanguageServerApp-lifecycle" [_thread_blocked, id=9348, stack(0x000000af96e00000,0x000000af96f00000)]
  0x000002751782c970 JavaThread "DestroyJavaVM" [_thread_blocked, id=17000, stack(0x000000af94e00000,0x000000af94f00000)]
  0x0000027526a5b0a0 JavaThread "pool-12-thread-1" [_thread_in_native, id=20272, stack(0x000000af96f00000,0x000000af97000000)]
  0x0000027526d673f0 JavaThread "Simple-Language-Server main thread" daemon [_thread_blocked, id=9184, stack(0x000000af97000000,0x000000af97100000)]
  0x0000027526d75130 JavaThread "parallel-1" daemon [_thread_blocked, id=25552, stack(0x000000af97100000,0x000000af97200000)]
  0x0000027526d8e070 JavaThread "parallel-2" daemon [_thread_blocked, id=25048, stack(0x000000af97200000,0x000000af97300000)]
  0x0000027526d9cff0 JavaThread "pool-8-thread-1" [_thread_blocked, id=20844, stack(0x000000af97300000,0x000000af97400000)]
  0x0000027526d9d990 JavaThread "parallel-3" daemon [_thread_blocked, id=21912, stack(0x000000af97400000,0x000000af97500000)]
  0x0000027526da0010 JavaThread "ForkJoinPool.commonPool-worker-1" daemon [_thread_blocked, id=22928, stack(0x000000af97500000,0x000000af97600000)]
  0x0000027526d9e800 JavaThread "Reconciler-1" daemon [_thread_blocked, id=23388, stack(0x000000af97600000,0x000000af97700000)]
  0x0000027526da09b0 JavaThread "pool-5-thread-1" [_thread_blocked, id=25472, stack(0x000000af97700000,0x000000af97800000)]
  0x0000027526d9d4c0 JavaThread "ForkJoinPool.commonPool-worker-2" daemon [_thread_blocked, id=25104, stack(0x000000af97800000,0x000000af97900000)]
  0x0000027526da04e0 JavaThread "pool-5-thread-2" [_thread_blocked, id=24904, stack(0x000000af97900000,0x000000af97a00000)]
  0x0000027526d9de60 JavaThread "ClassGraph-worker-0" daemon [_thread_blocked, id=8904, stack(0x000000af97a00000,0x000000af97b00000)]
  0x0000027526d9ecd0 JavaThread "parallel-4" daemon [_thread_blocked, id=22636, stack(0x000000af97b00000,0x000000af97c00000)]
  0x0000027526d9e330 JavaThread "ClassGraph-worker-1" daemon [_thread_blocked, id=24428, stack(0x000000af96100000,0x000000af96200000)]
  0x0000027526d9f1a0 JavaThread "ClassGraph-worker-2" daemon [_thread_blocked, id=24468, stack(0x000000af96200000,0x000000af96300000)]
  0x0000027526d9fb40 JavaThread "ClassGraph-worker-3" daemon [_thread_blocked, id=15684, stack(0x000000af97c00000,0x000000af97d00000)]
  0x0000027526d9f670 JavaThread "ClassGraph-worker-4" daemon [_thread_blocked, id=13160, stack(0x000000af97d00000,0x000000af97e00000)]
  0x00000275261c6e10 JavaThread "ClassGraph-worker-5" daemon [_thread_blocked, id=25584, stack(0x000000af97e00000,0x000000af97f00000)]
  0x00000275261ca300 JavaThread "ClassGraph-worker-6" daemon [_thread_blocked, id=18808, stack(0x000000af97f00000,0x000000af98000000)]
  0x00000275261c8fc0 JavaThread "ClassGraph-worker-7" daemon [_thread_blocked, id=24672, stack(0x000000af98000000,0x000000af98100000)]
  0x00000275261c9490 JavaThread "ClassGraph-worker-8" daemon [_thread_blocked, id=7516, stack(0x000000af98100000,0x000000af98200000)]
  0x00000275261cbfe0 JavaThread "ClassGraph-worker-9" daemon [_thread_blocked, id=24116, stack(0x000000af98200000,0x000000af98300000)]
  0x00000275261c6470 JavaThread "ClassGraph-worker-10" daemon [_thread_blocked, id=25592, stack(0x000000af98300000,0x000000af98400000)]
  0x00000275261cb170 JavaThread "ClassGraph-worker-11" daemon [_thread_blocked, id=1928, stack(0x000000af98400000,0x000000af98500000)]
  0x00000275261cce50 JavaThread "ClassGraph-worker-12" daemon [_thread_blocked, id=11864, stack(0x000000af98500000,0x000000af98600000)]
  0x00000275261c8af0 JavaThread "ClassGraph-worker-13" daemon [_thread_blocked, id=24164, stack(0x000000af98600000,0x000000af98700000)]
  0x00000275261cc4b0 JavaThread "pool-6-thread-1" [_thread_blocked, id=9784, stack(0x000000af98700000,0x000000af98800000)]
  0x00000275261c9960 JavaThread "pool-10-thread-1" [_thread_blocked, id=8700, stack(0x000000af98800000,0x000000af98900000)]
  0x00000275261caca0 JavaThread "pool-10-thread-2" [_thread_blocked, id=21320, stack(0x000000af98900000,0x000000af98a00000)]
  0x00000275261c9e30 JavaThread "parallel-5" daemon [_thread_blocked, id=12428, stack(0x000000af98a00000,0x000000af98b00000)]
  0x00000275261cb640 JavaThread "parallel-6" daemon [_thread_blocked, id=25432, stack(0x000000af98b00000,0x000000af98c00000)]
  0x00000275261cd7f0 JavaThread "parallel-7" daemon [_thread_blocked, id=16420, stack(0x000000af98c00000,0x000000af98d00000)]
  0x00000275261c8150 JavaThread "parallel-8" daemon [_thread_blocked, id=25428, stack(0x000000af98d00000,0x000000af98e00000)]
  0x00000275261cd320 JavaThread "Project-Reconciler-1" daemon [_thread_blocked, id=24136, stack(0x000000af98e00000,0x000000af98f00000)]
  0x00000275261c5fa0 JavaThread "pool-10-thread-3" [_thread_blocked, id=17868, stack(0x000000af98f00000,0x000000af99000000)]
  0x0000027529582be0 JavaThread "C1 CompilerThread2" daemon [_thread_blocked, id=18300, stack(0x000000af99000000,0x000000af99100000)]
  0x0000027529519840 JavaThread "C1 CompilerThread3" daemon [_thread_blocked, id=24036, stack(0x000000af99100000,0x000000af99200000)]

Other Threads:
=>0x0000027524bf6c10 VMThread "VM Thread" [stack: 0x000000af95400000,0x000000af95500000] [id=24700]
  0x0000027525a34780 WatcherThread [stack: 0x000000af95f00000,0x000000af96000000] [id=25520]
  0x0000027517887830 GCTaskThread "GC Thread#0" [stack: 0x000000af94f00000,0x000000af95000000] [id=24868]
  0x00000275263e94a0 GCTaskThread "GC Thread#1" [stack: 0x000000af96300000,0x000000af96400000] [id=21480]
  0x00000275264927f0 GCTaskThread "GC Thread#2" [stack: 0x000000af96400000,0x000000af96500000] [id=6244]
  0x00000275263b41e0 GCTaskThread "GC Thread#3" [stack: 0x000000af96500000,0x000000af96600000] [id=15336]
  0x00000275264bee50 GCTaskThread "GC Thread#4" [stack: 0x000000af96600000,0x000000af96700000] [id=16464]
  0x00000275264bf100 GCTaskThread "GC Thread#5" [stack: 0x000000af96700000,0x000000af96800000] [id=7768]
  0x0000027526551030 GCTaskThread "GC Thread#6" [stack: 0x000000af96900000,0x000000af96a00000] [id=24128]
  0x00000275265512e0 GCTaskThread "GC Thread#7" [stack: 0x000000af96a00000,0x000000af96b00000] [id=17100]
  0x0000027517898400 ConcurrentGCThread "G1 Main Marker" [stack: 0x000000af95000000,0x000000af95100000] [id=13984]
  0x0000027517898d20 ConcurrentGCThread "G1 Conc#0" [stack: 0x000000af95100000,0x000000af95200000] [id=18296]
  0x00000275267d3fd0 ConcurrentGCThread "G1 Conc#1" [stack: 0x000000af96c00000,0x000000af96d00000] [id=21656]
  0x00000275178ee2a0 ConcurrentGCThread "G1 Refine#0" [stack: 0x000000af95200000,0x000000af95300000] [id=6052]
  0x00000275263d9820 ConcurrentGCThread "G1 Refine#1" [stack: 0x000000af96800000,0x000000af96900000] [id=14772]
  0x000002752938b780 ConcurrentGCThread "G1 Refine#2" [stack: 0x000000af99200000,0x000000af99300000] [id=25124]
  0x00000275178eebd0 ConcurrentGCThread "G1 Service" [stack: 0x000000af95300000,0x000000af95400000] [id=3436]

Threads with active compile tasks:
C1 CompilerThread0    21025 4243   !   1       io.github.classgraph.ClasspathElementModule$1::open (129 bytes)
C1 CompilerThread1    21025 4230       1       io.github.classgraph.Classfile::readClassAttributes (863 bytes)
C1 CompilerThread2    21025 4261       1       io.github.classgraph.Classfile::readBasicClassInfo (339 bytes)
C1 CompilerThread3    21026 4245   !   1       jdk.internal.jimage.decompressor.Decompressor::decompressResource (260 bytes)

VM state: at safepoint (normal execution)

VM Mutex/Monitor currently owned by a thread:  ([mutex/lock_event])
[0x000002751573f6c0] Threads_lock - owner thread: 0x0000027524bf6c10
[0x000002751782bd30] Heap_lock - owner thread: 0x00000275261cb170

Heap address: 0x0000000081400000, size: 2028 MB, Compressed Oops mode: 32-bit

CDS archive(s) not mapped
Compressed class space mapped at: 0x0000000100000000-0x0000000140000000, reserved size: 1073741824
Narrow klass base: 0x0000000000000000, Narrow klass shift: 3, Narrow klass range: 0x140000000

GC Precious Log:
 CPUs: 8 total, 8 available
 Memory: 8107M
 Large Page Support: Disabled
 NUMA Support: Disabled
 Compressed Oops: Enabled (32-bit)
 Heap Region Size: 1M
 Heap Min Capacity: 8M
 Heap Initial Capacity: 128M
 Heap Max Capacity: 2028M
 Pre-touch: Disabled
 Parallel Workers: 8
 Concurrent Workers: 2
 Concurrent Refinement Workers: 8
 Periodic GC: Disabled

Heap:
 garbage-first heap   total 174080K, used 82773K [0x0000000081400000, 0x0000000100000000)
  region size 1024K, 4 young (4096K), 4 survivors (4096K)
 Metaspace       used 40191K, committed 40576K, reserved 1089536K
  class space    used 5122K, committed 5312K, reserved 1048576K

Heap Regions: E=young(eden), S=young(survivor), O=old, HS=humongous(starts), HC=humongous(continues), CS=collection set, F=free, OA=open archive, CA=closed archive, TAMS=top-at-mark-start (previous, next)
|   0|0x0000000081400000, 0x0000000081500000, 0x0000000081500000|100%| O|  |TAMS 0x0000000081500000, 0x0000000081400000| Untracked 
|   1|0x0000000081500000, 0x0000000081600000, 0x0000000081600000|100%| O|  |TAMS 0x0000000081600000, 0x0000000081500000| Untracked 
|   2|0x0000000081600000, 0x0000000081700000, 0x0000000081700000|100%| O|  |TAMS 0x0000000081700000, 0x0000000081600000| Untracked 
|   3|0x0000000081700000, 0x0000000081800000, 0x0000000081800000|100%| O|  |TAMS 0x0000000081800000, 0x0000000081700000| Untracked 
|   4|0x0000000081800000, 0x0000000081900000, 0x0000000081900000|100%| O|  |TAMS 0x0000000081900000, 0x0000000081800000| Untracked 
|   5|0x0000000081900000, 0x0000000081a00000, 0x0000000081a00000|100%| O|  |TAMS 0x0000000081a00000, 0x0000000081900000| Untracked 
|   6|0x0000000081a00000, 0x0000000081b00000, 0x0000000081b00000|100%| O|  |TAMS 0x0000000081b00000, 0x0000000081a00000| Untracked 
|   7|0x0000000081b00000, 0x0000000081c00000, 0x0000000081c00000|100%| O|  |TAMS 0x0000000081c00000, 0x0000000081b00000| Untracked 
|   8|0x0000000081c00000, 0x0000000081d00000, 0x0000000081d00000|100%|HS|  |TAMS 0x0000000081c00000, 0x0000000081c00000| Complete 
|   9|0x0000000081d00000, 0x0000000081e00000, 0x0000000081e00000|100%| O|  |TAMS 0x0000000081e00000, 0x0000000081d00000| Untracked 
|  10|0x0000000081e00000, 0x0000000081f00000, 0x0000000081f00000|100%| O|  |TAMS 0x0000000081f00000, 0x0000000081e00000| Untracked 
|  11|0x0000000081f00000, 0x0000000082000000, 0x0000000082000000|100%| O|  |TAMS 0x0000000082000000, 0x0000000081f00000| Untracked 
|  12|0x0000000082000000, 0x0000000082100000, 0x0000000082100000|100%| O|  |TAMS 0x0000000082100000, 0x0000000082000000| Untracked 
|  13|0x0000000082100000, 0x0000000082200000, 0x0000000082200000|100%| O|  |TAMS 0x0000000082200000, 0x0000000082100000| Untracked 
|  14|0x0000000082200000, 0x0000000082300000, 0x0000000082300000|100%| O|  |TAMS 0x0000000082300000, 0x0000000082200000| Untracked 
|  15|0x0000000082300000, 0x0000000082400000, 0x0000000082400000|100%| O|  |TAMS 0x0000000082400000, 0x0000000082300000| Untracked 
|  16|0x0000000082400000, 0x0000000082500000, 0x0000000082500000|100%| O|  |TAMS 0x0000000082500000, 0x0000000082400000| Untracked 
|  17|0x0000000082500000, 0x0000000082600000, 0x0000000082600000|100%| O|  |TAMS 0x0000000082600000, 0x0000000082500000| Untracked 
|  18|0x0000000082600000, 0x0000000082700000, 0x0000000082700000|100%| O|  |TAMS 0x0000000082700000, 0x0000000082600000| Untracked 
|  19|0x0000000082700000, 0x0000000082800000, 0x0000000082800000|100%| O|  |TAMS 0x0000000082800000, 0x0000000082700000| Untracked 
|  20|0x0000000082800000, 0x0000000082900000, 0x0000000082900000|100%| O|  |TAMS 0x0000000082900000, 0x0000000082800000| Untracked 
|  21|0x0000000082900000, 0x0000000082a00000, 0x0000000082a00000|100%| O|  |TAMS 0x0000000082a00000, 0x0000000082900000| Untracked 
|  22|0x0000000082a00000, 0x0000000082b00000, 0x0000000082b00000|100%| O|  |TAMS 0x0000000082b00000, 0x0000000082a00000| Untracked 
|  23|0x0000000082b00000, 0x0000000082c00000, 0x0000000082c00000|100%| O|  |TAMS 0x0000000082c00000, 0x0000000082b00000| Untracked 
|  24|0x0000000082c00000, 0x0000000082d00000, 0x0000000082d00000|100%| O|  |TAMS 0x0000000082d00000, 0x0000000082c00000| Untracked 
|  25|0x0000000082d00000, 0x0000000082e00000, 0x0000000082e00000|100%| O|  |TAMS 0x0000000082e00000, 0x0000000082d00000| Untracked 
|  26|0x0000000082e00000, 0x0000000082f00000, 0x0000000082f00000|100%| O|  |TAMS 0x0000000082f00000, 0x0000000082e00000| Untracked 
|  27|0x0000000082f00000, 0x0000000083000000, 0x0000000083000000|100%| O|  |TAMS 0x0000000083000000, 0x0000000082f00000| Untracked 
|  28|0x0000000083000000, 0x0000000083100000, 0x0000000083100000|100%| O|  |TAMS 0x0000000083100000, 0x0000000083000000| Untracked 
|  29|0x0000000083100000, 0x0000000083200000, 0x0000000083200000|100%| O|  |TAMS 0x0000000083200000, 0x0000000083100000| Untracked 
|  30|0x0000000083200000, 0x0000000083300000, 0x0000000083300000|100%| O|  |TAMS 0x0000000083300000, 0x0000000083200000| Untracked 
|  31|0x0000000083300000, 0x0000000083400000, 0x0000000083400000|100%| O|  |TAMS 0x0000000083400000, 0x0000000083300000| Untracked 
|  32|0x0000000083400000, 0x0000000083500000, 0x0000000083500000|100%| O|  |TAMS 0x0000000083500000, 0x0000000083400000| Untracked 
|  33|0x0000000083500000, 0x0000000083600000, 0x0000000083600000|100%| O|  |TAMS 0x0000000083600000, 0x0000000083500000| Untracked 
|  34|0x0000000083600000, 0x0000000083700000, 0x0000000083700000|100%| O|  |TAMS 0x0000000083700000, 0x0000000083600000| Untracked 
|  35|0x0000000083700000, 0x0000000083800000, 0x0000000083800000|100%| O|  |TAMS 0x0000000083800000, 0x0000000083700000| Untracked 
|  36|0x0000000083800000, 0x0000000083900000, 0x0000000083900000|100%| O|  |TAMS 0x0000000083900000, 0x0000000083800000| Untracked 
|  37|0x0000000083900000, 0x0000000083a00000, 0x0000000083a00000|100%| O|  |TAMS 0x0000000083a00000, 0x0000000083900000| Untracked 
|  38|0x0000000083a00000, 0x0000000083b00000, 0x0000000083b00000|100%| O|  |TAMS 0x0000000083b00000, 0x0000000083a00000| Untracked 
|  39|0x0000000083b00000, 0x0000000083c00000, 0x0000000083c00000|100%| O|  |TAMS 0x0000000083c00000, 0x0000000083b00000| Untracked 
|  40|0x0000000083c00000, 0x0000000083d00000, 0x0000000083d00000|100%| O|  |TAMS 0x0000000083d00000, 0x0000000083c00000| Untracked 
|  41|0x0000000083d00000, 0x0000000083e00000, 0x0000000083e00000|100%| O|  |TAMS 0x0000000083e00000, 0x0000000083d00000| Untracked 
|  42|0x0000000083e00000, 0x0000000083f00000, 0x0000000083f00000|100%| O|  |TAMS 0x0000000083f00000, 0x0000000083e00000| Untracked 
|  43|0x0000000083f00000, 0x0000000084000000, 0x0000000084000000|100%| O|  |TAMS 0x0000000083f20600, 0x0000000083f00000| Untracked 
|  44|0x0000000084000000, 0x0000000084100000, 0x0000000084100000|100%| O|  |TAMS 0x0000000084000000, 0x0000000084000000| Untracked 
|  45|0x0000000084100000, 0x0000000084200000, 0x0000000084200000|100%| O|  |TAMS 0x0000000084100000, 0x0000000084100000| Untracked 
|  46|0x0000000084200000, 0x0000000084300000, 0x0000000084300000|100%| O|  |TAMS 0x0000000084200000, 0x0000000084200000| Untracked 
|  47|0x0000000084300000, 0x0000000084400000, 0x0000000084400000|100%| O|  |TAMS 0x0000000084300000, 0x0000000084300000| Untracked 
|  48|0x0000000084400000, 0x0000000084500000, 0x0000000084500000|100%| O|  |TAMS 0x0000000084400000, 0x0000000084400000| Untracked 
|  49|0x0000000084500000, 0x0000000084600000, 0x0000000084600000|100%| O|  |TAMS 0x0000000084500000, 0x0000000084500000| Untracked 
|  50|0x0000000084600000, 0x0000000084700000, 0x0000000084700000|100%|HS|  |TAMS 0x0000000084600000, 0x0000000084600000| Complete 
|  51|0x0000000084700000, 0x0000000084800000, 0x0000000084800000|100%| O|  |TAMS 0x0000000084700000, 0x0000000084700000| Untracked 
|  52|0x0000000084800000, 0x0000000084900000, 0x0000000084900000|100%| O|  |TAMS 0x0000000084800000, 0x0000000084800000| Untracked 
|  53|0x0000000084900000, 0x0000000084a00000, 0x0000000084a00000|100%| O|  |TAMS 0x0000000084900000, 0x0000000084900000| Untracked 
|  54|0x0000000084a00000, 0x0000000084b00000, 0x0000000084b00000|100%| O|  |TAMS 0x0000000084a00000, 0x0000000084a00000| Untracked 
|  55|0x0000000084b00000, 0x0000000084c00000, 0x0000000084c00000|100%| O|  |TAMS 0x0000000084b00000, 0x0000000084b00000| Untracked 
|  56|0x0000000084c00000, 0x0000000084d00000, 0x0000000084d00000|100%| O|  |TAMS 0x0000000084c00000, 0x0000000084c00000| Untracked 
|  57|0x0000000084d00000, 0x0000000084e00000, 0x0000000084e00000|100%| O|  |TAMS 0x0000000084d00000, 0x0000000084d00000| Untracked 
|  58|0x0000000084e00000, 0x0000000084f00000, 0x0000000084f00000|100%| O|  |TAMS 0x0000000084e00000, 0x0000000084e00000| Untracked 
|  59|0x0000000084f00000, 0x0000000085000000, 0x0000000085000000|100%| O|  |TAMS 0x0000000084f00000, 0x0000000084f00000| Untracked 
|  60|0x0000000085000000, 0x0000000085100000, 0x0000000085100000|100%| O|  |TAMS 0x0000000085000000, 0x0000000085000000| Untracked 
|  61|0x0000000085100000, 0x0000000085200000, 0x0000000085200000|100%| O|  |TAMS 0x0000000085100000, 0x0000000085100000| Untracked 
|  62|0x0000000085200000, 0x0000000085300000, 0x0000000085300000|100%| O|  |TAMS 0x0000000085200000, 0x0000000085200000| Untracked 
|  63|0x0000000085300000, 0x0000000085400000, 0x0000000085400000|100%| O|  |TAMS 0x0000000085300000, 0x0000000085300000| Untracked 
|  64|0x0000000085400000, 0x0000000085500000, 0x0000000085500000|100%| O|  |TAMS 0x0000000085400000, 0x0000000085400000| Untracked 
|  65|0x0000000085500000, 0x0000000085600000, 0x0000000085600000|100%| O|  |TAMS 0x0000000085500000, 0x0000000085500000| Untracked 
|  66|0x0000000085600000, 0x0000000085700000, 0x0000000085700000|100%| O|  |TAMS 0x0000000085600000, 0x0000000085600000| Untracked 
|  67|0x0000000085700000, 0x0000000085800000, 0x0000000085800000|100%| O|  |TAMS 0x0000000085700000, 0x0000000085700000| Untracked 
|  68|0x0000000085800000, 0x0000000085900000, 0x0000000085900000|100%| O|  |TAMS 0x0000000085800000, 0x0000000085800000| Untracked 
|  69|0x0000000085900000, 0x0000000085a00000, 0x0000000085a00000|100%| O|  |TAMS 0x0000000085900000, 0x0000000085900000| Untracked 
|  70|0x0000000085a00000, 0x0000000085b00000, 0x0000000085b00000|100%| O|  |TAMS 0x0000000085a00000, 0x0000000085a00000| Untracked 
|  71|0x0000000085b00000, 0x0000000085c00000, 0x0000000085c00000|100%| O|  |TAMS 0x0000000085b00000, 0x0000000085b00000| Untracked 
|  72|0x0000000085c00000, 0x0000000085d00000, 0x0000000085d00000|100%| O|  |TAMS 0x0000000085c00000, 0x0000000085c00000| Untracked 
|  73|0x0000000085d00000, 0x0000000085e00000, 0x0000000085e00000|100%| O|  |TAMS 0x0000000085d00000, 0x0000000085d00000| Untracked 
|  74|0x0000000085e00000, 0x0000000085f00000, 0x0000000085f00000|100%| O|  |TAMS 0x0000000085e00000, 0x0000000085e00000| Untracked 
|  75|0x0000000085f00000, 0x0000000086000000, 0x0000000086000000|100%| O|  |TAMS 0x0000000085f00000, 0x0000000085f00000| Untracked 
|  76|0x0000000086000000, 0x0000000086100000, 0x0000000086100000|100%| O|  |TAMS 0x0000000086000000, 0x0000000086000000| Untracked 
|  77|0x0000000086100000, 0x000000008610bc00, 0x0000000086200000|  4%| O|  |TAMS 0x0000000086100000, 0x0000000086100000| Untracked 
|  78|0x0000000086200000, 0x0000000086200000, 0x0000000086300000|  0%| F|  |TAMS 0x0000000086200000, 0x0000000086200000| Untracked 
|  79|0x0000000086300000, 0x0000000086300000, 0x0000000086400000|  0%| F|  |TAMS 0x0000000086300000, 0x0000000086300000| Untracked 
|  80|0x0000000086400000, 0x0000000086400000, 0x0000000086500000|  0%| F|  |TAMS 0x0000000086400000, 0x0000000086400000| Untracked 
|  81|0x0000000086500000, 0x0000000086500000, 0x0000000086600000|  0%| F|  |TAMS 0x0000000086500000, 0x0000000086500000| Untracked 
|  82|0x0000000086600000, 0x0000000086600000, 0x0000000086700000|  0%| F|  |TAMS 0x0000000086600000, 0x0000000086600000| Untracked 
|  83|0x0000000086700000, 0x0000000086700000, 0x0000000086800000|  0%| F|  |TAMS 0x0000000086700000, 0x0000000086700000| Untracked 
|  84|0x0000000086800000, 0x0000000086800000, 0x0000000086900000|  0%| F|  |TAMS 0x0000000086800000, 0x0000000086800000| Untracked 
|  85|0x0000000086900000, 0x0000000086900000, 0x0000000086a00000|  0%| F|  |TAMS 0x0000000086900000, 0x0000000086900000| Untracked 
|  86|0x0000000086a00000, 0x0000000086a00000, 0x0000000086b00000|  0%| F|  |TAMS 0x0000000086a00000, 0x0000000086a00000| Untracked 
|  87|0x0000000086b00000, 0x0000000086b00000, 0x0000000086c00000|  0%| F|  |TAMS 0x0000000086b00000, 0x0000000086b00000| Untracked 
|  88|0x0000000086c00000, 0x0000000086c00000, 0x0000000086d00000|  0%| F|  |TAMS 0x0000000086c00000, 0x0000000086c00000| Untracked 
|  89|0x0000000086d00000, 0x0000000086d00000, 0x0000000086e00000|  0%| F|  |TAMS 0x0000000086d00000, 0x0000000086d00000| Untracked 
|  90|0x0000000086e00000, 0x0000000086e00000, 0x0000000086f00000|  0%| F|  |TAMS 0x0000000086e00000, 0x0000000086e00000| Untracked 
|  91|0x0000000086f00000, 0x0000000086f00000, 0x0000000087000000|  0%| F|  |TAMS 0x0000000086f00000, 0x0000000086f00000| Untracked 
|  92|0x0000000087000000, 0x0000000087000000, 0x0000000087100000|  0%| F|  |TAMS 0x0000000087000000, 0x0000000087000000| Untracked 
|  93|0x0000000087100000, 0x0000000087100000, 0x0000000087200000|  0%| F|  |TAMS 0x0000000087100000, 0x0000000087100000| Untracked 
|  94|0x0000000087200000, 0x0000000087200000, 0x0000000087300000|  0%| F|  |TAMS 0x0000000087200000, 0x0000000087200000| Untracked 
|  95|0x0000000087300000, 0x0000000087300000, 0x0000000087400000|  0%| F|  |TAMS 0x0000000087300000, 0x0000000087300000| Untracked 
|  96|0x0000000087400000, 0x0000000087400000, 0x0000000087500000|  0%| F|  |TAMS 0x0000000087400000, 0x0000000087400000| Untracked 
|  97|0x0000000087500000, 0x0000000087500000, 0x0000000087600000|  0%| F|  |TAMS 0x0000000087500000, 0x0000000087500000| Untracked 
|  98|0x0000000087600000, 0x0000000087600000, 0x0000000087700000|  0%| F|  |TAMS 0x0000000087600000, 0x0000000087600000| Untracked 
|  99|0x0000000087700000, 0x0000000087700000, 0x0000000087800000|  0%| F|  |TAMS 0x0000000087700000, 0x0000000087700000| Untracked 
| 100|0x0000000087800000, 0x0000000087800000, 0x0000000087900000|  0%| F|  |TAMS 0x0000000087800000, 0x0000000087800000| Untracked 
| 101|0x0000000087900000, 0x0000000087900000, 0x0000000087a00000|  0%| F|  |TAMS 0x0000000087900000, 0x0000000087900000| Untracked 
| 102|0x0000000087a00000, 0x0000000087a00000, 0x0000000087b00000|  0%| F|  |TAMS 0x0000000087a00000, 0x0000000087a00000| Untracked 
| 103|0x0000000087b00000, 0x0000000087b00000, 0x0000000087c00000|  0%| F|  |TAMS 0x0000000087b00000, 0x0000000087b00000| Untracked 
| 104|0x0000000087c00000, 0x0000000087c00000, 0x0000000087d00000|  0%| F|  |TAMS 0x0000000087c00000, 0x0000000087c00000| Untracked 
| 105|0x0000000087d00000, 0x0000000087d00000, 0x0000000087e00000|  0%| F|  |TAMS 0x0000000087d00000, 0x0000000087d00000| Untracked 
| 106|0x0000000087e00000, 0x0000000087e00000, 0x0000000087f00000|  0%| F|  |TAMS 0x0000000087e00000, 0x0000000087e00000| Untracked 
| 107|0x0000000087f00000, 0x0000000087f00000, 0x0000000088000000|  0%| F|  |TAMS 0x0000000087f00000, 0x0000000087f00000| Untracked 
| 108|0x0000000088000000, 0x0000000088000000, 0x0000000088100000|  0%| F|  |TAMS 0x0000000088000000, 0x0000000088000000| Untracked 
| 109|0x0000000088100000, 0x0000000088100000, 0x0000000088200000|  0%| F|  |TAMS 0x0000000088100000, 0x0000000088100000| Untracked 
| 110|0x0000000088200000, 0x0000000088200000, 0x0000000088300000|  0%| F|  |TAMS 0x0000000088200000, 0x0000000088200000| Untracked 
| 111|0x0000000088300000, 0x0000000088300000, 0x0000000088400000|  0%| F|  |TAMS 0x0000000088300000, 0x0000000088300000| Untracked 
| 112|0x0000000088400000, 0x0000000088400000, 0x0000000088500000|  0%| F|  |TAMS 0x0000000088400000, 0x0000000088400000| Untracked 
| 113|0x0000000088500000, 0x0000000088500000, 0x0000000088600000|  0%| F|  |TAMS 0x0000000088500000, 0x0000000088500000| Untracked 
| 114|0x0000000088600000, 0x0000000088600000, 0x0000000088700000|  0%| F|  |TAMS 0x0000000088600000, 0x0000000088600000| Untracked 
| 115|0x0000000088700000, 0x0000000088700000, 0x0000000088800000|  0%| F|  |TAMS 0x0000000088700000, 0x0000000088700000| Untracked 
| 116|0x0000000088800000, 0x0000000088800000, 0x0000000088900000|  0%| F|  |TAMS 0x0000000088800000, 0x0000000088800000| Untracked 
| 117|0x0000000088900000, 0x0000000088900000, 0x0000000088a00000|  0%| F|  |TAMS 0x0000000088900000, 0x0000000088900000| Untracked 
| 118|0x0000000088a00000, 0x0000000088ac9ac8, 0x0000000088b00000| 78%| S|CS|TAMS 0x0000000088a00000, 0x0000000088a00000| Complete 
| 119|0x0000000088b00000, 0x0000000088c00000, 0x0000000088c00000|100%| S|CS|TAMS 0x0000000088b00000, 0x0000000088b00000| Complete 
| 120|0x0000000088c00000, 0x0000000088d00000, 0x0000000088d00000|100%| S|CS|TAMS 0x0000000088c00000, 0x0000000088c00000| Complete 
| 121|0x0000000088d00000, 0x0000000088e00000, 0x0000000088e00000|100%| S|CS|TAMS 0x0000000088d00000, 0x0000000088d00000| Complete 
| 122|0x0000000088e00000, 0x0000000088e00000, 0x0000000088f00000|  0%| F|  |TAMS 0x0000000088e00000, 0x0000000088e00000| Untracked 
| 123|0x0000000088f00000, 0x0000000088f00000, 0x0000000089000000|  0%| F|  |TAMS 0x0000000088f00000, 0x0000000088f00000| Untracked 
| 124|0x0000000089000000, 0x0000000089000000, 0x0000000089100000|  0%| F|  |TAMS 0x0000000089000000, 0x0000000089000000| Untracked 
| 125|0x0000000089100000, 0x0000000089100000, 0x0000000089200000|  0%| F|  |TAMS 0x0000000089100000, 0x0000000089100000| Untracked 
| 126|0x0000000089200000, 0x0000000089200000, 0x0000000089300000|  0%| F|  |TAMS 0x0000000089200000, 0x0000000089200000| Untracked 
| 127|0x0000000089300000, 0x0000000089300000, 0x0000000089400000|  0%| F|  |TAMS 0x0000000089300000, 0x0000000089300000| Untracked 
| 128|0x0000000089400000, 0x0000000089400000, 0x0000000089500000|  0%| F|  |TAMS 0x0000000089400000, 0x0000000089400000| Untracked 
| 129|0x0000000089500000, 0x0000000089500000, 0x0000000089600000|  0%| F|  |TAMS 0x0000000089500000, 0x0000000089500000| Untracked 
| 130|0x0000000089600000, 0x0000000089600000, 0x0000000089700000|  0%| F|  |TAMS 0x0000000089600000, 0x0000000089600000| Untracked 
| 131|0x0000000089700000, 0x0000000089700000, 0x0000000089800000|  0%| F|  |TAMS 0x0000000089700000, 0x0000000089700000| Untracked 
| 132|0x0000000089800000, 0x0000000089800000, 0x0000000089900000|  0%| F|  |TAMS 0x0000000089800000, 0x0000000089800000| Untracked 
| 133|0x0000000089900000, 0x0000000089900000, 0x0000000089a00000|  0%| F|  |TAMS 0x0000000089900000, 0x0000000089900000| Untracked 
| 134|0x0000000089a00000, 0x0000000089a00000, 0x0000000089b00000|  0%| F|  |TAMS 0x0000000089a00000, 0x0000000089a00000| Untracked 
| 135|0x0000000089b00000, 0x0000000089b00000, 0x0000000089c00000|  0%| F|  |TAMS 0x0000000089b00000, 0x0000000089b00000| Untracked 
| 136|0x0000000089c00000, 0x0000000089c00000, 0x0000000089d00000|  0%| F|  |TAMS 0x0000000089c00000, 0x0000000089c00000| Untracked 
| 137|0x0000000089d00000, 0x0000000089d00000, 0x0000000089e00000|  0%| F|  |TAMS 0x0000000089d00000, 0x0000000089d00000| Untracked 
| 138|0x0000000089e00000, 0x0000000089e00000, 0x0000000089f00000|  0%| F|  |TAMS 0x0000000089e00000, 0x0000000089e00000| Untracked 
| 139|0x0000000089f00000, 0x0000000089f00000, 0x000000008a000000|  0%| F|  |TAMS 0x0000000089f00000, 0x0000000089f00000| Untracked 
| 140|0x000000008a000000, 0x000000008a000000, 0x000000008a100000|  0%| F|  |TAMS 0x000000008a000000, 0x000000008a000000| Untracked 
| 141|0x000000008a100000, 0x000000008a100000, 0x000000008a200000|  0%| F|  |TAMS 0x000000008a100000, 0x000000008a100000| Untracked 
| 142|0x000000008a200000, 0x000000008a200000, 0x000000008a300000|  0%| F|  |TAMS 0x000000008a200000, 0x000000008a200000| Untracked 
| 143|0x000000008a300000, 0x000000008a300000, 0x000000008a400000|  0%| F|  |TAMS 0x000000008a300000, 0x000000008a300000| Untracked 
| 144|0x000000008a400000, 0x000000008a400000, 0x000000008a500000|  0%| F|  |TAMS 0x000000008a400000, 0x000000008a400000| Untracked 
| 145|0x000000008a500000, 0x000000008a500000, 0x000000008a600000|  0%| F|  |TAMS 0x000000008a500000, 0x000000008a500000| Untracked 
| 146|0x000000008a600000, 0x000000008a600000, 0x000000008a700000|  0%| F|  |TAMS 0x000000008a600000, 0x000000008a600000| Untracked 
| 147|0x000000008a700000, 0x000000008a700000, 0x000000008a800000|  0%| F|  |TAMS 0x000000008a700000, 0x000000008a700000| Untracked 
| 148|0x000000008a800000, 0x000000008a800000, 0x000000008a900000|  0%| F|  |TAMS 0x000000008a800000, 0x000000008a800000| Untracked 
| 149|0x000000008a900000, 0x000000008a900000, 0x000000008aa00000|  0%| F|  |TAMS 0x000000008a900000, 0x000000008a900000| Untracked 
| 150|0x000000008aa00000, 0x000000008aa00000, 0x000000008ab00000|  0%| F|  |TAMS 0x000000008aa00000, 0x000000008aa00000| Untracked 
| 151|0x000000008ab00000, 0x000000008ab00000, 0x000000008ac00000|  0%| F|  |TAMS 0x000000008ab00000, 0x000000008ab00000| Untracked 
| 152|0x000000008ac00000, 0x000000008ac00000, 0x000000008ad00000|  0%| F|  |TAMS 0x000000008ac00000, 0x000000008ac00000| Untracked 
| 153|0x000000008ad00000, 0x000000008ad00000, 0x000000008ae00000|  0%| F|  |TAMS 0x000000008ad00000, 0x000000008ad00000| Untracked 
| 154|0x000000008ae00000, 0x000000008ae00000, 0x000000008af00000|  0%| F|  |TAMS 0x000000008ae00000, 0x000000008ae00000| Untracked 
| 155|0x000000008af00000, 0x000000008af00000, 0x000000008b000000|  0%| F|  |TAMS 0x000000008af00000, 0x000000008af00000| Untracked 
| 156|0x000000008b000000, 0x000000008b000000, 0x000000008b100000|  0%| F|  |TAMS 0x000000008b000000, 0x000000008b000000| Untracked 
| 157|0x000000008b100000, 0x000000008b100000, 0x000000008b200000|  0%| F|  |TAMS 0x000000008b100000, 0x000000008b100000| Untracked 
| 158|0x000000008b200000, 0x000000008b200000, 0x000000008b300000|  0%| F|  |TAMS 0x000000008b200000, 0x000000008b200000| Untracked 
| 159|0x000000008b300000, 0x000000008b300000, 0x000000008b400000|  0%| F|  |TAMS 0x000000008b300000, 0x000000008b300000| Untracked 
| 160|0x000000008b400000, 0x000000008b400000, 0x000000008b500000|  0%| F|  |TAMS 0x000000008b400000, 0x000000008b400000| Untracked 
| 161|0x000000008b500000, 0x000000008b500000, 0x000000008b600000|  0%| F|  |TAMS 0x000000008b500000, 0x000000008b500000| Untracked 
| 162|0x000000008b600000, 0x000000008b600000, 0x000000008b700000|  0%| F|  |TAMS 0x000000008b600000, 0x000000008b600000| Untracked 
| 163|0x000000008b700000, 0x000000008b700000, 0x000000008b800000|  0%| F|  |TAMS 0x000000008b700000, 0x000000008b700000| Untracked 
| 164|0x000000008b800000, 0x000000008b800000, 0x000000008b900000|  0%| F|  |TAMS 0x000000008b800000, 0x000000008b800000| Untracked 
| 165|0x000000008b900000, 0x000000008b900000, 0x000000008ba00000|  0%| F|  |TAMS 0x000000008b900000, 0x000000008b900000| Untracked 
| 166|0x000000008ba00000, 0x000000008ba00000, 0x000000008bb00000|  0%| F|  |TAMS 0x000000008ba00000, 0x000000008ba00000| Untracked 
| 167|0x000000008bb00000, 0x000000008bb00000, 0x000000008bc00000|  0%| F|  |TAMS 0x000000008bb00000, 0x000000008bb00000| Untracked 
| 168|0x000000008bc00000, 0x000000008bc00000, 0x000000008bd00000|  0%| F|  |TAMS 0x000000008bc00000, 0x000000008bc00000| Untracked 
| 169|0x000000008bd00000, 0x000000008bd00000, 0x000000008be00000|  0%| F|  |TAMS 0x000000008bd00000, 0x000000008bd00000| Untracked 

Card table byte_map: [0x000002751d9c0000,0x000002751ddc0000] _byte_map_base: 0x000002751d5b6000

Marking Bits (Prev, Next): (CMBitMap*) 0x0000027517887d50, (CMBitMap*) 0x0000027517887d90
 Prev Bits: [0x000002751e1c0000, 0x0000027520170000)
 Next Bits: [0x0000027520170000, 0x0000027522120000)

Polling page: 0x0000027516ff0000

Metaspace:

Usage:
  Non-class:     34.25 MB used.
      Class:      5.00 MB used.
       Both:     39.25 MB used.

Virtual space:
  Non-class space:       40.00 MB reserved,      34.44 MB ( 86%) committed,  5 nodes.
      Class space:        1.00 GB reserved,       5.19 MB ( <1%) committed,  1 nodes.
             Both:        1.04 GB reserved,      39.62 MB (  4%) committed. 

Chunk freelists:
   Non-Class:  928.00 KB
       Class:  2.86 MB
        Both:  3.76 MB

MaxMetaspaceSize: unlimited
CompressedClassSpaceSize: 1.00 GB
Initial GC threshold: 21.00 MB
Current GC threshold: 63.69 MB
CDS: off
MetaspaceReclaimPolicy: balanced
 - commit_granule_bytes: 65536.
 - commit_granule_words: 8192.
 - virtual_space_node_default_size: 1048576.
 - enlarge_chunks_in_place: 1.
 - new_chunks_are_fully_committed: 0.
 - uncommit_free_chunks: 1.
 - use_allocation_guard: 0.
 - handle_deallocations: 1.


Internal statistics:

num_allocs_failed_limit: 8.
num_arena_births: 406.
num_arena_deaths: 0.
num_vsnodes_births: 6.
num_vsnodes_deaths: 0.
num_space_committed: 634.
num_space_uncommitted: 0.
num_chunks_returned_to_freelist: 8.
num_chunks_taken_from_freelist: 1588.
num_chunk_merges: 8.
num_chunk_splits: 1095.
num_chunks_enlarged: 850.
num_purges: 0.
num_inconsistent_stats: 0.

CodeCache: size=49152Kb used=9837Kb max_used=9837Kb free=39314Kb
 bounds [0x000002751a4b0000, 0x000002751ae50000, 0x000002751d4b0000]
 total_blobs=4748 nmethods=4211 adapters=461
 compilation: enabled
              stopped_count=0, restarted_count=0
 full_count=0

Compilation events (20 events):
Event: 20.883 Thread 0x0000027529582be0 4220       1       java.util.zip.Inflater$InflaterZStreamRef::<init> (30 bytes)
Event: 20.883 Thread 0x0000027524c2b840 nmethod 4211 0x000002751ae47a10 code [0x000002751ae47ba0, 0x000002751ae47c78]
Event: 20.883 Thread 0x0000027524c2b840 4252       1       nonapi.io.github.classgraph.utils.ProxyingInputStream::read (11 bytes)
Event: 20.884 Thread 0x0000027524c2b840 nmethod 4252 0x000002751ae47d10 code [0x000002751ae47ea0, 0x000002751ae47f88]
Event: 20.884 Thread 0x0000027524c2b840 4217       1       java.util.Optional::of (12 bytes)
Event: 20.884 Thread 0x0000027524c2b840 nmethod 4217 0x000002751ae48010 code [0x000002751ae481c0, 0x000002751ae483a8]
Event: 20.884 Thread 0x0000027529582be0 nmethod 4220 0x000002751ae48490 code [0x000002751ae48640, 0x000002751ae48938]
Event: 20.884 Thread 0x0000027524c2b840 4221       1       java.io.ByteArrayInputStream::<init> (26 bytes)
Event: 20.884 Thread 0x0000027529582be0 4261       1       io.github.classgraph.Classfile::readBasicClassInfo (339 bytes)
Event: 20.884 Thread 0x0000027524c2b840 nmethod 4221 0x000002751ae48a90 code [0x000002751ae48c20, 0x000002751ae48d58]
Event: 20.884 Thread 0x0000027524c2b840 4215       1       java.util.Optional::get (22 bytes)
Event: 20.884 Thread 0x0000027524c2b840 nmethod 4215 0x000002751ae48e10 code [0x000002751ae48fa0, 0x000002751ae49108]
Event: 20.884 Thread 0x0000027524c2b840 4263   !   1       io.github.classgraph.Resource::close (24 bytes)
Event: 20.885 Thread 0x0000027524c2b840 nmethod 4263 0x000002751ae49210 code [0x000002751ae493a0, 0x000002751ae494e8]
Event: 20.885 Thread 0x0000027524c2b840 4234  s    1       java.util.zip.Inflater$InflaterZStreamRef::run (21 bytes)
Event: 20.885 Thread 0x0000027524c2b840 nmethod 4234 0x000002751ae49590 code [0x000002751ae49720, 0x000002751ae498c8]
Event: 20.885 Thread 0x0000027524c2b840 4248       1       java.util.zip.Inflater$InflaterZStreamRef::clean (10 bytes)
Event: 20.885 Thread 0x0000027524c2b840 nmethod 4248 0x000002751ae49990 code [0x000002751ae49b40, 0x000002751ae49ca8]
Event: 20.885 Thread 0x0000027524c2b840 4243   !   1       io.github.classgraph.ClasspathElementModule$1::open (129 bytes)
Event: 20.903 Thread 0x0000027529582be0 nmethod 4261 0x000002751ae49e10 code [0x000002751ae4a180, 0x000002751ae4afa8]

GC Heap History (20 events):
Event: 18.000 GC heap after
{Heap after GC invocations=15 (full 0):
 garbage-first heap   total 61440K, used 33513K [0x0000000081400000, 0x0000000100000000)
  region size 1024K, 3 young (3072K), 3 survivors (3072K)
 Metaspace       used 37690K, committed 38016K, reserved 1089536K
  class space    used 4789K, committed 4928K, reserved 1048576K
}
Event: 18.165 GC heap before
{Heap before GC invocations=16 (full 0):
 garbage-first heap   total 65536K, used 46825K [0x0000000081400000, 0x0000000100000000)
  region size 1024K, 16 young (16384K), 3 survivors (3072K)
 Metaspace       used 38101K, committed 38336K, reserved 1089536K
  class space    used 4817K, committed 4928K, reserved 1048576K
}
Event: 18.169 GC heap after
{Heap after GC invocations=17 (full 0):
 garbage-first heap   total 65536K, used 36132K [0x0000000081400000, 0x0000000100000000)
  region size 1024K, 2 young (2048K), 2 survivors (2048K)
 Metaspace       used 38101K, committed 38336K, reserved 1089536K
  class space    used 4817K, committed 4928K, reserved 1048576K
}
Event: 18.257 GC heap before
{Heap before GC invocations=17 (full 0):
 garbage-first heap   total 65536K, used 49444K [0x0000000081400000, 0x0000000100000000)
  region size 1024K, 16 young (16384K), 2 survivors (2048K)
 Metaspace       used 38105K, committed 38336K, reserved 1089536K
  class space    used 4817K, committed 4928K, reserved 1048576K
}
Event: 18.268 GC heap after
{Heap after GC invocations=18 (full 0):
 garbage-first heap   total 65536K, used 43542K [0x0000000081400000, 0x0000000100000000)
  region size 1024K, 2 young (2048K), 2 survivors (2048K)
 Metaspace       used 38105K, committed 38336K, reserved 1089536K
  class space    used 4817K, committed 4928K, reserved 1048576K
}
Event: 18.406 GC heap before
{Heap before GC invocations=19 (full 0):
 garbage-first heap   total 80896K, used 50710K [0x0000000081400000, 0x0000000100000000)
  region size 1024K, 9 young (9216K), 2 survivors (2048K)
 Metaspace       used 38282K, committed 38656K, reserved 1089536K
  class space    used 4834K, committed 4992K, reserved 1048576K
}
Event: 18.413 GC heap after
{Heap after GC invocations=20 (full 0):
 garbage-first heap   total 80896K, used 45723K [0x0000000081400000, 0x0000000100000000)
  region size 1024K, 2 young (2048K), 2 survivors (2048K)
 Metaspace       used 38282K, committed 38656K, reserved 1089536K
  class space    used 4834K, committed 4992K, reserved 1048576K
}
Event: 18.530 GC heap before
{Heap before GC invocations=20 (full 0):
 garbage-first heap   total 80896K, used 58011K [0x0000000081400000, 0x0000000100000000)
  region size 1024K, 15 young (15360K), 2 survivors (2048K)
 Metaspace       used 38528K, committed 38912K, reserved 1089536K
  class space    used 4860K, committed 5056K, reserved 1048576K
}
Event: 18.535 GC heap after
{Heap after GC invocations=21 (full 0):
 garbage-first heap   total 80896K, used 47957K [0x0000000081400000, 0x0000000100000000)
  region size 1024K, 2 young (2048K), 2 survivors (2048K)
 Metaspace       used 38528K, committed 38912K, reserved 1089536K
  class space    used 4860K, committed 5056K, reserved 1048576K
}
Event: 18.703 GC heap before
{Heap before GC invocations=22 (full 0):
 garbage-first heap   total 87040K, used 61269K [0x0000000081400000, 0x0000000100000000)
  region size 1024K, 15 young (15360K), 2 survivors (2048K)
 Metaspace       used 38743K, committed 39104K, reserved 1089536K
  class space    used 4886K, committed 5056K, reserved 1048576K
}
Event: 18.713 GC heap after
{Heap after GC invocations=23 (full 0):
 garbage-first heap   total 87040K, used 50460K [0x0000000081400000, 0x0000000100000000)
  region size 1024K, 2 young (2048K), 2 survivors (2048K)
 Metaspace       used 38743K, committed 39104K, reserved 1089536K
  class space    used 4886K, committed 5056K, reserved 1048576K
}
Event: 18.720 GC heap before
{Heap before GC invocations=23 (full 0):
 garbage-first heap   total 87040K, used 52508K [0x0000000081400000, 0x0000000100000000)
  region size 1024K, 4 young (4096K), 2 survivors (2048K)
 Metaspace       used 38748K, committed 39104K, reserved 1089536K
  class space    used 4887K, committed 5056K, reserved 1048576K
}
Event: 18.724 GC heap after
{Heap after GC invocations=24 (full 0):
 garbage-first heap   total 174080K, used 50698K [0x0000000081400000, 0x0000000100000000)
  region size 1024K, 1 young (1024K), 1 survivors (1024K)
 Metaspace       used 38748K, committed 39104K, reserved 1089536K
  class space    used 4887K, committed 5056K, reserved 1048576K
}
Event: 20.617 GC heap before
{Heap before GC invocations=24 (full 0):
 garbage-first heap   total 174080K, used 118282K [0x0000000081400000, 0x0000000100000000)
  region size 1024K, 66 young (67584K), 1 survivors (1024K)
 Metaspace       used 40112K, committed 40512K, reserved 1089536K
  class space    used 5108K, committed 5312K, reserved 1048576K
}
Event: 20.656 GC heap after
{Heap after GC invocations=25 (full 0):
 garbage-first heap   total 174080K, used 76488K [0x0000000081400000, 0x0000000100000000)
  region size 1024K, 9 young (9216K), 9 survivors (9216K)
 Metaspace       used 40112K, committed 40512K, reserved 1089536K
  class space    used 5108K, committed 5312K, reserved 1048576K
}
Event: 20.765 GC heap before
{Heap before GC invocations=25 (full 0):
 garbage-first heap   total 174080K, used 114376K [0x0000000081400000, 0x0000000100000000)
  region size 1024K, 47 young (48128K), 9 survivors (9216K)
 Metaspace       used 40157K, committed 40512K, reserved 1089536K
  class space    used 5117K, committed 5312K, reserved 1048576K
}
Event: 20.773 GC heap after
{Heap after GC invocations=26 (full 0):
 garbage-first heap   total 174080K, used 79196K [0x0000000081400000, 0x0000000100000000)
  region size 1024K, 3 young (3072K), 3 survivors (3072K)
 Metaspace       used 40157K, committed 40512K, reserved 1089536K
  class space    used 5117K, committed 5312K, reserved 1048576K
}
Event: 20.874 GC heap before
{Heap before GC invocations=26 (full 0):
 garbage-first heap   total 174080K, used 120156K [0x0000000081400000, 0x0000000100000000)
  region size 1024K, 44 young (45056K), 3 survivors (3072K)
 Metaspace       used 40164K, committed 40512K, reserved 1089536K
  class space    used 5121K, committed 5312K, reserved 1048576K
}
Event: 20.877 GC heap after
{Heap after GC invocations=27 (full 0):
 garbage-first heap   total 174080K, used 80550K [0x0000000081400000, 0x0000000100000000)
  region size 1024K, 4 young (4096K), 4 survivors (4096K)
 Metaspace       used 40164K, committed 40512K, reserved 1089536K
  class space    used 5121K, committed 5312K, reserved 1048576K
}
Event: 20.904 GC heap before
{Heap before GC invocations=27 (full 0):
 garbage-first heap   total 174080K, used 124582K [0x0000000081400000, 0x0000000100000000)
  region size 1024K, 48 young (49152K), 4 survivors (4096K)
 Metaspace       used 40191K, committed 40576K, reserved 1089536K
  class space    used 5122K, committed 5312K, reserved 1048576K
}

Dll operation events (9 events):
Event: 0.020 Loaded shared library c:\Users\HP\.vscode\extensions\redhat.java-1.13.0-win32-x64\jre\17.0.5-win32-x86_64\bin\java.dll
Event: 0.921 Loaded shared library C:\Users\HP\.vscode\extensions\redhat.java-1.13.0-win32-x64\jre\17.0.5-win32-x86_64\bin\net.dll
Event: 0.924 Loaded shared library C:\Users\HP\.vscode\extensions\redhat.java-1.13.0-win32-x64\jre\17.0.5-win32-x86_64\bin\nio.dll
Event: 0.965 Loaded shared library C:\Users\HP\.vscode\extensions\redhat.java-1.13.0-win32-x64\jre\17.0.5-win32-x86_64\bin\zip.dll
Event: 1.545 Loaded shared library c:\Users\HP\.vscode\extensions\redhat.java-1.13.0-win32-x64\jre\17.0.5-win32-x86_64\bin\verify.dll
Event: 1.570 Loaded shared library C:\Users\HP\.vscode\extensions\redhat.java-1.13.0-win32-x64\jre\17.0.5-win32-x86_64\bin\jimage.dll
Event: 6.199 Loaded shared library C:\Users\HP\.vscode\extensions\redhat.java-1.13.0-win32-x64\jre\17.0.5-win32-x86_64\bin\management.dll
Event: 6.207 Loaded shared library C:\Users\HP\.vscode\extensions\redhat.java-1.13.0-win32-x64\jre\17.0.5-win32-x86_64\bin\management_ext.dll
Event: 20.605 Loaded shared library C:\Users\HP\.vscode\extensions\redhat.java-1.13.0-win32-x64\jre\17.0.5-win32-x86_64\bin\sunmscapi.dll

Deoptimization events (14 events):
Event: 7.533 Thread 0x000002751782c970 DEOPT PACKING pc=0x000002751aa1c899 sp=0x000000af94efd4f0
Event: 7.533 Thread 0x000002751782c970 DEOPT UNPACKING pc=0x000002751a502b43 sp=0x000000af94efc9d0 mode 3
Event: 12.846 Thread 0x000002751782c970 DEOPT PACKING pc=0x000002751ab8cf99 sp=0x000000af94efc8d0
Event: 12.846 Thread 0x000002751782c970 DEOPT UNPACKING pc=0x000002751a502b43 sp=0x000000af94efbdb0 mode 3
Event: 15.366 Thread 0x0000027526d673f0 DEOPT PACKING pc=0x000002751ac56a35 sp=0x000000af970fd430
Event: 15.366 Thread 0x0000027526d673f0 DEOPT UNPACKING pc=0x000002751a502b43 sp=0x000000af970fc948 mode 3
Event: 15.798 Thread 0x0000027526da0010 DEOPT PACKING pc=0x000002751ac6ddab sp=0x000000af975fe2d0
Event: 15.798 Thread 0x0000027526da0010 DEOPT UNPACKING pc=0x000002751a502b43 sp=0x000000af975fd818 mode 3
Event: 16.650 Thread 0x0000027526a5b0a0 DEOPT PACKING pc=0x000002751aa17081 sp=0x000000af96ffd8c0
Event: 16.650 Thread 0x0000027526a5b0a0 DEOPT UNPACKING pc=0x000002751a502b43 sp=0x000000af96ffcd50 mode 3
Event: 17.439 Thread 0x00000275261c8fc0 DEOPT PACKING pc=0x000002751aa11f97 sp=0x000000af980feb80
Event: 17.439 Thread 0x00000275261c8fc0 DEOPT UNPACKING pc=0x000002751a502b43 sp=0x000000af980fdfd8 mode 3
Event: 20.485 Thread 0x00000275261c9960 DEOPT PACKING pc=0x000002751a6a488c sp=0x000000af988fdf90
Event: 20.486 Thread 0x00000275261c9960 DEOPT UNPACKING pc=0x000002751a502b43 sp=0x000000af988fd458 mode 0

Classes unloaded (0 events):
No events

Classes redefined (0 events):
No events

Internal exceptions (20 events):
Event: 16.745 Thread 0x0000027526d9de60 Exception <a 'sun/nio/fs/WindowsException'{0x0000000087728e70}> (0x0000000087728e70) 
thrown [s\src\hotspot\share\prims\jni.cpp, line 516]
Event: 16.745 Thread 0x0000027526d9de60 Exception <a 'sun/nio/fs/WindowsException'{0x0000000087729898}> (0x0000000087729898) 
thrown [s\src\hotspot\share\prims\jni.cpp, line 516]
Event: 16.747 Thread 0x0000027526d9de60 Exception <a 'sun/nio/fs/WindowsException'{0x0000000087729c78}> (0x0000000087729c78) 
thrown [s\src\hotspot\share\prims\jni.cpp, line 516]
Event: 16.747 Thread 0x0000027526d9de60 Exception <a 'sun/nio/fs/WindowsException'{0x000000008772a698}> (0x000000008772a698) 
thrown [s\src\hotspot\share\prims\jni.cpp, line 516]
Event: 16.747 Thread 0x0000027526d9de60 Exception <a 'sun/nio/fs/WindowsException'{0x000000008772aa78}> (0x000000008772aa78) 
thrown [s\src\hotspot\share\prims\jni.cpp, line 516]
Event: 18.547 Thread 0x0000027526d673f0 Exception <a 'java/lang/NoSuchMethodError'{0x000000008926ebf0}: 'java.lang.Object java.lang.invoke.Invokers$Holder.invoke_MT(java.lang.Object, java.lang.Object, java.lang.Object)'> (0x000000008926ebf0) 
thrown [s\src\hotspot\share\interpreter\linkResolver.cpp, line 759]
Event: 19.322 Thread 0x0000027526d673f0 Exception <a 'java/lang/NoSuchMethodError'{0x000000008a638ac0}: 'java.lang.Object java.lang.invoke.DirectMethodHandle$Holder.newInvokeSpecial(java.lang.Object, java.lang.Object, int)'> (0x000000008a638ac0) 
thrown [s\src\hotspot\share\interpreter\linkResolver.cpp, line 759]
Event: 19.444 Thread 0x00000275261cc4b0 Exception <a 'java/lang/NoSuchMethodError'{0x000000008a061080}: 'java.lang.Object java.lang.invoke.Invokers$Holder.linkToTargetMethod(java.lang.Object, long, java.lang.Object)'> (0x000000008a061080) 
thrown [s\src\hotspot\share\interpreter\linkResolver.cpp, line 759]
Event: 19.834 Thread 0x00000275261c9960 Exception <a 'java/lang/NoSuchMethodError'{0x0000000089d19f58}: 'void java.lang.invoke.DirectMethodHandle$Holder.invokeVirtual(java.lang.Object, java.lang.Object, java.lang.Object, java.lang.Object)'> (0x0000000089d19f58) 
thrown [s\src\hotspot\share\interpreter\linkResolver.cpp, line 759]
Event: 19.845 Thread 0x00000275261cc4b0 Exception <a 'sun/nio/fs/WindowsException'{0x0000000089908ad8}> (0x0000000089908ad8) 
thrown [s\src\hotspot\share\prims\jni.cpp, line 516]
Event: 19.845 Thread 0x00000275261cc4b0 Exception <a 'sun/nio/fs/WindowsException'{0x0000000089909688}> (0x0000000089909688) 
thrown [s\src\hotspot\share\prims\jni.cpp, line 516]
Event: 19.846 Thread 0x00000275261cc4b0 Exception <a 'sun/nio/fs/WindowsException'{0x000000008990a1e8}> (0x000000008990a1e8) 
thrown [s\src\hotspot\share\prims\jni.cpp, line 516]
Event: 19.847 Thread 0x00000275261cc4b0 Exception <a 'sun/nio/fs/WindowsException'{0x000000008990ae68}> (0x000000008990ae68) 
thrown [s\src\hotspot\share\prims\jni.cpp, line 516]
Event: 19.847 Thread 0x00000275261cc4b0 Exception <a 'sun/nio/fs/WindowsException'{0x000000008990bb50}> (0x000000008990bb50) 
thrown [s\src\hotspot\share\prims\jni.cpp, line 516]
Event: 19.852 Thread 0x00000275261cc4b0 Exception <a 'sun/nio/fs/WindowsException'{0x000000008983da68}> (0x000000008983da68) 
thrown [s\src\hotspot\share\prims\jni.cpp, line 516]
Event: 19.852 Thread 0x00000275261cc4b0 Exception <a 'sun/nio/fs/WindowsException'{0x000000008983e618}> (0x000000008983e618) 
thrown [s\src\hotspot\share\prims\jni.cpp, line 516]
Event: 19.852 Thread 0x00000275261cc4b0 Exception <a 'sun/nio/fs/WindowsException'{0x000000008983f178}> (0x000000008983f178) 
thrown [s\src\hotspot\share\prims\jni.cpp, line 516]
Event: 19.853 Thread 0x00000275261cc4b0 Exception <a 'sun/nio/fs/WindowsException'{0x000000008983fdf8}> (0x000000008983fdf8) 
thrown [s\src\hotspot\share\prims\jni.cpp, line 516]
Event: 19.853 Thread 0x00000275261cc4b0 Exception <a 'sun/nio/fs/WindowsException'{0x0000000089840ae0}> (0x0000000089840ae0) 
thrown [s\src\hotspot\share\prims\jni.cpp, line 516]
Event: 19.920 Thread 0x00000275261cc4b0 Exception <a 'sun/nio/fs/WindowsException'{0x00000000898e6150}> (0x00000000898e6150) 
thrown [s\src\hotspot\share\prims\jni.cpp, line 516]

VM Operations (20 events):
Event: 20.484 Executing VM operation: HandshakeAllThreads done
Event: 20.487 Executing VM operation: HandshakeAllThreads
Event: 20.487 Executing VM operation: HandshakeAllThreads done
Event: 20.493 Executing VM operation: HandshakeAllThreads
Event: 20.600 Executing VM operation: HandshakeAllThreads done
Event: 20.616 Executing VM operation: G1CollectForAllocation
Event: 20.657 Executing VM operation: G1CollectForAllocation done
Event: 20.679 Executing VM operation: HandshakeAllThreads
Event: 20.755 Executing VM operation: HandshakeAllThreads done
Event: 20.765 Executing VM operation: G1CollectForAllocation
Event: 20.773 Executing VM operation: G1CollectForAllocation done
Event: 20.820 Executing VM operation: G1CollectForAllocation
Event: 20.873 Executing VM operation: G1CollectForAllocation done
Event: 20.873 Executing VM operation: HandshakeAllThreads
Event: 20.874 Executing VM operation: HandshakeAllThreads done
Event: 20.874 Executing VM operation: G1CollectForAllocation
Event: 20.878 Executing VM operation: G1CollectForAllocation done
Event: 20.902 Executing VM operation: G1CollectForAllocation
Event: 20.903 Executing VM operation: G1CollectForAllocation done
Event: 20.903 Executing VM operation: G1CollectForAllocation

Events (20 events):
Event: 20.489 loading class javax/net/SocketFactory done
Event: 20.489 loading class javax/net/ssl/SSLSocketFactory done
Event: 20.489 loading class javax/net/ssl/SSLSocketFactory$DefaultFactoryHolder
Event: 20.489 loading class javax/net/ssl/SSLSocketFactory$DefaultFactoryHolder done
Event: 20.489 loading class javax/net/ssl/SSLSocketFactory$1
Event: 20.489 loading class javax/net/ssl/SSLSocketFactory$1 done
Event: 20.489 loading class javax/net/ssl/SSLContext
Event: 20.489 loading class javax/net/ssl/SSLContext done
Event: 20.489 loading class javax/net/ssl/SSLContextSpi
Event: 20.489 loading class javax/net/ssl/SSLContextSpi done
Event: 20.489 loading class sun/security/jca/ProviderConfig$3
Event: 20.490 loading class sun/security/jca/ProviderConfig$3 done
Event: 20.490 loading class sun/security/jca/ProviderConfig$ProviderLoader
Event: 20.490 loading class sun/security/jca/ProviderConfig$ProviderLoader done
Event: 20.601 loading class java/security/ProviderException
Event: 20.601 loading class java/security/ProviderException done
Event: 20.607 loading class java/security/InvalidParameterException
Event: 20.607 loading class java/security/InvalidParameterException done
Event: 20.656 Thread 0x0000027529582be0 Thread added: 0x0000027529582be0
Event: 20.656 Thread 0x0000027529519840 Thread added: 0x0000027529519840


Dynamic libraries:
0x00007ff75e5c0000 - 0x00007ff75e5ce000 	c:\Users\HP\.vscode\extensions\redhat.java-1.13.0-win32-x64\jre\17.0.5-win32-x86_64\bin\java.exe
0x00007ffae9ad0000 - 0x00007ffae9cc8000 	C:\Windows\SYSTEM32\ntdll.dll
0x00007ffae9540000 - 0x00007ffae95ff000 	C:\Windows\System32\KERNEL32.DLL
0x00007ffae7390000 - 0x00007ffae7662000 	C:\Windows\System32\KERNELBASE.dll
0x00007ffae79c0000 - 0x00007ffae7ac0000 	C:\Windows\System32\ucrtbase.dll
0x00007ffac8150000 - 0x00007ffac8167000 	c:\Users\HP\.vscode\extensions\redhat.java-1.13.0-win32-x64\jre\17.0.5-win32-x86_64\bin\jli.dll
0x00007ffae9600000 - 0x00007ffae97a1000 	C:\Windows\System32\USER32.dll
0x00007ffae72d0000 - 0x00007ffae72f2000 	C:\Windows\System32\win32u.dll
0x00007ffae97b0000 - 0x00007ffae97db000 	C:\Windows\System32\GDI32.dll
0x00007ffae71c0000 - 0x00007ffae72cf000 	C:\Windows\System32\gdi32full.dll
0x00007ffae7710000 - 0x00007ffae77ad000 	C:\Windows\System32\msvcp_win.dll
0x00007ffac7b20000 - 0x00007ffac7b39000 	c:\Users\HP\.vscode\extensions\redhat.java-1.13.0-win32-x64\jre\17.0.5-win32-x86_64\bin\VCRUNTIME140.dll
0x00007ffad1520000 - 0x00007ffad17ba000 	C:\Windows\WinSxS\amd64_microsoft.windows.common-controls_6595b64144ccf1df_6.0.19041.1110_none_60b5254171f9507e\COMCTL32.dll
0x00007ffae80d0000 - 0x00007ffae816e000 	C:\Windows\System32\msvcrt.dll
0x00007ffae93e0000 - 0x00007ffae9412000 	C:\Windows\System32\IMM32.DLL
0x00007fface260000 - 0x00007fface26c000 	c:\Users\HP\.vscode\extensions\redhat.java-1.13.0-win32-x64\jre\17.0.5-win32-x86_64\bin\vcruntime140_1.dll
0x00007ffabde90000 - 0x00007ffabdf21000 	c:\Users\HP\.vscode\extensions\redhat.java-1.13.0-win32-x64\jre\17.0.5-win32-x86_64\bin\msvcp140.dll
0x00007ffa9ce20000 - 0x00007ffa9da64000 	c:\Users\HP\.vscode\extensions\redhat.java-1.13.0-win32-x64\jre\17.0.5-win32-x86_64\bin\server\jvm.dll
0x00007ffae87b0000 - 0x00007ffae885e000 	C:\Windows\System32\ADVAPI32.dll
0x00007ffae8860000 - 0x00007ffae88fc000 	C:\Windows\System32\sechost.dll
0x00007ffae97e0000 - 0x00007ffae9905000 	C:\Windows\System32\RPCRT4.dll
0x00007ffae19e0000 - 0x00007ffae19e9000 	C:\Windows\SYSTEM32\WSOCK32.dll
0x00007ffae8900000 - 0x00007ffae896b000 	C:\Windows\System32\WS2_32.dll
0x00007ffacf0d0000 - 0x00007ffacf0f7000 	C:\Windows\SYSTEM32\WINMM.dll
0x00007ffae0830000 - 0x00007ffae083a000 	C:\Windows\SYSTEM32\VERSION.dll
0x00007ffae59d0000 - 0x00007ffae59e2000 	C:\Windows\SYSTEM32\kernel.appcore.dll
0x00007fface200000 - 0x00007fface20a000 	c:\Users\HP\.vscode\extensions\redhat.java-1.13.0-win32-x64\jre\17.0.5-win32-x86_64\bin\jimage.dll
0x00007ffae4df0000 - 0x00007ffae4fd4000 	C:\Windows\SYSTEM32\DBGHELP.DLL
0x00007ffacf840000 - 0x00007ffacf875000 	C:\Windows\SYSTEM32\dbgcore.DLL
0x00007ffae7300000 - 0x00007ffae7382000 	C:\Windows\System32\bcryptPrimitives.dll
0x00007ffabe490000 - 0x00007ffabe4b5000 	c:\Users\HP\.vscode\extensions\redhat.java-1.13.0-win32-x64\jre\17.0.5-win32-x86_64\bin\java.dll
0x00007ffabe090000 - 0x00007ffabe0a8000 	c:\Users\HP\.vscode\extensions\redhat.java-1.13.0-win32-x64\jre\17.0.5-win32-x86_64\bin\zip.dll
0x00007ffae8b20000 - 0x00007ffae9264000 	C:\Windows\System32\SHELL32.dll
0x00007ffae5220000 - 0x00007ffae59b2000 	C:\Windows\SYSTEM32\windows.storage.dll
0x00007ffae7d70000 - 0x00007ffae80c5000 	C:\Windows\System32\combase.dll
0x00007ffae6b40000 - 0x00007ffae6b70000 	C:\Windows\SYSTEM32\Wldp.dll
0x00007ffae8700000 - 0x00007ffae87ad000 	C:\Windows\System32\SHCORE.dll
0x00007ffae92f0000 - 0x00007ffae9345000 	C:\Windows\System32\shlwapi.dll
0x00007ffae7100000 - 0x00007ffae711f000 	C:\Windows\SYSTEM32\profapi.dll
0x00007ffabde00000 - 0x00007ffabde19000 	C:\Users\HP\.vscode\extensions\redhat.java-1.13.0-win32-x64\jre\17.0.5-win32-x86_64\bin\net.dll
0x00007ffade3e0000 - 0x00007ffade4ec000 	C:\Windows\SYSTEM32\WINHTTP.dll
0x00007ffae6920000 - 0x00007ffae698a000 	C:\Windows\system32\mswsock.dll
0x00007ffabdd30000 - 0x00007ffabdd45000 	C:\Users\HP\.vscode\extensions\redhat.java-1.13.0-win32-x64\jre\17.0.5-win32-x86_64\bin\nio.dll
0x00007ffacc5e0000 - 0x00007ffacc5f0000 	c:\Users\HP\.vscode\extensions\redhat.java-1.13.0-win32-x64\jre\17.0.5-win32-x86_64\bin\verify.dll
0x00007ffad2280000 - 0x00007ffad2289000 	C:\Users\HP\.vscode\extensions\redhat.java-1.13.0-win32-x64\jre\17.0.5-win32-x86_64\bin\management.dll
0x00007ffacc790000 - 0x00007ffacc79b000 	C:\Users\HP\.vscode\extensions\redhat.java-1.13.0-win32-x64\jre\17.0.5-win32-x86_64\bin\management_ext.dll
0x00007ffae93d0000 - 0x00007ffae93d8000 	C:\Windows\System32\PSAPI.DLL
0x00007ffac0150000 - 0x00007ffac0167000 	C:\Windows\system32\napinsp.dll
0x00007ffac0130000 - 0x00007ffac014b000 	C:\Windows\system32\pnrpnsp.dll
0x00007ffae1f60000 - 0x00007ffae1f75000 	C:\Windows\system32\wshbth.dll
0x00007ffae4150000 - 0x00007ffae416d000 	C:\Windows\system32\NLAapi.dll
0x00007ffae65e0000 - 0x00007ffae661b000 	C:\Windows\SYSTEM32\IPHLPAPI.DLL
0x00007ffae6620000 - 0x00007ffae66ea000 	C:\Windows\SYSTEM32\DNSAPI.dll
0x00007ffae99f0000 - 0x00007ffae99f8000 	C:\Windows\System32\NSI.dll
0x00007ffac0110000 - 0x00007ffac0122000 	C:\Windows\System32\winrnr.dll
0x00007ffade880000 - 0x00007ffade88a000 	C:\Windows\System32\rasadhlp.dll
0x00007ffadb950000 - 0x00007ffadb9d0000 	C:\Windows\System32\fwpuclnt.dll
0x00007ffae76e0000 - 0x00007ffae7707000 	C:\Windows\System32\bcrypt.dll
0x00007ffae6b80000 - 0x00007ffae6b98000 	C:\Windows\SYSTEM32\CRYPTSP.dll
0x00007ffae61f0000 - 0x00007ffae6224000 	C:\Windows\system32\rsaenh.dll
0x00007ffae70c0000 - 0x00007ffae70ee000 	C:\Windows\SYSTEM32\USERENV.dll
0x00007ffae6ab0000 - 0x00007ffae6abc000 	C:\Windows\SYSTEM32\CRYPTBASE.dll
0x00007ffadfff0000 - 0x00007ffae0007000 	C:\Windows\SYSTEM32\dhcpcsvc6.DLL
0x00007ffadfe30000 - 0x00007ffadfe4d000 	C:\Windows\SYSTEM32\dhcpcsvc.DLL
0x00007ffad0530000 - 0x00007ffad053e000 	C:\Users\HP\.vscode\extensions\redhat.java-1.13.0-win32-x64\jre\17.0.5-win32-x86_64\bin\sunmscapi.dll
0x00007ffae7860000 - 0x00007ffae79b6000 	C:\Windows\System32\CRYPT32.dll
0x00007ffae6c90000 - 0x00007ffae6cb7000 	C:\Windows\SYSTEM32\ncrypt.dll
0x00007ffae6c50000 - 0x00007ffae6c8b000 	C:\Windows\SYSTEM32\NTASN1.dll

dbghelp: loaded successfully - version: 4.0.5 - missing functions: none
symbol engine: initialized successfully - sym options: 0x614 - pdb path: .;c:\Users\HP\.vscode\extensions\redhat.java-1.13.0-win32-x64\jre\17.0.5-win32-x86_64\bin;C:\Windows\SYSTEM32;C:\Windows\WinSxS\amd64_microsoft.windows.common-controls_6595b64144ccf1df_6.0.19041.1110_none_60b5254171f9507e;c:\Users\HP\.vscode\extensions\redhat.java-1.13.0-win32-x64\jre\17.0.5-win32-x86_64\bin\server

VM Arguments:
jvm_args: -Dsts.lsp.client=vscode -Dsts.log.file=/dev/null -XX:TieredStopAtLevel=1 -Xlog:jni+resolve=off -Dspring.config.location=file:c:\Users\HP\.vscode\extensions\pivotal.vscode-spring-boot-1.42.0\language-server\BOOT-INF\classes\application.properties 
java_command: org.springframework.ide.vscode.boot.app.BootLanguageServerBootApp
java_class_path (initial): c:\Users\HP\.vscode\extensions\pivotal.vscode-spring-boot-1.42.0\language-server\BOOT-INF\classes;c:\Users\HP\.vscode\extensions\pivotal.vscode-spring-boot-1.42.0\language-server\BOOT-INF\lib\annotations-23.1.0.jar;c:\Users\HP\.vscode\extensions\pivotal.vscode-spring-boot-1.42.0\language-server\BOOT-INF\lib\ant-1.10.12.jar;c:\Users\HP\.vscode\extensions\pivotal.vscode-spring-boot-1.42.0\language-server\BOOT-INF\lib\ant-launcher-1.10.12.jar;c:\Users\HP\.vscode\extensions\pivotal.vscode-spring-boot-1.42.0\language-server\BOOT-INF\lib\antlr-runtime-3.5.2.jar;c:\Users\HP\.vscode\extensions\pivotal.vscode-spring-boot-1.42.0\language-server\BOOT-INF\lib\antlr4-4.9.3.jar;c:\Users\HP\.vscode\extensions\pivotal.vscode-spring-boot-1.42.0\language-server\BOOT-INF\lib\antlr4-runtime-4.9.3.jar;c:\Users\HP\.vscode\extensions\pivotal.vscode-spring-boot-1.42.0\language-server\BOOT-INF\lib\apiguardian-api-1.1.2.jar;c:\Users\HP\.vscode\extensions\pivotal.vscode-spring-boot-1.42.0\language-server\BOOT-INF\lib\asm-9.4.jar;c:\Users\HP\.vscode\extensions\pivotal.vscode-spring-boot-1.42.0\language-server\BOOT-INF\lib\asm-analysis-9.4.jar;c:\Users\HP\.vscode\extensions\pivotal.vscode-spring-boot-1.42.0\language-server\BOOT-INF\lib\asm-tree-9.4.jar;c:\Users\HP\.vscode\extensions\pivotal.vscode-spring-boot-1.42.0\language-server\BOOT-INF\lib\asm-util-9.4.jar;c:\Users\HP\.vscode\extensions\pivotal.vscode-spring-boot-1.42.0\language-server\BOOT-INF\lib\caffeine-2.9.3.jar;c:\Users\HP\.vscode\extensions\pivotal.vscode-spring-boot-1.42.0\language-server\BOOT-INF\lib\checker-qual-3.12.0.jar;c:\Users\HP\.vscode\extensions\pivotal.vscode-spring-boot-1.42.0\language-server\BOOT-INF\lib\ci-environment-9.1.0.jar;c:\Users\HP\.vscode\extensions\pivotal.vscode-spring-boot-1.42.0\language-server\BOOT-INF\lib\classgraph-4.8.149.jar;c:\Users\HP\.vscode\extensions\pivotal.vscode-spring-boot-1.42.0\language-server\BOOT-INF\lib\commons-codec-1.15.jar;c:\Users\HP\.vscode\extensions\p
Launcher Type: SUN_STANDARD

[Global flags]
     intx CICompilerCount                          = 4                                         {product} {ergonomic}
     uint ConcGCThreads                            = 2                                         {product} {ergonomic}
     uint G1ConcRefinementThreads                  = 8                                         {product} {ergonomic}
   size_t G1HeapRegionSize                         = 1048576                                   {product} {ergonomic}
    uintx GCDrainStackTargetSize                   = 64                                        {product} {ergonomic}
   size_t InitialHeapSize                          = 134217728                                 {product} {ergonomic}
   size_t MarkStackSize                            = 4194304                                   {product} {ergonomic}
   size_t MaxHeapSize                              = 2126512128                                {product} {ergonomic}
   size_t MaxNewSize                               = 1275068416                                {product} {ergonomic}
   size_t MinHeapDeltaBytes                        = 1048576                                   {product} {ergonomic}
   size_t MinHeapSize                              = 8388608                                   {product} {ergonomic}
    uintx NonProfiledCodeHeapSize                  = 0                                      {pd product} {ergonomic}
     bool ProfileInterpreter                       = false                                  {pd product} {command line}
    uintx ProfiledCodeHeapSize                     = 0                                      {pd product} {ergonomic}
   size_t SoftMaxHeapSize                          = 2126512128                             {manageable} {ergonomic}
     intx TieredStopAtLevel                        = 1                                         {product} {command line}
     bool UseCompressedClassPointers               = true                           {product lp64_product} {ergonomic}
     bool UseCompressedOops                        = true                           {product lp64_product} {ergonomic}
     bool UseG1GC                                  = true                                      {product} {ergonomic}
     bool UseLargePagesIndividualAllocation        = false                                  {pd product} {ergonomic}

Logging:
Log output configuration:
 #0: stdout all=warning,jni+resolve=off uptime,level,tags
 #1: stderr all=off uptime,level,tags

Environment Variables:
PATH=C:\Users\HP\bin;C:\Program Files\Git\mingw64\bin;C:\Program Files\Git\usr\local\bin;C:\Program Files\Git\usr\bin;C:\Program Files\Git\usr\bin;C:\Program Files\Git\mingw64\bin;C:\Program Files\Git\usr\bin;C:\Users\HP\bin;C:\Program Files (x86)\Microsoft SDKs\Azure\CLI2\wbin;C:\Windows\system32;C:\Windows;C:\Windows\System32\Wbem;C:\Windows\System32\WindowsPowerShell\v1.0;C:\Windows\System32\OpenSSH;C:\Program Files\Java\jdk-11.0.13\bin;C:\Program Files\Git\cmd;C:\Users\HP\flutter\bin;C:\Users\HP\AppData\Local\Pub\Cache\bin;C:\Program Files\nodejs;C:\Program Files\GitHub CLI;C:\apache2\apache-maven-3.8.4\bin;C:\Program Files\PuTTY;C:\Program Files\Docker\Docker\resources\bin;C:\ProgramData\DockerDesktop\version-bin;C:\Program Files (x86)\Vim\vim90;C:\Program Files\Terraform;C:\Users\HP\AppData\Local\Programs\Python\Python310\Scripts;C:\Users\HP\AppData\Local\Programs\Python\Python310;C:\Program Files\MySQL\MySQL Shell 8.0\bin;C:\Users\HP\AppData\Local\Microsoft\WindowsApps;C:\Users\HP\AppData\Local\Programs\Microsoft VS Code\bin;C:\Users\HP\AppData\Roaming\npm;C:\MinGW\bin;C:\Users\HP\AppData\Local\GitHubDesktop\bin;C:\Program Files\Git\usr\bin\vendor_perl;C:\Program Files\Git\usr\bin\core_perl
USERNAME=HP
SHELL=C:\Program Files\Git\usr\bin\bash.exe
DISPLAY=needs-to-be-defined
LC_CTYPE=en_US.UTF-8
TERM=xterm
TMPDIR=C:\Users\HP\AppData\Local\Temp
OS=Windows_NT
PROCESSOR_IDENTIFIER=Intel64 Family 6 Model 142 Stepping 10, GenuineIntel
TMP=C:\Users\HP\AppData\Local\Temp
TEMP=C:\Users\HP\AppData\Local\Temp



---------------  S Y S T E M  ---------------

OS:
 Windows 10 , 64 bit Build 19041 (10.0.19041.2364)
OS uptime: 3 days 3:17 hours
Hyper-V role detected

CPU: total 8 (initial active 8) (4 cores per cpu, 2 threads per core) family 6 model 142 stepping 10 microcode 0xb4, cx8, cmov, fxsr, ht, mmx, 3dnowpref, sse, sse2, sse3, ssse3, sse4.1, sse4.2, popcnt, lzcnt, tsc, tscinvbit, avx, avx2, aes, erms, clmul, bmi1, bmi2, adx, fma, vzeroupper, clflush, clflushopt, hv

Memory: 4k page, system-wide physical 8107M (412M free)
TotalPageFile size 23373M (AvailPageFile size 162M)
current process WorkingSet (physical memory assigned to process): 264M, peak: 264M
current process commit charge ("private bytes"): 320M, peak: 490M

vm_info: OpenJDK 64-Bit Server VM (17.0.5+8) for windows-amd64 JRE (17.0.5+8), built on Oct 19 2022 04:48:13 by "temurin" with MS VC++ 16.7 (VS2019)

END.
