[INFO] Scanning for projects...
[WARNING] 
[WARNING] Some problems were encountered while building the effective model for com.eazybytes:configserver:jar:0.0.1-SNAPSHOT
[WARNING] 'build.plugins.plugin.(groupId:artifactId)' must be unique but found duplicate declaration of plugin org.springframework.boot:spring-boot-maven-plugin @ line 92, column 12
[WARNING] 
[WARNING] It is highly recommended to fix these problems because they threaten the stability of your build.
[WARNING] 
[WARNING] For this reason, future Maven versions might no longer support building such malformed projects.
[WARNING] 
[INFO] 
[INFO] ---------------------< com.eazybytes:configserver >---------------------
[INFO] Building configserver 0.0.1-SNAPSHOT
[INFO] --------------------------------[ jar ]---------------------------------
[INFO] 
[INFO] >>> spring-boot-maven-plugin:2.6.12:build-image (default-cli) > package @ configserver >>>
[INFO] 
[INFO] --- maven-resources-plugin:3.2.0:resources (default-resources) @ configserver ---
[INFO] Using 'UTF-8' encoding to copy filtered resources.
[INFO] Using 'UTF-8' encoding to copy filtered properties files.
[INFO] Copying 1 resource
[INFO] Copying 9 resources
[INFO] 
[INFO] --- maven-compiler-plugin:3.8.1:compile (default-compile) @ configserver ---
[INFO] Nothing to compile - all classes are up to date
[INFO] 
[INFO] --- maven-resources-plugin:3.2.0:testResources (default-testResources) @ configserver ---
[INFO] Using 'UTF-8' encoding to copy filtered resources.
[INFO] Using 'UTF-8' encoding to copy filtered properties files.
[INFO] skip non existing resourceDirectory C:\Users\HP\Desktop\SpringBootProjects\udemy cours reworked\configserver\src\test\resources
[INFO] 
[INFO] --- maven-compiler-plugin:3.8.1:testCompile (default-testCompile) @ configserver ---
[INFO] Nothing to compile - all classes are up to date
[INFO] 
[INFO] --- maven-surefire-plugin:2.22.2:test (default-test) @ configserver ---
[INFO] Tests are skipped.
[INFO] 
[INFO] --- maven-jar-plugin:3.2.2:jar (default-jar) @ configserver ---
[INFO] Building jar: C:\Users\HP\Desktop\SpringBootProjects\udemy cours reworked\configserver\target\configserver-0.0.1-SNAPSHOT.jar
[INFO] 
[INFO] --- spring-boot-maven-plugin:2.6.12:repackage (repackage) @ configserver ---
[INFO] Replacing main artifact with repackaged archive
[INFO] 
[INFO] <<< spring-boot-maven-plugin:2.6.12:build-image (default-cli) < package @ configserver <<<
[INFO] 
[INFO] 
[INFO] --- spring-boot-maven-plugin:2.6.12:build-image (default-cli) @ configserver ---
[INFO] Building image 'docker.io/eazybytes/configserver:latest'
[INFO] 
[INFO]  > Pulling builder image 'docker.io/paketobuildpacks/builder:base' 100%
[INFO]  > Pulled builder image 'paketobuildpacks/builder@sha256:a58be9c5ba9ef1aa426324b396c06ca9b4edcb05160a5d73fd0d40b88573b0a1'
[INFO]  > Pulling run image 'docker.io/paketobuildpacks/run:base-cnb' 100%
[INFO]  > Pulled run image 'paketobuildpacks/run@sha256:dd32ea61706e174d594cd5fba4a38f68f1269f1be8caae1b08c1f2f84ac29060'
[INFO]  > Executing lifecycle version v0.15.2
[INFO]  > Using build cache volume 'pack-cache-4e789250421e.build'
[INFO] 
[INFO]  > Running creator
[INFO]     [creator]     ===> DETECTING
[INFO]     [creator]     ======== Output: paketo-buildpacks/node-run-script@0.5.1 ========
[INFO]     [creator]     open /workspace/package.json: no such file or directory
[INFO]     [creator]     err:  paketo-buildpacks/node-run-script@0.5.1 (1)
[INFO]     [creator]     ======== Output: paketo-buildpacks/node-run-script@0.5.1 ========
[INFO]     [creator]     open /workspace/package.json: no such file or directory
[INFO]     [creator]     err:  paketo-buildpacks/node-run-script@0.5.1 (1)
[INFO]     [creator]     ======== Output: paketo-buildpacks/node-run-script@0.5.1 ========
[INFO]     [creator]     open /workspace/package.json: no such file or directory
[INFO]     [creator]     err:  paketo-buildpacks/node-run-script@0.5.1 (1)
[INFO]     [creator]     ======== Output: paketo-buildpacks/node-run-script@0.5.1 ========
[INFO]     [creator]     open /workspace/package.json: no such file or directory
[INFO]     [creator]     err:  paketo-buildpacks/node-run-script@0.5.1 (1)
[INFO]     [creator]     6 of 24 buildpacks participating
[INFO]     [creator]     paketo-buildpacks/ca-certificates   3.5.1
[INFO]     [creator]     paketo-buildpacks/bellsoft-liberica 9.10.1
[INFO]     [creator]     paketo-buildpacks/syft              1.23.0
[INFO]     [creator]     paketo-buildpacks/executable-jar    6.5.0
[INFO]     [creator]     paketo-buildpacks/dist-zip          5.4.0
[INFO]     [creator]     paketo-buildpacks/spring-boot       5.22.0
[INFO]     [creator]     ===> ANALYZING
[INFO]     [creator]     Restoring metadata for "paketo-buildpacks/ca-certificates:helper" from app image
[INFO]     [creator]     Restoring metadata for "paketo-buildpacks/bellsoft-liberica:helper" from app image
[INFO]     [creator]     Restoring metadata for "paketo-buildpacks/bellsoft-liberica:java-security-properties" from app image
[INFO]     [creator]     Restoring metadata for "paketo-buildpacks/bellsoft-liberica:jre" from app image
[INFO]     [creator]     Restoring metadata for "paketo-buildpacks/syft:syft" from cache
[INFO]     [creator]     Restoring metadata for "paketo-buildpacks/spring-boot:helper" from app image
[INFO]     [creator]     Restoring metadata for "paketo-buildpacks/spring-boot:spring-cloud-bindings" from app image
[INFO]     [creator]     Restoring metadata for "paketo-buildpacks/spring-boot:web-application-type" from app image
[INFO]     [creator]     ===> RESTORING
[INFO]     [creator]     Restoring data for "paketo-buildpacks/syft:syft" from cache
[INFO]     [creator]     ===> BUILDING
[INFO]     [creator]     
[INFO]     [creator]     Paketo Buildpack for CA Certificates 3.5.1
[INFO]     [creator]       https://github.com/paketo-buildpacks/ca-certificates
[INFO]     [creator]       Launch Helper: Contributing to layer
[INFO]     [creator]         Creating /layers/paketo-buildpacks_ca-certificates/helper/exec.d/ca-certificates-helper
[INFO]     [creator]     
[INFO]     [creator]     Paketo Buildpack for BellSoft Liberica 9.10.1
[INFO]     [creator]       https://github.com/paketo-buildpacks/bellsoft-liberica
[INFO]     [creator]       Build Configuration:
[INFO]     [creator]         $BP_JVM_JLINK_ARGS           --no-man-pages --no-header-files --strip-debug --compress=1  configure custom link arguments (--output must be omitted)
[INFO]     [creator]         $BP_JVM_JLINK_ENABLED        false                                                        enables running jlink tool to generate custom JRE
[INFO]     [creator]         $BP_JVM_TYPE                 JRE                                                          the JVM type - JDK or JRE
[INFO]     [creator]         $BP_JVM_VERSION              11.*                                                         the Java version
[INFO]     [creator]       Launch Configuration:
[INFO]     [creator]         $BPL_DEBUG_ENABLED           false                                                        enables Java remote debugging support
[INFO]     [creator]         $BPL_DEBUG_PORT              8000                                                         configure the remote debugging port
[INFO]     [creator]         $BPL_DEBUG_SUSPEND           false                                                        configure whether to suspend execution until a debugger has attached
[INFO]     [creator]         $BPL_HEAP_DUMP_PATH                                                                       write heap dumps on error to this path
[INFO]     [creator]         $BPL_JAVA_NMT_ENABLED        true                                                         enables Java Native Memory Tracking (NMT)
[INFO]     [creator]         $BPL_JAVA_NMT_LEVEL          summary                                                      configure level of NMT, summary or detail
[INFO]     [creator]         $BPL_JFR_ARGS                                                                             configure custom Java Flight Recording (JFR) arguments
[INFO]     [creator]         $BPL_JFR_ENABLED             false                                                        enables Java Flight Recording (JFR)
[INFO]     [creator]         $BPL_JMX_ENABLED             false                                                        enables Java Management Extensions (JMX)
[INFO]     [creator]         $BPL_JMX_PORT                5000                                                         configure the JMX port
[INFO]     [creator]         $BPL_JVM_HEAD_ROOM           0                                                            the headroom in memory calculation
[INFO]     [creator]         $BPL_JVM_LOADED_CLASS_COUNT  35% of classes                                               the number of loaded classes in memory calculation
[INFO]     [creator]         $BPL_JVM_THREAD_COUNT        250                                                          the number of threads in memory calculation
[INFO]     [creator]         $JAVA_TOOL_OPTIONS                                                                        the JVM launch flags
[INFO]     [creator]         Using Java version 11.* from BP_JVM_VERSION
[INFO]     [creator]       BellSoft Liberica JRE 11.0.17: Contributing to layer
[INFO]     [creator]         Downloading from https://github.com/bell-sw/Liberica/releases/download/11.0.17+7/bellsoft-jre11.0.17+7-linux-amd64.tar.gz
[INFO]     [creator]         Verifying checksum
[INFO]     [creator]         Expanding to /layers/paketo-buildpacks_bellsoft-liberica/jre
[INFO] ------------------------------------------------------------------------
[INFO] BUILD FAILURE
[INFO] ------------------------------------------------------------------------
[INFO] Total time:  12:41 min
[INFO] Finished at: 2022-12-19T17:58:23+01:00
[INFO] ------------------------------------------------------------------------
[ERROR] Failed to execute goal org.springframework.boot:spring-boot-maven-plugin:2.6.12:build-image (default-cli) on project configserver: Unrecognized token 'Bad': was expecting (JSON String, Number, Array, Object or token 'null', 'true' or 'false')
[ERROR]  at [Source: (org.apache.http.conn.EofSensorInputStream); line: 1, column: 5]
[ERROR] -> [Help 1]
[ERROR] 
[ERROR] To see the full stack trace of the errors, re-run Maven with the -e switch.
[ERROR] Re-run Maven using the -X switch to enable full debug logging.
[ERROR] 
[ERROR] For more information about the errors and possible solutions, please read the following articles:
[ERROR] [Help 1] http://cwiki.apache.org/confluence/display/MAVEN/MojoExecutionException
