#
# There is insufficient memory for the Java Runtime Environment to continue.
# Native memory allocation (mmap) failed to map 117440512 bytes for G1 virtual space
# Possible reasons:
#   The system is out of physical RAM or swap space
#   The process is running with CompressedOops enabled, and the Java Heap may be blocking the growth of the native heap
# Possible solutions:
#   Reduce memory load on the system
#   Increase physical memory or swap space
#   Check if swap backing store is full
#   Decrease Java heap size (-Xmx/-Xms)
#   Decrease number of Java threads
#   Decrease Java thread stack sizes (-Xss)
#   Set larger code cache with -XX:ReservedCodeCacheSize=
#   JVM is running with Unscaled Compressed Oops mode in which the Java heap is
#     placed in the first 4GB address space. The Java Heap base address is the
#     maximum limit for the native heap growth. Please use -XX:HeapBaseMinAddress
#     to set the Java Heap base and to place the Java Heap above 4GB virtual address.
# This output file may be truncated or incomplete.
#
#  Out of Memory Error (os_windows.cpp:3548), pid=12360, tid=1244
#
# JRE version: OpenJDK Runtime Environment Temurin-17.0.5+8 (17.0.5+8) (build 17.0.5+8)
# Java VM: OpenJDK 64-Bit Server VM Temurin-17.0.5+8 (17.0.5+8, mixed mode, emulated-client, tiered, compressed oops, compressed class ptrs, g1 gc, windows-amd64)
# No core dump will be written. Minidumps are not enabled by default on client versions of Windows
#

---------------  S U M M A R Y ------------

Command Line: -Dsts.lsp.client=vscode -Dsts.log.file=/dev/null -XX:TieredStopAtLevel=1 -Xlog:jni+resolve=off -Dspring.config.location=file:c:\Users\HP\.vscode\extensions\pivotal.vscode-spring-boot-1.42.0\language-server\BOOT-INF\classes\application.properties org.springframework.ide.vscode.boot.app.BootLanguageServerBootApp

Host: Intel(R) Core(TM) i5-8250U CPU @ 1.60GHz, 8 cores, 7G,  Windows 10 , 64 bit Build 19041 (10.0.19041.2364)
Time: Mon Dec 19 12:54:41 2022 Romance Standard Time elapsed time: 30.455724 seconds (0d 0h 0m 30s)

---------------  T H R E A D  ---------------

Current thread (0x00000206bb1acc20):  VMThread "VM Thread" [stack: 0x0000009873c00000,0x0000009873d00000] [id=1244]

Stack: [0x0000009873c00000,0x0000009873d00000]
Native frames: (J=compiled Java code, j=interpreted, Vv=VM code, C=native code)
V  [jvm.dll+0x676b3a]
V  [jvm.dll+0x831444]
V  [jvm.dll+0x832bee]
V  [jvm.dll+0x833253]
V  [jvm.dll+0x244ce5]
V  [jvm.dll+0x673a49]
V  [jvm.dll+0x66811a]
V  [jvm.dll+0x303ceb]
V  [jvm.dll+0x30b1e6]
V  [jvm.dll+0x35adbe]
V  [jvm.dll+0x35afef]
V  [jvm.dll+0x2dab88]
V  [jvm.dll+0x2d8e3c]
V  [jvm.dll+0x2d840c]
V  [jvm.dll+0x31c31b]
V  [jvm.dll+0x8376fb]
V  [jvm.dll+0x838434]
V  [jvm.dll+0x83894c]
V  [jvm.dll+0x838d24]
V  [jvm.dll+0x838df0]
V  [jvm.dll+0x7e17ea]
V  [jvm.dll+0x6759e5]
C  [ucrtbase.dll+0x21bb2]
C  [KERNEL32.DLL+0x17614]
C  [ntdll.dll+0x526a1]

VM_Operation (0x00000098766fe1e0): G1CollectForAllocation, mode: safepoint, requested by thread 0x00000206bc517cf0


---------------  P R O C E S S  ---------------

Threads class SMR info:
_java_thread_list=0x00000206bf9e03d0, length=46, elements={
0x00000206bb1ce730, 0x00000206bb1cf5a0, 0x00000206bb1eb890, 0x00000206bb1ec150,
0x00000206bb1ecb00, 0x00000206bb1ed4b0, 0x00000206bb1edf10, 0x00000206bbc3a770,
0x00000206bbe219d0, 0x00000206bbe2d920, 0x00000206bc53ac00, 0x00000206bd073650,
0x00000206bd13e020, 0x00000206added140, 0x00000206bce460b0, 0x00000206bd2b6420,
0x00000206bd2b8c80, 0x00000206bd2b9150, 0x00000206bd2b6940, 0x00000206bd2b6e10,
0x00000206bd2b72e0, 0x00000206bd2b77b0, 0x00000206bd2b7c80, 0x00000206bd2b8150,
0x00000206bc51ad10, 0x00000206bc5169b0, 0x00000206bc5164e0, 0x00000206bc515670,
0x00000206bc513e60, 0x00000206bc519500, 0x00000206bc514330, 0x00000206bc517cf0,
0x00000206bc514cd0, 0x00000206bc515b40, 0x00000206bc5199d0, 0x00000206bc5151a0,
0x00000206bc518690, 0x00000206bc516010, 0x00000206bc514800, 0x00000206bc51a370,
0x00000206bc513990, 0x00000206bc517350, 0x00000206bc518b60, 0x00000206bc517820,
0x00000206bc5181c0, 0x00000206bd2dbe80
}

Java Threads: ( => current thread )
  0x00000206bb1ce730 JavaThread "Reference Handler" daemon [_thread_blocked, id=21592, stack(0x0000009873d00000,0x0000009873e00000)]
  0x00000206bb1cf5a0 JavaThread "Finalizer" daemon [_thread_blocked, id=2360, stack(0x0000009873e00000,0x0000009873f00000)]
  0x00000206bb1eb890 JavaThread "Signal Dispatcher" daemon [_thread_blocked, id=22068, stack(0x0000009873f00000,0x0000009874000000)]
  0x00000206bb1ec150 JavaThread "Attach Listener" daemon [_thread_blocked, id=20520, stack(0x0000009874000000,0x0000009874100000)]
  0x00000206bb1ecb00 JavaThread "Service Thread" daemon [_thread_blocked, id=9784, stack(0x0000009874100000,0x0000009874200000)]
  0x00000206bb1ed4b0 JavaThread "Monitor Deflation Thread" daemon [_thread_blocked, id=17436, stack(0x0000009874200000,0x0000009874300000)]
  0x00000206bb1edf10 JavaThread "C1 CompilerThread0" daemon [_thread_blocked, id=5476, stack(0x0000009874300000,0x0000009874400000)]
  0x00000206bbc3a770 JavaThread "Sweeper thread" daemon [_thread_blocked, id=21972, stack(0x0000009874400000,0x0000009874500000)]
  0x00000206bbe219d0 JavaThread "Notification Thread" daemon [_thread_blocked, id=16520, stack(0x0000009874600000,0x0000009874700000)]
  0x00000206bbe2d920 JavaThread "Common-Cleaner" daemon [_thread_blocked, id=24708, stack(0x0000009874800000,0x0000009874900000)]
  0x00000206bc53ac00 JavaThread "boundedElastic-evictor-1" daemon [_thread_blocked, id=24360, stack(0x0000009875300000,0x0000009875400000)]
  0x00000206bd073650 JavaThread "pool-11-thread-1" [_thread_blocked, id=17100, stack(0x0000009874a00000,0x0000009874b00000)]
  0x00000206bd13e020 JavaThread "LanguageServerApp-lifecycle" [_thread_blocked, id=18076, stack(0x0000009875500000,0x0000009875600000)]
  0x00000206added140 JavaThread "DestroyJavaVM" [_thread_blocked, id=18872, stack(0x0000009873600000,0x0000009873700000)]
  0x00000206bce460b0 JavaThread "pool-12-thread-1" [_thread_in_native, id=24652, stack(0x0000009875600000,0x0000009875700000)]
  0x00000206bd2b6420 JavaThread "Simple-Language-Server main thread" daemon [_thread_blocked, id=2260, stack(0x0000009875700000,0x0000009875800000)]
  0x00000206bd2b8c80 JavaThread "pool-8-thread-1" [_thread_blocked, id=24128, stack(0x0000009875800000,0x0000009875900000)]
  0x00000206bd2b9150 JavaThread "parallel-1" daemon [_thread_blocked, id=23912, stack(0x0000009875900000,0x0000009875a00000)]
  0x00000206bd2b6940 JavaThread "parallel-2" daemon [_thread_blocked, id=16516, stack(0x0000009875a00000,0x0000009875b00000)]
  0x00000206bd2b6e10 JavaThread "Reconciler-1" daemon [_thread_blocked, id=10692, stack(0x0000009875b00000,0x0000009875c00000)]
  0x00000206bd2b72e0 JavaThread "ForkJoinPool.commonPool-worker-1" daemon [_thread_blocked, id=22796, stack(0x0000009875c00000,0x0000009875d00000)]
  0x00000206bd2b77b0 JavaThread "ClassGraph-worker-0" daemon [_thread_blocked, id=25296, stack(0x0000009874900000,0x0000009874a00000)]
  0x00000206bd2b7c80 JavaThread "pool-5-thread-1" [_thread_blocked, id=25148, stack(0x0000009875d00000,0x0000009875e00000)]
  0x00000206bd2b8150 JavaThread "ClassGraph-worker-1" daemon [_thread_blocked, id=23596, stack(0x0000009875e00000,0x0000009875f00000)]
  0x00000206bc51ad10 JavaThread "ClassGraph-worker-2" daemon [_thread_blocked, id=17868, stack(0x0000009875f00000,0x0000009876000000)]
  0x00000206bc5169b0 JavaThread "ClassGraph-worker-3" daemon [_thread_blocked, id=24596, stack(0x0000009876000000,0x0000009876100000)]
  0x00000206bc5164e0 JavaThread "ClassGraph-worker-4" daemon [_thread_blocked, id=17416, stack(0x0000009876100000,0x0000009876200000)]
  0x00000206bc515670 JavaThread "ClassGraph-worker-5" daemon [_thread_blocked, id=10884, stack(0x0000009876200000,0x0000009876300000)]
  0x00000206bc513e60 JavaThread "ClassGraph-worker-6" daemon [_thread_blocked, id=23532, stack(0x0000009876300000,0x0000009876400000)]
  0x00000206bc519500 JavaThread "ClassGraph-worker-7" daemon [_thread_blocked, id=24384, stack(0x0000009876400000,0x0000009876500000)]
  0x00000206bc514330 JavaThread "ClassGraph-worker-8" daemon [_thread_blocked, id=24992, stack(0x0000009876500000,0x0000009876600000)]
  0x00000206bc517cf0 JavaThread "ClassGraph-worker-9" daemon [_thread_blocked, id=9568, stack(0x0000009876600000,0x0000009876700000)]
  0x00000206bc514cd0 JavaThread "ClassGraph-worker-10" daemon [_thread_blocked, id=19344, stack(0x0000009876700000,0x0000009876800000)]
  0x00000206bc515b40 JavaThread "ClassGraph-worker-11" daemon [_thread_blocked, id=7092, stack(0x0000009876800000,0x0000009876900000)]
  0x00000206bc5199d0 JavaThread "ClassGraph-worker-12" daemon [_thread_blocked, id=24668, stack(0x0000009876900000,0x0000009876a00000)]
  0x00000206bc5151a0 JavaThread "ClassGraph-worker-13" daemon [_thread_blocked, id=21656, stack(0x0000009876a00000,0x0000009876b00000)]
  0x00000206bc518690 JavaThread "parallel-3" daemon [_thread_blocked, id=23320, stack(0x0000009876b00000,0x0000009876c00000)]
  0x00000206bc516010 JavaThread "pool-6-thread-1" [_thread_blocked, id=7912, stack(0x0000009876d00000,0x0000009876e00000)]
  0x00000206bc514800 JavaThread "pool-10-thread-1" [_thread_blocked, id=15260, stack(0x0000009876e00000,0x0000009876f00000)]
  0x00000206bc51a370 JavaThread "parallel-4" daemon [_thread_blocked, id=11924, stack(0x0000009876f00000,0x0000009877000000)]
  0x00000206bc513990 JavaThread "parallel-5" daemon [_thread_blocked, id=22052, stack(0x0000009877000000,0x0000009877100000)]
  0x00000206bc517350 JavaThread "parallel-6" daemon [_thread_blocked, id=20120, stack(0x0000009877100000,0x0000009877200000)]
  0x00000206bc518b60 JavaThread "Project-Reconciler-1" daemon [_thread_blocked, id=12864, stack(0x0000009877200000,0x0000009877300000)]
  0x00000206bc517820 JavaThread "pool-10-thread-2" [_thread_blocked, id=24948, stack(0x0000009877300000,0x0000009877400000)]
  0x00000206bc5181c0 JavaThread "pool-10-thread-3" [_thread_blocked, id=24876, stack(0x0000009877400000,0x0000009877500000)]
  0x00000206bd2dbe80 JavaThread "C1 CompilerThread1" daemon [_thread_blocked, id=17900, stack(0x0000009877500000,0x0000009877600000)]

Other Threads:
=>0x00000206bb1acc20 VMThread "VM Thread" [stack: 0x0000009873c00000,0x0000009873d00000] [id=1244]
  0x00000206bbe23eb0 WatcherThread [stack: 0x0000009874700000,0x0000009874800000] [id=17296]
  0x00000206ade47aa0 GCTaskThread "GC Thread#0" [stack: 0x0000009873700000,0x0000009873800000] [id=16052]
  0x00000206bc9beca0 GCTaskThread "GC Thread#1" [stack: 0x0000009874b00000,0x0000009874c00000] [id=16720]
  0x00000206bc9bef50 GCTaskThread "GC Thread#2" [stack: 0x0000009874c00000,0x0000009874d00000] [id=23588]
  0x00000206bc9ef8d0 GCTaskThread "GC Thread#3" [stack: 0x0000009874d00000,0x0000009874e00000] [id=23616]
  0x00000206bc9efb80 GCTaskThread "GC Thread#4" [stack: 0x0000009874e00000,0x0000009874f00000] [id=24964]
  0x00000206bc9efe30 GCTaskThread "GC Thread#5" [stack: 0x0000009874f00000,0x0000009875000000] [id=20388]
  0x00000206bc5475f0 GCTaskThread "GC Thread#6" [stack: 0x0000009875100000,0x0000009875200000] [id=24656]
  0x00000206bc5478a0 GCTaskThread "GC Thread#7" [stack: 0x0000009875200000,0x0000009875300000] [id=25096]
  0x00000206ade58670 ConcurrentGCThread "G1 Main Marker" [stack: 0x0000009873800000,0x0000009873900000] [id=14452]
  0x00000206ade59080 ConcurrentGCThread "G1 Conc#0" [stack: 0x0000009873900000,0x0000009873a00000] [id=13100]
  0x00000206bcc4c460 ConcurrentGCThread "G1 Conc#1" [stack: 0x0000009875400000,0x0000009875500000] [id=8012]
  0x00000206adeaddc0 ConcurrentGCThread "G1 Refine#0" [stack: 0x0000009873a00000,0x0000009873b00000] [id=11660]
  0x00000206bc9f00e0 ConcurrentGCThread "G1 Refine#1" [stack: 0x0000009875000000,0x0000009875100000] [id=12588]
  0x00000206bfbb7f70 ConcurrentGCThread "G1 Refine#2" [stack: 0x0000009876c00000,0x0000009876d00000] [id=17032]
  0x00000206adeae7e0 ConcurrentGCThread "G1 Service" [stack: 0x0000009873b00000,0x0000009873c00000] [id=11144]

Threads with active compile tasks:

VM state: at safepoint (normal execution)

VM Mutex/Monitor currently owned by a thread:  ([mutex/lock_event])
[0x00000206adde7e60] Threads_lock - owner thread: 0x00000206bb1acc20
[0x00000206adde8880] Heap_lock - owner thread: 0x00000206bc517cf0

Heap address: 0x0000000081400000, size: 2028 MB, Compressed Oops mode: 32-bit

CDS archive(s) not mapped
Compressed class space mapped at: 0x0000000100000000-0x0000000140000000, reserved size: 1073741824
Narrow klass base: 0x0000000000000000, Narrow klass shift: 3, Narrow klass range: 0x140000000

GC Precious Log:
 CPUs: 8 total, 8 available
 Memory: 8107M
 Large Page Support: Disabled
 NUMA Support: Disabled
 Compressed Oops: Enabled (32-bit)
 Heap Region Size: 1M
 Heap Min Capacity: 8M
 Heap Initial Capacity: 128M
 Heap Max Capacity: 2028M
 Pre-touch: Disabled
 Parallel Workers: 8
 Concurrent Workers: 2
 Concurrent Refinement Workers: 8
 Periodic GC: Disabled

Heap:
 garbage-first heap   total 332800K, used 133257K [0x0000000081400000, 0x0000000100000000)
  region size 1024K, 15 young (15360K), 15 survivors (15360K)
 Metaspace       used 46027K, committed 46464K, reserved 1089536K
  class space    used 5944K, committed 6144K, reserved 1048576K

Heap Regions: E=young(eden), S=young(survivor), O=old, HS=humongous(starts), HC=humongous(continues), CS=collection set, F=free, OA=open archive, CA=closed archive, TAMS=top-at-mark-start (previous, next)
|   0|0x0000000081400000, 0x0000000081500000, 0x0000000081500000|100%|HS|  |TAMS 0x0000000081400000, 0x0000000081400000| Complete 
|   1|0x0000000081500000, 0x0000000081600000, 0x0000000081600000|100%| O|  |TAMS 0x0000000081600000, 0x0000000081500000| Untracked 
|   2|0x0000000081600000, 0x0000000081700000, 0x0000000081700000|100%| O|  |TAMS 0x0000000081700000, 0x0000000081600000| Untracked 
|   3|0x0000000081700000, 0x0000000081800000, 0x0000000081800000|100%| O|  |TAMS 0x0000000081800000, 0x0000000081700000| Untracked 
|   4|0x0000000081800000, 0x0000000081900000, 0x0000000081900000|100%| O|  |TAMS 0x0000000081900000, 0x0000000081800000| Untracked 
|   5|0x0000000081900000, 0x0000000081a00000, 0x0000000081a00000|100%| O|  |TAMS 0x0000000081a00000, 0x0000000081900000| Untracked 
|   6|0x0000000081a00000, 0x0000000081b00000, 0x0000000081b00000|100%| O|  |TAMS 0x0000000081b00000, 0x0000000081a00000| Untracked 
|   7|0x0000000081b00000, 0x0000000081c00000, 0x0000000081c00000|100%| O|  |TAMS 0x0000000081c00000, 0x0000000081b00000| Untracked 
|   8|0x0000000081c00000, 0x0000000081d00000, 0x0000000081d00000|100%| O|  |TAMS 0x0000000081d00000, 0x0000000081c00000| Untracked 
|   9|0x0000000081d00000, 0x0000000081e00000, 0x0000000081e00000|100%| O|  |TAMS 0x0000000081e00000, 0x0000000081d00000| Untracked 
|  10|0x0000000081e00000, 0x0000000081f00000, 0x0000000081f00000|100%| O|  |TAMS 0x0000000081f00000, 0x0000000081e00000| Untracked 
|  11|0x0000000081f00000, 0x0000000082000000, 0x0000000082000000|100%| O|  |TAMS 0x0000000082000000, 0x0000000081f00000| Untracked 
|  12|0x0000000082000000, 0x0000000082100000, 0x0000000082100000|100%| O|  |TAMS 0x0000000082100000, 0x0000000082000000| Untracked 
|  13|0x0000000082100000, 0x0000000082200000, 0x0000000082200000|100%| O|  |TAMS 0x0000000082200000, 0x0000000082100000| Untracked 
|  14|0x0000000082200000, 0x0000000082300000, 0x0000000082300000|100%| O|  |TAMS 0x0000000082300000, 0x0000000082200000| Untracked 
|  15|0x0000000082300000, 0x0000000082400000, 0x0000000082400000|100%| O|  |TAMS 0x0000000082400000, 0x0000000082300000| Untracked 
|  16|0x0000000082400000, 0x0000000082500000, 0x0000000082500000|100%| O|  |TAMS 0x0000000082500000, 0x0000000082400000| Untracked 
|  17|0x0000000082500000, 0x0000000082600000, 0x0000000082600000|100%| O|  |TAMS 0x0000000082600000, 0x0000000082500000| Untracked 
|  18|0x0000000082600000, 0x0000000082700000, 0x0000000082700000|100%| O|  |TAMS 0x0000000082700000, 0x0000000082600000| Untracked 
|  19|0x0000000082700000, 0x0000000082800000, 0x0000000082800000|100%| O|  |TAMS 0x0000000082800000, 0x0000000082700000| Untracked 
|  20|0x0000000082800000, 0x0000000082900000, 0x0000000082900000|100%| O|  |TAMS 0x0000000082800000, 0x0000000082800000| Untracked 
|  21|0x0000000082900000, 0x0000000082a00000, 0x0000000082a00000|100%| O|  |TAMS 0x0000000082a00000, 0x0000000082900000| Untracked 
|  22|0x0000000082a00000, 0x0000000082b00000, 0x0000000082b00000|100%| O|  |TAMS 0x0000000082b00000, 0x0000000082a00000| Untracked 
|  23|0x0000000082b00000, 0x0000000082c00000, 0x0000000082c00000|100%| O|  |TAMS 0x0000000082c00000, 0x0000000082b00000| Untracked 
|  24|0x0000000082c00000, 0x0000000082d00000, 0x0000000082d00000|100%| O|  |TAMS 0x0000000082d00000, 0x0000000082c00000| Untracked 
|  25|0x0000000082d00000, 0x0000000082e00000, 0x0000000082e00000|100%| O|  |TAMS 0x0000000082e00000, 0x0000000082d00000| Untracked 
|  26|0x0000000082e00000, 0x0000000082f00000, 0x0000000082f00000|100%| O|  |TAMS 0x0000000082f00000, 0x0000000082e00000| Untracked 
|  27|0x0000000082f00000, 0x0000000083000000, 0x0000000083000000|100%| O|  |TAMS 0x0000000083000000, 0x0000000082f00000| Untracked 
|  28|0x0000000083000000, 0x0000000083100000, 0x0000000083100000|100%| O|  |TAMS 0x0000000083100000, 0x0000000083000000| Untracked 
|  29|0x0000000083100000, 0x0000000083200000, 0x0000000083200000|100%| O|  |TAMS 0x0000000083200000, 0x0000000083100000| Untracked 
|  30|0x0000000083200000, 0x0000000083300000, 0x0000000083300000|100%| O|  |TAMS 0x0000000083300000, 0x0000000083200000| Untracked 
|  31|0x0000000083300000, 0x0000000083400000, 0x0000000083400000|100%| O|  |TAMS 0x0000000083400000, 0x0000000083300000| Untracked 
|  32|0x0000000083400000, 0x0000000083500000, 0x0000000083500000|100%| O|  |TAMS 0x00000000834d8400, 0x0000000083400000| Untracked 
|  33|0x0000000083500000, 0x0000000083600000, 0x0000000083600000|100%| O|  |TAMS 0x0000000083500000, 0x0000000083500000| Untracked 
|  34|0x0000000083600000, 0x0000000083700000, 0x0000000083700000|100%| O|  |TAMS 0x0000000083600000, 0x0000000083600000| Untracked 
|  35|0x0000000083700000, 0x0000000083800000, 0x0000000083800000|100%| O|  |TAMS 0x0000000083700000, 0x0000000083700000| Untracked 
|  36|0x0000000083800000, 0x0000000083900000, 0x0000000083900000|100%| O|  |TAMS 0x0000000083800000, 0x0000000083800000| Untracked 
|  37|0x0000000083900000, 0x0000000083a00000, 0x0000000083a00000|100%| O|  |TAMS 0x0000000083900000, 0x0000000083900000| Untracked 
|  38|0x0000000083a00000, 0x0000000083b00000, 0x0000000083b00000|100%| O|  |TAMS 0x0000000083a00000, 0x0000000083a00000| Untracked 
|  39|0x0000000083b00000, 0x0000000083c00000, 0x0000000083c00000|100%| O|  |TAMS 0x0000000083b00000, 0x0000000083b00000| Untracked 
|  40|0x0000000083c00000, 0x0000000083d00000, 0x0000000083d00000|100%| O|  |TAMS 0x0000000083c00000, 0x0000000083c00000| Untracked 
|  41|0x0000000083d00000, 0x0000000083e00000, 0x0000000083e00000|100%| O|  |TAMS 0x0000000083d00000, 0x0000000083d00000| Untracked 
|  42|0x0000000083e00000, 0x0000000083f00000, 0x0000000083f00000|100%| O|  |TAMS 0x0000000083e00000, 0x0000000083e00000| Untracked 
|  43|0x0000000083f00000, 0x0000000084000000, 0x0000000084000000|100%| O|  |TAMS 0x0000000083f00000, 0x0000000083f00000| Untracked 
|  44|0x0000000084000000, 0x0000000084100000, 0x0000000084100000|100%| O|  |TAMS 0x0000000084000000, 0x0000000084000000| Untracked 
|  45|0x0000000084100000, 0x0000000084200000, 0x0000000084200000|100%|HS|  |TAMS 0x0000000084100000, 0x0000000084100000| Complete 
|  46|0x0000000084200000, 0x0000000084300000, 0x0000000084300000|100%| O|  |TAMS 0x0000000084200000, 0x0000000084200000| Untracked 
|  47|0x0000000084300000, 0x0000000084400000, 0x0000000084400000|100%| O|  |TAMS 0x0000000084300000, 0x0000000084300000| Untracked 
|  48|0x0000000084400000, 0x0000000084500000, 0x0000000084500000|100%| O|  |TAMS 0x0000000084400000, 0x0000000084400000| Untracked 
|  49|0x0000000084500000, 0x0000000084600000, 0x0000000084600000|100%| O|  |TAMS 0x0000000084500000, 0x0000000084500000| Untracked 
|  50|0x0000000084600000, 0x0000000084700000, 0x0000000084700000|100%| O|  |TAMS 0x0000000084600000, 0x0000000084600000| Untracked 
|  51|0x0000000084700000, 0x0000000084800000, 0x0000000084800000|100%| O|  |TAMS 0x0000000084700000, 0x0000000084700000| Untracked 
|  52|0x0000000084800000, 0x0000000084900000, 0x0000000084900000|100%| O|  |TAMS 0x0000000084800000, 0x0000000084800000| Untracked 
|  53|0x0000000084900000, 0x0000000084a00000, 0x0000000084a00000|100%| O|  |TAMS 0x0000000084900000, 0x0000000084900000| Untracked 
|  54|0x0000000084a00000, 0x0000000084b00000, 0x0000000084b00000|100%| O|  |TAMS 0x0000000084a00000, 0x0000000084a00000| Untracked 
|  55|0x0000000084b00000, 0x0000000084c00000, 0x0000000084c00000|100%| O|  |TAMS 0x0000000084b00000, 0x0000000084b00000| Untracked 
|  56|0x0000000084c00000, 0x0000000084d00000, 0x0000000084d00000|100%| O|  |TAMS 0x0000000084c00000, 0x0000000084c00000| Untracked 
|  57|0x0000000084d00000, 0x0000000084e00000, 0x0000000084e00000|100%| O|  |TAMS 0x0000000084d00000, 0x0000000084d00000| Untracked 
|  58|0x0000000084e00000, 0x0000000084f00000, 0x0000000084f00000|100%| O|  |TAMS 0x0000000084e00000, 0x0000000084e00000| Untracked 
|  59|0x0000000084f00000, 0x0000000085000000, 0x0000000085000000|100%| O|  |TAMS 0x0000000084f00000, 0x0000000084f00000| Untracked 
|  60|0x0000000085000000, 0x0000000085100000, 0x0000000085100000|100%| O|  |TAMS 0x0000000085000000, 0x0000000085000000| Untracked 
|  61|0x0000000085100000, 0x0000000085200000, 0x0000000085200000|100%| O|  |TAMS 0x0000000085100000, 0x0000000085100000| Untracked 
|  62|0x0000000085200000, 0x0000000085300000, 0x0000000085300000|100%| O|  |TAMS 0x0000000085200000, 0x0000000085200000| Untracked 
|  63|0x0000000085300000, 0x0000000085400000, 0x0000000085400000|100%| O|  |TAMS 0x0000000085300000, 0x0000000085300000| Untracked 
|  64|0x0000000085400000, 0x0000000085500000, 0x0000000085500000|100%| O|  |TAMS 0x0000000085400000, 0x0000000085400000| Untracked 
|  65|0x0000000085500000, 0x0000000085600000, 0x0000000085600000|100%| O|  |TAMS 0x0000000085500000, 0x0000000085500000| Untracked 
|  66|0x0000000085600000, 0x0000000085700000, 0x0000000085700000|100%| O|  |TAMS 0x0000000085600000, 0x0000000085600000| Untracked 
|  67|0x0000000085700000, 0x0000000085800000, 0x0000000085800000|100%| O|  |TAMS 0x0000000085700000, 0x0000000085700000| Untracked 
|  68|0x0000000085800000, 0x0000000085900000, 0x0000000085900000|100%| O|  |TAMS 0x0000000085800000, 0x0000000085800000| Untracked 
|  69|0x0000000085900000, 0x0000000085a00000, 0x0000000085a00000|100%| O|  |TAMS 0x0000000085900000, 0x0000000085900000| Untracked 
|  70|0x0000000085a00000, 0x0000000085b00000, 0x0000000085b00000|100%| O|  |TAMS 0x0000000085a00000, 0x0000000085a00000| Untracked 
|  71|0x0000000085b00000, 0x0000000085c00000, 0x0000000085c00000|100%| O|  |TAMS 0x0000000085b00000, 0x0000000085b00000| Untracked 
|  72|0x0000000085c00000, 0x0000000085d00000, 0x0000000085d00000|100%| O|  |TAMS 0x0000000085c00000, 0x0000000085c00000| Untracked 
|  73|0x0000000085d00000, 0x0000000085e00000, 0x0000000085e00000|100%| O|  |TAMS 0x0000000085d00000, 0x0000000085d00000| Untracked 
|  74|0x0000000085e00000, 0x0000000085f00000, 0x0000000085f00000|100%| O|  |TAMS 0x0000000085e00000, 0x0000000085e00000| Untracked 
|  75|0x0000000085f00000, 0x0000000086000000, 0x0000000086000000|100%| O|  |TAMS 0x0000000085f00000, 0x0000000085f00000| Untracked 
|  76|0x0000000086000000, 0x0000000086100000, 0x0000000086100000|100%| O|  |TAMS 0x0000000086000000, 0x0000000086000000| Untracked 
|  77|0x0000000086100000, 0x0000000086200000, 0x0000000086200000|100%| O|  |TAMS 0x0000000086100000, 0x0000000086100000| Untracked 
|  78|0x0000000086200000, 0x0000000086300000, 0x0000000086300000|100%| O|  |TAMS 0x0000000086200000, 0x0000000086200000| Untracked 
|  79|0x0000000086300000, 0x0000000086400000, 0x0000000086400000|100%| O|  |TAMS 0x0000000086300000, 0x0000000086300000| Untracked 
|  80|0x0000000086400000, 0x0000000086500000, 0x0000000086500000|100%| O|  |TAMS 0x0000000086400000, 0x0000000086400000| Untracked 
|  81|0x0000000086500000, 0x0000000086600000, 0x0000000086600000|100%| O|  |TAMS 0x0000000086500000, 0x0000000086500000| Untracked 
|  82|0x0000000086600000, 0x0000000086700000, 0x0000000086700000|100%| O|  |TAMS 0x0000000086600000, 0x0000000086600000| Untracked 
|  83|0x0000000086700000, 0x0000000086800000, 0x0000000086800000|100%| O|  |TAMS 0x0000000086700000, 0x0000000086700000| Untracked 
|  84|0x0000000086800000, 0x0000000086900000, 0x0000000086900000|100%| O|  |TAMS 0x0000000086800000, 0x0000000086800000| Untracked 
|  85|0x0000000086900000, 0x0000000086a00000, 0x0000000086a00000|100%| O|  |TAMS 0x0000000086900000, 0x0000000086900000| Untracked 
|  86|0x0000000086a00000, 0x0000000086b00000, 0x0000000086b00000|100%| O|  |TAMS 0x0000000086a00000, 0x0000000086a00000| Untracked 
|  87|0x0000000086b00000, 0x0000000086c00000, 0x0000000086c00000|100%| O|  |TAMS 0x0000000086b00000, 0x0000000086b00000| Untracked 
|  88|0x0000000086c00000, 0x0000000086d00000, 0x0000000086d00000|100%| O|  |TAMS 0x0000000086c00000, 0x0000000086c00000| Untracked 
|  89|0x0000000086d00000, 0x0000000086e00000, 0x0000000086e00000|100%| O|  |TAMS 0x0000000086d00000, 0x0000000086d00000| Untracked 
|  90|0x0000000086e00000, 0x0000000086f00000, 0x0000000086f00000|100%| O|  |TAMS 0x0000000086e00000, 0x0000000086e00000| Untracked 
|  91|0x0000000086f00000, 0x0000000087000000, 0x0000000087000000|100%| O|  |TAMS 0x0000000086f00000, 0x0000000086f00000| Untracked 
|  92|0x0000000087000000, 0x0000000087100000, 0x0000000087100000|100%| O|  |TAMS 0x0000000087000000, 0x0000000087000000| Untracked 
|  93|0x0000000087100000, 0x0000000087200000, 0x0000000087200000|100%| O|  |TAMS 0x0000000087100000, 0x0000000087100000| Untracked 
|  94|0x0000000087200000, 0x0000000087300000, 0x0000000087300000|100%| O|  |TAMS 0x0000000087200000, 0x0000000087200000| Untracked 
|  95|0x0000000087300000, 0x0000000087400000, 0x0000000087400000|100%| O|  |TAMS 0x0000000087300000, 0x0000000087300000| Untracked 
|  96|0x0000000087400000, 0x0000000087500000, 0x0000000087500000|100%| O|  |TAMS 0x0000000087400000, 0x0000000087400000| Untracked 
|  97|0x0000000087500000, 0x0000000087600000, 0x0000000087600000|100%| O|  |TAMS 0x0000000087500000, 0x0000000087500000| Untracked 
|  98|0x0000000087600000, 0x0000000087700000, 0x0000000087700000|100%| O|  |TAMS 0x0000000087600000, 0x0000000087600000| Untracked 
|  99|0x0000000087700000, 0x0000000087800000, 0x0000000087800000|100%| O|  |TAMS 0x0000000087700000, 0x0000000087700000| Untracked 
| 100|0x0000000087800000, 0x0000000087900000, 0x0000000087900000|100%| O|  |TAMS 0x0000000087800000, 0x0000000087800000| Untracked 
| 101|0x0000000087900000, 0x0000000087a00000, 0x0000000087a00000|100%| O|  |TAMS 0x0000000087900000, 0x0000000087900000| Untracked 
| 102|0x0000000087a00000, 0x0000000087b00000, 0x0000000087b00000|100%| O|  |TAMS 0x0000000087a00000, 0x0000000087a00000| Untracked 
| 103|0x0000000087b00000, 0x0000000087c00000, 0x0000000087c00000|100%| O|  |TAMS 0x0000000087b00000, 0x0000000087b00000| Untracked 
| 104|0x0000000087c00000, 0x0000000087d00000, 0x0000000087d00000|100%| O|  |TAMS 0x0000000087c00000, 0x0000000087c00000| Untracked 
| 105|0x0000000087d00000, 0x0000000087e00000, 0x0000000087e00000|100%| O|  |TAMS 0x0000000087d00000, 0x0000000087d00000| Untracked 
| 106|0x0000000087e00000, 0x0000000087f00000, 0x0000000087f00000|100%| O|  |TAMS 0x0000000087e00000, 0x0000000087e00000| Untracked 
| 107|0x0000000087f00000, 0x0000000088000000, 0x0000000088000000|100%| O|  |TAMS 0x0000000087f00000, 0x0000000087f00000| Untracked 
| 108|0x0000000088000000, 0x0000000088100000, 0x0000000088100000|100%| O|  |TAMS 0x0000000088000000, 0x0000000088000000| Untracked 
| 109|0x0000000088100000, 0x0000000088200000, 0x0000000088200000|100%| O|  |TAMS 0x0000000088100000, 0x0000000088100000| Untracked 
| 110|0x0000000088200000, 0x0000000088300000, 0x0000000088300000|100%| O|  |TAMS 0x0000000088200000, 0x0000000088200000| Untracked 
| 111|0x0000000088300000, 0x0000000088400000, 0x0000000088400000|100%| O|  |TAMS 0x0000000088300000, 0x0000000088300000| Untracked 
| 112|0x0000000088400000, 0x0000000088500000, 0x0000000088500000|100%| O|  |TAMS 0x0000000088400000, 0x0000000088400000| Untracked 
| 113|0x0000000088500000, 0x0000000088600000, 0x0000000088600000|100%| O|  |TAMS 0x0000000088500000, 0x0000000088500000| Untracked 
| 114|0x0000000088600000, 0x0000000088700000, 0x0000000088700000|100%| O|  |TAMS 0x0000000088600000, 0x0000000088600000| Untracked 
| 115|0x0000000088700000, 0x000000008877fe00, 0x0000000088800000| 49%| O|  |TAMS 0x0000000088700000, 0x0000000088700000| Untracked 
| 116|0x0000000088800000, 0x0000000088800000, 0x0000000088900000|  0%| F|  |TAMS 0x0000000088800000, 0x0000000088800000| Untracked 
| 117|0x0000000088900000, 0x0000000088900000, 0x0000000088a00000|  0%| F|  |TAMS 0x0000000088900000, 0x0000000088900000| Untracked 
| 118|0x0000000088a00000, 0x0000000088a00000, 0x0000000088b00000|  0%| F|  |TAMS 0x0000000088a00000, 0x0000000088a00000| Untracked 
| 119|0x0000000088b00000, 0x0000000088b00000, 0x0000000088c00000|  0%| F|  |TAMS 0x0000000088b00000, 0x0000000088b00000| Untracked 
| 120|0x0000000088c00000, 0x0000000088c00000, 0x0000000088d00000|  0%| F|  |TAMS 0x0000000088c00000, 0x0000000088c00000| Untracked 
| 121|0x0000000088d00000, 0x0000000088d00000, 0x0000000088e00000|  0%| F|  |TAMS 0x0000000088d00000, 0x0000000088d00000| Untracked 
| 122|0x0000000088e00000, 0x0000000088e00000, 0x0000000088f00000|  0%| F|  |TAMS 0x0000000088e00000, 0x0000000088e00000| Untracked 
| 123|0x0000000088f00000, 0x0000000088f00000, 0x0000000089000000|  0%| F|  |TAMS 0x0000000088f00000, 0x0000000088f00000| Untracked 
| 124|0x0000000089000000, 0x0000000089000000, 0x0000000089100000|  0%| F|  |TAMS 0x0000000089000000, 0x0000000089000000| Untracked 
| 125|0x0000000089100000, 0x0000000089100000, 0x0000000089200000|  0%| F|  |TAMS 0x0000000089100000, 0x0000000089100000| Untracked 
| 126|0x0000000089200000, 0x0000000089200000, 0x0000000089300000|  0%| F|  |TAMS 0x0000000089200000, 0x0000000089200000| Untracked 
| 127|0x0000000089300000, 0x0000000089300000, 0x0000000089400000|  0%| F|  |TAMS 0x0000000089300000, 0x0000000089300000| Untracked 
| 128|0x0000000089400000, 0x0000000089400000, 0x0000000089500000|  0%| F|  |TAMS 0x0000000089400000, 0x0000000089400000| Untracked 
| 129|0x0000000089500000, 0x0000000089500000, 0x0000000089600000|  0%| F|  |TAMS 0x0000000089500000, 0x0000000089500000| Untracked 
| 130|0x0000000089600000, 0x0000000089600000, 0x0000000089700000|  0%| F|  |TAMS 0x0000000089600000, 0x0000000089600000| Untracked 
| 131|0x0000000089700000, 0x0000000089700000, 0x0000000089800000|  0%| F|  |TAMS 0x0000000089700000, 0x0000000089700000| Untracked 
| 132|0x0000000089800000, 0x0000000089800000, 0x0000000089900000|  0%| F|  |TAMS 0x0000000089800000, 0x0000000089800000| Untracked 
| 133|0x0000000089900000, 0x0000000089900000, 0x0000000089a00000|  0%| F|  |TAMS 0x0000000089900000, 0x0000000089900000| Untracked 
| 134|0x0000000089a00000, 0x0000000089a00000, 0x0000000089b00000|  0%| F|  |TAMS 0x0000000089a00000, 0x0000000089a00000| Untracked 
| 135|0x0000000089b00000, 0x0000000089b00000, 0x0000000089c00000|  0%| F|  |TAMS 0x0000000089b00000, 0x0000000089b00000| Untracked 
| 136|0x0000000089c00000, 0x0000000089c00000, 0x0000000089d00000|  0%| F|  |TAMS 0x0000000089c00000, 0x0000000089c00000| Untracked 
| 137|0x0000000089d00000, 0x0000000089d00000, 0x0000000089e00000|  0%| F|  |TAMS 0x0000000089d00000, 0x0000000089d00000| Untracked 
| 138|0x0000000089e00000, 0x0000000089e00000, 0x0000000089f00000|  0%| F|  |TAMS 0x0000000089e00000, 0x0000000089e00000| Untracked 
| 139|0x0000000089f00000, 0x0000000089f00000, 0x000000008a000000|  0%| F|  |TAMS 0x0000000089f00000, 0x0000000089f00000| Untracked 
| 140|0x000000008a000000, 0x000000008a000000, 0x000000008a100000|  0%| F|  |TAMS 0x000000008a000000, 0x000000008a000000| Untracked 
| 141|0x000000008a100000, 0x000000008a100000, 0x000000008a200000|  0%| F|  |TAMS 0x000000008a100000, 0x000000008a100000| Untracked 
| 142|0x000000008a200000, 0x000000008a200000, 0x000000008a300000|  0%| F|  |TAMS 0x000000008a200000, 0x000000008a200000| Untracked 
| 143|0x000000008a300000, 0x000000008a300000, 0x000000008a400000|  0%| F|  |TAMS 0x000000008a300000, 0x000000008a300000| Untracked 
| 144|0x000000008a400000, 0x000000008a400000, 0x000000008a500000|  0%| F|  |TAMS 0x000000008a400000, 0x000000008a400000| Untracked 
| 145|0x000000008a500000, 0x000000008a500000, 0x000000008a600000|  0%| F|  |TAMS 0x000000008a500000, 0x000000008a500000| Untracked 
| 146|0x000000008a600000, 0x000000008a600000, 0x000000008a700000|  0%| F|  |TAMS 0x000000008a600000, 0x000000008a600000| Untracked 
| 147|0x000000008a700000, 0x000000008a700000, 0x000000008a800000|  0%| F|  |TAMS 0x000000008a700000, 0x000000008a700000| Untracked 
| 148|0x000000008a800000, 0x000000008a800000, 0x000000008a900000|  0%| F|  |TAMS 0x000000008a800000, 0x000000008a800000| Untracked 
| 149|0x000000008a900000, 0x000000008a900000, 0x000000008aa00000|  0%| F|  |TAMS 0x000000008a900000, 0x000000008a900000| Untracked 
| 150|0x000000008aa00000, 0x000000008aa00000, 0x000000008ab00000|  0%| F|  |TAMS 0x000000008aa00000, 0x000000008aa00000| Untracked 
| 151|0x000000008ab00000, 0x000000008ab00000, 0x000000008ac00000|  0%| F|  |TAMS 0x000000008ab00000, 0x000000008ab00000| Untracked 
| 152|0x000000008ac00000, 0x000000008ac00000, 0x000000008ad00000|  0%| F|  |TAMS 0x000000008ac00000, 0x000000008ac00000| Untracked 
| 153|0x000000008ad00000, 0x000000008ad00000, 0x000000008ae00000|  0%| F|  |TAMS 0x000000008ad00000, 0x000000008ad00000| Untracked 
| 154|0x000000008ae00000, 0x000000008aea29d0, 0x000000008af00000| 63%| S|CS|TAMS 0x000000008ae00000, 0x000000008ae00000| Complete 
| 155|0x000000008af00000, 0x000000008b000000, 0x000000008b000000|100%| S|CS|TAMS 0x000000008af00000, 0x000000008af00000| Complete 
| 156|0x000000008b000000, 0x000000008b100000, 0x000000008b100000|100%| S|CS|TAMS 0x000000008b000000, 0x000000008b000000| Complete 
| 157|0x000000008b100000, 0x000000008b200000, 0x000000008b200000|100%| S|CS|TAMS 0x000000008b100000, 0x000000008b100000| Complete 
| 158|0x000000008b200000, 0x000000008b300000, 0x000000008b300000|100%| S|CS|TAMS 0x000000008b200000, 0x000000008b200000| Complete 
| 159|0x000000008b300000, 0x000000008b300000, 0x000000008b400000|  0%| F|  |TAMS 0x000000008b300000, 0x000000008b300000| Untracked 
| 160|0x000000008b400000, 0x000000008b400000, 0x000000008b500000|  0%| F|  |TAMS 0x000000008b400000, 0x000000008b400000| Untracked 
| 161|0x000000008b500000, 0x000000008b500000, 0x000000008b600000|  0%| F|  |TAMS 0x000000008b500000, 0x000000008b500000| Untracked 
| 162|0x000000008b600000, 0x000000008b600000, 0x000000008b700000|  0%| F|  |TAMS 0x000000008b600000, 0x000000008b600000| Untracked 
| 163|0x000000008b700000, 0x000000008b800000, 0x000000008b800000|100%| S|CS|TAMS 0x000000008b700000, 0x000000008b700000| Complete 
| 164|0x000000008b800000, 0x000000008b800000, 0x000000008b900000|  0%| F|  |TAMS 0x000000008b800000, 0x000000008b800000| Untracked 
| 165|0x000000008b900000, 0x000000008ba00000, 0x000000008ba00000|100%| S|CS|TAMS 0x000000008b900000, 0x000000008b900000| Complete 
| 166|0x000000008ba00000, 0x000000008bb00000, 0x000000008bb00000|100%| S|CS|TAMS 0x000000008ba00000, 0x000000008ba00000| Complete 
| 167|0x000000008bb00000, 0x000000008bc00000, 0x000000008bc00000|100%| S|CS|TAMS 0x000000008bb00000, 0x000000008bb00000| Complete 
| 168|0x000000008bc00000, 0x000000008bd00000, 0x000000008bd00000|100%| S|CS|TAMS 0x000000008bc00000, 0x000000008bc00000| Complete 
| 169|0x000000008bd00000, 0x000000008bd00000, 0x000000008be00000|  0%| F|  |TAMS 0x000000008bd00000, 0x000000008bd00000| Untracked 
| 170|0x000000008be00000, 0x000000008be00000, 0x000000008bf00000|  0%| F|  |TAMS 0x000000008be00000, 0x000000008be00000| Untracked 
| 171|0x000000008bf00000, 0x000000008bf00000, 0x000000008c000000|  0%| F|  |TAMS 0x000000008bf00000, 0x000000008bf00000| Untracked 
| 172|0x000000008c000000, 0x000000008c100000, 0x000000008c100000|100%| S|CS|TAMS 0x000000008c000000, 0x000000008c000000| Complete 
| 173|0x000000008c100000, 0x000000008c200000, 0x000000008c200000|100%| S|CS|TAMS 0x000000008c100000, 0x000000008c100000| Complete 
| 174|0x000000008c200000, 0x000000008c300000, 0x000000008c300000|100%| S|CS|TAMS 0x000000008c200000, 0x000000008c200000| Complete 
| 175|0x000000008c300000, 0x000000008c400000, 0x000000008c400000|100%| S|CS|TAMS 0x000000008c300000, 0x000000008c300000| Complete 
| 176|0x000000008c400000, 0x000000008c500000, 0x000000008c500000|100%| S|CS|TAMS 0x000000008c400000, 0x000000008c400000| Complete 
| 177|0x000000008c500000, 0x000000008c500000, 0x000000008c600000|  0%| F|  |TAMS 0x000000008c500000, 0x000000008c500000| Untracked 
| 178|0x000000008c600000, 0x000000008c600000, 0x000000008c700000|  0%| F|  |TAMS 0x000000008c600000, 0x000000008c600000| Untracked 
| 179|0x000000008c700000, 0x000000008c700000, 0x000000008c800000|  0%| F|  |TAMS 0x000000008c700000, 0x000000008c700000| Untracked 
| 180|0x000000008c800000, 0x000000008c800000, 0x000000008c900000|  0%| F|  |TAMS 0x000000008c800000, 0x000000008c800000| Untracked 
| 181|0x000000008c900000, 0x000000008c900000, 0x000000008ca00000|  0%| F|  |TAMS 0x000000008c900000, 0x000000008c900000| Untracked 
| 182|0x000000008ca00000, 0x000000008ca00000, 0x000000008cb00000|  0%| F|  |TAMS 0x000000008ca00000, 0x000000008ca00000| Untracked 
| 183|0x000000008cb00000, 0x000000008cb00000, 0x000000008cc00000|  0%| F|  |TAMS 0x000000008cb00000, 0x000000008cb00000| Untracked 
| 184|0x000000008cc00000, 0x000000008cc00000, 0x000000008cd00000|  0%| F|  |TAMS 0x000000008cc00000, 0x000000008cc00000| Untracked 
| 185|0x000000008cd00000, 0x000000008cd00000, 0x000000008ce00000|  0%| F|  |TAMS 0x000000008cd00000, 0x000000008cd00000| Untracked 
| 186|0x000000008ce00000, 0x000000008ce00000, 0x000000008cf00000|  0%| F|  |TAMS 0x000000008ce00000, 0x000000008ce00000| Untracked 
| 187|0x000000008cf00000, 0x000000008cf00000, 0x000000008d000000|  0%| F|  |TAMS 0x000000008cf00000, 0x000000008cf00000| Untracked 
| 188|0x000000008d000000, 0x000000008d000000, 0x000000008d100000|  0%| F|  |TAMS 0x000000008d000000, 0x000000008d000000| Untracked 
| 189|0x000000008d100000, 0x000000008d100000, 0x000000008d200000|  0%| F|  |TAMS 0x000000008d100000, 0x000000008d100000| Untracked 
| 190|0x000000008d200000, 0x000000008d200000, 0x000000008d300000|  0%| F|  |TAMS 0x000000008d200000, 0x000000008d200000| Untracked 
| 191|0x000000008d300000, 0x000000008d300000, 0x000000008d400000|  0%| F|  |TAMS 0x000000008d300000, 0x000000008d300000| Untracked 
| 192|0x000000008d400000, 0x000000008d400000, 0x000000008d500000|  0%| F|  |TAMS 0x000000008d400000, 0x000000008d400000| Untracked 
| 193|0x000000008d500000, 0x000000008d500000, 0x000000008d600000|  0%| F|  |TAMS 0x000000008d500000, 0x000000008d500000| Untracked 
| 194|0x000000008d600000, 0x000000008d600000, 0x000000008d700000|  0%| F|  |TAMS 0x000000008d600000, 0x000000008d600000| Untracked 
| 195|0x000000008d700000, 0x000000008d700000, 0x000000008d800000|  0%| F|  |TAMS 0x000000008d700000, 0x000000008d700000| Untracked 
| 196|0x000000008d800000, 0x000000008d800000, 0x000000008d900000|  0%| F|  |TAMS 0x000000008d800000, 0x000000008d800000| Untracked 
| 197|0x000000008d900000, 0x000000008d900000, 0x000000008da00000|  0%| F|  |TAMS 0x000000008d900000, 0x000000008d900000| Untracked 
| 198|0x000000008da00000, 0x000000008da00000, 0x000000008db00000|  0%| F|  |TAMS 0x000000008da00000, 0x000000008da00000| Untracked 
| 199|0x000000008db00000, 0x000000008db00000, 0x000000008dc00000|  0%| F|  |TAMS 0x000000008db00000, 0x000000008db00000| Untracked 
| 200|0x000000008dc00000, 0x000000008dc00000, 0x000000008dd00000|  0%| F|  |TAMS 0x000000008dc00000, 0x000000008dc00000| Untracked 
| 201|0x000000008dd00000, 0x000000008dd00000, 0x000000008de00000|  0%| F|  |TAMS 0x000000008dd00000, 0x000000008dd00000| Untracked 
| 202|0x000000008de00000, 0x000000008de00000, 0x000000008df00000|  0%| F|  |TAMS 0x000000008de00000, 0x000000008de00000| Untracked 
| 203|0x000000008df00000, 0x000000008df00000, 0x000000008e000000|  0%| F|  |TAMS 0x000000008df00000, 0x000000008df00000| Untracked 
| 204|0x000000008e000000, 0x000000008e000000, 0x000000008e100000|  0%| F|  |TAMS 0x000000008e000000, 0x000000008e000000| Untracked 
| 205|0x000000008e100000, 0x000000008e100000, 0x000000008e200000|  0%| F|  |TAMS 0x000000008e100000, 0x000000008e100000| Untracked 
| 206|0x000000008e200000, 0x000000008e200000, 0x000000008e300000|  0%| F|  |TAMS 0x000000008e200000, 0x000000008e200000| Untracked 
| 207|0x000000008e300000, 0x000000008e300000, 0x000000008e400000|  0%| F|  |TAMS 0x000000008e300000, 0x000000008e300000| Untracked 
| 208|0x000000008e400000, 0x000000008e400000, 0x000000008e500000|  0%| F|  |TAMS 0x000000008e400000, 0x000000008e400000| Untracked 
| 209|0x000000008e500000, 0x000000008e500000, 0x000000008e600000|  0%| F|  |TAMS 0x000000008e500000, 0x000000008e500000| Untracked 
| 210|0x000000008e600000, 0x000000008e600000, 0x000000008e700000|  0%| F|  |TAMS 0x000000008e600000, 0x000000008e600000| Untracked 
| 211|0x000000008e700000, 0x000000008e700000, 0x000000008e800000|  0%| F|  |TAMS 0x000000008e700000, 0x000000008e700000| Untracked 
| 212|0x000000008e800000, 0x000000008e800000, 0x000000008e900000|  0%| F|  |TAMS 0x000000008e800000, 0x000000008e800000| Untracked 
| 213|0x000000008e900000, 0x000000008e900000, 0x000000008ea00000|  0%| F|  |TAMS 0x000000008e900000, 0x000000008e900000| Untracked 
| 214|0x000000008ea00000, 0x000000008ea00000, 0x000000008eb00000|  0%| F|  |TAMS 0x000000008ea00000, 0x000000008ea00000| Untracked 
| 215|0x000000008eb00000, 0x000000008eb00000, 0x000000008ec00000|  0%| F|  |TAMS 0x000000008eb00000, 0x000000008eb00000| Untracked 
| 216|0x000000008ec00000, 0x000000008ec00000, 0x000000008ed00000|  0%| F|  |TAMS 0x000000008ec00000, 0x000000008ec00000| Untracked 
| 217|0x000000008ed00000, 0x000000008ed00000, 0x000000008ee00000|  0%| F|  |TAMS 0x000000008ed00000, 0x000000008ed00000| Untracked 
| 218|0x000000008ee00000, 0x000000008ee00000, 0x000000008ef00000|  0%| F|  |TAMS 0x000000008ee00000, 0x000000008ee00000| Untracked 
| 219|0x000000008ef00000, 0x000000008ef00000, 0x000000008f000000|  0%| F|  |TAMS 0x000000008ef00000, 0x000000008ef00000| Untracked 
| 220|0x000000008f000000, 0x000000008f000000, 0x000000008f100000|  0%| F|  |TAMS 0x000000008f000000, 0x000000008f000000| Untracked 
| 221|0x000000008f100000, 0x000000008f100000, 0x000000008f200000|  0%| F|  |TAMS 0x000000008f100000, 0x000000008f100000| Untracked 
| 222|0x000000008f200000, 0x000000008f200000, 0x000000008f300000|  0%| F|  |TAMS 0x000000008f200000, 0x000000008f200000| Untracked 
| 223|0x000000008f300000, 0x000000008f300000, 0x000000008f400000|  0%| F|  |TAMS 0x000000008f300000, 0x000000008f300000| Untracked 
| 224|0x000000008f400000, 0x000000008f400000, 0x000000008f500000|  0%| F|  |TAMS 0x000000008f400000, 0x000000008f400000| Untracked 
| 225|0x000000008f500000, 0x000000008f500000, 0x000000008f600000|  0%| F|  |TAMS 0x000000008f500000, 0x000000008f500000| Untracked 
| 226|0x000000008f600000, 0x000000008f600000, 0x000000008f700000|  0%| F|  |TAMS 0x000000008f600000, 0x000000008f600000| Untracked 
| 227|0x000000008f700000, 0x000000008f700000, 0x000000008f800000|  0%| F|  |TAMS 0x000000008f700000, 0x000000008f700000| Untracked 
| 228|0x000000008f800000, 0x000000008f800000, 0x000000008f900000|  0%| F|  |TAMS 0x000000008f800000, 0x000000008f800000| Untracked 
| 229|0x000000008f900000, 0x000000008f900000, 0x000000008fa00000|  0%| F|  |TAMS 0x000000008f900000, 0x000000008f900000| Untracked 
| 230|0x000000008fa00000, 0x000000008fa00000, 0x000000008fb00000|  0%| F|  |TAMS 0x000000008fa00000, 0x000000008fa00000| Untracked 
| 231|0x000000008fb00000, 0x000000008fb00000, 0x000000008fc00000|  0%| F|  |TAMS 0x000000008fb00000, 0x000000008fb00000| Untracked 
| 232|0x000000008fc00000, 0x000000008fc00000, 0x000000008fd00000|  0%| F|  |TAMS 0x000000008fc00000, 0x000000008fc00000| Untracked 
| 233|0x000000008fd00000, 0x000000008fd00000, 0x000000008fe00000|  0%| F|  |TAMS 0x000000008fd00000, 0x000000008fd00000| Untracked 
| 234|0x000000008fe00000, 0x000000008fe00000, 0x000000008ff00000|  0%| F|  |TAMS 0x000000008fe00000, 0x000000008fe00000| Untracked 
| 235|0x000000008ff00000, 0x000000008ff00000, 0x0000000090000000|  0%| F|  |TAMS 0x000000008ff00000, 0x000000008ff00000| Untracked 
| 236|0x0000000090000000, 0x0000000090000000, 0x0000000090100000|  0%| F|  |TAMS 0x0000000090000000, 0x0000000090000000| Untracked 
| 237|0x0000000090100000, 0x0000000090100000, 0x0000000090200000|  0%| F|  |TAMS 0x0000000090100000, 0x0000000090100000| Untracked 
| 238|0x0000000090200000, 0x0000000090200000, 0x0000000090300000|  0%| F|  |TAMS 0x0000000090200000, 0x0000000090200000| Untracked 
| 239|0x0000000090300000, 0x0000000090300000, 0x0000000090400000|  0%| F|  |TAMS 0x0000000090300000, 0x0000000090300000| Untracked 
| 240|0x0000000090400000, 0x0000000090400000, 0x0000000090500000|  0%| F|  |TAMS 0x0000000090400000, 0x0000000090400000| Untracked 
| 241|0x0000000090500000, 0x0000000090500000, 0x0000000090600000|  0%| F|  |TAMS 0x0000000090500000, 0x0000000090500000| Untracked 
| 242|0x0000000090600000, 0x0000000090600000, 0x0000000090700000|  0%| F|  |TAMS 0x0000000090600000, 0x0000000090600000| Untracked 
| 243|0x0000000090700000, 0x0000000090700000, 0x0000000090800000|  0%| F|  |TAMS 0x0000000090700000, 0x0000000090700000| Untracked 
| 244|0x0000000090800000, 0x0000000090800000, 0x0000000090900000|  0%| F|  |TAMS 0x0000000090800000, 0x0000000090800000| Untracked 
| 245|0x0000000090900000, 0x0000000090900000, 0x0000000090a00000|  0%| F|  |TAMS 0x0000000090900000, 0x0000000090900000| Untracked 
| 246|0x0000000090a00000, 0x0000000090a00000, 0x0000000090b00000|  0%| F|  |TAMS 0x0000000090a00000, 0x0000000090a00000| Untracked 
| 247|0x0000000090b00000, 0x0000000090b00000, 0x0000000090c00000|  0%| F|  |TAMS 0x0000000090b00000, 0x0000000090b00000| Untracked 
| 248|0x0000000090c00000, 0x0000000090c00000, 0x0000000090d00000|  0%| F|  |TAMS 0x0000000090c00000, 0x0000000090c00000| Untracked 
| 249|0x0000000090d00000, 0x0000000090d00000, 0x0000000090e00000|  0%| F|  |TAMS 0x0000000090d00000, 0x0000000090d00000| Untracked 
| 250|0x0000000090e00000, 0x0000000090e00000, 0x0000000090f00000|  0%| F|  |TAMS 0x0000000090e00000, 0x0000000090e00000| Untracked 
| 251|0x0000000090f00000, 0x0000000090f00000, 0x0000000091000000|  0%| F|  |TAMS 0x0000000090f00000, 0x0000000090f00000| Untracked 
| 252|0x0000000091000000, 0x0000000091000000, 0x0000000091100000|  0%| F|  |TAMS 0x0000000091000000, 0x0000000091000000| Untracked 
| 253|0x0000000091100000, 0x0000000091100000, 0x0000000091200000|  0%| F|  |TAMS 0x0000000091100000, 0x0000000091100000| Untracked 
| 254|0x0000000091200000, 0x0000000091200000, 0x0000000091300000|  0%| F|  |TAMS 0x0000000091200000, 0x0000000091200000| Untracked 
| 255|0x0000000091300000, 0x0000000091300000, 0x0000000091400000|  0%| F|  |TAMS 0x0000000091300000, 0x0000000091300000| Untracked 
| 256|0x0000000091400000, 0x0000000091400000, 0x0000000091500000|  0%| F|  |TAMS 0x0000000091400000, 0x0000000091400000| Untracked 
| 257|0x0000000091500000, 0x0000000091500000, 0x0000000091600000|  0%| F|  |TAMS 0x0000000091500000, 0x0000000091500000| Untracked 
| 258|0x0000000091600000, 0x0000000091600000, 0x0000000091700000|  0%| F|  |TAMS 0x0000000091600000, 0x0000000091600000| Untracked 
| 259|0x0000000091700000, 0x0000000091700000, 0x0000000091800000|  0%| F|  |TAMS 0x0000000091700000, 0x0000000091700000| Untracked 
| 260|0x0000000091800000, 0x0000000091800000, 0x0000000091900000|  0%| F|  |TAMS 0x0000000091800000, 0x0000000091800000| Untracked 
| 261|0x0000000091900000, 0x0000000091900000, 0x0000000091a00000|  0%| F|  |TAMS 0x0000000091900000, 0x0000000091900000| Untracked 
| 262|0x0000000091a00000, 0x0000000091a00000, 0x0000000091b00000|  0%| F|  |TAMS 0x0000000091a00000, 0x0000000091a00000| Untracked 
| 263|0x0000000091b00000, 0x0000000091b00000, 0x0000000091c00000|  0%| F|  |TAMS 0x0000000091b00000, 0x0000000091b00000| Untracked 
| 264|0x0000000091c00000, 0x0000000091c00000, 0x0000000091d00000|  0%| F|  |TAMS 0x0000000091c00000, 0x0000000091c00000| Untracked 
| 265|0x0000000091d00000, 0x0000000091d00000, 0x0000000091e00000|  0%| F|  |TAMS 0x0000000091d00000, 0x0000000091d00000| Untracked 
| 266|0x0000000091e00000, 0x0000000091e00000, 0x0000000091f00000|  0%| F|  |TAMS 0x0000000091e00000, 0x0000000091e00000| Untracked 
| 267|0x0000000091f00000, 0x0000000091f00000, 0x0000000092000000|  0%| F|  |TAMS 0x0000000091f00000, 0x0000000091f00000| Untracked 
| 268|0x0000000092000000, 0x0000000092000000, 0x0000000092100000|  0%| F|  |TAMS 0x0000000092000000, 0x0000000092000000| Untracked 
| 269|0x0000000092100000, 0x0000000092100000, 0x0000000092200000|  0%| F|  |TAMS 0x0000000092100000, 0x0000000092100000| Untracked 
| 270|0x0000000092200000, 0x0000000092200000, 0x0000000092300000|  0%| F|  |TAMS 0x0000000092200000, 0x0000000092200000| Untracked 
| 271|0x0000000092300000, 0x0000000092300000, 0x0000000092400000|  0%| F|  |TAMS 0x0000000092300000, 0x0000000092300000| Untracked 
| 272|0x0000000092400000, 0x0000000092400000, 0x0000000092500000|  0%| F|  |TAMS 0x0000000092400000, 0x0000000092400000| Untracked 
| 273|0x0000000092500000, 0x0000000092500000, 0x0000000092600000|  0%| F|  |TAMS 0x0000000092500000, 0x0000000092500000| Untracked 
| 274|0x0000000092600000, 0x0000000092600000, 0x0000000092700000|  0%| F|  |TAMS 0x0000000092600000, 0x0000000092600000| Untracked 
| 275|0x0000000092700000, 0x0000000092700000, 0x0000000092800000|  0%| F|  |TAMS 0x0000000092700000, 0x0000000092700000| Untracked 
| 276|0x0000000092800000, 0x0000000092800000, 0x0000000092900000|  0%| F|  |TAMS 0x0000000092800000, 0x0000000092800000| Untracked 
| 277|0x0000000092900000, 0x0000000092900000, 0x0000000092a00000|  0%| F|  |TAMS 0x0000000092900000, 0x0000000092900000| Untracked 
| 278|0x0000000092a00000, 0x0000000092a00000, 0x0000000092b00000|  0%| F|  |TAMS 0x0000000092a00000, 0x0000000092a00000| Untracked 
| 279|0x0000000092b00000, 0x0000000092b00000, 0x0000000092c00000|  0%| F|  |TAMS 0x0000000092b00000, 0x0000000092b00000| Untracked 
| 280|0x0000000092c00000, 0x0000000092c00000, 0x0000000092d00000|  0%| F|  |TAMS 0x0000000092c00000, 0x0000000092c00000| Untracked 
| 281|0x0000000092d00000, 0x0000000092d00000, 0x0000000092e00000|  0%| F|  |TAMS 0x0000000092d00000, 0x0000000092d00000| Untracked 
| 282|0x0000000092e00000, 0x0000000092e00000, 0x0000000092f00000|  0%| F|  |TAMS 0x0000000092e00000, 0x0000000092e00000| Untracked 
| 283|0x0000000092f00000, 0x0000000092f00000, 0x0000000093000000|  0%| F|  |TAMS 0x0000000092f00000, 0x0000000092f00000| Untracked 
| 284|0x0000000093000000, 0x0000000093000000, 0x0000000093100000|  0%| F|  |TAMS 0x0000000093000000, 0x0000000093000000| Untracked 
| 285|0x0000000093100000, 0x0000000093100000, 0x0000000093200000|  0%| F|  |TAMS 0x0000000093100000, 0x0000000093100000| Untracked 
| 286|0x0000000093200000, 0x0000000093200000, 0x0000000093300000|  0%| F|  |TAMS 0x0000000093200000, 0x0000000093200000| Untracked 
| 287|0x0000000093300000, 0x0000000093300000, 0x0000000093400000|  0%| F|  |TAMS 0x0000000093300000, 0x0000000093300000| Untracked 
| 288|0x0000000093400000, 0x0000000093400000, 0x0000000093500000|  0%| F|  |TAMS 0x0000000093400000, 0x0000000093400000| Untracked 
| 289|0x0000000093500000, 0x0000000093500000, 0x0000000093600000|  0%| F|  |TAMS 0x0000000093500000, 0x0000000093500000| Untracked 
| 290|0x0000000093600000, 0x0000000093600000, 0x0000000093700000|  0%| F|  |TAMS 0x0000000093600000, 0x0000000093600000| Untracked 
| 291|0x0000000093700000, 0x0000000093700000, 0x0000000093800000|  0%| F|  |TAMS 0x0000000093700000, 0x0000000093700000| Untracked 
| 292|0x0000000093800000, 0x0000000093800000, 0x0000000093900000|  0%| F|  |TAMS 0x0000000093800000, 0x0000000093800000| Untracked 
| 293|0x0000000093900000, 0x0000000093900000, 0x0000000093a00000|  0%| F|  |TAMS 0x0000000093900000, 0x0000000093900000| Untracked 
| 294|0x0000000093a00000, 0x0000000093a00000, 0x0000000093b00000|  0%| F|  |TAMS 0x0000000093a00000, 0x0000000093a00000| Untracked 
| 295|0x0000000093b00000, 0x0000000093b00000, 0x0000000093c00000|  0%| F|  |TAMS 0x0000000093b00000, 0x0000000093b00000| Untracked 
| 296|0x0000000093c00000, 0x0000000093c00000, 0x0000000093d00000|  0%| F|  |TAMS 0x0000000093c00000, 0x0000000093c00000| Untracked 
| 297|0x0000000093d00000, 0x0000000093d00000, 0x0000000093e00000|  0%| F|  |TAMS 0x0000000093d00000, 0x0000000093d00000| Untracked 
| 298|0x0000000093e00000, 0x0000000093e00000, 0x0000000093f00000|  0%| F|  |TAMS 0x0000000093e00000, 0x0000000093e00000| Untracked 
| 299|0x0000000093f00000, 0x0000000093f00000, 0x0000000094000000|  0%| F|  |TAMS 0x0000000093f00000, 0x0000000093f00000| Untracked 
| 300|0x0000000094000000, 0x0000000094000000, 0x0000000094100000|  0%| F|  |TAMS 0x0000000094000000, 0x0000000094000000| Untracked 
| 301|0x0000000094100000, 0x0000000094100000, 0x0000000094200000|  0%| F|  |TAMS 0x0000000094100000, 0x0000000094100000| Untracked 
| 302|0x0000000094200000, 0x0000000094200000, 0x0000000094300000|  0%| F|  |TAMS 0x0000000094200000, 0x0000000094200000| Untracked 
| 303|0x0000000094300000, 0x0000000094300000, 0x0000000094400000|  0%| F|  |TAMS 0x0000000094300000, 0x0000000094300000| Untracked 
| 304|0x0000000094400000, 0x0000000094400000, 0x0000000094500000|  0%| F|  |TAMS 0x0000000094400000, 0x0000000094400000| Untracked 
| 305|0x0000000094500000, 0x0000000094500000, 0x0000000094600000|  0%| F|  |TAMS 0x0000000094500000, 0x0000000094500000| Untracked 
| 306|0x0000000094600000, 0x0000000094600000, 0x0000000094700000|  0%| F|  |TAMS 0x0000000094600000, 0x0000000094600000| Untracked 
| 307|0x0000000094700000, 0x0000000094700000, 0x0000000094800000|  0%| F|  |TAMS 0x0000000094700000, 0x0000000094700000| Untracked 
| 308|0x0000000094800000, 0x0000000094800000, 0x0000000094900000|  0%| F|  |TAMS 0x0000000094800000, 0x0000000094800000| Untracked 
| 309|0x0000000094900000, 0x0000000094900000, 0x0000000094a00000|  0%| F|  |TAMS 0x0000000094900000, 0x0000000094900000| Untracked 
| 310|0x0000000094a00000, 0x0000000094a00000, 0x0000000094b00000|  0%| F|  |TAMS 0x0000000094a00000, 0x0000000094a00000| Untracked 
| 311|0x0000000094b00000, 0x0000000094b00000, 0x0000000094c00000|  0%| F|  |TAMS 0x0000000094b00000, 0x0000000094b00000| Untracked 
| 312|0x0000000094c00000, 0x0000000094c00000, 0x0000000094d00000|  0%| F|  |TAMS 0x0000000094c00000, 0x0000000094c00000| Untracked 
| 313|0x0000000094d00000, 0x0000000094d00000, 0x0000000094e00000|  0%| F|  |TAMS 0x0000000094d00000, 0x0000000094d00000| Untracked 
| 314|0x0000000094e00000, 0x0000000094e00000, 0x0000000094f00000|  0%| F|  |TAMS 0x0000000094e00000, 0x0000000094e00000| Untracked 
| 315|0x0000000094f00000, 0x0000000094f00000, 0x0000000095000000|  0%| F|  |TAMS 0x0000000094f00000, 0x0000000094f00000| Untracked 
| 316|0x0000000095000000, 0x0000000095000000, 0x0000000095100000|  0%| F|  |TAMS 0x0000000095000000, 0x0000000095000000| Untracked 
| 317|0x0000000095100000, 0x0000000095100000, 0x0000000095200000|  0%| F|  |TAMS 0x0000000095100000, 0x0000000095100000| Untracked 
| 318|0x0000000095200000, 0x0000000095200000, 0x0000000095300000|  0%| F|  |TAMS 0x0000000095200000, 0x0000000095200000| Untracked 
| 319|0x0000000095300000, 0x0000000095300000, 0x0000000095400000|  0%| F|  |TAMS 0x0000000095300000, 0x0000000095300000| Untracked 
| 320|0x0000000095400000, 0x0000000095400000, 0x0000000095500000|  0%| F|  |TAMS 0x0000000095400000, 0x0000000095400000| Untracked 
| 321|0x0000000095500000, 0x0000000095500000, 0x0000000095600000|  0%| F|  |TAMS 0x0000000095500000, 0x0000000095500000| Untracked 
| 322|0x0000000095600000, 0x0000000095600000, 0x0000000095700000|  0%| F|  |TAMS 0x0000000095600000, 0x0000000095600000| Untracked 
| 323|0x0000000095700000, 0x0000000095700000, 0x0000000095800000|  0%| F|  |TAMS 0x0000000095700000, 0x0000000095700000| Untracked 
| 324|0x0000000095800000, 0x0000000095800000, 0x0000000095900000|  0%| F|  |TAMS 0x0000000095800000, 0x0000000095800000| Untracked 

Card table byte_map: [0x00000206b3f80000,0x00000206b4380000] _byte_map_base: 0x00000206b3b76000

Marking Bits (Prev, Next): (CMBitMap*) 0x00000206ade47fc0, (CMBitMap*) 0x00000206ade48000
 Prev Bits: [0x00000206b4780000, 0x00000206b6730000)
 Next Bits: [0x00000206b6730000, 0x00000206b86e0000)

Polling page: 0x00000206abdd0000

Metaspace:

Usage:
  Non-class:     39.14 MB used.
      Class:      5.81 MB used.
       Both:     44.95 MB used.

Virtual space:
  Non-class space:       40.00 MB reserved,      39.38 MB ( 98%) committed,  5 nodes.
      Class space:        1.00 GB reserved,       6.00 MB ( <1%) committed,  1 nodes.
             Both:        1.04 GB reserved,      45.38 MB (  4%) committed. 

Chunk freelists:
   Non-Class:  224.00 KB
       Class:  2.03 MB
        Both:  2.25 MB

MaxMetaspaceSize: unlimited
CompressedClassSpaceSize: 1.00 GB
Initial GC threshold: 21.00 MB
Current GC threshold: 60.25 MB
CDS: off
MetaspaceReclaimPolicy: balanced
 - commit_granule_bytes: 65536.
 - commit_granule_words: 8192.
 - virtual_space_node_default_size: 1048576.
 - enlarge_chunks_in_place: 1.
 - new_chunks_are_fully_committed: 0.
 - uncommit_free_chunks: 1.
 - use_allocation_guard: 0.
 - handle_deallocations: 1.


Internal statistics:

num_allocs_failed_limit: 3.
num_arena_births: 420.
num_arena_deaths: 0.
num_vsnodes_births: 6.
num_vsnodes_deaths: 0.
num_space_committed: 726.
num_space_uncommitted: 0.
num_chunks_returned_to_freelist: 3.
num_chunks_taken_from_freelist: 1771.
num_chunk_merges: 3.
num_chunk_splits: 1203.
num_chunks_enlarged: 910.
num_purges: 0.
num_inconsistent_stats: 0.

CodeCache: size=49152Kb used=9336Kb max_used=9336Kb free=39815Kb
 bounds [0x00000206b0a70000, 0x00000206b13a0000, 0x00000206b3a70000]
 total_blobs=5103 nmethods=4534 adapters=494
 compilation: enabled
              stopped_count=0, restarted_count=0
 full_count=0

Compilation events (20 events):
Event: 30.250 Thread 0x00000206bb1edf10 4530       1       java.io.DataInputStream::readChar (40 bytes)
Event: 30.250 Thread 0x00000206bb1edf10 nmethod 4530 0x00000206b0b99790 code [0x00000206b0b99940, 0x00000206b0b99b08]
Event: 30.256 Thread 0x00000206bb1edf10 4531   !   1       jdk.internal.misc.ScopedMemoryAccess::getCharUnaligned (22 bytes)
Event: 30.256 Thread 0x00000206bd2dbe80 4532   !   1       jdk.internal.misc.ScopedMemoryAccess::getCharUnalignedInternal (38 bytes)
Event: 30.257 Thread 0x00000206bd2dbe80 nmethod 4532 0x00000206b0b99390 code [0x00000206b0b99520, 0x00000206b0b996a8]
Event: 30.257 Thread 0x00000206bb1edf10 nmethod 4531 0x00000206b0b98e10 code [0x00000206b0b98fc0, 0x00000206b0b99218]
Event: 30.257 Thread 0x00000206bd2dbe80 4537       1       java.nio.HeapByteBuffer::getChar (29 bytes)
Event: 30.257 Thread 0x00000206bb1edf10 4533       1       jdk.internal.misc.Unsafe::getCharUnaligned (12 bytes)
Event: 30.257 Thread 0x00000206bb1edf10 nmethod 4533 0x00000206b0b98b10 code [0x00000206b0b98ca0, 0x00000206b0b98d98]
Event: 30.257 Thread 0x00000206bb1edf10 4534       1       jdk.internal.misc.Unsafe::getCharUnaligned (34 bytes)
Event: 30.258 Thread 0x00000206bb1edf10 nmethod 4534 0x00000206b0b98790 code [0x00000206b0b98920, 0x00000206b0b98a78]
Event: 30.258 Thread 0x00000206bb1edf10 4535       1       jdk.internal.misc.Unsafe::convEndian (16 bytes)
Event: 30.258 Thread 0x00000206bb1edf10 nmethod 4535 0x00000206b0b98490 code [0x00000206b0b98620, 0x00000206b0b986f8]
Event: 30.258 Thread 0x00000206bd2dbe80 nmethod 4537 0x00000206b0b97d10 code [0x00000206b0b97ee0, 0x00000206b0b98258]
Event: 30.258 Thread 0x00000206bb1edf10 4536       1       java.lang.Character::reverseBytes (15 bytes)
Event: 30.258 Thread 0x00000206bb1edf10 nmethod 4536 0x00000206b0b97a10 code [0x00000206b0b97ba0, 0x00000206b0b97c58]
Event: 30.277 Thread 0x00000206bb1edf10 4538       1       sun.security.ssl.CipherSuite$KeyExchange::isAvailable (46 bytes)
Event: 30.277 Thread 0x00000206bd2dbe80 4539       1       java.util.LinkedList::size (5 bytes)
Event: 30.277 Thread 0x00000206bb1edf10 nmethod 4538 0x00000206b0b97610 code [0x00000206b0b977c0, 0x00000206b0b97948]
Event: 30.277 Thread 0x00000206bd2dbe80 nmethod 4539 0x00000206b0b97310 code [0x00000206b0b974a0, 0x00000206b0b97578]

GC Heap History (20 events):
Event: 26.756 GC heap after
{Heap after GC invocations=24 (full 0):
 garbage-first heap   total 163840K, used 71680K [0x0000000081400000, 0x0000000100000000)
  region size 1024K, 8 young (8192K), 8 survivors (8192K)
 Metaspace       used 39062K, committed 39424K, reserved 1089536K
  class space    used 4927K, committed 5120K, reserved 1048576K
}
Event: 26.847 GC heap before
{Heap before GC invocations=24 (full 0):
 garbage-first heap   total 163840K, used 114688K [0x0000000081400000, 0x0000000100000000)
  region size 1024K, 51 young (52224K), 8 survivors (8192K)
 Metaspace       used 39156K, committed 39488K, reserved 1089536K
  class space    used 4939K, committed 5120K, reserved 1048576K
}
Event: 26.854 GC heap after
{Heap after GC invocations=25 (full 0):
 garbage-first heap   total 163840K, used 76813K [0x0000000081400000, 0x0000000100000000)
  region size 1024K, 4 young (4096K), 4 survivors (4096K)
 Metaspace       used 39156K, committed 39488K, reserved 1089536K
  class space    used 4939K, committed 5120K, reserved 1048576K
}
Event: 26.925 GC heap before
{Heap before GC invocations=25 (full 0):
 garbage-first heap   total 163840K, used 120845K [0x0000000081400000, 0x0000000100000000)
  region size 1024K, 48 young (49152K), 4 survivors (4096K)
 Metaspace       used 39156K, committed 39488K, reserved 1089536K
  class space    used 4939K, committed 5120K, reserved 1048576K
}
Event: 26.929 GC heap after
{Heap after GC invocations=26 (full 0):
 garbage-first heap   total 163840K, used 78607K [0x0000000081400000, 0x0000000100000000)
  region size 1024K, 6 young (6144K), 6 survivors (6144K)
 Metaspace       used 39156K, committed 39488K, reserved 1089536K
  class space    used 4939K, committed 5120K, reserved 1048576K
}
Event: 26.991 GC heap before
{Heap before GC invocations=26 (full 0):
 garbage-first heap   total 163840K, used 124687K [0x0000000081400000, 0x0000000100000000)
  region size 1024K, 52 young (53248K), 6 survivors (6144K)
 Metaspace       used 39156K, committed 39488K, reserved 1089536K
  class space    used 4939K, committed 5120K, reserved 1048576K
}
Event: 26.998 GC heap after
{Heap after GC invocations=27 (full 0):
 garbage-first heap   total 332800K, used 81343K [0x0000000081400000, 0x0000000100000000)
  region size 1024K, 5 young (5120K), 5 survivors (5120K)
 Metaspace       used 39156K, committed 39488K, reserved 1089536K
  class space    used 4939K, committed 5120K, reserved 1048576K
}
Event: 27.541 GC heap before
{Heap before GC invocations=27 (full 0):
 garbage-first heap   total 332800K, used 250303K [0x0000000081400000, 0x0000000100000000)
  region size 1024K, 171 young (175104K), 5 survivors (5120K)
 Metaspace       used 39458K, committed 39744K, reserved 1089536K
  class space    used 4987K, committed 5120K, reserved 1048576K
}
Event: 27.551 GC heap after
{Heap after GC invocations=28 (full 0):
 garbage-first heap   total 332800K, used 89108K [0x0000000081400000, 0x0000000100000000)
  region size 1024K, 13 young (13312K), 13 survivors (13312K)
 Metaspace       used 39458K, committed 39744K, reserved 1089536K
  class space    used 4987K, committed 5120K, reserved 1048576K
}
Event: 28.436 GC heap before
{Heap before GC invocations=28 (full 0):
 garbage-first heap   total 332800K, used 253972K [0x0000000081400000, 0x0000000100000000)
  region size 1024K, 175 young (179200K), 13 survivors (13312K)
 Metaspace       used 39944K, committed 40320K, reserved 1089536K
  class space    used 5064K, committed 5248K, reserved 1048576K
}
Event: 28.446 GC heap after
{Heap after GC invocations=29 (full 0):
 garbage-first heap   total 332800K, used 96577K [0x0000000081400000, 0x0000000100000000)
  region size 1024K, 18 young (18432K), 18 survivors (18432K)
 Metaspace       used 39944K, committed 40320K, reserved 1089536K
  class space    used 5064K, committed 5248K, reserved 1048576K
}
Event: 29.159 GC heap before
{Heap before GC invocations=29 (full 0):
 garbage-first heap   total 332800K, used 260417K [0x0000000081400000, 0x0000000100000000)
  region size 1024K, 179 young (183296K), 18 survivors (18432K)
 Metaspace       used 40142K, committed 40512K, reserved 1089536K
  class space    used 5106K, committed 5248K, reserved 1048576K
}
Event: 29.173 GC heap after
{Heap after GC invocations=30 (full 0):
 garbage-first heap   total 332800K, used 103391K [0x0000000081400000, 0x0000000100000000)
  region size 1024K, 15 young (15360K), 15 survivors (15360K)
 Metaspace       used 40142K, committed 40512K, reserved 1089536K
  class space    used 5106K, committed 5248K, reserved 1048576K
}
Event: 29.609 GC heap before
{Heap before GC invocations=30 (full 0):
 garbage-first heap   total 332800K, used 266207K [0x0000000081400000, 0x0000000100000000)
  region size 1024K, 175 young (179200K), 15 survivors (15360K)
 Metaspace       used 41723K, committed 42112K, reserved 1089536K
  class space    used 5326K, committed 5504K, reserved 1048576K
}
Event: 29.620 GC heap after
{Heap after GC invocations=31 (full 0):
 garbage-first heap   total 332800K, used 112058K [0x0000000081400000, 0x0000000100000000)
  region size 1024K, 16 young (16384K), 16 survivors (16384K)
 Metaspace       used 41723K, committed 42112K, reserved 1089536K
  class space    used 5326K, committed 5504K, reserved 1048576K
}
Event: 29.880 GC heap before
{Heap before GC invocations=31 (full 0):
 garbage-first heap   total 332800K, used 270778K [0x0000000081400000, 0x0000000100000000)
  region size 1024K, 172 young (176128K), 16 survivors (16384K)
 Metaspace       used 43132K, committed 43520K, reserved 1089536K
  class space    used 5518K, committed 5696K, reserved 1048576K
}
Event: 29.893 GC heap after
{Heap after GC invocations=32 (full 0):
 garbage-first heap   total 332800K, used 118454K [0x0000000081400000, 0x0000000100000000)
  region size 1024K, 15 young (15360K), 15 survivors (15360K)
 Metaspace       used 43132K, committed 43520K, reserved 1089536K
  class space    used 5518K, committed 5696K, reserved 1048576K
}
Event: 30.141 GC heap before
{Heap before GC invocations=32 (full 0):
 garbage-first heap   total 332800K, used 274102K [0x0000000081400000, 0x0000000100000000)
  region size 1024K, 168 young (172032K), 15 survivors (15360K)
 Metaspace       used 44982K, committed 45376K, reserved 1089536K
  class space    used 5806K, committed 5952K, reserved 1048576K
}
Event: 30.151 GC heap after
{Heap after GC invocations=33 (full 0):
 garbage-first heap   total 332800K, used 125754K [0x0000000081400000, 0x0000000100000000)
  region size 1024K, 14 young (14336K), 14 survivors (14336K)
 Metaspace       used 44982K, committed 45376K, reserved 1089536K
  class space    used 5806K, committed 5952K, reserved 1048576K
}
Event: 30.441 GC heap before
{Heap before GC invocations=33 (full 0):
 garbage-first heap   total 332800K, used 276282K [0x0000000081400000, 0x0000000100000000)
  region size 1024K, 162 young (165888K), 14 survivors (14336K)
 Metaspace       used 46027K, committed 46464K, reserved 1089536K
  class space    used 5944K, committed 6144K, reserved 1048576K
}

Dll operation events (9 events):
Event: 0.017 Loaded shared library c:\Users\HP\.vscode\extensions\redhat.java-1.13.0-win32-x64\jre\17.0.5-win32-x86_64\bin\java.dll
Event: 1.376 Loaded shared library C:\Users\HP\.vscode\extensions\redhat.java-1.13.0-win32-x64\jre\17.0.5-win32-x86_64\bin\net.dll
Event: 1.595 Loaded shared library C:\Users\HP\.vscode\extensions\redhat.java-1.13.0-win32-x64\jre\17.0.5-win32-x86_64\bin\nio.dll
Event: 1.624 Loaded shared library C:\Users\HP\.vscode\extensions\redhat.java-1.13.0-win32-x64\jre\17.0.5-win32-x86_64\bin\zip.dll
Event: 2.525 Loaded shared library c:\Users\HP\.vscode\extensions\redhat.java-1.13.0-win32-x64\jre\17.0.5-win32-x86_64\bin\verify.dll
Event: 2.550 Loaded shared library C:\Users\HP\.vscode\extensions\redhat.java-1.13.0-win32-x64\jre\17.0.5-win32-x86_64\bin\jimage.dll
Event: 8.407 Loaded shared library C:\Users\HP\.vscode\extensions\redhat.java-1.13.0-win32-x64\jre\17.0.5-win32-x86_64\bin\management.dll
Event: 8.412 Loaded shared library C:\Users\HP\.vscode\extensions\redhat.java-1.13.0-win32-x64\jre\17.0.5-win32-x86_64\bin\management_ext.dll
Event: 29.205 Loaded shared library C:\Users\HP\.vscode\extensions\redhat.java-1.13.0-win32-x64\jre\17.0.5-win32-x86_64\bin\sunmscapi.dll

Deoptimization events (18 events):
Event: 9.447 Thread 0x00000206added140 DEOPT PACKING pc=0x00000206b0fe8f99 sp=0x00000098736fd6f0
Event: 9.447 Thread 0x00000206added140 DEOPT UNPACKING pc=0x00000206b0ac2b43 sp=0x00000098736fcbd0 mode 3
Event: 16.468 Thread 0x00000206added140 DEOPT PACKING pc=0x00000206b114e299 sp=0x00000098736fcad0
Event: 16.468 Thread 0x00000206added140 DEOPT UNPACKING pc=0x00000206b0ac2b43 sp=0x00000098736fbfb0 mode 3
Event: 19.601 Thread 0x00000206bd2b6420 DEOPT PACKING pc=0x00000206b0de0935 sp=0x00000098757fd650
Event: 19.601 Thread 0x00000206bd2b6420 DEOPT UNPACKING pc=0x00000206b0ac2b43 sp=0x00000098757fcb68 mode 3
Event: 20.307 Thread 0x00000206bd2b72e0 DEOPT PACKING pc=0x00000206b0dca32b sp=0x0000009875cfe700
Event: 20.307 Thread 0x00000206bd2b72e0 DEOPT UNPACKING pc=0x00000206b0ac2b43 sp=0x0000009875cfdc48 mode 3
Event: 22.811 Thread 0x00000206bce460b0 DEOPT PACKING pc=0x00000206b0fe5001 sp=0x00000098756fde40
Event: 22.811 Thread 0x00000206bce460b0 DEOPT UNPACKING pc=0x00000206b0ac2b43 sp=0x00000098756fd2d0 mode 3
Event: 25.756 Thread 0x00000206bc5199d0 DEOPT PACKING pc=0x00000206b122e3ac sp=0x00000098769fe8b0
Event: 25.759 Thread 0x00000206bc5199d0 DEOPT UNPACKING pc=0x00000206b0ac2b43 sp=0x00000098769fdd88 mode 0
Event: 26.008 Thread 0x00000206bc5199d0 DEOPT PACKING pc=0x00000206b0fe2397 sp=0x00000098769ff1d0
Event: 26.008 Thread 0x00000206bc5199d0 DEOPT UNPACKING pc=0x00000206b0ac2b43 sp=0x00000098769fe628 mode 3
Event: 26.762 Thread 0x00000206bd2b6420 DEOPT PACKING pc=0x00000206b0c6201c sp=0x00000098757fce60
Event: 26.762 Thread 0x00000206bd2b6420 DEOPT UNPACKING pc=0x00000206b0ac2b43 sp=0x00000098757fc3f0 mode 0
Event: 28.875 Thread 0x00000206bc514800 DEOPT PACKING pc=0x00000206b0c65e0c sp=0x0000009876efe2c0
Event: 28.875 Thread 0x00000206bc514800 DEOPT UNPACKING pc=0x00000206b0ac2b43 sp=0x0000009876efd788 mode 0

Classes unloaded (0 events):
No events

Classes redefined (0 events):
No events

Internal exceptions (20 events):
Event: 21.394 Thread 0x00000206bd2b77b0 Exception <a 'sun/nio/fs/WindowsException'{0x0000000083bf3f58}> (0x0000000083bf3f58) 
thrown [s\src\hotspot\share\prims\jni.cpp, line 516]
Event: 22.457 Thread 0x00000206bd2b6e10 Exception <a 'java/lang/NoSuchMethodError'{0x0000000083dea638}: 'int java.lang.invoke.DirectMethodHandle$Holder.invokeStatic(java.lang.Object)'> (0x0000000083dea638) 
thrown [s\src\hotspot\share\interpreter\linkResolver.cpp, line 759]
Event: 22.459 Thread 0x00000206bd2b6e10 Exception <a 'java/lang/NoSuchMethodError'{0x0000000083c22dd8}: 'int java.lang.invoke.DirectMethodHandle$Holder.invokeStaticInit(java.lang.Object)'> (0x0000000083c22dd8) 
thrown [s\src\hotspot\share\interpreter\linkResolver.cpp, line 759]
Event: 25.890 Thread 0x00000206bd2b6420 Exception <a 'java/lang/NoSuchMethodError'{0x00000000871ae5c8}: 'java.lang.Object java.lang.invoke.Invokers$Holder.invoke_MT(java.lang.Object, java.lang.Object, java.lang.Object)'> (0x00000000871ae5c8) 
thrown [s\src\hotspot\share\interpreter\linkResolver.cpp, line 759]
Event: 27.299 Thread 0x00000206bd2b6420 Exception <a 'java/lang/NoSuchMethodError'{0x000000009219e2c0}: 'java.lang.Object java.lang.invoke.DirectMethodHandle$Holder.newInvokeSpecial(java.lang.Object, java.lang.Object, int)'> (0x000000009219e2c0) 
thrown [s\src\hotspot\share\interpreter\linkResolver.cpp, line 759]
Event: 27.366 Thread 0x00000206bc516010 Exception <a 'java/lang/NoSuchMethodError'{0x000000008c6bd920}: 'java.lang.Object java.lang.invoke.Invokers$Holder.linkToTargetMethod(java.lang.Object, long, java.lang.Object)'> (0x000000008c6bd920) 
thrown [s\src\hotspot\share\interpreter\linkResolver.cpp, line 759]
Event: 27.582 Thread 0x00000206bc514800 Exception <a 'java/lang/NoSuchMethodError'{0x0000000095360c70}: 'void java.lang.invoke.DirectMethodHandle$Holder.invokeVirtual(java.lang.Object, java.lang.Object, java.lang.Object, java.lang.Object)'> (0x0000000095360c70) 
thrown [s\src\hotspot\share\interpreter\linkResolver.cpp, line 759]
Event: 28.000 Thread 0x00000206bc516010 Exception <a 'sun/nio/fs/WindowsException'{0x000000008f356cf0}> (0x000000008f356cf0) 
thrown [s\src\hotspot\share\prims\jni.cpp, line 516]
Event: 28.001 Thread 0x00000206bc516010 Exception <a 'sun/nio/fs/WindowsException'{0x000000008f3578a0}> (0x000000008f3578a0) 
thrown [s\src\hotspot\share\prims\jni.cpp, line 516]
Event: 28.002 Thread 0x00000206bc516010 Exception <a 'sun/nio/fs/WindowsException'{0x000000008f358400}> (0x000000008f358400) 
thrown [s\src\hotspot\share\prims\jni.cpp, line 516]
Event: 28.003 Thread 0x00000206bc516010 Exception <a 'sun/nio/fs/WindowsException'{0x000000008f359080}> (0x000000008f359080) 
thrown [s\src\hotspot\share\prims\jni.cpp, line 516]
Event: 28.003 Thread 0x00000206bc516010 Exception <a 'sun/nio/fs/WindowsException'{0x000000008f359d68}> (0x000000008f359d68) 
thrown [s\src\hotspot\share\prims\jni.cpp, line 516]
Event: 28.009 Thread 0x00000206bc516010 Exception <a 'sun/nio/fs/WindowsException'{0x000000008ee6df88}> (0x000000008ee6df88) 
thrown [s\src\hotspot\share\prims\jni.cpp, line 516]
Event: 28.009 Thread 0x00000206bc516010 Exception <a 'sun/nio/fs/WindowsException'{0x000000008ee6eb38}> (0x000000008ee6eb38) 
thrown [s\src\hotspot\share\prims\jni.cpp, line 516]
Event: 28.009 Thread 0x00000206bc516010 Exception <a 'sun/nio/fs/WindowsException'{0x000000008ee6f698}> (0x000000008ee6f698) 
thrown [s\src\hotspot\share\prims\jni.cpp, line 516]
Event: 28.009 Thread 0x00000206bc516010 Exception <a 'sun/nio/fs/WindowsException'{0x000000008ee70318}> (0x000000008ee70318) 
thrown [s\src\hotspot\share\prims\jni.cpp, line 516]
Event: 28.009 Thread 0x00000206bc516010 Exception <a 'sun/nio/fs/WindowsException'{0x000000008ec10c50}> (0x000000008ec10c50) 
thrown [s\src\hotspot\share\prims\jni.cpp, line 516]
Event: 28.496 Thread 0x00000206bc516010 Exception <a 'sun/nio/fs/WindowsException'{0x0000000093f09fa0}> (0x0000000093f09fa0) 
thrown [s\src\hotspot\share\prims\jni.cpp, line 516]
Event: 29.319 Thread 0x00000206bc514800 Exception <a 'sun/nio/fs/WindowsException'{0x0000000090686618}> (0x0000000090686618) 
thrown [s\src\hotspot\share\prims\jni.cpp, line 516]
Event: 29.421 Thread 0x00000206bc514800 Exception <a 'java/lang/NoSuchMethodError'{0x000000008def9010}: 'int java.lang.invoke.DirectMethodHandle$Holder.invokeStaticInit(java.lang.Object, java.lang.Object, java.lang.Object, java.lang.Object)'> (0x000000008def9010) 
thrown [s\src\hotspot\share\interpreter\linkResolver.cpp, line 759]

VM Operations (20 events):
Event: 29.407 Executing VM operation: HandshakeAllThreads done
Event: 29.574 Executing VM operation: G1CollectForAllocation
Event: 29.608 Executing VM operation: G1CollectForAllocation done
Event: 29.608 Executing VM operation: G1CollectForAllocation
Event: 29.620 Executing VM operation: G1CollectForAllocation done
Event: 29.651 Executing VM operation: HandshakeAllThreads
Event: 29.702 Executing VM operation: HandshakeAllThreads done
Event: 29.867 Executing VM operation: G1CollectForAllocation
Event: 29.878 Executing VM operation: G1CollectForAllocation done
Event: 29.880 Executing VM operation: G1CollectForAllocation
Event: 29.893 Executing VM operation: G1CollectForAllocation done
Event: 30.123 Executing VM operation: G1CollectForAllocation
Event: 30.140 Executing VM operation: G1CollectForAllocation done
Event: 30.141 Executing VM operation: G1CollectForAllocation
Event: 30.151 Executing VM operation: G1CollectForAllocation done
Event: 30.278 Executing VM operation: HandshakeAllThreads
Event: 30.327 Executing VM operation: HandshakeAllThreads done
Event: 30.357 Executing VM operation: G1CollectForAllocation
Event: 30.440 Executing VM operation: G1CollectForAllocation done
Event: 30.441 Executing VM operation: G1CollectForAllocation

Events (20 events):
Event: 30.439 loading class sun/security/ssl/PreSharedKeyExtension$SHPreSharedKeyConsumer
Event: 30.439 loading class sun/security/ssl/PreSharedKeyExtension$SHPreSharedKeyConsumer done
Event: 30.439 loading class sun/security/ssl/PreSharedKeyExtension$SHPreSharedKeyAbsence
Event: 30.439 loading class sun/security/ssl/PreSharedKeyExtension$SHPreSharedKeyAbsence done
Event: 30.439 loading class sun/security/ssl/PreSharedKeyExtension$SHPreSharedKeyStringizer
Event: 30.439 loading class sun/security/ssl/PreSharedKeyExtension$SHPreSharedKeyStringizer done
Event: 30.439 loading class sun/security/ssl/SSLExtension$ClientExtensions
Event: 30.440 loading class sun/security/ssl/SSLExtension$ClientExtensions done
Event: 30.440 loading class sun/security/ssl/ServerNameExtension$CHServerNamesSpec
Event: 30.440 loading class sun/security/ssl/SSLExtension$SSLExtensionSpec
Event: 30.440 loading class sun/security/ssl/SSLExtension$SSLExtensionSpec done
Event: 30.440 loading class sun/security/ssl/ServerNameExtension$CHServerNamesSpec done
Event: 30.440 loading class sun/security/ssl/CertStatusExtension$CertStatusRequestSpec
Event: 30.441 loading class sun/security/ssl/CertStatusExtension$CertStatusRequestSpec done
Event: 30.441 loading class sun/security/ssl/CertStatusExtension$OCSPStatusRequest
Event: 30.441 loading class sun/security/ssl/CertStatusExtension$CertStatusRequest
Event: 30.441 loading class sun/security/ssl/CertStatusExtension$CertStatusRequest done
Event: 30.441 loading class sun/security/ssl/CertStatusExtension$OCSPStatusRequest done
Event: 30.441 loading class sun/security/ssl/CertStatusExtension$CertStatusRequestType
Event: 30.441 loading class sun/security/ssl/CertStatusExtension$CertStatusRequestType done


Dynamic libraries:
0x00007ff75e5c0000 - 0x00007ff75e5ce000 	c:\Users\HP\.vscode\extensions\redhat.java-1.13.0-win32-x64\jre\17.0.5-win32-x86_64\bin\java.exe
0x00007ffae9ad0000 - 0x00007ffae9cc8000 	C:\Windows\SYSTEM32\ntdll.dll
0x00007ffae9540000 - 0x00007ffae95ff000 	C:\Windows\System32\KERNEL32.DLL
0x00007ffae7390000 - 0x00007ffae7662000 	C:\Windows\System32\KERNELBASE.dll
0x00007ffae79c0000 - 0x00007ffae7ac0000 	C:\Windows\System32\ucrtbase.dll
0x00007ffac8150000 - 0x00007ffac8167000 	c:\Users\HP\.vscode\extensions\redhat.java-1.13.0-win32-x64\jre\17.0.5-win32-x86_64\bin\jli.dll
0x00007ffae9600000 - 0x00007ffae97a1000 	C:\Windows\System32\USER32.dll
0x00007ffae72d0000 - 0x00007ffae72f2000 	C:\Windows\System32\win32u.dll
0x00007ffae97b0000 - 0x00007ffae97db000 	C:\Windows\System32\GDI32.dll
0x00007ffae71c0000 - 0x00007ffae72cf000 	C:\Windows\System32\gdi32full.dll
0x00007ffae7710000 - 0x00007ffae77ad000 	C:\Windows\System32\msvcp_win.dll
0x00007ffad1520000 - 0x00007ffad17ba000 	C:\Windows\WinSxS\amd64_microsoft.windows.common-controls_6595b64144ccf1df_6.0.19041.1110_none_60b5254171f9507e\COMCTL32.dll
0x00007ffae80d0000 - 0x00007ffae816e000 	C:\Windows\System32\msvcrt.dll
0x00007ffac7b20000 - 0x00007ffac7b39000 	c:\Users\HP\.vscode\extensions\redhat.java-1.13.0-win32-x64\jre\17.0.5-win32-x86_64\bin\VCRUNTIME140.dll
0x00007ffae93e0000 - 0x00007ffae9412000 	C:\Windows\System32\IMM32.DLL
0x00007fface260000 - 0x00007fface26c000 	c:\Users\HP\.vscode\extensions\redhat.java-1.13.0-win32-x64\jre\17.0.5-win32-x86_64\bin\vcruntime140_1.dll
0x00007ffabde90000 - 0x00007ffabdf21000 	c:\Users\HP\.vscode\extensions\redhat.java-1.13.0-win32-x64\jre\17.0.5-win32-x86_64\bin\msvcp140.dll
0x00007ffa9ce20000 - 0x00007ffa9da64000 	c:\Users\HP\.vscode\extensions\redhat.java-1.13.0-win32-x64\jre\17.0.5-win32-x86_64\bin\server\jvm.dll
0x00007ffae87b0000 - 0x00007ffae885e000 	C:\Windows\System32\ADVAPI32.dll
0x00007ffae8860000 - 0x00007ffae88fc000 	C:\Windows\System32\sechost.dll
0x00007ffae97e0000 - 0x00007ffae9905000 	C:\Windows\System32\RPCRT4.dll
0x00007ffae19e0000 - 0x00007ffae19e9000 	C:\Windows\SYSTEM32\WSOCK32.dll
0x00007ffae0830000 - 0x00007ffae083a000 	C:\Windows\SYSTEM32\VERSION.dll
0x00007ffae8900000 - 0x00007ffae896b000 	C:\Windows\System32\WS2_32.dll
0x00007ffacf0d0000 - 0x00007ffacf0f7000 	C:\Windows\SYSTEM32\WINMM.dll
0x00007ffae59d0000 - 0x00007ffae59e2000 	C:\Windows\SYSTEM32\kernel.appcore.dll
0x00007fface200000 - 0x00007fface20a000 	c:\Users\HP\.vscode\extensions\redhat.java-1.13.0-win32-x64\jre\17.0.5-win32-x86_64\bin\jimage.dll
0x00007ffae4df0000 - 0x00007ffae4fd4000 	C:\Windows\SYSTEM32\DBGHELP.DLL
0x00007ffacf840000 - 0x00007ffacf875000 	C:\Windows\SYSTEM32\dbgcore.DLL
0x00007ffae7300000 - 0x00007ffae7382000 	C:\Windows\System32\bcryptPrimitives.dll
0x00007ffabe490000 - 0x00007ffabe4b5000 	c:\Users\HP\.vscode\extensions\redhat.java-1.13.0-win32-x64\jre\17.0.5-win32-x86_64\bin\java.dll
0x00007ffabe090000 - 0x00007ffabe0a8000 	c:\Users\HP\.vscode\extensions\redhat.java-1.13.0-win32-x64\jre\17.0.5-win32-x86_64\bin\zip.dll
0x00007ffae8b20000 - 0x00007ffae9264000 	C:\Windows\System32\SHELL32.dll
0x00007ffae5220000 - 0x00007ffae59b2000 	C:\Windows\SYSTEM32\windows.storage.dll
0x00007ffae7d70000 - 0x00007ffae80c5000 	C:\Windows\System32\combase.dll
0x00007ffae6b40000 - 0x00007ffae6b70000 	C:\Windows\SYSTEM32\Wldp.dll
0x00007ffae8700000 - 0x00007ffae87ad000 	C:\Windows\System32\SHCORE.dll
0x00007ffae92f0000 - 0x00007ffae9345000 	C:\Windows\System32\shlwapi.dll
0x00007ffae7100000 - 0x00007ffae711f000 	C:\Windows\SYSTEM32\profapi.dll
0x00007ffabde00000 - 0x00007ffabde19000 	C:\Users\HP\.vscode\extensions\redhat.java-1.13.0-win32-x64\jre\17.0.5-win32-x86_64\bin\net.dll
0x00007ffade3e0000 - 0x00007ffade4ec000 	C:\Windows\SYSTEM32\WINHTTP.dll
0x00007ffae6920000 - 0x00007ffae698a000 	C:\Windows\system32\mswsock.dll
0x00007ffabdd30000 - 0x00007ffabdd45000 	C:\Users\HP\.vscode\extensions\redhat.java-1.13.0-win32-x64\jre\17.0.5-win32-x86_64\bin\nio.dll
0x00007ffacc5e0000 - 0x00007ffacc5f0000 	c:\Users\HP\.vscode\extensions\redhat.java-1.13.0-win32-x64\jre\17.0.5-win32-x86_64\bin\verify.dll
0x00007ffacc790000 - 0x00007ffacc799000 	C:\Users\HP\.vscode\extensions\redhat.java-1.13.0-win32-x64\jre\17.0.5-win32-x86_64\bin\management.dll
0x00007ffac9ec0000 - 0x00007ffac9ecb000 	C:\Users\HP\.vscode\extensions\redhat.java-1.13.0-win32-x64\jre\17.0.5-win32-x86_64\bin\management_ext.dll
0x00007ffae93d0000 - 0x00007ffae93d8000 	C:\Windows\System32\PSAPI.DLL
0x00007ffac0150000 - 0x00007ffac0167000 	C:\Windows\system32\napinsp.dll
0x00007ffac0130000 - 0x00007ffac014b000 	C:\Windows\system32\pnrpnsp.dll
0x00007ffae1f60000 - 0x00007ffae1f75000 	C:\Windows\system32\wshbth.dll
0x00007ffae4150000 - 0x00007ffae416d000 	C:\Windows\system32\NLAapi.dll
0x00007ffae65e0000 - 0x00007ffae661b000 	C:\Windows\SYSTEM32\IPHLPAPI.DLL
0x00007ffae6620000 - 0x00007ffae66ea000 	C:\Windows\SYSTEM32\DNSAPI.dll
0x00007ffae99f0000 - 0x00007ffae99f8000 	C:\Windows\System32\NSI.dll
0x00007ffac0110000 - 0x00007ffac0122000 	C:\Windows\System32\winrnr.dll
0x00007ffade880000 - 0x00007ffade88a000 	C:\Windows\System32\rasadhlp.dll
0x00007ffadb950000 - 0x00007ffadb9d0000 	C:\Windows\System32\fwpuclnt.dll
0x00007ffae76e0000 - 0x00007ffae7707000 	C:\Windows\System32\bcrypt.dll
0x00007ffae6b80000 - 0x00007ffae6b98000 	C:\Windows\SYSTEM32\CRYPTSP.dll
0x00007ffae61f0000 - 0x00007ffae6224000 	C:\Windows\system32\rsaenh.dll
0x00007ffae70c0000 - 0x00007ffae70ee000 	C:\Windows\SYSTEM32\USERENV.dll
0x00007ffae6ab0000 - 0x00007ffae6abc000 	C:\Windows\SYSTEM32\CRYPTBASE.dll
0x00007ffadfff0000 - 0x00007ffae0007000 	C:\Windows\SYSTEM32\dhcpcsvc6.DLL
0x00007ffadfe30000 - 0x00007ffadfe4d000 	C:\Windows\SYSTEM32\dhcpcsvc.DLL
0x00007ffad0530000 - 0x00007ffad053e000 	C:\Users\HP\.vscode\extensions\redhat.java-1.13.0-win32-x64\jre\17.0.5-win32-x86_64\bin\sunmscapi.dll
0x00007ffae7860000 - 0x00007ffae79b6000 	C:\Windows\System32\CRYPT32.dll
0x00007ffae6c90000 - 0x00007ffae6cb7000 	C:\Windows\SYSTEM32\ncrypt.dll
0x00007ffae6c50000 - 0x00007ffae6c8b000 	C:\Windows\SYSTEM32\NTASN1.dll

dbghelp: loaded successfully - version: 4.0.5 - missing functions: none
symbol engine: initialized successfully - sym options: 0x614 - pdb path: .;c:\Users\HP\.vscode\extensions\redhat.java-1.13.0-win32-x64\jre\17.0.5-win32-x86_64\bin;C:\Windows\SYSTEM32;C:\Windows\WinSxS\amd64_microsoft.windows.common-controls_6595b64144ccf1df_6.0.19041.1110_none_60b5254171f9507e;c:\Users\HP\.vscode\extensions\redhat.java-1.13.0-win32-x64\jre\17.0.5-win32-x86_64\bin\server

VM Arguments:
jvm_args: -Dsts.lsp.client=vscode -Dsts.log.file=/dev/null -XX:TieredStopAtLevel=1 -Xlog:jni+resolve=off -Dspring.config.location=file:c:\Users\HP\.vscode\extensions\pivotal.vscode-spring-boot-1.42.0\language-server\BOOT-INF\classes\application.properties 
java_command: org.springframework.ide.vscode.boot.app.BootLanguageServerBootApp
java_class_path (initial): c:\Users\HP\.vscode\extensions\pivotal.vscode-spring-boot-1.42.0\language-server\BOOT-INF\classes;c:\Users\HP\.vscode\extensions\pivotal.vscode-spring-boot-1.42.0\language-server\BOOT-INF\lib\annotations-23.1.0.jar;c:\Users\HP\.vscode\extensions\pivotal.vscode-spring-boot-1.42.0\language-server\BOOT-INF\lib\ant-1.10.12.jar;c:\Users\HP\.vscode\extensions\pivotal.vscode-spring-boot-1.42.0\language-server\BOOT-INF\lib\ant-launcher-1.10.12.jar;c:\Users\HP\.vscode\extensions\pivotal.vscode-spring-boot-1.42.0\language-server\BOOT-INF\lib\antlr-runtime-3.5.2.jar;c:\Users\HP\.vscode\extensions\pivotal.vscode-spring-boot-1.42.0\language-server\BOOT-INF\lib\antlr4-4.9.3.jar;c:\Users\HP\.vscode\extensions\pivotal.vscode-spring-boot-1.42.0\language-server\BOOT-INF\lib\antlr4-runtime-4.9.3.jar;c:\Users\HP\.vscode\extensions\pivotal.vscode-spring-boot-1.42.0\language-server\BOOT-INF\lib\apiguardian-api-1.1.2.jar;c:\Users\HP\.vscode\extensions\pivotal.vscode-spring-boot-1.42.0\language-server\BOOT-INF\lib\asm-9.4.jar;c:\Users\HP\.vscode\extensions\pivotal.vscode-spring-boot-1.42.0\language-server\BOOT-INF\lib\asm-analysis-9.4.jar;c:\Users\HP\.vscode\extensions\pivotal.vscode-spring-boot-1.42.0\language-server\BOOT-INF\lib\asm-tree-9.4.jar;c:\Users\HP\.vscode\extensions\pivotal.vscode-spring-boot-1.42.0\language-server\BOOT-INF\lib\asm-util-9.4.jar;c:\Users\HP\.vscode\extensions\pivotal.vscode-spring-boot-1.42.0\language-server\BOOT-INF\lib\caffeine-2.9.3.jar;c:\Users\HP\.vscode\extensions\pivotal.vscode-spring-boot-1.42.0\language-server\BOOT-INF\lib\checker-qual-3.12.0.jar;c:\Users\HP\.vscode\extensions\pivotal.vscode-spring-boot-1.42.0\language-server\BOOT-INF\lib\ci-environment-9.1.0.jar;c:\Users\HP\.vscode\extensions\pivotal.vscode-spring-boot-1.42.0\language-server\BOOT-INF\lib\classgraph-4.8.149.jar;c:\Users\HP\.vscode\extensions\pivotal.vscode-spring-boot-1.42.0\language-server\BOOT-INF\lib\commons-codec-1.15.jar;c:\Users\HP\.vscode\extensions\p
Launcher Type: SUN_STANDARD

[Global flags]
     intx CICompilerCount                          = 4                                         {product} {ergonomic}
     uint ConcGCThreads                            = 2                                         {product} {ergonomic}
     uint G1ConcRefinementThreads                  = 8                                         {product} {ergonomic}
   size_t G1HeapRegionSize                         = 1048576                                   {product} {ergonomic}
    uintx GCDrainStackTargetSize                   = 64                                        {product} {ergonomic}
   size_t InitialHeapSize                          = 134217728                                 {product} {ergonomic}
   size_t MarkStackSize                            = 4194304                                   {product} {ergonomic}
   size_t MaxHeapSize                              = 2126512128                                {product} {ergonomic}
   size_t MaxNewSize                               = 1275068416                                {product} {ergonomic}
   size_t MinHeapDeltaBytes                        = 1048576                                   {product} {ergonomic}
   size_t MinHeapSize                              = 8388608                                   {product} {ergonomic}
    uintx NonProfiledCodeHeapSize                  = 0                                      {pd product} {ergonomic}
     bool ProfileInterpreter                       = false                                  {pd product} {command line}
    uintx ProfiledCodeHeapSize                     = 0                                      {pd product} {ergonomic}
   size_t SoftMaxHeapSize                          = 2126512128                             {manageable} {ergonomic}
     intx TieredStopAtLevel                        = 1                                         {product} {command line}
     bool UseCompressedClassPointers               = true                           {product lp64_product} {ergonomic}
     bool UseCompressedOops                        = true                           {product lp64_product} {ergonomic}
     bool UseG1GC                                  = true                                      {product} {ergonomic}
     bool UseLargePagesIndividualAllocation        = false                                  {pd product} {ergonomic}

Logging:
Log output configuration:
 #0: stdout all=warning,jni+resolve=off uptime,level,tags
 #1: stderr all=off uptime,level,tags

Environment Variables:
PATH=C:\Users\HP\bin;C:\Program Files\Git\mingw64\bin;C:\Program Files\Git\usr\local\bin;C:\Program Files\Git\usr\bin;C:\Program Files\Git\usr\bin;C:\Program Files\Git\mingw64\bin;C:\Program Files\Git\usr\bin;C:\Users\HP\bin;C:\Program Files (x86)\Microsoft SDKs\Azure\CLI2\wbin;C:\Windows\system32;C:\Windows;C:\Windows\System32\Wbem;C:\Windows\System32\WindowsPowerShell\v1.0;C:\Windows\System32\OpenSSH;C:\Program Files\Java\jdk-11.0.13\bin;C:\Program Files\Git\cmd;C:\Users\HP\flutter\bin;C:\Users\HP\AppData\Local\Pub\Cache\bin;C:\Program Files\nodejs;C:\Program Files\GitHub CLI;C:\apache2\apache-maven-3.8.4\bin;C:\Program Files\PuTTY;C:\Program Files\Docker\Docker\resources\bin;C:\ProgramData\DockerDesktop\version-bin;C:\Program Files (x86)\Vim\vim90;C:\Program Files\Terraform;C:\Users\HP\AppData\Local\Programs\Python\Python310\Scripts;C:\Users\HP\AppData\Local\Programs\Python\Python310;C:\Program Files\MySQL\MySQL Shell 8.0\bin;C:\Users\HP\AppData\Local\Microsoft\WindowsApps;C:\Users\HP\AppData\Local\Programs\Microsoft VS Code\bin;C:\Users\HP\AppData\Roaming\npm;C:\MinGW\bin;C:\Users\HP\AppData\Local\GitHubDesktop\bin;C:\Program Files\Git\usr\bin\vendor_perl;C:\Program Files\Git\usr\bin\core_perl
USERNAME=HP
SHELL=C:\Program Files\Git\usr\bin\bash.exe
DISPLAY=needs-to-be-defined
LC_CTYPE=en_US.UTF-8
TERM=xterm
TMPDIR=C:\Users\HP\AppData\Local\Temp
OS=Windows_NT
PROCESSOR_IDENTIFIER=Intel64 Family 6 Model 142 Stepping 10, GenuineIntel
TMP=C:\Users\HP\AppData\Local\Temp
TEMP=C:\Users\HP\AppData\Local\Temp



---------------  S Y S T E M  ---------------

OS:
 Windows 10 , 64 bit Build 19041 (10.0.19041.2364)
OS uptime: 3 days 3:17 hours
Hyper-V role detected

CPU: total 8 (initial active 8) (4 cores per cpu, 2 threads per core) family 6 model 142 stepping 10 microcode 0xb4, cx8, cmov, fxsr, ht, mmx, 3dnowpref, sse, sse2, sse3, ssse3, sse4.1, sse4.2, popcnt, lzcnt, tsc, tscinvbit, avx, avx2, aes, erms, clmul, bmi1, bmi2, adx, fma, vzeroupper, clflush, clflushopt, hv

Memory: 4k page, system-wide physical 8107M (271M free)
TotalPageFile size 23373M (AvailPageFile size 104M)
current process WorkingSet (physical memory assigned to process): 442M, peak: 442M
current process commit charge ("private bytes"): 485M, peak: 597M

vm_info: OpenJDK 64-Bit Server VM (17.0.5+8) for windows-amd64 JRE (17.0.5+8), built on Oct 19 2022 04:48:13 by "temurin" with MS VC++ 16.7 (VS2019)

END.
