#
# There is insufficient memory for the Java Runtime Environment to continue.
# Native memory allocation (mmap) failed to map 257949696 bytes for G1 virtual space
# Possible reasons:
#   The system is out of physical RAM or swap space
#   The process is running with CompressedOops enabled, and the Java Heap may be blocking the growth of the native heap
# Possible solutions:
#   Reduce memory load on the system
#   Increase physical memory or swap space
#   Check if swap backing store is full
#   Decrease Java heap size (-Xmx/-Xms)
#   Decrease number of Java threads
#   Decrease Java thread stack sizes (-Xss)
#   Set larger code cache with -XX:ReservedCodeCacheSize=
#   JVM is running with Unscaled Compressed Oops mode in which the Java heap is
#     placed in the first 4GB address space. The Java Heap base address is the
#     maximum limit for the native heap growth. Please use -XX:HeapBaseMinAddress
#     to set the Java Heap base and to place the Java Heap above 4GB virtual address.
# This output file may be truncated or incomplete.
#
#  Out of Memory Error (os_windows.cpp:3548), pid=12648, tid=16084
#
# JRE version: OpenJDK Runtime Environment Temurin-17.0.5+8 (17.0.5+8) (build 17.0.5+8)
# Java VM: OpenJDK 64-Bit Server VM Temurin-17.0.5+8 (17.0.5+8, mixed mode, emulated-client, tiered, compressed oops, compressed class ptrs, g1 gc, windows-amd64)
# No core dump will be written. Minidumps are not enabled by default on client versions of Windows
#

---------------  S U M M A R Y ------------

Command Line: -Dsts.lsp.client=vscode -Dsts.log.file=/dev/null -XX:TieredStopAtLevel=1 -Xlog:jni+resolve=off -Dspring.config.location=file:c:\Users\HP\.vscode\extensions\pivotal.vscode-spring-boot-1.42.0\language-server\BOOT-INF\classes\application.properties org.springframework.ide.vscode.boot.app.BootLanguageServerBootApp

Host: Intel(R) Core(TM) i5-8250U CPU @ 1.60GHz, 8 cores, 7G,  Windows 10 , 64 bit Build 19041 (10.0.19041.2364)
Time: Mon Dec 19 12:55:03 2022 Romance Standard Time elapsed time: 21.530525 seconds (0d 0h 0m 21s)

---------------  T H R E A D  ---------------

Current thread (0x000001aa2be77380):  VMThread "VM Thread" [stack: 0x0000000ece600000,0x0000000ece700000] [id=16084]

Stack: [0x0000000ece600000,0x0000000ece700000]
Native frames: (J=compiled Java code, j=interpreted, Vv=VM code, C=native code)
V  [jvm.dll+0x676b3a]
V  [jvm.dll+0x831444]
V  [jvm.dll+0x832bee]
V  [jvm.dll+0x833253]
V  [jvm.dll+0x244ce5]
V  [jvm.dll+0x673a49]
V  [jvm.dll+0x66811a]
V  [jvm.dll+0x303ceb]
V  [jvm.dll+0x30b1e6]
V  [jvm.dll+0x35adbe]
V  [jvm.dll+0x35afef]
V  [jvm.dll+0x2dab88]
V  [jvm.dll+0x2d8e3c]
V  [jvm.dll+0x2d840c]
V  [jvm.dll+0x31c31b]
V  [jvm.dll+0x8376fb]
V  [jvm.dll+0x838434]
V  [jvm.dll+0x83894c]
V  [jvm.dll+0x838d24]
V  [jvm.dll+0x838df0]
V  [jvm.dll+0x7e17ea]
V  [jvm.dll+0x6759e5]
C  [ucrtbase.dll+0x21bb2]
C  [KERNEL32.DLL+0x17614]
C  [ntdll.dll+0x526a1]

VM_Operation (0x0000000ed10fe770): G1CollectForAllocation, mode: safepoint, requested by thread 0x000001aa2e9c45f0


---------------  P R O C E S S  ---------------

Threads class SMR info:
_java_thread_list=0x000001aa307a14d0, length=49, elements={
0x000001aa2be8c730, 0x000001aa2be8d4b0, 0x000001aa2bea71f0, 0x000001aa2beaaed0,
0x000001aa2beab790, 0x000001aa2beac050, 0x000001aa2beac9c0, 0x000001aa2beae630,
0x000001aa2ca23580, 0x000001aa2ca34c90, 0x000001aa2e444020, 0x000001aa2e4aa8c0,
0x000001aa2e4a98c0, 0x000001aa1cafcae0, 0x000001aa2e90c550, 0x000001aa2e92fab0,
0x000001aa2e94a3c0, 0x000001aa2e94a890, 0x000001aa2e949ef0, 0x000001aa2e94ad60,
0x000001aa2e949550, 0x000001aa2e949a20, 0x000001aa2e9c5930, 0x000001aa2e9c7140,
0x000001aa2e9c7fb0, 0x000001aa2e012c40, 0x000001aa2e9c2910, 0x000001aa2e9c8480,
0x000001aa2e9c32b0, 0x000001aa2e9c1f70, 0x000001aa2e9c4ac0, 0x000001aa2e9c4120,
0x000001aa2e9c45f0, 0x000001aa2e9c67a0, 0x000001aa2e9c8950, 0x000001aa2e9c8e20,
0x000001aa2e9c5e00, 0x000001aa2e9c92f0, 0x000001aa2e9c3c50, 0x000001aa2ee4e240,
0x000001aa2e9c2440, 0x000001aa2e9c62d0, 0x000001aa2e9c2de0, 0x000001aa2e9c7610,
0x000001aa2e9c3780, 0x000001aa2e9c4f90, 0x000001aa2e9c7ae0, 0x000001aa2e9c5460,
0x000001aa2eaa6fa0
}

Java Threads: ( => current thread )
  0x000001aa2be8c730 JavaThread "Reference Handler" daemon [_thread_blocked, id=9140, stack(0x0000000ece700000,0x0000000ece800000)]
  0x000001aa2be8d4b0 JavaThread "Finalizer" daemon [_thread_blocked, id=21024, stack(0x0000000ece800000,0x0000000ece900000)]
  0x000001aa2bea71f0 JavaThread "Signal Dispatcher" daemon [_thread_blocked, id=24704, stack(0x0000000ece900000,0x0000000ecea00000)]
  0x000001aa2beaaed0 JavaThread "Attach Listener" daemon [_thread_blocked, id=24808, stack(0x0000000ecea00000,0x0000000eceb00000)]
  0x000001aa2beab790 JavaThread "Service Thread" daemon [_thread_blocked, id=22100, stack(0x0000000eceb00000,0x0000000ecec00000)]
  0x000001aa2beac050 JavaThread "Monitor Deflation Thread" daemon [_thread_blocked, id=17888, stack(0x0000000ecec00000,0x0000000eced00000)]
  0x000001aa2beac9c0 JavaThread "C1 CompilerThread0" daemon [_thread_blocked, id=23100, stack(0x0000000eced00000,0x0000000ecee00000)]
  0x000001aa2beae630 JavaThread "Sweeper thread" daemon [_thread_blocked, id=25448, stack(0x0000000ecee00000,0x0000000ecef00000)]
  0x000001aa2ca23580 JavaThread "Notification Thread" daemon [_thread_blocked, id=23308, stack(0x0000000ecf000000,0x0000000ecf100000)]
  0x000001aa2ca34c90 JavaThread "Common-Cleaner" daemon [_thread_blocked, id=23864, stack(0x0000000ecf200000,0x0000000ecf300000)]
  0x000001aa2e444020 JavaThread "boundedElastic-evictor-1" daemon [_thread_blocked, id=23164, stack(0x0000000ecfe00000,0x0000000ecff00000)]
  0x000001aa2e4aa8c0 JavaThread "pool-11-thread-1" [_thread_blocked, id=22756, stack(0x0000000ecfc00000,0x0000000ecfd00000)]
  0x000001aa2e4a98c0 JavaThread "LanguageServerApp-lifecycle" [_thread_blocked, id=23260, stack(0x0000000ecff00000,0x0000000ed0000000)]
  0x000001aa1cafcae0 JavaThread "DestroyJavaVM" [_thread_blocked, id=18048, stack(0x0000000ece000000,0x0000000ece100000)]
  0x000001aa2e90c550 JavaThread "pool-12-thread-1" [_thread_in_native, id=22664, stack(0x0000000ed0000000,0x0000000ed0100000)]
  0x000001aa2e92fab0 JavaThread "Simple-Language-Server main thread" daemon [_thread_blocked, id=21596, stack(0x0000000ed0100000,0x0000000ed0200000)]
  0x000001aa2e94a3c0 JavaThread "pool-8-thread-1" [_thread_blocked, id=12864, stack(0x0000000ed0200000,0x0000000ed0300000)]
  0x000001aa2e94a890 JavaThread "parallel-1" daemon [_thread_blocked, id=21372, stack(0x0000000ed0300000,0x0000000ed0400000)]
  0x000001aa2e949ef0 JavaThread "parallel-2" daemon [_thread_blocked, id=24216, stack(0x0000000ed0400000,0x0000000ed0500000)]
  0x000001aa2e94ad60 JavaThread "ForkJoinPool.commonPool-worker-1" daemon [_thread_blocked, id=21700, stack(0x0000000ed0500000,0x0000000ed0600000)]
  0x000001aa2e949550 JavaThread "pool-5-thread-1" [_thread_blocked, id=23764, stack(0x0000000ed0600000,0x0000000ed0700000)]
  0x000001aa2e949a20 JavaThread "Reconciler-1" daemon [_thread_blocked, id=24624, stack(0x0000000ed0700000,0x0000000ed0800000)]
  0x000001aa2e9c5930 JavaThread "pool-5-thread-2" [_thread_blocked, id=4472, stack(0x0000000ed0800000,0x0000000ed0900000)]
  0x000001aa2e9c7140 JavaThread "ClassGraph-worker-0" daemon [_thread_blocked, id=24816, stack(0x0000000ed0900000,0x0000000ed0a00000)]
  0x000001aa2e9c7fb0 JavaThread "parallel-3" daemon [_thread_blocked, id=25224, stack(0x0000000ed0a00000,0x0000000ed0b00000)]
  0x000001aa2e012c40 JavaThread "C1 CompilerThread1" daemon [_thread_blocked, id=15592, stack(0x0000000ecef00000,0x0000000ecf000000)]
  0x000001aa2e9c2910 JavaThread "ClassGraph-worker-1" daemon [_thread_blocked, id=21428, stack(0x0000000ecf300000,0x0000000ecf400000)]
  0x000001aa2e9c8480 JavaThread "ClassGraph-worker-2" daemon [_thread_blocked, id=25512, stack(0x0000000ed0b00000,0x0000000ed0c00000)]
  0x000001aa2e9c32b0 JavaThread "ClassGraph-worker-3" daemon [_thread_blocked, id=16752, stack(0x0000000ed0c00000,0x0000000ed0d00000)]
  0x000001aa2e9c1f70 JavaThread "ClassGraph-worker-4" daemon [_thread_blocked, id=23744, stack(0x0000000ed0d00000,0x0000000ed0e00000)]
  0x000001aa2e9c4ac0 JavaThread "ClassGraph-worker-5" daemon [_thread_blocked, id=4796, stack(0x0000000ed0e00000,0x0000000ed0f00000)]
  0x000001aa2e9c4120 JavaThread "ClassGraph-worker-6" daemon [_thread_blocked, id=25504, stack(0x0000000ed0f00000,0x0000000ed1000000)]
  0x000001aa2e9c45f0 JavaThread "ClassGraph-worker-7" daemon [_thread_blocked, id=23684, stack(0x0000000ed1000000,0x0000000ed1100000)]
  0x000001aa2e9c67a0 JavaThread "ClassGraph-worker-8" daemon [_thread_blocked, id=24196, stack(0x0000000ed1100000,0x0000000ed1200000)]
  0x000001aa2e9c8950 JavaThread "ClassGraph-worker-9" daemon [_thread_blocked, id=19484, stack(0x0000000ed1200000,0x0000000ed1300000)]
  0x000001aa2e9c8e20 JavaThread "ClassGraph-worker-10" daemon [_thread_blocked, id=16052, stack(0x0000000ed1300000,0x0000000ed1400000)]
  0x000001aa2e9c5e00 JavaThread "ClassGraph-worker-11" daemon [_thread_blocked, id=24416, stack(0x0000000ed1400000,0x0000000ed1500000)]
  0x000001aa2e9c92f0 JavaThread "ClassGraph-worker-12" daemon [_thread_blocked, id=24632, stack(0x0000000ed1500000,0x0000000ed1600000)]
  0x000001aa2e9c3c50 JavaThread "ClassGraph-worker-13" daemon [_thread_blocked, id=22516, stack(0x0000000ed1600000,0x0000000ed1700000)]
  0x000001aa2ee4e240 JavaThread "C1 CompilerThread2" daemon [_thread_blocked, id=25168, stack(0x0000000ed1700000,0x0000000ed1800000)]
  0x000001aa2e9c2440 JavaThread "pool-6-thread-1" [_thread_blocked, id=25480, stack(0x0000000ed1800000,0x0000000ed1900000)]
  0x000001aa2e9c62d0 JavaThread "pool-10-thread-1" [_thread_blocked, id=14464, stack(0x0000000ed1900000,0x0000000ed1a00000)]
  0x000001aa2e9c2de0 JavaThread "pool-10-thread-2" [_thread_blocked, id=17192, stack(0x0000000ed1a00000,0x0000000ed1b00000)]
  0x000001aa2e9c7610 JavaThread "parallel-4" daemon [_thread_blocked, id=23540, stack(0x0000000ed1b00000,0x0000000ed1c00000)]
  0x000001aa2e9c3780 JavaThread "parallel-5" daemon [_thread_blocked, id=17416, stack(0x0000000ed1c00000,0x0000000ed1d00000)]
  0x000001aa2e9c4f90 JavaThread "parallel-6" daemon [_thread_blocked, id=23988, stack(0x0000000ed1d00000,0x0000000ed1e00000)]
  0x000001aa2e9c7ae0 JavaThread "Project-Reconciler-1" daemon [_thread_blocked, id=24752, stack(0x0000000ed1e00000,0x0000000ed1f00000)]
  0x000001aa2e9c5460 JavaThread "pool-10-thread-3" [_thread_blocked, id=25484, stack(0x0000000ed1f00000,0x0000000ed2000000)]
  0x000001aa2eaa6fa0 JavaThread "C1 CompilerThread3" daemon [_thread_blocked, id=21972, stack(0x0000000ed2000000,0x0000000ed2100000)]

Other Threads:
=>0x000001aa2be77380 VMThread "VM Thread" [stack: 0x0000000ece600000,0x0000000ece700000] [id=16084]
  0x000001aa2ca25a60 WatcherThread [stack: 0x0000000ecf100000,0x0000000ecf200000] [id=12316]
  0x000001aa1cb57a00 GCTaskThread "GC Thread#0" [stack: 0x0000000ece100000,0x0000000ece200000] [id=23428]
  0x000001aa2e0477f0 GCTaskThread "GC Thread#1" [stack: 0x0000000ecf400000,0x0000000ecf500000] [id=25152]
  0x000001aa2e04c130 GCTaskThread "GC Thread#2" [stack: 0x0000000ecf500000,0x0000000ecf600000] [id=24620]
  0x000001aa2e091680 GCTaskThread "GC Thread#3" [stack: 0x0000000ecf600000,0x0000000ecf700000] [id=25088]
  0x000001aa2e091930 GCTaskThread "GC Thread#4" [stack: 0x0000000ecf700000,0x0000000ecf800000] [id=5128]
  0x000001aa2e0923f0 GCTaskThread "GC Thread#5" [stack: 0x0000000ecf800000,0x0000000ecf900000] [id=24884]
  0x000001aa2e2729b0 GCTaskThread "GC Thread#6" [stack: 0x0000000ecfa00000,0x0000000ecfb00000] [id=2452]
  0x000001aa2e273480 GCTaskThread "GC Thread#7" [stack: 0x0000000ecfb00000,0x0000000ecfc00000] [id=9124]
  0x000001aa1cb685d0 ConcurrentGCThread "G1 Main Marker" [stack: 0x0000000ece200000,0x0000000ece300000] [id=19044]
  0x000001aa1cb68ef0 ConcurrentGCThread "G1 Conc#0" [stack: 0x0000000ece300000,0x0000000ece400000] [id=23860]
  0x000001aa2e29e5c0 ConcurrentGCThread "G1 Conc#1" [stack: 0x0000000ecfd00000,0x0000000ecfe00000] [id=21752]
  0x000001aa1cbbe470 ConcurrentGCThread "G1 Refine#0" [stack: 0x0000000ece400000,0x0000000ece500000] [id=24852]
  0x000001aa2e088160 ConcurrentGCThread "G1 Refine#1" [stack: 0x0000000ecf900000,0x0000000ecfa00000] [id=6428]
  0x000001aa2bce20c0 ConcurrentGCThread "G1 Service" [stack: 0x0000000ece500000,0x0000000ece600000] [id=23776]

Threads with active compile tasks:
C1 CompilerThread0    21585 4421   !   1       jdk.internal.jimage.decompressor.Decompressor::decompressResource (260 bytes)
C1 CompilerThread1    21585 4429       1       jdk.internal.module.SystemModuleFinders$SystemModuleReader::read (25 bytes)
C1 CompilerThread2    21585 4434   !   1       io.github.classgraph.Scanner$ClassfileScannerWorkUnitProcessor::processWorkUnit (291 bytes)
C1 CompilerThread3    21585 4397       1       io.github.classgraph.Classfile::getConstantPoolString (58 bytes)

VM state: at safepoint (normal execution)

VM Mutex/Monitor currently owned by a thread:  ([mutex/lock_event])
[0x000001aa1c8aee50] Threads_lock - owner thread: 0x000001aa2be77380
[0x000001aa1cafa790] Heap_lock - owner thread: 0x000001aa2e9c45f0
[0x000001aa1cafaca0] Compile_lock - owner thread: 0x000001aa2e9c7ae0

Heap address: 0x0000000081400000, size: 2028 MB, Compressed Oops mode: 32-bit

CDS archive(s) not mapped
Compressed class space mapped at: 0x0000000100000000-0x0000000140000000, reserved size: 1073741824
Narrow klass base: 0x0000000000000000, Narrow klass shift: 3, Narrow klass range: 0x140000000

GC Precious Log:
 CPUs: 8 total, 8 available
 Memory: 8107M
 Large Page Support: Disabled
 NUMA Support: Disabled
 Compressed Oops: Enabled (32-bit)
 Heap Region Size: 1M
 Heap Min Capacity: 8M
 Heap Initial Capacity: 128M
 Heap Max Capacity: 2028M
 Pre-touch: Disabled
 Parallel Workers: 8
 Concurrent Workers: 2
 Concurrent Refinement Workers: 8
 Periodic GC: Disabled

Heap:
 garbage-first heap   total 193536K, used 82881K [0x0000000081400000, 0x0000000100000000)
  region size 1024K, 3 young (3072K), 3 survivors (3072K)
 Metaspace       used 42199K, committed 42624K, reserved 1089536K
  class space    used 5388K, committed 5568K, reserved 1048576K

Heap Regions: E=young(eden), S=young(survivor), O=old, HS=humongous(starts), HC=humongous(continues), CS=collection set, F=free, OA=open archive, CA=closed archive, TAMS=top-at-mark-start (previous, next)
|   0|0x0000000081400000, 0x0000000081500000, 0x0000000081500000|100%| O|  |TAMS 0x0000000081500000, 0x0000000081400000| Updating 
|   1|0x0000000081500000, 0x0000000081600000, 0x0000000081600000|100%| O|  |TAMS 0x0000000081600000, 0x0000000081500000| Untracked 
|   2|0x0000000081600000, 0x0000000081700000, 0x0000000081700000|100%| O|  |TAMS 0x0000000081700000, 0x0000000081600000| Untracked 
|   3|0x0000000081700000, 0x0000000081800000, 0x0000000081800000|100%| O|  |TAMS 0x0000000081800000, 0x0000000081700000| Untracked 
|   4|0x0000000081800000, 0x0000000081900000, 0x0000000081900000|100%| O|  |TAMS 0x0000000081900000, 0x0000000081800000| Untracked 
|   5|0x0000000081900000, 0x0000000081a00000, 0x0000000081a00000|100%| O|  |TAMS 0x0000000081a00000, 0x0000000081900000| Updating 
|   6|0x0000000081a00000, 0x0000000081b00000, 0x0000000081b00000|100%| O|  |TAMS 0x0000000081b00000, 0x0000000081a00000| Untracked 
|   7|0x0000000081b00000, 0x0000000081c00000, 0x0000000081c00000|100%| O|  |TAMS 0x0000000081c00000, 0x0000000081b00000| Untracked 
|   8|0x0000000081c00000, 0x0000000081d00000, 0x0000000081d00000|100%| O|  |TAMS 0x0000000081d00000, 0x0000000081c00000| Updating 
|   9|0x0000000081d00000, 0x0000000081e00000, 0x0000000081e00000|100%| O|  |TAMS 0x0000000081e00000, 0x0000000081d00000| Untracked 
|  10|0x0000000081e00000, 0x0000000081f00000, 0x0000000081f00000|100%| O|  |TAMS 0x0000000081f00000, 0x0000000081e00000| Untracked 
|  11|0x0000000081f00000, 0x0000000082000000, 0x0000000082000000|100%| O|  |TAMS 0x0000000082000000, 0x0000000081f00000| Untracked 
|  12|0x0000000082000000, 0x0000000082100000, 0x0000000082100000|100%| O|  |TAMS 0x0000000082100000, 0x0000000082000000| Updating 
|  13|0x0000000082100000, 0x0000000082200000, 0x0000000082200000|100%| O|  |TAMS 0x0000000082200000, 0x0000000082100000| Updating 
|  14|0x0000000082200000, 0x0000000082300000, 0x0000000082300000|100%| O|  |TAMS 0x0000000082300000, 0x0000000082200000| Untracked 
|  15|0x0000000082300000, 0x0000000082400000, 0x0000000082400000|100%| O|  |TAMS 0x0000000082400000, 0x0000000082300000| Untracked 
|  16|0x0000000082400000, 0x0000000082500000, 0x0000000082500000|100%| O|  |TAMS 0x0000000082500000, 0x0000000082400000| Updating 
|  17|0x0000000082500000, 0x0000000082600000, 0x0000000082600000|100%| O|  |TAMS 0x0000000082600000, 0x0000000082500000| Updating 
|  18|0x0000000082600000, 0x0000000082700000, 0x0000000082700000|100%| O|  |TAMS 0x0000000082700000, 0x0000000082600000| Updating 
|  19|0x0000000082700000, 0x0000000082800000, 0x0000000082800000|100%| O|  |TAMS 0x0000000082800000, 0x0000000082700000| Untracked 
|  20|0x0000000082800000, 0x0000000082900000, 0x0000000082900000|100%| O|  |TAMS 0x0000000082900000, 0x0000000082800000| Untracked 
|  21|0x0000000082900000, 0x0000000082a00000, 0x0000000082a00000|100%| O|  |TAMS 0x0000000082a00000, 0x0000000082900000| Untracked 
|  22|0x0000000082a00000, 0x0000000082b00000, 0x0000000082b00000|100%| O|  |TAMS 0x0000000082b00000, 0x0000000082a00000| Untracked 
|  23|0x0000000082b00000, 0x0000000082c00000, 0x0000000082c00000|100%| O|  |TAMS 0x0000000082c00000, 0x0000000082b00000| Updating 
|  24|0x0000000082c00000, 0x0000000082d00000, 0x0000000082d00000|100%| O|  |TAMS 0x0000000082d00000, 0x0000000082c00000| Untracked 
|  25|0x0000000082d00000, 0x0000000082e00000, 0x0000000082e00000|100%| O|  |TAMS 0x0000000082e00000, 0x0000000082d00000| Updating 
|  26|0x0000000082e00000, 0x0000000082f00000, 0x0000000082f00000|100%| O|  |TAMS 0x0000000082f00000, 0x0000000082e00000| Updating 
|  27|0x0000000082f00000, 0x0000000083000000, 0x0000000083000000|100%| O|  |TAMS 0x0000000083000000, 0x0000000082f00000| Untracked 
|  28|0x0000000083000000, 0x0000000083100000, 0x0000000083100000|100%| O|  |TAMS 0x0000000083100000, 0x0000000083000000| Untracked 
|  29|0x0000000083100000, 0x0000000083200000, 0x0000000083200000|100%| O|  |TAMS 0x0000000083200000, 0x0000000083100000| Untracked 
|  30|0x0000000083200000, 0x0000000083300000, 0x0000000083300000|100%| O|  |TAMS 0x0000000083300000, 0x0000000083200000| Untracked 
|  31|0x0000000083300000, 0x0000000083400000, 0x0000000083400000|100%| O|  |TAMS 0x0000000083400000, 0x0000000083300000| Untracked 
|  32|0x0000000083400000, 0x0000000083500000, 0x0000000083500000|100%| O|  |TAMS 0x0000000083500000, 0x0000000083400000| Updating 
|  33|0x0000000083500000, 0x0000000083600000, 0x0000000083600000|100%| O|  |TAMS 0x0000000083600000, 0x0000000083500000| Untracked 
|  34|0x0000000083600000, 0x0000000083700000, 0x0000000083700000|100%| O|  |TAMS 0x0000000083700000, 0x0000000083600000| Untracked 
|  35|0x0000000083700000, 0x0000000083800000, 0x0000000083800000|100%| O|  |TAMS 0x0000000083800000, 0x0000000083700000| Untracked 
|  36|0x0000000083800000, 0x0000000083900000, 0x0000000083900000|100%| O|  |TAMS 0x0000000083900000, 0x0000000083800000| Updating 
|  37|0x0000000083900000, 0x0000000083a00000, 0x0000000083a00000|100%| O|  |TAMS 0x0000000083a00000, 0x0000000083900000| Untracked 
|  38|0x0000000083a00000, 0x0000000083b00000, 0x0000000083b00000|100%| O|  |TAMS 0x0000000083b00000, 0x0000000083a00000| Untracked 
|  39|0x0000000083b00000, 0x0000000083c00000, 0x0000000083c00000|100%| O|  |TAMS 0x0000000083c00000, 0x0000000083b00000| Untracked 
|  40|0x0000000083c00000, 0x0000000083d00000, 0x0000000083d00000|100%| O|  |TAMS 0x0000000083d00000, 0x0000000083c00000| Untracked 
|  41|0x0000000083d00000, 0x0000000083e00000, 0x0000000083e00000|100%| O|  |TAMS 0x0000000083e00000, 0x0000000083d00000| Untracked 
|  42|0x0000000083e00000, 0x0000000083f00000, 0x0000000083f00000|100%| O|  |TAMS 0x0000000083f00000, 0x0000000083e00000| Untracked 
|  43|0x0000000083f00000, 0x0000000084000000, 0x0000000084000000|100%| O|  |TAMS 0x0000000084000000, 0x0000000083f00000| Untracked 
|  44|0x0000000084000000, 0x0000000084100000, 0x0000000084100000|100%| O|  |TAMS 0x0000000084100000, 0x0000000084000000| Untracked 
|  45|0x0000000084100000, 0x0000000084200000, 0x0000000084200000|100%| O|  |TAMS 0x0000000084200000, 0x0000000084100000| Untracked 
|  46|0x0000000084200000, 0x0000000084300000, 0x0000000084300000|100%| O|  |TAMS 0x0000000084300000, 0x0000000084200000| Updating 
|  47|0x0000000084300000, 0x0000000084300000, 0x0000000084400000|  0%| F|  |TAMS 0x0000000084300000, 0x0000000084300000| Untracked 
|  48|0x0000000084400000, 0x0000000084500000, 0x0000000084500000|100%|HS|  |TAMS 0x0000000084500000, 0x0000000084400000| Complete 
|  49|0x0000000084500000, 0x0000000084600000, 0x0000000084600000|100%| O|  |TAMS 0x0000000084600000, 0x0000000084500000| Untracked 
|  50|0x0000000084600000, 0x0000000084700000, 0x0000000084700000|100%| O|  |TAMS 0x0000000084700000, 0x0000000084600000| Untracked 
|  51|0x0000000084700000, 0x0000000084800000, 0x0000000084800000|100%| O|  |TAMS 0x0000000084800000, 0x0000000084700000| Untracked 
|  52|0x0000000084800000, 0x0000000084900000, 0x0000000084900000|100%| O|  |TAMS 0x0000000084900000, 0x0000000084800000| Untracked 
|  53|0x0000000084900000, 0x0000000084a00000, 0x0000000084a00000|100%| O|  |TAMS 0x0000000084a00000, 0x0000000084900000| Untracked 
|  54|0x0000000084a00000, 0x0000000084b00000, 0x0000000084b00000|100%| O|  |TAMS 0x0000000084b00000, 0x0000000084a00000| Untracked 
|  55|0x0000000084b00000, 0x0000000084c00000, 0x0000000084c00000|100%| O|  |TAMS 0x0000000084c00000, 0x0000000084b00000| Untracked 
|  56|0x0000000084c00000, 0x0000000084d00000, 0x0000000084d00000|100%| O|  |TAMS 0x0000000084d00000, 0x0000000084c00000| Untracked 
|  57|0x0000000084d00000, 0x0000000084e00000, 0x0000000084e00000|100%| O|  |TAMS 0x0000000084e00000, 0x0000000084d00000| Untracked 
|  58|0x0000000084e00000, 0x0000000084f00000, 0x0000000084f00000|100%| O|  |TAMS 0x0000000084f00000, 0x0000000084e00000| Untracked 
|  59|0x0000000084f00000, 0x0000000085000000, 0x0000000085000000|100%| O|  |TAMS 0x0000000085000000, 0x0000000084f00000| Untracked 
|  60|0x0000000085000000, 0x0000000085100000, 0x0000000085100000|100%| O|  |TAMS 0x0000000085100000, 0x0000000085000000| Untracked 
|  61|0x0000000085100000, 0x0000000085200000, 0x0000000085200000|100%| O|  |TAMS 0x0000000085200000, 0x0000000085100000| Untracked 
|  62|0x0000000085200000, 0x0000000085300000, 0x0000000085300000|100%| O|  |TAMS 0x0000000085300000, 0x0000000085200000| Untracked 
|  63|0x0000000085300000, 0x0000000085400000, 0x0000000085400000|100%| O|  |TAMS 0x0000000085400000, 0x0000000085300000| Untracked 
|  64|0x0000000085400000, 0x0000000085500000, 0x0000000085500000|100%| O|  |TAMS 0x0000000085500000, 0x0000000085400000| Untracked 
|  65|0x0000000085500000, 0x0000000085600000, 0x0000000085600000|100%| O|  |TAMS 0x0000000085600000, 0x0000000085500000| Untracked 
|  66|0x0000000085600000, 0x0000000085700000, 0x0000000085700000|100%| O|  |TAMS 0x0000000085700000, 0x0000000085600000| Updating 
|  67|0x0000000085700000, 0x0000000085800000, 0x0000000085800000|100%| O|  |TAMS 0x0000000085731600, 0x0000000085700000| Updating 
|  68|0x0000000085800000, 0x0000000085900000, 0x0000000085900000|100%| O|  |TAMS 0x0000000085800000, 0x0000000085800000| Untracked 
|  69|0x0000000085900000, 0x0000000085a00000, 0x0000000085a00000|100%| O|  |TAMS 0x0000000085900000, 0x0000000085900000| Untracked 
|  70|0x0000000085a00000, 0x0000000085b00000, 0x0000000085b00000|100%| O|  |TAMS 0x0000000085a00000, 0x0000000085a00000| Untracked 
|  71|0x0000000085b00000, 0x0000000085c00000, 0x0000000085c00000|100%| O|  |TAMS 0x0000000085b00000, 0x0000000085b00000| Untracked 
|  72|0x0000000085c00000, 0x0000000085d00000, 0x0000000085d00000|100%| O|  |TAMS 0x0000000085c00000, 0x0000000085c00000| Untracked 
|  73|0x0000000085d00000, 0x0000000085e00000, 0x0000000085e00000|100%| O|  |TAMS 0x0000000085d00000, 0x0000000085d00000| Untracked 
|  74|0x0000000085e00000, 0x0000000085f00000, 0x0000000085f00000|100%| O|  |TAMS 0x0000000085e00000, 0x0000000085e00000| Untracked 
|  75|0x0000000085f00000, 0x0000000086000000, 0x0000000086000000|100%| O|  |TAMS 0x0000000085f00000, 0x0000000085f00000| Untracked 
|  76|0x0000000086000000, 0x0000000086100000, 0x0000000086100000|100%| O|  |TAMS 0x0000000086000000, 0x0000000086000000| Untracked 
|  77|0x0000000086100000, 0x0000000086200000, 0x0000000086200000|100%| O|  |TAMS 0x0000000086100000, 0x0000000086100000| Untracked 
|  78|0x0000000086200000, 0x00000000862f0600, 0x0000000086300000| 93%| O|  |TAMS 0x0000000086200000, 0x0000000086200000| Untracked 
|  79|0x0000000086300000, 0x0000000086300000, 0x0000000086400000|  0%| F|  |TAMS 0x0000000086300000, 0x0000000086300000| Untracked 
|  80|0x0000000086400000, 0x0000000086400000, 0x0000000086500000|  0%| F|  |TAMS 0x0000000086400000, 0x0000000086400000| Untracked 
|  81|0x0000000086500000, 0x0000000086500000, 0x0000000086600000|  0%| F|  |TAMS 0x0000000086500000, 0x0000000086500000| Untracked 
|  82|0x0000000086600000, 0x0000000086600000, 0x0000000086700000|  0%| F|  |TAMS 0x0000000086600000, 0x0000000086600000| Untracked 
|  83|0x0000000086700000, 0x0000000086700000, 0x0000000086800000|  0%| F|  |TAMS 0x0000000086700000, 0x0000000086700000| Untracked 
|  84|0x0000000086800000, 0x0000000086800000, 0x0000000086900000|  0%| F|  |TAMS 0x0000000086800000, 0x0000000086800000| Untracked 
|  85|0x0000000086900000, 0x0000000086900000, 0x0000000086a00000|  0%| F|  |TAMS 0x0000000086900000, 0x0000000086900000| Untracked 
|  86|0x0000000086a00000, 0x0000000086a00000, 0x0000000086b00000|  0%| F|  |TAMS 0x0000000086a00000, 0x0000000086a00000| Untracked 
|  87|0x0000000086b00000, 0x0000000086b00000, 0x0000000086c00000|  0%| F|  |TAMS 0x0000000086b00000, 0x0000000086b00000| Untracked 
|  88|0x0000000086c00000, 0x0000000086c00000, 0x0000000086d00000|  0%| F|  |TAMS 0x0000000086c00000, 0x0000000086c00000| Untracked 
|  89|0x0000000086d00000, 0x0000000086d00000, 0x0000000086e00000|  0%| F|  |TAMS 0x0000000086d00000, 0x0000000086d00000| Untracked 
|  90|0x0000000086e00000, 0x0000000086e00000, 0x0000000086f00000|  0%| F|  |TAMS 0x0000000086e00000, 0x0000000086e00000| Untracked 
|  91|0x0000000086f00000, 0x0000000086f00000, 0x0000000087000000|  0%| F|  |TAMS 0x0000000086f00000, 0x0000000086f00000| Untracked 
|  92|0x0000000087000000, 0x0000000087000000, 0x0000000087100000|  0%| F|  |TAMS 0x0000000087000000, 0x0000000087000000| Untracked 
|  93|0x0000000087100000, 0x0000000087100000, 0x0000000087200000|  0%| F|  |TAMS 0x0000000087100000, 0x0000000087100000| Untracked 
|  94|0x0000000087200000, 0x0000000087200000, 0x0000000087300000|  0%| F|  |TAMS 0x0000000087200000, 0x0000000087200000| Untracked 
|  95|0x0000000087300000, 0x0000000087300000, 0x0000000087400000|  0%| F|  |TAMS 0x0000000087300000, 0x0000000087300000| Untracked 
|  96|0x0000000087400000, 0x0000000087400000, 0x0000000087500000|  0%| F|  |TAMS 0x0000000087400000, 0x0000000087400000| Untracked 
|  97|0x0000000087500000, 0x0000000087500000, 0x0000000087600000|  0%| F|  |TAMS 0x0000000087500000, 0x0000000087500000| Untracked 
|  98|0x0000000087600000, 0x0000000087600000, 0x0000000087700000|  0%| F|  |TAMS 0x0000000087600000, 0x0000000087600000| Untracked 
|  99|0x0000000087700000, 0x0000000087700000, 0x0000000087800000|  0%| F|  |TAMS 0x0000000087700000, 0x0000000087700000| Untracked 
| 100|0x0000000087800000, 0x0000000087800000, 0x0000000087900000|  0%| F|  |TAMS 0x0000000087800000, 0x0000000087800000| Untracked 
| 101|0x0000000087900000, 0x0000000087900000, 0x0000000087a00000|  0%| F|  |TAMS 0x0000000087900000, 0x0000000087900000| Untracked 
| 102|0x0000000087a00000, 0x0000000087a00000, 0x0000000087b00000|  0%| F|  |TAMS 0x0000000087a00000, 0x0000000087a00000| Untracked 
| 103|0x0000000087b00000, 0x0000000087b00000, 0x0000000087c00000|  0%| F|  |TAMS 0x0000000087b00000, 0x0000000087b00000| Untracked 
| 104|0x0000000087c00000, 0x0000000087c00000, 0x0000000087d00000|  0%| F|  |TAMS 0x0000000087c00000, 0x0000000087c00000| Untracked 
| 105|0x0000000087d00000, 0x0000000087d00000, 0x0000000087e00000|  0%| F|  |TAMS 0x0000000087d00000, 0x0000000087d00000| Untracked 
| 106|0x0000000087e00000, 0x0000000087e00000, 0x0000000087f00000|  0%| F|  |TAMS 0x0000000087e00000, 0x0000000087e00000| Untracked 
| 107|0x0000000087f00000, 0x0000000087f00000, 0x0000000088000000|  0%| F|  |TAMS 0x0000000087f00000, 0x0000000087f00000| Untracked 
| 108|0x0000000088000000, 0x0000000088000000, 0x0000000088100000|  0%| F|  |TAMS 0x0000000088000000, 0x0000000088000000| Untracked 
| 109|0x0000000088100000, 0x0000000088100000, 0x0000000088200000|  0%| F|  |TAMS 0x0000000088100000, 0x0000000088100000| Untracked 
| 110|0x0000000088200000, 0x0000000088200000, 0x0000000088300000|  0%| F|  |TAMS 0x0000000088200000, 0x0000000088200000| Untracked 
| 111|0x0000000088300000, 0x0000000088300000, 0x0000000088400000|  0%| F|  |TAMS 0x0000000088300000, 0x0000000088300000| Untracked 
| 112|0x0000000088400000, 0x0000000088400000, 0x0000000088500000|  0%| F|  |TAMS 0x0000000088400000, 0x0000000088400000| Untracked 
| 113|0x0000000088500000, 0x0000000088500000, 0x0000000088600000|  0%| F|  |TAMS 0x0000000088500000, 0x0000000088500000| Untracked 
| 114|0x0000000088600000, 0x0000000088600000, 0x0000000088700000|  0%| F|  |TAMS 0x0000000088600000, 0x0000000088600000| Untracked 
| 115|0x0000000088700000, 0x0000000088700000, 0x0000000088800000|  0%| F|  |TAMS 0x0000000088700000, 0x0000000088700000| Untracked 
| 116|0x0000000088800000, 0x0000000088800000, 0x0000000088900000|  0%| F|  |TAMS 0x0000000088800000, 0x0000000088800000| Untracked 
| 117|0x0000000088900000, 0x0000000088900000, 0x0000000088a00000|  0%| F|  |TAMS 0x0000000088900000, 0x0000000088900000| Untracked 
| 118|0x0000000088a00000, 0x0000000088a00000, 0x0000000088b00000|  0%| F|  |TAMS 0x0000000088a00000, 0x0000000088a00000| Untracked 
| 119|0x0000000088b00000, 0x0000000088b00000, 0x0000000088c00000|  0%| F|  |TAMS 0x0000000088b00000, 0x0000000088b00000| Untracked 
| 120|0x0000000088c00000, 0x0000000088c00000, 0x0000000088d00000|  0%| F|  |TAMS 0x0000000088c00000, 0x0000000088c00000| Untracked 
| 121|0x0000000088d00000, 0x0000000088d00000, 0x0000000088e00000|  0%| F|  |TAMS 0x0000000088d00000, 0x0000000088d00000| Untracked 
| 122|0x0000000088e00000, 0x0000000088e00000, 0x0000000088f00000|  0%| F|  |TAMS 0x0000000088e00000, 0x0000000088e00000| Untracked 
| 123|0x0000000088f00000, 0x0000000088f00000, 0x0000000089000000|  0%| F|  |TAMS 0x0000000088f00000, 0x0000000088f00000| Untracked 
| 124|0x0000000089000000, 0x0000000089000000, 0x0000000089100000|  0%| F|  |TAMS 0x0000000089000000, 0x0000000089000000| Untracked 
| 125|0x0000000089100000, 0x0000000089100000, 0x0000000089200000|  0%| F|  |TAMS 0x0000000089100000, 0x0000000089100000| Untracked 
| 126|0x0000000089200000, 0x0000000089200000, 0x0000000089300000|  0%| F|  |TAMS 0x0000000089200000, 0x0000000089200000| Untracked 
| 127|0x0000000089300000, 0x0000000089300000, 0x0000000089400000|  0%| F|  |TAMS 0x0000000089300000, 0x0000000089300000| Untracked 
| 128|0x0000000089400000, 0x0000000089400000, 0x0000000089500000|  0%| F|  |TAMS 0x0000000089400000, 0x0000000089400000| Untracked 
| 129|0x0000000089500000, 0x0000000089500000, 0x0000000089600000|  0%| F|  |TAMS 0x0000000089500000, 0x0000000089500000| Untracked 
| 130|0x0000000089600000, 0x0000000089600000, 0x0000000089700000|  0%| F|  |TAMS 0x0000000089600000, 0x0000000089600000| Untracked 
| 131|0x0000000089700000, 0x0000000089700000, 0x0000000089800000|  0%| F|  |TAMS 0x0000000089700000, 0x0000000089700000| Untracked 
| 132|0x0000000089800000, 0x0000000089800000, 0x0000000089900000|  0%| F|  |TAMS 0x0000000089800000, 0x0000000089800000| Untracked 
| 133|0x0000000089900000, 0x0000000089900000, 0x0000000089a00000|  0%| F|  |TAMS 0x0000000089900000, 0x0000000089900000| Untracked 
| 134|0x0000000089a00000, 0x0000000089a00000, 0x0000000089b00000|  0%| F|  |TAMS 0x0000000089a00000, 0x0000000089a00000| Untracked 
| 135|0x0000000089b00000, 0x0000000089b00000, 0x0000000089c00000|  0%| F|  |TAMS 0x0000000089b00000, 0x0000000089b00000| Untracked 
| 136|0x0000000089c00000, 0x0000000089c00000, 0x0000000089d00000|  0%| F|  |TAMS 0x0000000089c00000, 0x0000000089c00000| Untracked 
| 137|0x0000000089d00000, 0x0000000089d00000, 0x0000000089e00000|  0%| F|  |TAMS 0x0000000089d00000, 0x0000000089d00000| Untracked 
| 138|0x0000000089e00000, 0x0000000089e00000, 0x0000000089f00000|  0%| F|  |TAMS 0x0000000089e00000, 0x0000000089e00000| Untracked 
| 139|0x0000000089f00000, 0x0000000089f00000, 0x000000008a000000|  0%| F|  |TAMS 0x0000000089f00000, 0x0000000089f00000| Untracked 
| 140|0x000000008a000000, 0x000000008a000000, 0x000000008a100000|  0%| F|  |TAMS 0x000000008a000000, 0x000000008a000000| Untracked 
| 141|0x000000008a100000, 0x000000008a100000, 0x000000008a200000|  0%| F|  |TAMS 0x000000008a100000, 0x000000008a100000| Untracked 
| 142|0x000000008a200000, 0x000000008a200000, 0x000000008a300000|  0%| F|  |TAMS 0x000000008a200000, 0x000000008a200000| Untracked 
| 143|0x000000008a300000, 0x000000008a300000, 0x000000008a400000|  0%| F|  |TAMS 0x000000008a300000, 0x000000008a300000| Untracked 
| 144|0x000000008a400000, 0x000000008a400000, 0x000000008a500000|  0%| F|  |TAMS 0x000000008a400000, 0x000000008a400000| Untracked 
| 145|0x000000008a500000, 0x000000008a500000, 0x000000008a600000|  0%| F|  |TAMS 0x000000008a500000, 0x000000008a500000| Untracked 
| 146|0x000000008a600000, 0x000000008a600000, 0x000000008a700000|  0%| F|  |TAMS 0x000000008a600000, 0x000000008a600000| Untracked 
| 147|0x000000008a700000, 0x000000008a700000, 0x000000008a800000|  0%| F|  |TAMS 0x000000008a700000, 0x000000008a700000| Untracked 
| 148|0x000000008a800000, 0x000000008a800000, 0x000000008a900000|  0%| F|  |TAMS 0x000000008a800000, 0x000000008a800000| Untracked 
| 149|0x000000008a900000, 0x000000008a900000, 0x000000008aa00000|  0%| F|  |TAMS 0x000000008a900000, 0x000000008a900000| Untracked 
| 150|0x000000008aa00000, 0x000000008aa00000, 0x000000008ab00000|  0%| F|  |TAMS 0x000000008aa00000, 0x000000008aa00000| Untracked 
| 151|0x000000008ab00000, 0x000000008ab00000, 0x000000008ac00000|  0%| F|  |TAMS 0x000000008ab00000, 0x000000008ab00000| Untracked 
| 152|0x000000008ac00000, 0x000000008ac00000, 0x000000008ad00000|  0%| F|  |TAMS 0x000000008ac00000, 0x000000008ac00000| Untracked 
| 153|0x000000008ad00000, 0x000000008ad00000, 0x000000008ae00000|  0%| F|  |TAMS 0x000000008ad00000, 0x000000008ad00000| Untracked 
| 154|0x000000008ae00000, 0x000000008ae00000, 0x000000008af00000|  0%| F|  |TAMS 0x000000008ae00000, 0x000000008ae00000| Untracked 
| 155|0x000000008af00000, 0x000000008af00000, 0x000000008b000000|  0%| F|  |TAMS 0x000000008af00000, 0x000000008af00000| Untracked 
| 156|0x000000008b000000, 0x000000008b000000, 0x000000008b100000|  0%| F|  |TAMS 0x000000008b000000, 0x000000008b000000| Untracked 
| 157|0x000000008b100000, 0x000000008b100000, 0x000000008b200000|  0%| F|  |TAMS 0x000000008b100000, 0x000000008b100000| Untracked 
| 158|0x000000008b200000, 0x000000008b200000, 0x000000008b300000|  0%| F|  |TAMS 0x000000008b200000, 0x000000008b200000| Untracked 
| 159|0x000000008b300000, 0x000000008b300000, 0x000000008b400000|  0%| F|  |TAMS 0x000000008b300000, 0x000000008b300000| Untracked 
| 160|0x000000008b400000, 0x000000008b400000, 0x000000008b500000|  0%| F|  |TAMS 0x000000008b400000, 0x000000008b400000| Untracked 
| 161|0x000000008b500000, 0x000000008b500000, 0x000000008b600000|  0%| F|  |TAMS 0x000000008b500000, 0x000000008b500000| Untracked 
| 162|0x000000008b600000, 0x000000008b600000, 0x000000008b700000|  0%| F|  |TAMS 0x000000008b600000, 0x000000008b600000| Untracked 
| 163|0x000000008b700000, 0x000000008b700000, 0x000000008b800000|  0%| F|  |TAMS 0x000000008b700000, 0x000000008b700000| Untracked 
| 164|0x000000008b800000, 0x000000008b800000, 0x000000008b900000|  0%| F|  |TAMS 0x000000008b800000, 0x000000008b800000| Untracked 
| 165|0x000000008b900000, 0x000000008b900000, 0x000000008ba00000|  0%| F|  |TAMS 0x000000008b900000, 0x000000008b900000| Untracked 
| 166|0x000000008ba00000, 0x000000008ba00000, 0x000000008bb00000|  0%| F|  |TAMS 0x000000008ba00000, 0x000000008ba00000| Untracked 
| 167|0x000000008bb00000, 0x000000008bb00000, 0x000000008bc00000|  0%| F|  |TAMS 0x000000008bb00000, 0x000000008bb00000| Untracked 
| 168|0x000000008bc00000, 0x000000008bc00000, 0x000000008bd00000|  0%| F|  |TAMS 0x000000008bc00000, 0x000000008bc00000| Untracked 
| 169|0x000000008bd00000, 0x000000008bd00000, 0x000000008be00000|  0%| F|  |TAMS 0x000000008bd00000, 0x000000008bd00000| Untracked 
| 170|0x000000008be00000, 0x000000008be00000, 0x000000008bf00000|  0%| F|  |TAMS 0x000000008be00000, 0x000000008be00000| Untracked 
| 171|0x000000008bf00000, 0x000000008bf00000, 0x000000008c000000|  0%| F|  |TAMS 0x000000008bf00000, 0x000000008bf00000| Untracked 
| 172|0x000000008c000000, 0x000000008c000000, 0x000000008c100000|  0%| F|  |TAMS 0x000000008c000000, 0x000000008c000000| Untracked 
| 173|0x000000008c100000, 0x000000008c100000, 0x000000008c200000|  0%| F|  |TAMS 0x000000008c100000, 0x000000008c100000| Untracked 
| 174|0x000000008c200000, 0x000000008c200000, 0x000000008c300000|  0%| F|  |TAMS 0x000000008c200000, 0x000000008c200000| Untracked 
| 175|0x000000008c300000, 0x000000008c300000, 0x000000008c400000|  0%| F|  |TAMS 0x000000008c300000, 0x000000008c300000| Untracked 
| 176|0x000000008c400000, 0x000000008c400000, 0x000000008c500000|  0%| F|  |TAMS 0x000000008c400000, 0x000000008c400000| Untracked 
| 177|0x000000008c500000, 0x000000008c500000, 0x000000008c600000|  0%| F|  |TAMS 0x000000008c500000, 0x000000008c500000| Untracked 
| 178|0x000000008c600000, 0x000000008c600000, 0x000000008c700000|  0%| F|  |TAMS 0x000000008c600000, 0x000000008c600000| Untracked 
| 179|0x000000008c700000, 0x000000008c700000, 0x000000008c800000|  0%| F|  |TAMS 0x000000008c700000, 0x000000008c700000| Untracked 
| 180|0x000000008c800000, 0x000000008c800000, 0x000000008c900000|  0%| F|  |TAMS 0x000000008c800000, 0x000000008c800000| Untracked 
| 181|0x000000008c900000, 0x000000008c900000, 0x000000008ca00000|  0%| F|  |TAMS 0x000000008c900000, 0x000000008c900000| Untracked 
| 182|0x000000008ca00000, 0x000000008ca00000, 0x000000008cb00000|  0%| F|  |TAMS 0x000000008ca00000, 0x000000008ca00000| Untracked 
| 183|0x000000008cb00000, 0x000000008cb00000, 0x000000008cc00000|  0%| F|  |TAMS 0x000000008cb00000, 0x000000008cb00000| Untracked 
| 184|0x000000008cc00000, 0x000000008cc00000, 0x000000008cd00000|  0%| F|  |TAMS 0x000000008cc00000, 0x000000008cc00000| Untracked 
| 185|0x000000008cd00000, 0x000000008ce00000, 0x000000008ce00000|100%| S|CS|TAMS 0x000000008cd00000, 0x000000008cd00000| Complete 
| 186|0x000000008ce00000, 0x000000008cf00000, 0x000000008cf00000|100%| S|CS|TAMS 0x000000008ce00000, 0x000000008ce00000| Complete 
| 187|0x000000008cf00000, 0x000000008d000000, 0x000000008d000000|100%| S|CS|TAMS 0x000000008cf00000, 0x000000008cf00000| Complete 
| 188|0x000000008d000000, 0x000000008d000000, 0x000000008d100000|  0%| F|  |TAMS 0x000000008d000000, 0x000000008d000000| Untracked 

Card table byte_map: [0x000001aa24c30000,0x000001aa25030000] _byte_map_base: 0x000001aa24826000

Marking Bits (Prev, Next): (CMBitMap*) 0x000001aa1cb57f20, (CMBitMap*) 0x000001aa1cb57f60
 Prev Bits: [0x000001aa25430000, 0x000001aa273e0000)
 Next Bits: [0x000001aa273e0000, 0x000001aa29390000)

Polling page: 0x000001aa1cbc0000

Metaspace:

Usage:
  Non-class:     35.95 MB used.
      Class:      5.26 MB used.
       Both:     41.21 MB used.

Virtual space:
  Non-class space:       40.00 MB reserved,      36.19 MB ( 90%) committed,  5 nodes.
      Class space:        1.00 GB reserved,       5.44 MB ( <1%) committed,  1 nodes.
             Both:        1.04 GB reserved,      41.62 MB (  4%) committed. 

Chunk freelists:
   Non-Class:  3.80 MB
       Class:  2.47 MB
        Both:  6.27 MB

MaxMetaspaceSize: unlimited
CompressedClassSpaceSize: 1.00 GB
Initial GC threshold: 21.00 MB
Current GC threshold: 69.31 MB
CDS: off
MetaspaceReclaimPolicy: balanced
 - commit_granule_bytes: 65536.
 - commit_granule_words: 8192.
 - virtual_space_node_default_size: 1048576.
 - enlarge_chunks_in_place: 1.
 - new_chunks_are_fully_committed: 0.
 - uncommit_free_chunks: 1.
 - use_allocation_guard: 0.
 - handle_deallocations: 1.


Internal statistics:

num_allocs_failed_limit: 8.
num_arena_births: 420.
num_arena_deaths: 0.
num_vsnodes_births: 6.
num_vsnodes_deaths: 0.
num_space_committed: 666.
num_space_uncommitted: 0.
num_chunks_returned_to_freelist: 8.
num_chunks_taken_from_freelist: 1696.
num_chunk_merges: 8.
num_chunk_splits: 1145.
num_chunks_enlarged: 863.
num_purges: 0.
num_inconsistent_stats: 0.

CodeCache: size=49152Kb used=10221Kb max_used=10221Kb free=38930Kb
 bounds [0x000001aa20f50000, 0x000001aa21950000, 0x000001aa23f50000]
 total_blobs=4973 nmethods=4424 adapters=473
 compilation: enabled
              stopped_count=0, restarted_count=0
 full_count=0

Compilation events (20 events):
Event: 21.502 Thread 0x000001aa2eaa6fa0 nmethod 4385 0x000001aa21948d90 code [0x000001aa21948f40, 0x000001aa219490f8]
Event: 21.502 Thread 0x000001aa2e012c40 nmethod 4462 0x000001aa21945e10 code [0x000001aa219460c0, 0x000001aa21946ad8]
Event: 21.502 Thread 0x000001aa2ee4e240 nmethod 4447 0x000001aa21947410 code [0x000001aa21947780, 0x000001aa219485a8]
Event: 21.519 Thread 0x000001aa2eaa6fa0 4436       1       nonapi.io.github.classgraph.utils.ProxyingInputStream::read (11 bytes)
Event: 21.519 Thread 0x000001aa2e012c40 4450   !   1       jdk.internal.reflect.GeneratedMethodAccessor17::invoke (61 bytes)
Event: 21.519 Thread 0x000001aa2ee4e240 4452       1       jdk.internal.module.SystemModuleFinders$SystemModuleReader::release (10 bytes)
Event: 21.520 Thread 0x000001aa2eaa6fa0 nmethod 4436 0x000001aa21949210 code [0x000001aa219493a0, 0x000001aa21949488]
Event: 21.520 Thread 0x000001aa2eaa6fa0 4459       1       nonapi.io.github.classgraph.fileslice.reader.ClassfileReader::<init> (29 bytes)
Event: 21.520 Thread 0x000001aa2ee4e240 nmethod 4452 0x000001aa21949510 code [0x000001aa219496c0, 0x000001aa219498b8]
Event: 21.520 Thread 0x000001aa2eaa6fa0 nmethod 4459 0x000001aa21949a10 code [0x000001aa21949ba0, 0x000001aa21949e18]
Event: 21.520 Thread 0x000001aa2ee4e240 4428       1       jdk.internal.jimage.ImageReader::getResourceBuffer (13 bytes)
Event: 21.520 Thread 0x000001aa2e012c40 nmethod 4450 0x000001aa21949e90 code [0x000001aa2194a080, 0x000001aa2194a4f8]
Event: 21.520 Thread 0x000001aa2eaa6fa0 4397       1       io.github.classgraph.Classfile::getConstantPoolString (58 bytes)
Event: 21.520 Thread 0x000001aa2e012c40 4401       1       java.util.concurrent.ThreadLocalRandom::getProbe (13 bytes)
Event: 21.520 Thread 0x000001aa2e012c40 nmethod 4401 0x000001aa2194a810 code [0x000001aa2194a9a0, 0x000001aa2194aa58]
Event: 21.520 Thread 0x000001aa2ee4e240 nmethod 4428 0x000001aa2194ab10 code [0x000001aa2194acc0, 0x000001aa2194ae58]
Event: 21.520 Thread 0x000001aa2e012c40 4433       1       io.github.classgraph.Scanner$ClassfileScannerWorkUnitProcessor::processWorkUnit (11 bytes)
Event: 21.520 Thread 0x000001aa2ee4e240 4434   !   1       io.github.classgraph.Scanner$ClassfileScannerWorkUnitProcessor::processWorkUnit (291 bytes)
Event: 21.522 Thread 0x000001aa2e012c40 nmethod 4433 0x000001aa2194af90 code [0x000001aa2194b120, 0x000001aa2194b228]
Event: 21.523 Thread 0x000001aa2e012c40 4429       1       jdk.internal.module.SystemModuleFinders$SystemModuleReader::read (25 bytes)

GC Heap History (20 events):
Event: 17.714 GC heap after
{Heap after GC invocations=13 (full 0):
 garbage-first heap   total 61440K, used 26586K [0x0000000081400000, 0x0000000100000000)
  region size 1024K, 1 young (1024K), 1 survivors (1024K)
 Metaspace       used 36338K, committed 36672K, reserved 1081344K
  class space    used 4677K, committed 4800K, reserved 1048576K
}
Event: 17.851 GC heap before
{Heap before GC invocations=13 (full 0):
 garbage-first heap   total 61440K, used 43994K [0x0000000081400000, 0x0000000100000000)
  region size 1024K, 19 young (19456K), 1 survivors (1024K)
 Metaspace       used 36479K, committed 36864K, reserved 1081344K
  class space    used 4687K, committed 4864K, reserved 1048576K
}
Event: 17.854 GC heap after
{Heap after GC invocations=14 (full 0):
 garbage-first heap   total 61440K, used 30165K [0x0000000081400000, 0x0000000100000000)
  region size 1024K, 3 young (3072K), 3 survivors (3072K)
 Metaspace       used 36479K, committed 36864K, reserved 1081344K
  class space    used 4687K, committed 4864K, reserved 1048576K
}
Event: 17.995 GC heap before
{Heap before GC invocations=14 (full 0):
 garbage-first heap   total 61440K, used 45525K [0x0000000081400000, 0x0000000100000000)
  region size 1024K, 18 young (18432K), 3 survivors (3072K)
 Metaspace       used 36933K, committed 37248K, reserved 1081344K
  class space    used 4743K, committed 4864K, reserved 1048576K
}
Event: 18.000 GC heap after
{Heap after GC invocations=15 (full 0):
 garbage-first heap   total 61440K, used 32982K [0x0000000081400000, 0x0000000100000000)
  region size 1024K, 3 young (3072K), 3 survivors (3072K)
 Metaspace       used 36933K, committed 37248K, reserved 1081344K
  class space    used 4743K, committed 4864K, reserved 1048576K
}
Event: 18.139 GC heap before
{Heap before GC invocations=15 (full 0):
 garbage-first heap   total 61440K, used 45270K [0x0000000081400000, 0x0000000100000000)
  region size 1024K, 16 young (16384K), 3 survivors (3072K)
 Metaspace       used 37096K, committed 37376K, reserved 1081344K
  class space    used 4756K, committed 4864K, reserved 1048576K
}
Event: 18.142 GC heap after
{Heap after GC invocations=16 (full 0):
 garbage-first heap   total 61440K, used 34940K [0x0000000081400000, 0x0000000100000000)
  region size 1024K, 2 young (2048K), 2 survivors (2048K)
 Metaspace       used 37096K, committed 37376K, reserved 1081344K
  class space    used 4756K, committed 4864K, reserved 1048576K
}
Event: 18.295 GC heap before
{Heap before GC invocations=17 (full 0):
 garbage-first heap   total 70656K, used 46204K [0x0000000081400000, 0x0000000100000000)
  region size 1024K, 14 young (14336K), 2 survivors (2048K)
 Metaspace       used 37328K, committed 37632K, reserved 1081344K
  class space    used 4772K, committed 4928K, reserved 1048576K
}
Event: 18.300 GC heap after
{Heap after GC invocations=18 (full 0):
 garbage-first heap   total 70656K, used 37111K [0x0000000081400000, 0x0000000100000000)
  region size 1024K, 2 young (2048K), 2 survivors (2048K)
 Metaspace       used 37328K, committed 37632K, reserved 1081344K
  class space    used 4772K, committed 4928K, reserved 1048576K
}
Event: 18.306 GC heap before
{Heap before GC invocations=18 (full 0):
 garbage-first heap   total 70656K, used 38135K [0x0000000081400000, 0x0000000100000000)
  region size 1024K, 3 young (3072K), 2 survivors (2048K)
 Metaspace       used 37335K, committed 37632K, reserved 1081344K
  class space    used 4774K, committed 4928K, reserved 1048576K
}
Event: 18.310 GC heap after
{Heap after GC invocations=19 (full 0):
 garbage-first heap   total 154624K, used 37049K [0x0000000081400000, 0x0000000100000000)
  region size 1024K, 1 young (1024K), 1 survivors (1024K)
 Metaspace       used 37335K, committed 37632K, reserved 1081344K
  class space    used 4774K, committed 4928K, reserved 1048576K
}
Event: 19.840 GC heap before
{Heap before GC invocations=19 (full 0):
 garbage-first heap   total 154624K, used 108729K [0x0000000081400000, 0x0000000100000000)
  region size 1024K, 72 young (73728K), 1 survivors (1024K)
 Metaspace       used 38951K, committed 39232K, reserved 1089536K
  class space    used 4913K, committed 5056K, reserved 1048576K
}
Event: 19.855 GC heap after
{Heap after GC invocations=20 (full 0):
 garbage-first heap   total 154624K, used 56874K [0x0000000081400000, 0x0000000100000000)
  region size 1024K, 9 young (9216K), 9 survivors (9216K)
 Metaspace       used 38951K, committed 39232K, reserved 1089536K
  class space    used 4913K, committed 5056K, reserved 1048576K
}
Event: 21.237 GC heap before
{Heap before GC invocations=20 (full 0):
 garbage-first heap   total 154624K, used 106026K [0x0000000081400000, 0x0000000100000000)
  region size 1024K, 56 young (57344K), 9 survivors (9216K)
 Metaspace       used 41704K, committed 42112K, reserved 1089536K
  class space    used 5324K, committed 5504K, reserved 1048576K
}
Event: 21.264 GC heap after
{Heap after GC invocations=21 (full 0):
 garbage-first heap   total 154624K, used 75973K [0x0000000081400000, 0x0000000100000000)
  region size 1024K, 7 young (7168K), 7 survivors (7168K)
 Metaspace       used 41704K, committed 42112K, reserved 1089536K
  class space    used 5324K, committed 5504K, reserved 1048576K
}
Event: 21.377 GC heap before
{Heap before GC invocations=21 (full 0):
 garbage-first heap   total 154624K, used 108741K [0x0000000081400000, 0x0000000100000000)
  region size 1024K, 40 young (40960K), 7 survivors (7168K)
 Metaspace       used 42079K, committed 42432K, reserved 1089536K
  class space    used 5371K, committed 5504K, reserved 1048576K
}
Event: 21.392 GC heap after
{Heap after GC invocations=22 (full 0):
 garbage-first heap   total 154624K, used 80564K [0x0000000081400000, 0x0000000100000000)
  region size 1024K, 3 young (3072K), 3 survivors (3072K)
 Metaspace       used 42079K, committed 42432K, reserved 1089536K
  class space    used 5371K, committed 5504K, reserved 1048576K
}
Event: 21.433 GC heap before
{Heap before GC invocations=22 (full 0):
 garbage-first heap   total 154624K, used 113332K [0x0000000081400000, 0x0000000100000000)
  region size 1024K, 36 young (36864K), 3 survivors (3072K)
 Metaspace       used 42087K, committed 42432K, reserved 1089536K
  class space    used 5372K, committed 5504K, reserved 1048576K
}
Event: 21.442 GC heap after
{Heap after GC invocations=23 (full 0):
 garbage-first heap   total 154624K, used 82572K [0x0000000081400000, 0x0000000100000000)
  region size 1024K, 2 young (2048K), 2 survivors (2048K)
 Metaspace       used 42087K, committed 42432K, reserved 1089536K
  class space    used 5372K, committed 5504K, reserved 1048576K
}
Event: 21.524 GC heap before
{Heap before GC invocations=23 (full 0):
 garbage-first heap   total 193536K, used 115340K [0x0000000081400000, 0x0000000100000000)
  region size 1024K, 36 young (36864K), 2 survivors (2048K)
 Metaspace       used 42199K, committed 42624K, reserved 1089536K
  class space    used 5388K, committed 5568K, reserved 1048576K
}

Dll operation events (9 events):
Event: 0.024 Loaded shared library c:\Users\HP\.vscode\extensions\redhat.java-1.13.0-win32-x64\jre\17.0.5-win32-x86_64\bin\java.dll
Event: 0.890 Loaded shared library C:\Users\HP\.vscode\extensions\redhat.java-1.13.0-win32-x64\jre\17.0.5-win32-x86_64\bin\net.dll
Event: 0.894 Loaded shared library C:\Users\HP\.vscode\extensions\redhat.java-1.13.0-win32-x64\jre\17.0.5-win32-x86_64\bin\nio.dll
Event: 0.910 Loaded shared library C:\Users\HP\.vscode\extensions\redhat.java-1.13.0-win32-x64\jre\17.0.5-win32-x86_64\bin\zip.dll
Event: 1.567 Loaded shared library c:\Users\HP\.vscode\extensions\redhat.java-1.13.0-win32-x64\jre\17.0.5-win32-x86_64\bin\verify.dll
Event: 1.604 Loaded shared library C:\Users\HP\.vscode\extensions\redhat.java-1.13.0-win32-x64\jre\17.0.5-win32-x86_64\bin\jimage.dll
Event: 5.966 Loaded shared library C:\Users\HP\.vscode\extensions\redhat.java-1.13.0-win32-x64\jre\17.0.5-win32-x86_64\bin\management.dll
Event: 5.972 Loaded shared library C:\Users\HP\.vscode\extensions\redhat.java-1.13.0-win32-x64\jre\17.0.5-win32-x86_64\bin\management_ext.dll
Event: 20.630 Loaded shared library C:\Users\HP\.vscode\extensions\redhat.java-1.13.0-win32-x64\jre\17.0.5-win32-x86_64\bin\sunmscapi.dll

Deoptimization events (14 events):
Event: 7.522 Thread 0x000001aa1cafcae0 DEOPT PACKING pc=0x000001aa21429319 sp=0x0000000ece0fd550
Event: 7.522 Thread 0x000001aa1cafcae0 DEOPT UNPACKING pc=0x000001aa20fa2b43 sp=0x0000000ece0fca30 mode 3
Event: 12.876 Thread 0x000001aa1cafcae0 DEOPT PACKING pc=0x000001aa2155d799 sp=0x0000000ece0fc930
Event: 12.876 Thread 0x000001aa1cafcae0 DEOPT UNPACKING pc=0x000001aa20fa2b43 sp=0x0000000ece0fbe10 mode 3
Event: 15.320 Thread 0x000001aa2e92fab0 DEOPT PACKING pc=0x000001aa21652835 sp=0x0000000ed01fe080
Event: 15.320 Thread 0x000001aa2e92fab0 DEOPT UNPACKING pc=0x000001aa20fa2b43 sp=0x0000000ed01fd5a8 mode 3
Event: 15.848 Thread 0x000001aa2e94ad60 DEOPT PACKING pc=0x000001aa216700ab sp=0x0000000ed05fe8a0
Event: 15.848 Thread 0x000001aa2e94ad60 DEOPT UNPACKING pc=0x000001aa20fa2b43 sp=0x0000000ed05fdde8 mode 3
Event: 16.671 Thread 0x000001aa2e90c550 DEOPT PACKING pc=0x000001aa21424801 sp=0x0000000ed00fd920
Event: 16.671 Thread 0x000001aa2e90c550 DEOPT UNPACKING pc=0x000001aa20fa2b43 sp=0x0000000ed00fcdb0 mode 3
Event: 19.888 Thread 0x000001aa2e92fab0 DEOPT PACKING pc=0x000001aa21422a17 sp=0x0000000ed01ff0b0
Event: 19.888 Thread 0x000001aa2e92fab0 DEOPT UNPACKING pc=0x000001aa20fa2b43 sp=0x0000000ed01fe508 mode 3
Event: 20.578 Thread 0x000001aa2e9c62d0 DEOPT PACKING pc=0x000001aa21145a0c sp=0x0000000ed19fe380
Event: 20.578 Thread 0x000001aa2e9c62d0 DEOPT UNPACKING pc=0x000001aa20fa2b43 sp=0x0000000ed19fd848 mode 0

Classes unloaded (0 events):
No events

Classes redefined (0 events):
No events

Internal exceptions (20 events):
Event: 16.697 Thread 0x000001aa2e9c7140 Exception <a 'sun/nio/fs/WindowsException'{0x0000000083fa24d0}> (0x0000000083fa24d0) 
thrown [s\src\hotspot\share\prims\jni.cpp, line 516]
Event: 16.697 Thread 0x000001aa2e9c7140 Exception <a 'sun/nio/fs/WindowsException'{0x0000000083fa2ef0}> (0x0000000083fa2ef0) 
thrown [s\src\hotspot\share\prims\jni.cpp, line 516]
Event: 16.697 Thread 0x000001aa2e9c7140 Exception <a 'sun/nio/fs/WindowsException'{0x0000000083fa32d0}> (0x0000000083fa32d0) 
thrown [s\src\hotspot\share\prims\jni.cpp, line 516]
Event: 19.138 Thread 0x000001aa2e92fab0 Exception <a 'java/lang/NoSuchMethodError'{0x0000000087120670}: 'java.lang.Object java.lang.invoke.Invokers$Holder.invoke_MT(java.lang.Object, java.lang.Object, java.lang.Object)'> (0x0000000087120670) 
thrown [s\src\hotspot\share\interpreter\linkResolver.cpp, line 759]
Event: 19.881 Thread 0x000001aa2e92fab0 Exception <a 'java/lang/NoSuchMethodError'{0x000000008a9b5208}: 'java.lang.Object java.lang.invoke.DirectMethodHandle$Holder.newInvokeSpecial(java.lang.Object, java.lang.Object, int)'> (0x000000008a9b5208) 
thrown [s\src\hotspot\share\interpreter\linkResolver.cpp, line 759]
Event: 20.037 Thread 0x000001aa2e9c62d0 Exception <a 'java/lang/NoSuchMethodError'{0x000000008a745a48}: 'void java.lang.invoke.DirectMethodHandle$Holder.invokeVirtual(java.lang.Object, java.lang.Object, java.lang.Object, java.lang.Object)'> (0x000000008a745a48) 
thrown [s\src\hotspot\share\interpreter\linkResolver.cpp, line 759]
Event: 20.078 Thread 0x000001aa2e9c2440 Exception <a 'java/lang/NoSuchMethodError'{0x000000008a63c808}: 'java.lang.Object java.lang.invoke.Invokers$Holder.linkToTargetMethod(java.lang.Object, long, java.lang.Object)'> (0x000000008a63c808) 
thrown [s\src\hotspot\share\interpreter\linkResolver.cpp, line 759]
Event: 20.388 Thread 0x000001aa2e9c2440 Exception <a 'sun/nio/fs/WindowsException'{0x000000008a33e0a0}> (0x000000008a33e0a0) 
thrown [s\src\hotspot\share\prims\jni.cpp, line 516]
Event: 20.388 Thread 0x000001aa2e9c2440 Exception <a 'sun/nio/fs/WindowsException'{0x000000008a33ec50}> (0x000000008a33ec50) 
thrown [s\src\hotspot\share\prims\jni.cpp, line 516]
Event: 20.388 Thread 0x000001aa2e9c2440 Exception <a 'sun/nio/fs/WindowsException'{0x000000008a33f7b0}> (0x000000008a33f7b0) 
thrown [s\src\hotspot\share\prims\jni.cpp, line 516]
Event: 20.388 Thread 0x000001aa2e9c2440 Exception <a 'sun/nio/fs/WindowsException'{0x000000008a340430}> (0x000000008a340430) 
thrown [s\src\hotspot\share\prims\jni.cpp, line 516]
Event: 20.388 Thread 0x000001aa2e9c2440 Exception <a 'sun/nio/fs/WindowsException'{0x000000008a341118}> (0x000000008a341118) 
thrown [s\src\hotspot\share\prims\jni.cpp, line 516]
Event: 20.393 Thread 0x000001aa2e9c2440 Exception <a 'sun/nio/fs/WindowsException'{0x000000008a3a5698}> (0x000000008a3a5698) 
thrown [s\src\hotspot\share\prims\jni.cpp, line 516]
Event: 20.393 Thread 0x000001aa2e9c2440 Exception <a 'sun/nio/fs/WindowsException'{0x000000008a3a6248}> (0x000000008a3a6248) 
thrown [s\src\hotspot\share\prims\jni.cpp, line 516]
Event: 20.393 Thread 0x000001aa2e9c2440 Exception <a 'sun/nio/fs/WindowsException'{0x000000008a3a6da8}> (0x000000008a3a6da8) 
thrown [s\src\hotspot\share\prims\jni.cpp, line 516]
Event: 20.393 Thread 0x000001aa2e9c2440 Exception <a 'sun/nio/fs/WindowsException'{0x000000008a3a7a28}> (0x000000008a3a7a28) 
thrown [s\src\hotspot\share\prims\jni.cpp, line 516]
Event: 20.393 Thread 0x000001aa2e9c2440 Exception <a 'sun/nio/fs/WindowsException'{0x000000008a3a8710}> (0x000000008a3a8710) 
thrown [s\src\hotspot\share\prims\jni.cpp, line 516]
Event: 20.627 Thread 0x000001aa2e9c2440 Exception <a 'sun/nio/fs/WindowsException'{0x0000000089c63818}> (0x0000000089c63818) 
thrown [s\src\hotspot\share\prims\jni.cpp, line 516]
Event: 20.658 Thread 0x000001aa2e9c62d0 Exception <a 'sun/nio/fs/WindowsException'{0x0000000089ba60c0}> (0x0000000089ba60c0) 
thrown [s\src\hotspot\share\prims\jni.cpp, line 516]
Event: 20.702 Thread 0x000001aa2e9c62d0 Exception <a 'java/lang/NoSuchMethodError'{0x0000000089a44ae0}: 'int java.lang.invoke.DirectMethodHandle$Holder.invokeStaticInit(java.lang.Object, java.lang.Object, java.lang.Object, java.lang.Object)'> (0x0000000089a44ae0) 
thrown [s\src\hotspot\share\interpreter\linkResolver.cpp, line 759]

VM Operations (20 events):
Event: 20.579 Executing VM operation: HandshakeAllThreads done
Event: 20.588 Executing VM operation: HandshakeAllThreads
Event: 20.624 Executing VM operation: HandshakeAllThreads done
Event: 20.659 Executing VM operation: HandshakeAllThreads
Event: 20.659 Executing VM operation: HandshakeAllThreads done
Event: 21.218 Executing VM operation: G1CollectForAllocation
Event: 21.265 Executing VM operation: G1CollectForAllocation done
Event: 21.311 Executing VM operation: G1CollectForAllocation
Event: 21.365 Executing VM operation: G1CollectForAllocation done
Event: 21.366 Executing VM operation: G1CollectForAllocation
Event: 21.393 Executing VM operation: G1CollectForAllocation done
Event: 21.432 Executing VM operation: G1CollectForAllocation
Event: 21.442 Executing VM operation: G1CollectForAllocation done
Event: 21.445 Executing VM operation: HandshakeAllThreads
Event: 21.445 Executing VM operation: HandshakeAllThreads done
Event: 21.448 Executing VM operation: HandshakeAllThreads
Event: 21.448 Executing VM operation: HandshakeAllThreads done
Event: 21.501 Executing VM operation: G1Concurrent
Event: 21.521 Executing VM operation: G1Concurrent done
Event: 21.522 Executing VM operation: G1CollectForAllocation

Events (20 events):
Event: 21.275 loading class java/net/ResponseCache done
Event: 21.280 loading class java/io/FileWriter
Event: 21.280 loading class java/io/FileWriter done
Event: 21.284 loading class java/util/stream/SortedOps
Event: 21.284 loading class java/nio/charset/IllegalCharsetNameException
Event: 21.284 loading class java/util/stream/SortedOps done
Event: 21.284 loading class java/nio/charset/IllegalCharsetNameException done
Event: 21.284 loading class java/util/stream/SortedOps$OfRef
Event: 21.285 loading class java/util/stream/SortedOps$OfRef done
Event: 21.285 loading class java/util/stream/SortedOps$RefSortingSink
Event: 21.285 loading class java/util/stream/SortedOps$AbstractRefSortingSink
Event: 21.285 loading class java/util/stream/SortedOps$AbstractRefSortingSink done
Event: 21.285 loading class java/util/stream/SortedOps$RefSortingSink done
Event: 21.362 Thread 0x000001aa2eaa6fa0 Thread added: 0x000001aa2eaa6fa0
Event: 21.365 loading class java/util/OptionalLong
Event: 21.366 loading class java/util/OptionalLong done
Event: 21.366 loading class java/util/OptionalDouble
Event: 21.366 loading class java/util/OptionalDouble done
Event: 21.520 loading class java/util/JumboEnumSet
Event: 21.520 loading class java/util/JumboEnumSet done


Dynamic libraries:
0x00007ff75e5c0000 - 0x00007ff75e5ce000 	c:\Users\HP\.vscode\extensions\redhat.java-1.13.0-win32-x64\jre\17.0.5-win32-x86_64\bin\java.exe
0x00007ffae9ad0000 - 0x00007ffae9cc8000 	C:\Windows\SYSTEM32\ntdll.dll
0x00007ffae9540000 - 0x00007ffae95ff000 	C:\Windows\System32\KERNEL32.DLL
0x00007ffae7390000 - 0x00007ffae7662000 	C:\Windows\System32\KERNELBASE.dll
0x00007ffae79c0000 - 0x00007ffae7ac0000 	C:\Windows\System32\ucrtbase.dll
0x00007ffac8150000 - 0x00007ffac8167000 	c:\Users\HP\.vscode\extensions\redhat.java-1.13.0-win32-x64\jre\17.0.5-win32-x86_64\bin\jli.dll
0x00007ffae9600000 - 0x00007ffae97a1000 	C:\Windows\System32\USER32.dll
0x00007ffae72d0000 - 0x00007ffae72f2000 	C:\Windows\System32\win32u.dll
0x00007ffae97b0000 - 0x00007ffae97db000 	C:\Windows\System32\GDI32.dll
0x00007ffae71c0000 - 0x00007ffae72cf000 	C:\Windows\System32\gdi32full.dll
0x00007ffae7710000 - 0x00007ffae77ad000 	C:\Windows\System32\msvcp_win.dll
0x00007ffac7b20000 - 0x00007ffac7b39000 	c:\Users\HP\.vscode\extensions\redhat.java-1.13.0-win32-x64\jre\17.0.5-win32-x86_64\bin\VCRUNTIME140.dll
0x00007ffad1520000 - 0x00007ffad17ba000 	C:\Windows\WinSxS\amd64_microsoft.windows.common-controls_6595b64144ccf1df_6.0.19041.1110_none_60b5254171f9507e\COMCTL32.dll
0x00007ffae80d0000 - 0x00007ffae816e000 	C:\Windows\System32\msvcrt.dll
0x00007ffae93e0000 - 0x00007ffae9412000 	C:\Windows\System32\IMM32.DLL
0x00007fface260000 - 0x00007fface26c000 	c:\Users\HP\.vscode\extensions\redhat.java-1.13.0-win32-x64\jre\17.0.5-win32-x86_64\bin\vcruntime140_1.dll
0x00007ffabde90000 - 0x00007ffabdf21000 	c:\Users\HP\.vscode\extensions\redhat.java-1.13.0-win32-x64\jre\17.0.5-win32-x86_64\bin\msvcp140.dll
0x00007ffa9ce20000 - 0x00007ffa9da64000 	c:\Users\HP\.vscode\extensions\redhat.java-1.13.0-win32-x64\jre\17.0.5-win32-x86_64\bin\server\jvm.dll
0x00007ffae87b0000 - 0x00007ffae885e000 	C:\Windows\System32\ADVAPI32.dll
0x00007ffae8860000 - 0x00007ffae88fc000 	C:\Windows\System32\sechost.dll
0x00007ffae97e0000 - 0x00007ffae9905000 	C:\Windows\System32\RPCRT4.dll
0x00007ffae19e0000 - 0x00007ffae19e9000 	C:\Windows\SYSTEM32\WSOCK32.dll
0x00007ffae8900000 - 0x00007ffae896b000 	C:\Windows\System32\WS2_32.dll
0x00007ffacf0d0000 - 0x00007ffacf0f7000 	C:\Windows\SYSTEM32\WINMM.dll
0x00007ffae0830000 - 0x00007ffae083a000 	C:\Windows\SYSTEM32\VERSION.dll
0x00007ffae59d0000 - 0x00007ffae59e2000 	C:\Windows\SYSTEM32\kernel.appcore.dll
0x00007fface200000 - 0x00007fface20a000 	c:\Users\HP\.vscode\extensions\redhat.java-1.13.0-win32-x64\jre\17.0.5-win32-x86_64\bin\jimage.dll
0x00007ffae4df0000 - 0x00007ffae4fd4000 	C:\Windows\SYSTEM32\DBGHELP.DLL
0x00007ffacf840000 - 0x00007ffacf875000 	C:\Windows\SYSTEM32\dbgcore.DLL
0x00007ffae7300000 - 0x00007ffae7382000 	C:\Windows\System32\bcryptPrimitives.dll
0x00007ffabe490000 - 0x00007ffabe4b5000 	c:\Users\HP\.vscode\extensions\redhat.java-1.13.0-win32-x64\jre\17.0.5-win32-x86_64\bin\java.dll
0x00007ffabe090000 - 0x00007ffabe0a8000 	c:\Users\HP\.vscode\extensions\redhat.java-1.13.0-win32-x64\jre\17.0.5-win32-x86_64\bin\zip.dll
0x00007ffae8b20000 - 0x00007ffae9264000 	C:\Windows\System32\SHELL32.dll
0x00007ffae5220000 - 0x00007ffae59b2000 	C:\Windows\SYSTEM32\windows.storage.dll
0x00007ffae7d70000 - 0x00007ffae80c5000 	C:\Windows\System32\combase.dll
0x00007ffae6b40000 - 0x00007ffae6b70000 	C:\Windows\SYSTEM32\Wldp.dll
0x00007ffae8700000 - 0x00007ffae87ad000 	C:\Windows\System32\SHCORE.dll
0x00007ffae92f0000 - 0x00007ffae9345000 	C:\Windows\System32\shlwapi.dll
0x00007ffae7100000 - 0x00007ffae711f000 	C:\Windows\SYSTEM32\profapi.dll
0x00007ffabde00000 - 0x00007ffabde19000 	C:\Users\HP\.vscode\extensions\redhat.java-1.13.0-win32-x64\jre\17.0.5-win32-x86_64\bin\net.dll
0x00007ffade3e0000 - 0x00007ffade4ec000 	C:\Windows\SYSTEM32\WINHTTP.dll
0x00007ffae6920000 - 0x00007ffae698a000 	C:\Windows\system32\mswsock.dll
0x00007ffabdd30000 - 0x00007ffabdd45000 	C:\Users\HP\.vscode\extensions\redhat.java-1.13.0-win32-x64\jre\17.0.5-win32-x86_64\bin\nio.dll
0x00007ffacc5e0000 - 0x00007ffacc5f0000 	c:\Users\HP\.vscode\extensions\redhat.java-1.13.0-win32-x64\jre\17.0.5-win32-x86_64\bin\verify.dll
0x00007ffad2280000 - 0x00007ffad2289000 	C:\Users\HP\.vscode\extensions\redhat.java-1.13.0-win32-x64\jre\17.0.5-win32-x86_64\bin\management.dll
0x00007ffacc790000 - 0x00007ffacc79b000 	C:\Users\HP\.vscode\extensions\redhat.java-1.13.0-win32-x64\jre\17.0.5-win32-x86_64\bin\management_ext.dll
0x00007ffae93d0000 - 0x00007ffae93d8000 	C:\Windows\System32\PSAPI.DLL
0x00007ffac0150000 - 0x00007ffac0167000 	C:\Windows\system32\napinsp.dll
0x00007ffac0130000 - 0x00007ffac014b000 	C:\Windows\system32\pnrpnsp.dll
0x00007ffae1f60000 - 0x00007ffae1f75000 	C:\Windows\system32\wshbth.dll
0x00007ffae4150000 - 0x00007ffae416d000 	C:\Windows\system32\NLAapi.dll
0x00007ffae65e0000 - 0x00007ffae661b000 	C:\Windows\SYSTEM32\IPHLPAPI.DLL
0x00007ffae6620000 - 0x00007ffae66ea000 	C:\Windows\SYSTEM32\DNSAPI.dll
0x00007ffae99f0000 - 0x00007ffae99f8000 	C:\Windows\System32\NSI.dll
0x00007ffac0110000 - 0x00007ffac0122000 	C:\Windows\System32\winrnr.dll
0x00007ffade880000 - 0x00007ffade88a000 	C:\Windows\System32\rasadhlp.dll
0x00007ffadb950000 - 0x00007ffadb9d0000 	C:\Windows\System32\fwpuclnt.dll
0x00007ffae76e0000 - 0x00007ffae7707000 	C:\Windows\System32\bcrypt.dll
0x00007ffae6b80000 - 0x00007ffae6b98000 	C:\Windows\SYSTEM32\CRYPTSP.dll
0x00007ffae61f0000 - 0x00007ffae6224000 	C:\Windows\system32\rsaenh.dll
0x00007ffae70c0000 - 0x00007ffae70ee000 	C:\Windows\SYSTEM32\USERENV.dll
0x00007ffae6ab0000 - 0x00007ffae6abc000 	C:\Windows\SYSTEM32\CRYPTBASE.dll
0x00007ffadfff0000 - 0x00007ffae0007000 	C:\Windows\SYSTEM32\dhcpcsvc6.DLL
0x00007ffadfe30000 - 0x00007ffadfe4d000 	C:\Windows\SYSTEM32\dhcpcsvc.DLL
0x00007ffad0530000 - 0x00007ffad053e000 	C:\Users\HP\.vscode\extensions\redhat.java-1.13.0-win32-x64\jre\17.0.5-win32-x86_64\bin\sunmscapi.dll
0x00007ffae7860000 - 0x00007ffae79b6000 	C:\Windows\System32\CRYPT32.dll
0x00007ffae6c90000 - 0x00007ffae6cb7000 	C:\Windows\SYSTEM32\ncrypt.dll
0x00007ffae6c50000 - 0x00007ffae6c8b000 	C:\Windows\SYSTEM32\NTASN1.dll

dbghelp: loaded successfully - version: 4.0.5 - missing functions: none
symbol engine: initialized successfully - sym options: 0x614 - pdb path: .;c:\Users\HP\.vscode\extensions\redhat.java-1.13.0-win32-x64\jre\17.0.5-win32-x86_64\bin;C:\Windows\SYSTEM32;C:\Windows\WinSxS\amd64_microsoft.windows.common-controls_6595b64144ccf1df_6.0.19041.1110_none_60b5254171f9507e;c:\Users\HP\.vscode\extensions\redhat.java-1.13.0-win32-x64\jre\17.0.5-win32-x86_64\bin\server

VM Arguments:
jvm_args: -Dsts.lsp.client=vscode -Dsts.log.file=/dev/null -XX:TieredStopAtLevel=1 -Xlog:jni+resolve=off -Dspring.config.location=file:c:\Users\HP\.vscode\extensions\pivotal.vscode-spring-boot-1.42.0\language-server\BOOT-INF\classes\application.properties 
java_command: org.springframework.ide.vscode.boot.app.BootLanguageServerBootApp
java_class_path (initial): c:\Users\HP\.vscode\extensions\pivotal.vscode-spring-boot-1.42.0\language-server\BOOT-INF\classes;c:\Users\HP\.vscode\extensions\pivotal.vscode-spring-boot-1.42.0\language-server\BOOT-INF\lib\annotations-23.1.0.jar;c:\Users\HP\.vscode\extensions\pivotal.vscode-spring-boot-1.42.0\language-server\BOOT-INF\lib\ant-1.10.12.jar;c:\Users\HP\.vscode\extensions\pivotal.vscode-spring-boot-1.42.0\language-server\BOOT-INF\lib\ant-launcher-1.10.12.jar;c:\Users\HP\.vscode\extensions\pivotal.vscode-spring-boot-1.42.0\language-server\BOOT-INF\lib\antlr-runtime-3.5.2.jar;c:\Users\HP\.vscode\extensions\pivotal.vscode-spring-boot-1.42.0\language-server\BOOT-INF\lib\antlr4-4.9.3.jar;c:\Users\HP\.vscode\extensions\pivotal.vscode-spring-boot-1.42.0\language-server\BOOT-INF\lib\antlr4-runtime-4.9.3.jar;c:\Users\HP\.vscode\extensions\pivotal.vscode-spring-boot-1.42.0\language-server\BOOT-INF\lib\apiguardian-api-1.1.2.jar;c:\Users\HP\.vscode\extensions\pivotal.vscode-spring-boot-1.42.0\language-server\BOOT-INF\lib\asm-9.4.jar;c:\Users\HP\.vscode\extensions\pivotal.vscode-spring-boot-1.42.0\language-server\BOOT-INF\lib\asm-analysis-9.4.jar;c:\Users\HP\.vscode\extensions\pivotal.vscode-spring-boot-1.42.0\language-server\BOOT-INF\lib\asm-tree-9.4.jar;c:\Users\HP\.vscode\extensions\pivotal.vscode-spring-boot-1.42.0\language-server\BOOT-INF\lib\asm-util-9.4.jar;c:\Users\HP\.vscode\extensions\pivotal.vscode-spring-boot-1.42.0\language-server\BOOT-INF\lib\caffeine-2.9.3.jar;c:\Users\HP\.vscode\extensions\pivotal.vscode-spring-boot-1.42.0\language-server\BOOT-INF\lib\checker-qual-3.12.0.jar;c:\Users\HP\.vscode\extensions\pivotal.vscode-spring-boot-1.42.0\language-server\BOOT-INF\lib\ci-environment-9.1.0.jar;c:\Users\HP\.vscode\extensions\pivotal.vscode-spring-boot-1.42.0\language-server\BOOT-INF\lib\classgraph-4.8.149.jar;c:\Users\HP\.vscode\extensions\pivotal.vscode-spring-boot-1.42.0\language-server\BOOT-INF\lib\commons-codec-1.15.jar;c:\Users\HP\.vscode\extensions\p
Launcher Type: SUN_STANDARD

[Global flags]
     intx CICompilerCount                          = 4                                         {product} {ergonomic}
     uint ConcGCThreads                            = 2                                         {product} {ergonomic}
     uint G1ConcRefinementThreads                  = 8                                         {product} {ergonomic}
   size_t G1HeapRegionSize                         = 1048576                                   {product} {ergonomic}
    uintx GCDrainStackTargetSize                   = 64                                        {product} {ergonomic}
   size_t InitialHeapSize                          = 134217728                                 {product} {ergonomic}
   size_t MarkStackSize                            = 4194304                                   {product} {ergonomic}
   size_t MaxHeapSize                              = 2126512128                                {product} {ergonomic}
   size_t MaxNewSize                               = 1275068416                                {product} {ergonomic}
   size_t MinHeapDeltaBytes                        = 1048576                                   {product} {ergonomic}
   size_t MinHeapSize                              = 8388608                                   {product} {ergonomic}
    uintx NonProfiledCodeHeapSize                  = 0                                      {pd product} {ergonomic}
     bool ProfileInterpreter                       = false                                  {pd product} {command line}
    uintx ProfiledCodeHeapSize                     = 0                                      {pd product} {ergonomic}
   size_t SoftMaxHeapSize                          = 2126512128                             {manageable} {ergonomic}
     intx TieredStopAtLevel                        = 1                                         {product} {command line}
     bool UseCompressedClassPointers               = true                           {product lp64_product} {ergonomic}
     bool UseCompressedOops                        = true                           {product lp64_product} {ergonomic}
     bool UseG1GC                                  = true                                      {product} {ergonomic}
     bool UseLargePagesIndividualAllocation        = false                                  {pd product} {ergonomic}

Logging:
Log output configuration:
 #0: stdout all=warning,jni+resolve=off uptime,level,tags
 #1: stderr all=off uptime,level,tags

Environment Variables:
PATH=C:\Users\HP\bin;C:\Program Files\Git\mingw64\bin;C:\Program Files\Git\usr\local\bin;C:\Program Files\Git\usr\bin;C:\Program Files\Git\usr\bin;C:\Program Files\Git\mingw64\bin;C:\Program Files\Git\usr\bin;C:\Users\HP\bin;C:\Program Files (x86)\Microsoft SDKs\Azure\CLI2\wbin;C:\Windows\system32;C:\Windows;C:\Windows\System32\Wbem;C:\Windows\System32\WindowsPowerShell\v1.0;C:\Windows\System32\OpenSSH;C:\Program Files\Java\jdk-11.0.13\bin;C:\Program Files\Git\cmd;C:\Users\HP\flutter\bin;C:\Users\HP\AppData\Local\Pub\Cache\bin;C:\Program Files\nodejs;C:\Program Files\GitHub CLI;C:\apache2\apache-maven-3.8.4\bin;C:\Program Files\PuTTY;C:\Program Files\Docker\Docker\resources\bin;C:\ProgramData\DockerDesktop\version-bin;C:\Program Files (x86)\Vim\vim90;C:\Program Files\Terraform;C:\Users\HP\AppData\Local\Programs\Python\Python310\Scripts;C:\Users\HP\AppData\Local\Programs\Python\Python310;C:\Program Files\MySQL\MySQL Shell 8.0\bin;C:\Users\HP\AppData\Local\Microsoft\WindowsApps;C:\Users\HP\AppData\Local\Programs\Microsoft VS Code\bin;C:\Users\HP\AppData\Roaming\npm;C:\MinGW\bin;C:\Users\HP\AppData\Local\GitHubDesktop\bin;C:\Program Files\Git\usr\bin\vendor_perl;C:\Program Files\Git\usr\bin\core_perl
USERNAME=HP
SHELL=C:\Program Files\Git\usr\bin\bash.exe
DISPLAY=needs-to-be-defined
LC_CTYPE=en_US.UTF-8
TERM=xterm
TMPDIR=C:\Users\HP\AppData\Local\Temp
OS=Windows_NT
PROCESSOR_IDENTIFIER=Intel64 Family 6 Model 142 Stepping 10, GenuineIntel
TMP=C:\Users\HP\AppData\Local\Temp
TEMP=C:\Users\HP\AppData\Local\Temp



---------------  S Y S T E M  ---------------

OS:
 Windows 10 , 64 bit Build 19041 (10.0.19041.2364)
OS uptime: 3 days 3:18 hours
Hyper-V role detected

CPU: total 8 (initial active 8) (4 cores per cpu, 2 threads per core) family 6 model 142 stepping 10 microcode 0xb4, cx8, cmov, fxsr, ht, mmx, 3dnowpref, sse, sse2, sse3, ssse3, sse4.1, sse4.2, popcnt, lzcnt, tsc, tscinvbit, avx, avx2, aes, erms, clmul, bmi1, bmi2, adx, fma, vzeroupper, clflush, clflushopt, hv

Memory: 4k page, system-wide physical 8107M (623M free)
TotalPageFile size 23373M (AvailPageFile size 365M)
current process WorkingSet (physical memory assigned to process): 264M, peak: 264M
current process commit charge ("private bytes"): 340M, peak: 586M

vm_info: OpenJDK 64-Bit Server VM (17.0.5+8) for windows-amd64 JRE (17.0.5+8), built on Oct 19 2022 04:48:13 by "temurin" with MS VC++ 16.7 (VS2019)

END.
