#
# There is insufficient memory for the Java Runtime Environment to continue.
# Native memory allocation (mmap) failed to map 193986560 bytes for G1 virtual space
# Possible reasons:
#   The system is out of physical RAM or swap space
#   The process is running with CompressedOops enabled, and the Java Heap may be blocking the growth of the native heap
# Possible solutions:
#   Reduce memory load on the system
#   Increase physical memory or swap space
#   Check if swap backing store is full
#   Decrease Java heap size (-Xmx/-Xms)
#   Decrease number of Java threads
#   Decrease Java thread stack sizes (-Xss)
#   Set larger code cache with -XX:ReservedCodeCacheSize=
#   JVM is running with Unscaled Compressed Oops mode in which the Java heap is
#     placed in the first 4GB address space. The Java Heap base address is the
#     maximum limit for the native heap growth. Please use -XX:HeapBaseMinAddress
#     to set the Java Heap base and to place the Java Heap above 4GB virtual address.
# This output file may be truncated or incomplete.
#
#  Out of Memory Error (os_windows.cpp:3548), pid=22744, tid=15336
#
# JRE version: OpenJDK Runtime Environment Temurin-17.0.5+8 (17.0.5+8) (build 17.0.5+8)
# Java VM: OpenJDK 64-Bit Server VM Temurin-17.0.5+8 (17.0.5+8, mixed mode, emulated-client, tiered, compressed oops, compressed class ptrs, g1 gc, windows-amd64)
# No core dump will be written. Minidumps are not enabled by default on client versions of Windows
#

---------------  S U M M A R Y ------------

Command Line: -Dsts.lsp.client=vscode -Dsts.log.file=/dev/null -XX:TieredStopAtLevel=1 -Xlog:jni+resolve=off -Dspring.config.location=file:c:\Users\HP\.vscode\extensions\pivotal.vscode-spring-boot-1.42.0\language-server\BOOT-INF\classes\application.properties org.springframework.ide.vscode.boot.app.BootLanguageServerBootApp

Host: Intel(R) Core(TM) i5-8250U CPU @ 1.60GHz, 8 cores, 7G,  Windows 10 , 64 bit Build 19041 (10.0.19041.2364)
Time: Mon Dec 19 12:55:33 2022 Romance Standard Time elapsed time: 27.560266 seconds (0d 0h 0m 27s)

---------------  T H R E A D  ---------------

Current thread (0x0000020959036f90):  VMThread "VM Thread" [stack: 0x0000000aace00000,0x0000000aacf00000] [id=15336]

Stack: [0x0000000aace00000,0x0000000aacf00000]
Native frames: (J=compiled Java code, j=interpreted, Vv=VM code, C=native code)
V  [jvm.dll+0x676b3a]
V  [jvm.dll+0x831444]
V  [jvm.dll+0x832bee]
V  [jvm.dll+0x833253]
V  [jvm.dll+0x244ce5]
V  [jvm.dll+0x673a49]
V  [jvm.dll+0x66811a]
V  [jvm.dll+0x303ceb]
V  [jvm.dll+0x30b1e6]
V  [jvm.dll+0x35adbe]
V  [jvm.dll+0x35afef]
V  [jvm.dll+0x2dab88]
V  [jvm.dll+0x2d8e3c]
V  [jvm.dll+0x2d840c]
V  [jvm.dll+0x31c31b]
V  [jvm.dll+0x8376fb]
V  [jvm.dll+0x838434]
V  [jvm.dll+0x83894c]
V  [jvm.dll+0x838d24]
V  [jvm.dll+0x838df0]
V  [jvm.dll+0x7e17ea]
V  [jvm.dll+0x6759e5]
C  [ucrtbase.dll+0x21bb2]
C  [KERNEL32.DLL+0x17614]
C  [ntdll.dll+0x526a1]

VM_Operation (0x0000000aaf2fd850): G1CollectForAllocation, mode: safepoint, requested by thread 0x000002095bc52bb0


---------------  P R O C E S S  ---------------

Threads class SMR info:
_java_thread_list=0x000002095d745e60, length=49, elements={
0x000002095904c730, 0x000002095904d4b0, 0x0000020959066270, 0x0000020959c16400,
0x0000020959c16cc0, 0x0000020959c17580, 0x0000020959c17ef0, 0x0000020959c187f0,
0x0000020959e1cf40, 0x0000020959e298a0, 0x0000020959e311e0, 0x000002095b0070b0,
0x000002095b67b7f0, 0x000002095b86e150, 0x000002095b8d8e10, 0x0000020949bbdf00,
0x0000020959c88e80, 0x0000020959d7c880, 0x000002095b9e9880, 0x000002095b9ea560,
0x000002095ba0e3b0, 0x000002095ba0d540, 0x000002095ba0da10, 0x000002095ba0dee0,
0x000002095ba0d070, 0x000002095ba0e880, 0x000002095bc52bb0, 0x000002095bc51870,
0x000002095bc51d40, 0x000002095bc55700, 0x000002095bc50a00, 0x000002095bc54890,
0x000002095bc53ef0, 0x000002095bc560a0, 0x000002095bc53080, 0x000002095bc52210,
0x000002095bc50ed0, 0x000002095bc513a0, 0x000002095bc526e0, 0x000002095bc55230,
0x000002095bc50530, 0x000002095bc53550, 0x000002095bc578b0, 0x000002095bc53a20,
0x000002095bc543c0, 0x000002095bc54d60, 0x000002095bc55bd0, 0x000002095bc50060,
0x000002095d6e1850
}

Java Threads: ( => current thread )
  0x000002095904c730 JavaThread "Reference Handler" daemon [_thread_blocked, id=19744, stack(0x0000000aacf00000,0x0000000aad000000)]
  0x000002095904d4b0 JavaThread "Finalizer" daemon [_thread_blocked, id=23056, stack(0x0000000aad000000,0x0000000aad100000)]
  0x0000020959066270 JavaThread "Signal Dispatcher" daemon [_thread_blocked, id=25512, stack(0x0000000aad100000,0x0000000aad200000)]
  0x0000020959c16400 JavaThread "Attach Listener" daemon [_thread_blocked, id=23308, stack(0x0000000aad200000,0x0000000aad300000)]
  0x0000020959c16cc0 JavaThread "Service Thread" daemon [_thread_blocked, id=12316, stack(0x0000000aad300000,0x0000000aad400000)]
  0x0000020959c17580 JavaThread "Monitor Deflation Thread" daemon [_thread_blocked, id=23864, stack(0x0000000aad400000,0x0000000aad500000)]
  0x0000020959c17ef0 JavaThread "C1 CompilerThread0" daemon [_thread_blocked, id=21428, stack(0x0000000aad500000,0x0000000aad600000)]
  0x0000020959c187f0 JavaThread "Sweeper thread" daemon [_thread_blocked, id=25088, stack(0x0000000aad600000,0x0000000aad700000)]
  0x0000020959e1cf40 JavaThread "C1 CompilerThread1" daemon [_thread_blocked, id=23128, stack(0x0000000aad700000,0x0000000aad800000)]
  0x0000020959e298a0 JavaThread "Notification Thread" daemon [_thread_blocked, id=21704, stack(0x0000000aad800000,0x0000000aad900000)]
  0x0000020959e311e0 JavaThread "Common-Cleaner" daemon [_thread_blocked, id=25524, stack(0x0000000aada00000,0x0000000aadb00000)]
  0x000002095b0070b0 JavaThread "C1 CompilerThread2" daemon [_thread_blocked, id=23312, stack(0x0000000aadb00000,0x0000000aadc00000)]
  0x000002095b67b7f0 JavaThread "boundedElastic-evictor-1" daemon [_thread_blocked, id=13508, stack(0x0000000aae400000,0x0000000aae500000)]
  0x000002095b86e150 JavaThread "pool-11-thread-1" [_thread_blocked, id=23764, stack(0x0000000aadc00000,0x0000000aadd00000)]
  0x000002095b8d8e10 JavaThread "LanguageServerApp-lifecycle" [_thread_blocked, id=24360, stack(0x0000000aae600000,0x0000000aae700000)]
  0x0000020949bbdf00 JavaThread "DestroyJavaVM" [_thread_blocked, id=15460, stack(0x0000000aac800000,0x0000000aac900000)]
  0x0000020959c88e80 JavaThread "pool-12-thread-1" [_thread_in_native, id=24752, stack(0x0000000aae700000,0x0000000aae800000)]
  0x0000020959d7c880 JavaThread "Simple-Language-Server main thread" daemon [_thread_blocked, id=24280, stack(0x0000000aae800000,0x0000000aae900000)]
  0x000002095b9e9880 JavaThread "pool-8-thread-1" [_thread_blocked, id=24036, stack(0x0000000aae900000,0x0000000aaea00000)]
  0x000002095b9ea560 JavaThread "parallel-1" daemon [_thread_blocked, id=23920, stack(0x0000000aaea00000,0x0000000aaeb00000)]
  0x000002095ba0e3b0 JavaThread "parallel-2" daemon [_thread_blocked, id=18896, stack(0x0000000aaeb00000,0x0000000aaec00000)]
  0x000002095ba0d540 JavaThread "Reconciler-1" daemon [_thread_blocked, id=24616, stack(0x0000000aaec00000,0x0000000aaed00000)]
  0x000002095ba0da10 JavaThread "ForkJoinPool.commonPool-worker-1" daemon [_thread_blocked, id=25260, stack(0x0000000aaed00000,0x0000000aaee00000)]
  0x000002095ba0dee0 JavaThread "pool-5-thread-1" [_thread_blocked, id=20436, stack(0x0000000aaee00000,0x0000000aaef00000)]
  0x000002095ba0d070 JavaThread "pool-5-thread-2" [_thread_blocked, id=25584, stack(0x0000000aaef00000,0x0000000aaf000000)]
  0x000002095ba0e880 JavaThread "parallel-3" daemon [_thread_blocked, id=23592, stack(0x0000000aaf000000,0x0000000aaf100000)]
  0x000002095bc52bb0 JavaThread "ClassGraph-worker-0" daemon [_thread_blocked, id=21372, stack(0x0000000aaf200000,0x0000000aaf300000)]
  0x000002095bc51870 JavaThread "ClassGraph-worker-1" daemon [_thread_blocked, id=24380, stack(0x0000000aaf300000,0x0000000aaf400000)]
  0x000002095bc51d40 JavaThread "ClassGraph-worker-2" daemon [_thread_blocked, id=23388, stack(0x0000000aaf400000,0x0000000aaf500000)]
  0x000002095bc55700 JavaThread "ClassGraph-worker-3" daemon [_thread_blocked, id=9568, stack(0x0000000aaf500000,0x0000000aaf600000)]
  0x000002095bc50a00 JavaThread "ClassGraph-worker-4" daemon [_thread_blocked, id=24620, stack(0x0000000aaf600000,0x0000000aaf700000)]
  0x000002095bc54890 JavaThread "ClassGraph-worker-5" daemon [_thread_blocked, id=22580, stack(0x0000000aaf700000,0x0000000aaf800000)]
  0x000002095bc53ef0 JavaThread "ClassGraph-worker-6" daemon [_thread_blocked, id=25280, stack(0x0000000aaf800000,0x0000000aaf900000)]
  0x000002095bc560a0 JavaThread "ClassGraph-worker-7" daemon [_thread_blocked, id=22728, stack(0x0000000aaf900000,0x0000000aafa00000)]
  0x000002095bc53080 JavaThread "ClassGraph-worker-8" daemon [_thread_blocked, id=7376, stack(0x0000000aafa00000,0x0000000aafb00000)]
  0x000002095bc52210 JavaThread "ClassGraph-worker-9" daemon [_thread_blocked, id=22944, stack(0x0000000aafb00000,0x0000000aafc00000)]
  0x000002095bc50ed0 JavaThread "ClassGraph-worker-10" daemon [_thread_blocked, id=24416, stack(0x0000000aafc00000,0x0000000aafd00000)]
  0x000002095bc513a0 JavaThread "ClassGraph-worker-11" daemon [_thread_blocked, id=22100, stack(0x0000000aafd00000,0x0000000aafe00000)]
  0x000002095bc526e0 JavaThread "ClassGraph-worker-12" daemon [_thread_blocked, id=23040, stack(0x0000000aafe00000,0x0000000aaff00000)]
  0x000002095bc55230 JavaThread "ClassGraph-worker-13" daemon [_thread_blocked, id=8128, stack(0x0000000aaff00000,0x0000000ab0000000)]
  0x000002095bc50530 JavaThread "pool-6-thread-1" [_thread_blocked, id=21752, stack(0x0000000aaf100000,0x0000000aaf200000)]
  0x000002095bc53550 JavaThread "pool-10-thread-1" [_thread_blocked, id=20844, stack(0x0000000ab0000000,0x0000000ab0100000)]
  0x000002095bc578b0 JavaThread "pool-10-thread-2" [_thread_blocked, id=23156, stack(0x0000000ab0100000,0x0000000ab0200000)]
  0x000002095bc53a20 JavaThread "parallel-4" daemon [_thread_blocked, id=23836, stack(0x0000000ab0200000,0x0000000ab0300000)]
  0x000002095bc543c0 JavaThread "parallel-5" daemon [_thread_blocked, id=25048, stack(0x0000000ab0300000,0x0000000ab0400000)]
  0x000002095bc54d60 JavaThread "parallel-6" daemon [_thread_blocked, id=23596, stack(0x0000000ab0400000,0x0000000ab0500000)]
  0x000002095bc55bd0 JavaThread "Project-Reconciler-1" daemon [_thread_blocked, id=22980, stack(0x0000000ab0500000,0x0000000ab0600000)]
  0x000002095bc50060 JavaThread "pool-10-thread-3" [_thread_blocked, id=24596, stack(0x0000000ab0600000,0x0000000ab0700000)]
  0x000002095d6e1850 JavaThread "C1 CompilerThread3" daemon [_thread_blocked, id=21964, stack(0x0000000ab0800000,0x0000000ab0900000)]

Other Threads:
=>0x0000020959036f90 VMThread "VM Thread" [stack: 0x0000000aace00000,0x0000000aacf00000] [id=15336]
  0x0000020959e2bd80 WatcherThread [stack: 0x0000000aad900000,0x0000000aada00000] [id=17196]
  0x000002094bcb6dd0 GCTaskThread "GC Thread#0" [stack: 0x0000000aac900000,0x0000000aaca00000] [id=23880]
  0x000002095b03df20 GCTaskThread "GC Thread#1" [stack: 0x0000000aadd00000,0x0000000aade00000] [id=18128]
  0x000002095b061130 GCTaskThread "GC Thread#2" [stack: 0x0000000aade00000,0x0000000aadf00000] [id=24136]
  0x000002095b061620 GCTaskThread "GC Thread#3" [stack: 0x0000000aadf00000,0x0000000aae000000] [id=24868]
  0x000002095b093f40 GCTaskThread "GC Thread#4" [stack: 0x0000000aae000000,0x0000000aae100000] [id=24904]
  0x000002095b0941f0 GCTaskThread "GC Thread#5" [stack: 0x0000000aae100000,0x0000000aae200000] [id=24236]
  0x0000020959cca0a0 GCTaskThread "GC Thread#6" [stack: 0x0000000aae200000,0x0000000aae300000] [id=5128]
  0x0000020959cca350 GCTaskThread "GC Thread#7" [stack: 0x0000000aae300000,0x0000000aae400000] [id=24672]
  0x000002094bcc79a0 ConcurrentGCThread "G1 Main Marker" [stack: 0x0000000aaca00000,0x0000000aacb00000] [id=23992]
  0x000002094bcc82c0 ConcurrentGCThread "G1 Conc#0" [stack: 0x0000000aacb00000,0x0000000aacc00000] [id=25532]
  0x000002095b2162d0 ConcurrentGCThread "G1 Conc#1" [stack: 0x0000000aae500000,0x0000000aae600000] [id=12112]
  0x000002094bd1d760 ConcurrentGCThread "G1 Refine#0" [stack: 0x0000000aacc00000,0x0000000aacd00000] [id=24104]
  0x000002095d9c7a60 ConcurrentGCThread "G1 Refine#1" [stack: 0x0000000ab0700000,0x0000000ab0800000] [id=18488]
  0x000002095d9c74a0 ConcurrentGCThread "G1 Refine#2" [stack: 0x0000000ab0900000,0x0000000ab0a00000] [id=24604]
  0x000002094bd1e090 ConcurrentGCThread "G1 Service" [stack: 0x0000000aacd00000,0x0000000aace00000] [id=12604]

Threads with active compile tasks:

VM state: at safepoint (normal execution)

VM Mutex/Monitor currently owned by a thread:  ([mutex/lock_event])
[0x0000020949afe3e0] Threads_lock - owner thread: 0x0000020959036f90
[0x0000020949bbc540] Heap_lock - owner thread: 0x000002095bc52bb0

Heap address: 0x0000000081400000, size: 2028 MB, Compressed Oops mode: 32-bit

CDS archive(s) not mapped
Compressed class space mapped at: 0x0000000100000000-0x0000000140000000, reserved size: 1073741824
Narrow klass base: 0x0000000000000000, Narrow klass shift: 3, Narrow klass range: 0x140000000

GC Precious Log:
 CPUs: 8 total, 8 available
 Memory: 8107M
 Large Page Support: Disabled
 NUMA Support: Disabled
 Compressed Oops: Enabled (32-bit)
 Heap Region Size: 1M
 Heap Min Capacity: 8M
 Heap Initial Capacity: 128M
 Heap Max Capacity: 2028M
 Pre-touch: Disabled
 Parallel Workers: 8
 Concurrent Workers: 2
 Concurrent Refinement Workers: 8
 Periodic GC: Disabled

Heap:
 garbage-first heap   total 166912K, used 83936K [0x0000000081400000, 0x0000000100000000)
  region size 1024K, 4 young (4096K), 4 survivors (4096K)
 Metaspace       used 43464K, committed 43840K, reserved 1089536K
  class space    used 5593K, committed 5760K, reserved 1048576K

Heap Regions: E=young(eden), S=young(survivor), O=old, HS=humongous(starts), HC=humongous(continues), CS=collection set, F=free, OA=open archive, CA=closed archive, TAMS=top-at-mark-start (previous, next)
|   0|0x0000000081400000, 0x0000000081500000, 0x0000000081500000|100%| O|  |TAMS 0x0000000081500000, 0x0000000081500000| Untracked 
|   1|0x0000000081500000, 0x0000000081600000, 0x0000000081600000|100%| O|  |TAMS 0x0000000081600000, 0x0000000081600000| Untracked 
|   2|0x0000000081600000, 0x0000000081700000, 0x0000000081700000|100%| O|  |TAMS 0x0000000081700000, 0x0000000081700000| Untracked 
|   3|0x0000000081700000, 0x0000000081800000, 0x0000000081800000|100%| O|  |TAMS 0x0000000081800000, 0x0000000081800000| Untracked 
|   4|0x0000000081800000, 0x0000000081900000, 0x0000000081900000|100%| O|  |TAMS 0x0000000081900000, 0x0000000081900000| Untracked 
|   5|0x0000000081900000, 0x0000000081a00000, 0x0000000081a00000|100%| O|  |TAMS 0x0000000081a00000, 0x0000000081a00000| Untracked 
|   6|0x0000000081a00000, 0x0000000081b00000, 0x0000000081b00000|100%| O|  |TAMS 0x0000000081b00000, 0x0000000081b00000| Untracked 
|   7|0x0000000081b00000, 0x0000000081c00000, 0x0000000081c00000|100%| O|  |TAMS 0x0000000081c00000, 0x0000000081c00000| Untracked 
|   8|0x0000000081c00000, 0x0000000081d00000, 0x0000000081d00000|100%| O|  |TAMS 0x0000000081c00000, 0x0000000081d00000| Untracked 
|   9|0x0000000081d00000, 0x0000000081e00000, 0x0000000081e00000|100%| O|  |TAMS 0x0000000081e00000, 0x0000000081e00000| Untracked 
|  10|0x0000000081e00000, 0x0000000081f00000, 0x0000000081f00000|100%| O|  |TAMS 0x0000000081f00000, 0x0000000081f00000| Untracked 
|  11|0x0000000081f00000, 0x0000000082000000, 0x0000000082000000|100%|HS|  |TAMS 0x0000000081f00000, 0x0000000082000000| Complete 
|  12|0x0000000082000000, 0x0000000082100000, 0x0000000082100000|100%| O|  |TAMS 0x0000000082100000, 0x0000000082100000| Untracked 
|  13|0x0000000082100000, 0x0000000082200000, 0x0000000082200000|100%| O|  |TAMS 0x0000000082200000, 0x0000000082200000| Untracked 
|  14|0x0000000082200000, 0x0000000082300000, 0x0000000082300000|100%| O|  |TAMS 0x0000000082300000, 0x0000000082300000| Untracked 
|  15|0x0000000082300000, 0x0000000082400000, 0x0000000082400000|100%| O|  |TAMS 0x0000000082400000, 0x0000000082400000| Untracked 
|  16|0x0000000082400000, 0x0000000082500000, 0x0000000082500000|100%| O|  |TAMS 0x0000000082500000, 0x0000000082500000| Untracked 
|  17|0x0000000082500000, 0x0000000082600000, 0x0000000082600000|100%| O|  |TAMS 0x0000000082600000, 0x0000000082600000| Untracked 
|  18|0x0000000082600000, 0x0000000082700000, 0x0000000082700000|100%| O|  |TAMS 0x0000000082700000, 0x0000000082700000| Untracked 
|  19|0x0000000082700000, 0x0000000082800000, 0x0000000082800000|100%| O|  |TAMS 0x0000000082800000, 0x0000000082800000| Untracked 
|  20|0x0000000082800000, 0x0000000082900000, 0x0000000082900000|100%| O|  |TAMS 0x0000000082900000, 0x0000000082900000| Untracked 
|  21|0x0000000082900000, 0x0000000082a00000, 0x0000000082a00000|100%| O|  |TAMS 0x0000000082a00000, 0x0000000082a00000| Untracked 
|  22|0x0000000082a00000, 0x0000000082b00000, 0x0000000082b00000|100%| O|  |TAMS 0x0000000082b00000, 0x0000000082b00000| Untracked 
|  23|0x0000000082b00000, 0x0000000082c00000, 0x0000000082c00000|100%| O|  |TAMS 0x0000000082c00000, 0x0000000082c00000| Untracked 
|  24|0x0000000082c00000, 0x0000000082d00000, 0x0000000082d00000|100%| O|  |TAMS 0x0000000082d00000, 0x0000000082d00000| Untracked 
|  25|0x0000000082d00000, 0x0000000082e00000, 0x0000000082e00000|100%| O|  |TAMS 0x0000000082e00000, 0x0000000082e00000| Untracked 
|  26|0x0000000082e00000, 0x0000000082f00000, 0x0000000082f00000|100%| O|  |TAMS 0x0000000082f00000, 0x0000000082f00000| Untracked 
|  27|0x0000000082f00000, 0x0000000083000000, 0x0000000083000000|100%| O|  |TAMS 0x0000000083000000, 0x0000000083000000| Untracked 
|  28|0x0000000083000000, 0x0000000083100000, 0x0000000083100000|100%| O|  |TAMS 0x0000000083100000, 0x0000000083100000| Untracked 
|  29|0x0000000083100000, 0x0000000083200000, 0x0000000083200000|100%| O|  |TAMS 0x0000000083200000, 0x0000000083200000| Untracked 
|  30|0x0000000083200000, 0x0000000083300000, 0x0000000083300000|100%| O|  |TAMS 0x0000000083300000, 0x0000000083300000| Untracked 
|  31|0x0000000083300000, 0x0000000083400000, 0x0000000083400000|100%| O|  |TAMS 0x0000000083400000, 0x0000000083400000| Untracked 
|  32|0x0000000083400000, 0x0000000083500000, 0x0000000083500000|100%| O|  |TAMS 0x0000000083500000, 0x0000000083500000| Untracked 
|  33|0x0000000083500000, 0x0000000083600000, 0x0000000083600000|100%| O|  |TAMS 0x0000000083600000, 0x0000000083600000| Untracked 
|  34|0x0000000083600000, 0x0000000083700000, 0x0000000083700000|100%| O|  |TAMS 0x0000000083700000, 0x0000000083700000| Untracked 
|  35|0x0000000083700000, 0x0000000083800000, 0x0000000083800000|100%| O|  |TAMS 0x0000000083800000, 0x0000000083800000| Untracked 
|  36|0x0000000083800000, 0x0000000083900000, 0x0000000083900000|100%| O|  |TAMS 0x0000000083900000, 0x0000000083900000| Untracked 
|  37|0x0000000083900000, 0x0000000083a00000, 0x0000000083a00000|100%| O|  |TAMS 0x0000000083a00000, 0x0000000083a00000| Untracked 
|  38|0x0000000083a00000, 0x0000000083b00000, 0x0000000083b00000|100%| O|  |TAMS 0x0000000083ac7400, 0x0000000083b00000| Untracked 
|  39|0x0000000083b00000, 0x0000000083c00000, 0x0000000083c00000|100%| O|  |TAMS 0x0000000083b00000, 0x0000000083c00000| Untracked 
|  40|0x0000000083c00000, 0x0000000083d00000, 0x0000000083d00000|100%|HS|  |TAMS 0x0000000083c00000, 0x0000000083d00000| Complete 
|  41|0x0000000083d00000, 0x0000000083e00000, 0x0000000083e00000|100%| O|  |TAMS 0x0000000083d00000, 0x0000000083e00000| Untracked 
|  42|0x0000000083e00000, 0x0000000083f00000, 0x0000000083f00000|100%| O|  |TAMS 0x0000000083e00000, 0x0000000083f00000| Untracked 
|  43|0x0000000083f00000, 0x0000000084000000, 0x0000000084000000|100%| O|  |TAMS 0x0000000083f00000, 0x0000000084000000| Untracked 
|  44|0x0000000084000000, 0x0000000084100000, 0x0000000084100000|100%| O|  |TAMS 0x0000000084000000, 0x0000000084100000| Untracked 
|  45|0x0000000084100000, 0x0000000084200000, 0x0000000084200000|100%| O|  |TAMS 0x0000000084100000, 0x0000000084200000| Untracked 
|  46|0x0000000084200000, 0x0000000084300000, 0x0000000084300000|100%| O|  |TAMS 0x0000000084200000, 0x0000000084300000| Untracked 
|  47|0x0000000084300000, 0x0000000084400000, 0x0000000084400000|100%| O|  |TAMS 0x0000000084300000, 0x0000000084400000| Untracked 
|  48|0x0000000084400000, 0x0000000084500000, 0x0000000084500000|100%| O|  |TAMS 0x0000000084400000, 0x0000000084500000| Untracked 
|  49|0x0000000084500000, 0x0000000084600000, 0x0000000084600000|100%| O|  |TAMS 0x0000000084500000, 0x0000000084600000| Untracked 
|  50|0x0000000084600000, 0x0000000084700000, 0x0000000084700000|100%| O|  |TAMS 0x0000000084600000, 0x0000000084700000| Untracked 
|  51|0x0000000084700000, 0x0000000084800000, 0x0000000084800000|100%| O|  |TAMS 0x0000000084700000, 0x0000000084800000| Untracked 
|  52|0x0000000084800000, 0x0000000084900000, 0x0000000084900000|100%| O|  |TAMS 0x0000000084800000, 0x0000000084900000| Untracked 
|  53|0x0000000084900000, 0x0000000084a00000, 0x0000000084a00000|100%| O|  |TAMS 0x0000000084900000, 0x0000000084a00000| Untracked 
|  54|0x0000000084a00000, 0x0000000084b00000, 0x0000000084b00000|100%| O|  |TAMS 0x0000000084a00000, 0x0000000084b00000| Untracked 
|  55|0x0000000084b00000, 0x0000000084c00000, 0x0000000084c00000|100%| O|  |TAMS 0x0000000084b00000, 0x0000000084c00000| Untracked 
|  56|0x0000000084c00000, 0x0000000084d00000, 0x0000000084d00000|100%| O|  |TAMS 0x0000000084c00000, 0x0000000084d00000| Untracked 
|  57|0x0000000084d00000, 0x0000000084e00000, 0x0000000084e00000|100%| O|  |TAMS 0x0000000084d00000, 0x0000000084e00000| Untracked 
|  58|0x0000000084e00000, 0x0000000084f00000, 0x0000000084f00000|100%| O|  |TAMS 0x0000000084e00000, 0x0000000084f00000| Untracked 
|  59|0x0000000084f00000, 0x0000000085000000, 0x0000000085000000|100%| O|  |TAMS 0x0000000084f00000, 0x0000000085000000| Untracked 
|  60|0x0000000085000000, 0x0000000085100000, 0x0000000085100000|100%| O|  |TAMS 0x0000000085000000, 0x0000000085100000| Untracked 
|  61|0x0000000085100000, 0x0000000085200000, 0x0000000085200000|100%| O|  |TAMS 0x0000000085100000, 0x0000000085200000| Untracked 
|  62|0x0000000085200000, 0x0000000085300000, 0x0000000085300000|100%| O|  |TAMS 0x0000000085200000, 0x0000000085300000| Untracked 
|  63|0x0000000085300000, 0x0000000085400000, 0x0000000085400000|100%| O|  |TAMS 0x0000000085300000, 0x0000000085400000| Untracked 
|  64|0x0000000085400000, 0x0000000085500000, 0x0000000085500000|100%| O|  |TAMS 0x0000000085400000, 0x0000000085500000| Untracked 
|  65|0x0000000085500000, 0x0000000085600000, 0x0000000085600000|100%| O|  |TAMS 0x0000000085500000, 0x0000000085600000| Untracked 
|  66|0x0000000085600000, 0x0000000085700000, 0x0000000085700000|100%| O|  |TAMS 0x0000000085600000, 0x0000000085700000| Untracked 
|  67|0x0000000085700000, 0x0000000085800000, 0x0000000085800000|100%| O|  |TAMS 0x0000000085700000, 0x0000000085800000| Untracked 
|  68|0x0000000085800000, 0x0000000085900000, 0x0000000085900000|100%| O|  |TAMS 0x0000000085800000, 0x0000000085900000| Untracked 
|  69|0x0000000085900000, 0x0000000085a00000, 0x0000000085a00000|100%| O|  |TAMS 0x0000000085900000, 0x0000000085a00000| Untracked 
|  70|0x0000000085a00000, 0x0000000085b00000, 0x0000000085b00000|100%| O|  |TAMS 0x0000000085a00000, 0x0000000085b00000| Untracked 
|  71|0x0000000085b00000, 0x0000000085c00000, 0x0000000085c00000|100%| O|  |TAMS 0x0000000085b00000, 0x0000000085c00000| Untracked 
|  72|0x0000000085c00000, 0x0000000085d00000, 0x0000000085d00000|100%| O|  |TAMS 0x0000000085c00000, 0x0000000085d00000| Untracked 
|  73|0x0000000085d00000, 0x0000000085e00000, 0x0000000085e00000|100%| O|  |TAMS 0x0000000085d00000, 0x0000000085e00000| Untracked 
|  74|0x0000000085e00000, 0x0000000085f00000, 0x0000000085f00000|100%| O|  |TAMS 0x0000000085e00000, 0x0000000085f00000| Untracked 
|  75|0x0000000085f00000, 0x0000000086000000, 0x0000000086000000|100%| O|  |TAMS 0x0000000085f00000, 0x0000000086000000| Untracked 
|  76|0x0000000086000000, 0x0000000086100000, 0x0000000086100000|100%| O|  |TAMS 0x0000000086000000, 0x0000000086100000| Untracked 
|  77|0x0000000086100000, 0x0000000086200000, 0x0000000086200000|100%| O|  |TAMS 0x0000000086100000, 0x0000000086200000| Untracked 
|  78|0x0000000086200000, 0x000000008628a200, 0x0000000086300000| 53%| O|  |TAMS 0x0000000086200000, 0x000000008628a200| Untracked 
|  79|0x0000000086300000, 0x0000000086300000, 0x0000000086400000|  0%| F|  |TAMS 0x0000000086300000, 0x0000000086300000| Untracked 
|  80|0x0000000086400000, 0x0000000086400000, 0x0000000086500000|  0%| F|  |TAMS 0x0000000086400000, 0x0000000086400000| Untracked 
|  81|0x0000000086500000, 0x0000000086500000, 0x0000000086600000|  0%| F|  |TAMS 0x0000000086500000, 0x0000000086500000| Untracked 
|  82|0x0000000086600000, 0x0000000086600000, 0x0000000086700000|  0%| F|  |TAMS 0x0000000086600000, 0x0000000086600000| Untracked 
|  83|0x0000000086700000, 0x0000000086700000, 0x0000000086800000|  0%| F|  |TAMS 0x0000000086700000, 0x0000000086700000| Untracked 
|  84|0x0000000086800000, 0x0000000086800000, 0x0000000086900000|  0%| F|  |TAMS 0x0000000086800000, 0x0000000086800000| Untracked 
|  85|0x0000000086900000, 0x0000000086900000, 0x0000000086a00000|  0%| F|  |TAMS 0x0000000086900000, 0x0000000086900000| Untracked 
|  86|0x0000000086a00000, 0x0000000086a00000, 0x0000000086b00000|  0%| F|  |TAMS 0x0000000086a00000, 0x0000000086a00000| Untracked 
|  87|0x0000000086b00000, 0x0000000086b00000, 0x0000000086c00000|  0%| F|  |TAMS 0x0000000086b00000, 0x0000000086b00000| Untracked 
|  88|0x0000000086c00000, 0x0000000086c00000, 0x0000000086d00000|  0%| F|  |TAMS 0x0000000086c00000, 0x0000000086c00000| Untracked 
|  89|0x0000000086d00000, 0x0000000086d00000, 0x0000000086e00000|  0%| F|  |TAMS 0x0000000086d00000, 0x0000000086d00000| Untracked 
|  90|0x0000000086e00000, 0x0000000086e00000, 0x0000000086f00000|  0%| F|  |TAMS 0x0000000086e00000, 0x0000000086e00000| Untracked 
|  91|0x0000000086f00000, 0x0000000086f00000, 0x0000000087000000|  0%| F|  |TAMS 0x0000000086f00000, 0x0000000086f00000| Untracked 
|  92|0x0000000087000000, 0x0000000087000000, 0x0000000087100000|  0%| F|  |TAMS 0x0000000087000000, 0x0000000087000000| Untracked 
|  93|0x0000000087100000, 0x0000000087100000, 0x0000000087200000|  0%| F|  |TAMS 0x0000000087100000, 0x0000000087100000| Untracked 
|  94|0x0000000087200000, 0x0000000087200000, 0x0000000087300000|  0%| F|  |TAMS 0x0000000087200000, 0x0000000087200000| Untracked 
|  95|0x0000000087300000, 0x0000000087300000, 0x0000000087400000|  0%| F|  |TAMS 0x0000000087300000, 0x0000000087300000| Untracked 
|  96|0x0000000087400000, 0x0000000087400000, 0x0000000087500000|  0%| F|  |TAMS 0x0000000087400000, 0x0000000087400000| Untracked 
|  97|0x0000000087500000, 0x0000000087500000, 0x0000000087600000|  0%| F|  |TAMS 0x0000000087500000, 0x0000000087500000| Untracked 
|  98|0x0000000087600000, 0x0000000087600000, 0x0000000087700000|  0%| F|  |TAMS 0x0000000087600000, 0x0000000087600000| Untracked 
|  99|0x0000000087700000, 0x0000000087700000, 0x0000000087800000|  0%| F|  |TAMS 0x0000000087700000, 0x0000000087700000| Untracked 
| 100|0x0000000087800000, 0x0000000087800000, 0x0000000087900000|  0%| F|  |TAMS 0x0000000087800000, 0x0000000087800000| Untracked 
| 101|0x0000000087900000, 0x0000000087900000, 0x0000000087a00000|  0%| F|  |TAMS 0x0000000087900000, 0x0000000087900000| Untracked 
| 102|0x0000000087a00000, 0x0000000087a00000, 0x0000000087b00000|  0%| F|  |TAMS 0x0000000087a00000, 0x0000000087a00000| Untracked 
| 103|0x0000000087b00000, 0x0000000087b00000, 0x0000000087c00000|  0%| F|  |TAMS 0x0000000087b00000, 0x0000000087b00000| Untracked 
| 104|0x0000000087c00000, 0x0000000087c00000, 0x0000000087d00000|  0%| F|  |TAMS 0x0000000087c00000, 0x0000000087c00000| Untracked 
| 105|0x0000000087d00000, 0x0000000087d00000, 0x0000000087e00000|  0%| F|  |TAMS 0x0000000087d00000, 0x0000000087d00000| Untracked 
| 106|0x0000000087e00000, 0x0000000087e00000, 0x0000000087f00000|  0%| F|  |TAMS 0x0000000087e00000, 0x0000000087e00000| Untracked 
| 107|0x0000000087f00000, 0x0000000087f00000, 0x0000000088000000|  0%| F|  |TAMS 0x0000000087f00000, 0x0000000087f00000| Untracked 
| 108|0x0000000088000000, 0x0000000088000000, 0x0000000088100000|  0%| F|  |TAMS 0x0000000088000000, 0x0000000088000000| Untracked 
| 109|0x0000000088100000, 0x0000000088100000, 0x0000000088200000|  0%| F|  |TAMS 0x0000000088100000, 0x0000000088100000| Untracked 
| 110|0x0000000088200000, 0x0000000088200000, 0x0000000088300000|  0%| F|  |TAMS 0x0000000088200000, 0x0000000088200000| Untracked 
| 111|0x0000000088300000, 0x0000000088300000, 0x0000000088400000|  0%| F|  |TAMS 0x0000000088300000, 0x0000000088300000| Untracked 
| 112|0x0000000088400000, 0x0000000088400000, 0x0000000088500000|  0%| F|  |TAMS 0x0000000088400000, 0x0000000088400000| Untracked 
| 113|0x0000000088500000, 0x0000000088500000, 0x0000000088600000|  0%| F|  |TAMS 0x0000000088500000, 0x0000000088500000| Untracked 
| 114|0x0000000088600000, 0x0000000088600000, 0x0000000088700000|  0%| F|  |TAMS 0x0000000088600000, 0x0000000088600000| Untracked 
| 115|0x0000000088700000, 0x000000008876e0f8, 0x0000000088800000| 42%| S|CS|TAMS 0x0000000088700000, 0x0000000088700000| Complete 
| 116|0x0000000088800000, 0x0000000088900000, 0x0000000088900000|100%| S|CS|TAMS 0x0000000088800000, 0x0000000088800000| Complete 
| 117|0x0000000088900000, 0x0000000088a00000, 0x0000000088a00000|100%| S|CS|TAMS 0x0000000088900000, 0x0000000088900000| Complete 
| 118|0x0000000088a00000, 0x0000000088b00000, 0x0000000088b00000|100%| S|CS|TAMS 0x0000000088a00000, 0x0000000088a00000| Complete 
| 119|0x0000000088b00000, 0x0000000088b00000, 0x0000000088c00000|  0%| F|  |TAMS 0x0000000088b00000, 0x0000000088b00000| Untracked 
| 120|0x0000000088c00000, 0x0000000088c00000, 0x0000000088d00000|  0%| F|  |TAMS 0x0000000088c00000, 0x0000000088c00000| Untracked 
| 121|0x0000000088d00000, 0x0000000088d00000, 0x0000000088e00000|  0%| F|  |TAMS 0x0000000088d00000, 0x0000000088d00000| Untracked 
| 122|0x0000000088e00000, 0x0000000088e00000, 0x0000000088f00000|  0%| F|  |TAMS 0x0000000088e00000, 0x0000000088e00000| Untracked 
| 123|0x0000000088f00000, 0x0000000088f00000, 0x0000000089000000|  0%| F|  |TAMS 0x0000000088f00000, 0x0000000088f00000| Untracked 
| 124|0x0000000089000000, 0x0000000089000000, 0x0000000089100000|  0%| F|  |TAMS 0x0000000089000000, 0x0000000089000000| Untracked 
| 125|0x0000000089100000, 0x0000000089100000, 0x0000000089200000|  0%| F|  |TAMS 0x0000000089100000, 0x0000000089100000| Untracked 
| 126|0x0000000089200000, 0x0000000089200000, 0x0000000089300000|  0%| F|  |TAMS 0x0000000089200000, 0x0000000089200000| Untracked 
| 127|0x0000000089300000, 0x0000000089300000, 0x0000000089400000|  0%| F|  |TAMS 0x0000000089300000, 0x0000000089300000| Untracked 
| 128|0x0000000089400000, 0x0000000089400000, 0x0000000089500000|  0%| F|  |TAMS 0x0000000089400000, 0x0000000089400000| Untracked 
| 129|0x0000000089500000, 0x0000000089500000, 0x0000000089600000|  0%| F|  |TAMS 0x0000000089500000, 0x0000000089500000| Untracked 
| 130|0x0000000089600000, 0x0000000089600000, 0x0000000089700000|  0%| F|  |TAMS 0x0000000089600000, 0x0000000089600000| Untracked 
| 131|0x0000000089700000, 0x0000000089700000, 0x0000000089800000|  0%| F|  |TAMS 0x0000000089700000, 0x0000000089700000| Untracked 
| 132|0x0000000089800000, 0x0000000089800000, 0x0000000089900000|  0%| F|  |TAMS 0x0000000089800000, 0x0000000089800000| Untracked 
| 133|0x0000000089900000, 0x0000000089900000, 0x0000000089a00000|  0%| F|  |TAMS 0x0000000089900000, 0x0000000089900000| Untracked 
| 134|0x0000000089a00000, 0x0000000089a00000, 0x0000000089b00000|  0%| F|  |TAMS 0x0000000089a00000, 0x0000000089a00000| Untracked 
| 135|0x0000000089b00000, 0x0000000089b00000, 0x0000000089c00000|  0%| F|  |TAMS 0x0000000089b00000, 0x0000000089b00000| Untracked 
| 136|0x0000000089c00000, 0x0000000089c00000, 0x0000000089d00000|  0%| F|  |TAMS 0x0000000089c00000, 0x0000000089c00000| Untracked 
| 137|0x0000000089d00000, 0x0000000089d00000, 0x0000000089e00000|  0%| F|  |TAMS 0x0000000089d00000, 0x0000000089d00000| Untracked 
| 138|0x0000000089e00000, 0x0000000089e00000, 0x0000000089f00000|  0%| F|  |TAMS 0x0000000089e00000, 0x0000000089e00000| Untracked 
| 139|0x0000000089f00000, 0x0000000089f00000, 0x000000008a000000|  0%| F|  |TAMS 0x0000000089f00000, 0x0000000089f00000| Untracked 
| 140|0x000000008a000000, 0x000000008a000000, 0x000000008a100000|  0%| F|  |TAMS 0x000000008a000000, 0x000000008a000000| Untracked 
| 141|0x000000008a100000, 0x000000008a100000, 0x000000008a200000|  0%| F|  |TAMS 0x000000008a100000, 0x000000008a100000| Untracked 
| 142|0x000000008a200000, 0x000000008a200000, 0x000000008a300000|  0%| F|  |TAMS 0x000000008a200000, 0x000000008a200000| Untracked 
| 143|0x000000008a300000, 0x000000008a300000, 0x000000008a400000|  0%| F|  |TAMS 0x000000008a300000, 0x000000008a300000| Untracked 
| 144|0x000000008a400000, 0x000000008a400000, 0x000000008a500000|  0%| F|  |TAMS 0x000000008a400000, 0x000000008a400000| Untracked 
| 145|0x000000008a500000, 0x000000008a500000, 0x000000008a600000|  0%| F|  |TAMS 0x000000008a500000, 0x000000008a500000| Untracked 
| 146|0x000000008a600000, 0x000000008a600000, 0x000000008a700000|  0%| F|  |TAMS 0x000000008a600000, 0x000000008a600000| Untracked 
| 147|0x000000008a700000, 0x000000008a700000, 0x000000008a800000|  0%| F|  |TAMS 0x000000008a700000, 0x000000008a700000| Untracked 
| 148|0x000000008a800000, 0x000000008a800000, 0x000000008a900000|  0%| F|  |TAMS 0x000000008a800000, 0x000000008a800000| Untracked 
| 149|0x000000008a900000, 0x000000008a900000, 0x000000008aa00000|  0%| F|  |TAMS 0x000000008a900000, 0x000000008a900000| Untracked 
| 150|0x000000008aa00000, 0x000000008aa00000, 0x000000008ab00000|  0%| F|  |TAMS 0x000000008aa00000, 0x000000008aa00000| Untracked 
| 151|0x000000008ab00000, 0x000000008ab00000, 0x000000008ac00000|  0%| F|  |TAMS 0x000000008ab00000, 0x000000008ab00000| Untracked 
| 152|0x000000008ac00000, 0x000000008ac00000, 0x000000008ad00000|  0%| F|  |TAMS 0x000000008ac00000, 0x000000008ac00000| Untracked 
| 153|0x000000008ad00000, 0x000000008ad00000, 0x000000008ae00000|  0%| F|  |TAMS 0x000000008ad00000, 0x000000008ad00000| Untracked 
| 154|0x000000008ae00000, 0x000000008ae00000, 0x000000008af00000|  0%| F|  |TAMS 0x000000008ae00000, 0x000000008ae00000| Untracked 
| 155|0x000000008af00000, 0x000000008af00000, 0x000000008b000000|  0%| F|  |TAMS 0x000000008af00000, 0x000000008af00000| Untracked 
| 156|0x000000008b000000, 0x000000008b000000, 0x000000008b100000|  0%| F|  |TAMS 0x000000008b000000, 0x000000008b000000| Untracked 
| 157|0x000000008b100000, 0x000000008b100000, 0x000000008b200000|  0%| F|  |TAMS 0x000000008b100000, 0x000000008b100000| Untracked 
| 158|0x000000008b200000, 0x000000008b200000, 0x000000008b300000|  0%| F|  |TAMS 0x000000008b200000, 0x000000008b200000| Untracked 
| 159|0x000000008b300000, 0x000000008b300000, 0x000000008b400000|  0%| F|  |TAMS 0x000000008b300000, 0x000000008b300000| Untracked 
| 160|0x000000008b400000, 0x000000008b400000, 0x000000008b500000|  0%| F|  |TAMS 0x000000008b400000, 0x000000008b400000| Untracked 
| 161|0x000000008b500000, 0x000000008b500000, 0x000000008b600000|  0%| F|  |TAMS 0x000000008b500000, 0x000000008b500000| Untracked 
| 162|0x000000008b600000, 0x000000008b600000, 0x000000008b700000|  0%| F|  |TAMS 0x000000008b600000, 0x000000008b600000| Untracked 

Card table byte_map: [0x0000020951e00000,0x0000020952200000] _byte_map_base: 0x00000209519f6000

Marking Bits (Prev, Next): (CMBitMap*) 0x000002094bcb7330, (CMBitMap*) 0x000002094bcb72f0
 Prev Bits: [0x00000209545b0000, 0x0000020956560000)
 Next Bits: [0x0000020952600000, 0x00000209545b0000)

Polling page: 0x000002094b420000

Metaspace:

Usage:
  Non-class:     36.98 MB used.
      Class:      5.46 MB used.
       Both:     42.45 MB used.

Virtual space:
  Non-class space:       40.00 MB reserved,      37.19 MB ( 93%) committed,  5 nodes.
      Class space:        1.00 GB reserved,       5.62 MB ( <1%) committed,  1 nodes.
             Both:        1.04 GB reserved,      42.81 MB (  4%) committed. 

Chunk freelists:
   Non-Class:  1.91 MB
       Class:  2.28 MB
        Both:  4.19 MB

MaxMetaspaceSize: unlimited
CompressedClassSpaceSize: 1.00 GB
Initial GC threshold: 21.00 MB
Current GC threshold: 63.88 MB
CDS: off
MetaspaceReclaimPolicy: balanced
 - commit_granule_bytes: 65536.
 - commit_granule_words: 8192.
 - virtual_space_node_default_size: 1048576.
 - enlarge_chunks_in_place: 1.
 - new_chunks_are_fully_committed: 0.
 - uncommit_free_chunks: 1.
 - use_allocation_guard: 0.
 - handle_deallocations: 1.


Internal statistics:

num_allocs_failed_limit: 8.
num_arena_births: 420.
num_arena_deaths: 0.
num_vsnodes_births: 6.
num_vsnodes_deaths: 0.
num_space_committed: 685.
num_space_uncommitted: 0.
num_chunks_returned_to_freelist: 8.
num_chunks_taken_from_freelist: 1753.
num_chunk_merges: 8.
num_chunk_splits: 1184.
num_chunks_enlarged: 880.
num_purges: 0.
num_inconsistent_stats: 0.

CodeCache: size=49152Kb used=10396Kb max_used=10396Kb free=38755Kb
 bounds [0x000002094e8e0000, 0x000002094f310000, 0x00000209518e0000]
 total_blobs=5052 nmethods=4503 adapters=473
 compilation: enabled
              stopped_count=0, restarted_count=0
 full_count=0

Compilation events (20 events):
Event: 27.506 Thread 0x0000020959e1cf40 4424       1       jdk.internal.jrtfs.JrtPath::resolve (6 bytes)
Event: 27.506 Thread 0x0000020959c17ef0 4425       1       jdk.internal.jrtfs.JrtPath::resolve (17 bytes)
Event: 27.506 Thread 0x0000020959c17ef0 nmethod 4425 0x000002094f2fca10 code [0x000002094f2fcbc0, 0x000002094f2fcd78]
Event: 27.506 Thread 0x0000020959c17ef0 4426       1       jdk.internal.jrtfs.JrtPath::resolve (125 bytes)
Event: 27.506 Thread 0x0000020959e1cf40 nmethod 4424 0x000002094f2fce90 code [0x000002094f2fd040, 0x000002094f2fd1f8]
Event: 27.506 Thread 0x0000020959e1cf40 4427       1       jdk.internal.jrtfs.JrtPath::checkPath (48 bytes)
Event: 27.507 Thread 0x000002095d6e1850 nmethod 4468 0x000002094f2fd310 code [0x000002094f2fd500, 0x000002094f2fd978]
Event: 27.507 Thread 0x000002095d6e1850 4428   !   1       java.nio.file.Files::exists (71 bytes)
Event: 27.507 Thread 0x0000020959e1cf40 nmethod 4427 0x000002094f2fdb90 code [0x000002094f2fdda0, 0x000002094f2fe2b8]
Event: 27.507 Thread 0x000002095d6e1850 nmethod 4428 0x000002094f2fe510 code [0x000002094f2fe760, 0x000002094f2fedb8]
Event: 27.508 Thread 0x0000020959c17ef0 nmethod 4426 0x000002094f2ff190 code [0x000002094f2ff3e0, 0x000002094f2ffc68]
Event: 27.517 Thread 0x000002095b0070b0 nmethod 4503 0x000002094f300110 code [0x000002094f300940, 0x000002094f303488]
Event: 27.525 Thread 0x0000020959c17ef0 4507  s!   1       jdk.internal.loader.URLClassPath::getLoader (196 bytes)
Event: 27.530 Thread 0x0000020959c17ef0 nmethod 4507 0x000002094f304f10 code [0x000002094f3051c0, 0x000002094f305bd8]
Event: 27.530 Thread 0x0000020959c17ef0 4508       1       java.util.concurrent.ConcurrentHashMap::size (31 bytes)
Event: 27.531 Thread 0x0000020959c17ef0 nmethod 4508 0x000002094f306510 code [0x000002094f3066c0, 0x000002094f306828]
Event: 27.531 Thread 0x000002095d6e1850 4509       1       java.util.Collections$EmptyList::size (2 bytes)
Event: 27.531 Thread 0x000002095d6e1850 nmethod 4509 0x000002094f306890 code [0x000002094f306a20, 0x000002094f306af8]
Event: 27.532 Thread 0x0000020959c17ef0 4510       1       com.fasterxml.jackson.databind.JavaType::getRawClass (5 bytes)
Event: 27.532 Thread 0x0000020959c17ef0 nmethod 4510 0x000002094f306b90 code [0x000002094f306d20, 0x000002094f306df8]

GC Heap History (20 events):
Event: 25.152 GC heap after
{Heap after GC invocations=12 (full 0):
 garbage-first heap   total 66560K, used 30720K [0x0000000081400000, 0x0000000100000000)
  region size 1024K, 2 young (2048K), 2 survivors (2048K)
 Metaspace       used 38019K, committed 38272K, reserved 1089536K
  class space    used 4794K, committed 4928K, reserved 1048576K
}
Event: 25.302 GC heap before
{Heap before GC invocations=13 (full 0):
 garbage-first heap   total 66560K, used 46080K [0x0000000081400000, 0x0000000100000000)
  region size 1024K, 18 young (18432K), 2 survivors (2048K)
 Metaspace       used 38435K, committed 38848K, reserved 1089536K
  class space    used 4848K, committed 5056K, reserved 1048576K
}
Event: 25.312 GC heap after
{Heap after GC invocations=14 (full 0):
 garbage-first heap   total 66560K, used 33298K [0x0000000081400000, 0x0000000100000000)
  region size 1024K, 3 young (3072K), 3 survivors (3072K)
 Metaspace       used 38435K, committed 38848K, reserved 1089536K
  class space    used 4848K, committed 5056K, reserved 1048576K
}
Event: 25.408 GC heap before
{Heap before GC invocations=14 (full 0):
 garbage-first heap   total 66560K, used 48658K [0x0000000081400000, 0x0000000100000000)
  region size 1024K, 18 young (18432K), 3 survivors (3072K)
 Metaspace       used 38706K, committed 39040K, reserved 1089536K
  class space    used 4880K, committed 5056K, reserved 1048576K
}
Event: 25.413 GC heap after
{Heap after GC invocations=15 (full 0):
 garbage-first heap   total 66560K, used 35799K [0x0000000081400000, 0x0000000100000000)
  region size 1024K, 3 young (3072K), 3 survivors (3072K)
 Metaspace       used 38706K, committed 39040K, reserved 1089536K
  class space    used 4880K, committed 5056K, reserved 1048576K
}
Event: 25.507 GC heap before
{Heap before GC invocations=16 (full 0):
 garbage-first heap   total 75776K, used 48087K [0x0000000081400000, 0x0000000100000000)
  region size 1024K, 16 young (16384K), 3 survivors (3072K)
 Metaspace       used 38731K, committed 39104K, reserved 1089536K
  class space    used 4885K, committed 5056K, reserved 1048576K
}
Event: 25.512 GC heap after
{Heap after GC invocations=17 (full 0):
 garbage-first heap   total 75776K, used 37871K [0x0000000081400000, 0x0000000100000000)
  region size 1024K, 2 young (2048K), 2 survivors (2048K)
 Metaspace       used 38731K, committed 39104K, reserved 1089536K
  class space    used 4885K, committed 5056K, reserved 1048576K
}
Event: 25.517 GC heap before
{Heap before GC invocations=17 (full 0):
 garbage-first heap   total 75776K, used 38895K [0x0000000081400000, 0x0000000100000000)
  region size 1024K, 3 young (3072K), 2 survivors (2048K)
 Metaspace       used 38731K, committed 39104K, reserved 1089536K
  class space    used 4885K, committed 5056K, reserved 1048576K
}
Event: 25.519 GC heap after
{Heap after GC invocations=18 (full 0):
 garbage-first heap   total 75776K, used 38329K [0x0000000081400000, 0x0000000100000000)
  region size 1024K, 1 young (1024K), 1 survivors (1024K)
 Metaspace       used 38731K, committed 39104K, reserved 1089536K
  class space    used 4885K, committed 5056K, reserved 1048576K
}
Event: 25.656 GC heap before
{Heap before GC invocations=18 (full 0):
 garbage-first heap   total 75776K, used 56761K [0x0000000081400000, 0x0000000100000000)
  region size 1024K, 19 young (19456K), 1 survivors (1024K)
 Metaspace       used 38823K, committed 39168K, reserved 1089536K
  class space    used 4900K, committed 5056K, reserved 1048576K
}
Event: 25.666 GC heap after
{Heap after GC invocations=19 (full 0):
 garbage-first heap   total 166912K, used 42408K [0x0000000081400000, 0x0000000100000000)
  region size 1024K, 3 young (3072K), 3 survivors (3072K)
 Metaspace       used 38823K, committed 39168K, reserved 1089536K
  class space    used 4900K, committed 5056K, reserved 1048576K
}
Event: 27.169 GC heap before
{Heap before GC invocations=20 (full 0):
 garbage-first heap   total 166912K, used 117160K [0x0000000081400000, 0x0000000100000000)
  region size 1024K, 76 young (77824K), 3 survivors (3072K)
 Metaspace       used 41868K, committed 42368K, reserved 1089536K
  class space    used 5345K, committed 5568K, reserved 1048576K
}
Event: 27.189 GC heap after
{Heap after GC invocations=21 (full 0):
 garbage-first heap   total 166912K, used 66520K [0x0000000081400000, 0x0000000100000000)
  region size 1024K, 10 young (10240K), 10 survivors (10240K)
 Metaspace       used 41868K, committed 42368K, reserved 1089536K
  class space    used 5345K, committed 5568K, reserved 1048576K
}
Event: 27.202 GC heap before
{Heap before GC invocations=21 (full 0):
 garbage-first heap   total 166912K, used 67544K [0x0000000081400000, 0x0000000100000000)
  region size 1024K, 11 young (11264K), 10 survivors (10240K)
 Metaspace       used 41879K, committed 42368K, reserved 1089536K
  class space    used 5347K, committed 5568K, reserved 1048576K
}
Event: 27.209 GC heap after
{Heap after GC invocations=22 (full 0):
 garbage-first heap   total 166912K, used 68891K [0x0000000081400000, 0x0000000100000000)
  region size 1024K, 2 young (2048K), 2 survivors (2048K)
 Metaspace       used 41879K, committed 42368K, reserved 1089536K
  class space    used 5347K, committed 5568K, reserved 1048576K
}
Event: 27.428 GC heap before
{Heap before GC invocations=22 (full 0):
 garbage-first heap   total 166912K, used 114971K [0x0000000081400000, 0x0000000100000000)
  region size 1024K, 47 young (48128K), 2 survivors (2048K)
 Metaspace       used 43069K, committed 43456K, reserved 1089536K
  class space    used 5504K, committed 5696K, reserved 1048576K
}
Event: 27.456 GC heap after
{Heap after GC invocations=23 (full 0):
 garbage-first heap   total 166912K, used 79761K [0x0000000081400000, 0x0000000100000000)
  region size 1024K, 6 young (6144K), 6 survivors (6144K)
 Metaspace       used 43069K, committed 43456K, reserved 1089536K
  class space    used 5504K, committed 5696K, reserved 1048576K
}
Event: 27.509 GC heap before
{Heap before GC invocations=23 (full 0):
 garbage-first heap   total 166912K, used 119697K [0x0000000081400000, 0x0000000100000000)
  region size 1024K, 46 young (47104K), 6 survivors (6144K)
 Metaspace       used 43244K, committed 43584K, reserved 1089536K
  class space    used 5551K, committed 5696K, reserved 1048576K
}
Event: 27.516 GC heap after
{Heap after GC invocations=24 (full 0):
 garbage-first heap   total 166912K, used 82806K [0x0000000081400000, 0x0000000100000000)
  region size 1024K, 3 young (3072K), 3 survivors (3072K)
 Metaspace       used 43244K, committed 43584K, reserved 1089536K
  class space    used 5551K, committed 5696K, reserved 1048576K
}
Event: 27.553 GC heap before
{Heap before GC invocations=24 (full 0):
 garbage-first heap   total 166912K, used 123766K [0x0000000081400000, 0x0000000100000000)
  region size 1024K, 44 young (45056K), 3 survivors (3072K)
 Metaspace       used 43464K, committed 43840K, reserved 1089536K
  class space    used 5593K, committed 5760K, reserved 1048576K
}

Dll operation events (9 events):
Event: 0.042 Loaded shared library c:\Users\HP\.vscode\extensions\redhat.java-1.13.0-win32-x64\jre\17.0.5-win32-x86_64\bin\java.dll
Event: 1.604 Loaded shared library C:\Users\HP\.vscode\extensions\redhat.java-1.13.0-win32-x64\jre\17.0.5-win32-x86_64\bin\net.dll
Event: 1.617 Loaded shared library C:\Users\HP\.vscode\extensions\redhat.java-1.13.0-win32-x64\jre\17.0.5-win32-x86_64\bin\nio.dll
Event: 1.648 Loaded shared library C:\Users\HP\.vscode\extensions\redhat.java-1.13.0-win32-x64\jre\17.0.5-win32-x86_64\bin\zip.dll
Event: 2.579 Loaded shared library c:\Users\HP\.vscode\extensions\redhat.java-1.13.0-win32-x64\jre\17.0.5-win32-x86_64\bin\verify.dll
Event: 2.602 Loaded shared library C:\Users\HP\.vscode\extensions\redhat.java-1.13.0-win32-x64\jre\17.0.5-win32-x86_64\bin\jimage.dll
Event: 8.930 Loaded shared library C:\Users\HP\.vscode\extensions\redhat.java-1.13.0-win32-x64\jre\17.0.5-win32-x86_64\bin\management.dll
Event: 8.935 Loaded shared library C:\Users\HP\.vscode\extensions\redhat.java-1.13.0-win32-x64\jre\17.0.5-win32-x86_64\bin\management_ext.dll
Event: 26.915 Loaded shared library C:\Users\HP\.vscode\extensions\redhat.java-1.13.0-win32-x64\jre\17.0.5-win32-x86_64\bin\sunmscapi.dll

Deoptimization events (14 events):
Event: 11.052 Thread 0x0000020949bbdf00 DEOPT PACKING pc=0x000002094ee4bb99 sp=0x0000000aac8fd110
Event: 11.054 Thread 0x0000020949bbdf00 DEOPT UNPACKING pc=0x000002094e932b43 sp=0x0000000aac8fc5f0 mode 3
Event: 19.004 Thread 0x0000020949bbdf00 DEOPT PACKING pc=0x000002094ec87c19 sp=0x0000000aac8fc4f0
Event: 19.004 Thread 0x0000020949bbdf00 DEOPT UNPACKING pc=0x000002094e932b43 sp=0x0000000aac8fb9d0 mode 3
Event: 20.942 Thread 0x0000020959d7c880 DEOPT PACKING pc=0x000002094efe7635 sp=0x0000000aae8fe0c0
Event: 20.942 Thread 0x0000020959d7c880 DEOPT UNPACKING pc=0x000002094e932b43 sp=0x0000000aae8fd5e8 mode 3
Event: 21.698 Thread 0x0000020959c88e80 DEOPT PACKING pc=0x000002094ee48801 sp=0x0000000aae7fdbe0
Event: 21.698 Thread 0x0000020959c88e80 DEOPT UNPACKING pc=0x000002094e932b43 sp=0x0000000aae7fd070 mode 3
Event: 21.817 Thread 0x000002095ba0da10 DEOPT PACKING pc=0x000002094f0151ab sp=0x0000000aaedfe770
Event: 21.817 Thread 0x000002095ba0da10 DEOPT UNPACKING pc=0x000002094e932b43 sp=0x0000000aaedfdcb8 mode 3
Event: 26.020 Thread 0x0000020959d7c880 DEOPT PACKING pc=0x000002094ee45c17 sp=0x0000000aae8ff0f0
Event: 26.020 Thread 0x0000020959d7c880 DEOPT UNPACKING pc=0x000002094e932b43 sp=0x0000000aae8fe548 mode 3
Event: 26.817 Thread 0x000002095bc53550 DEOPT PACKING pc=0x000002094ead560c sp=0x0000000ab00fe440
Event: 26.817 Thread 0x000002095bc53550 DEOPT UNPACKING pc=0x000002094e932b43 sp=0x0000000ab00fd908 mode 0

Classes unloaded (0 events):
No events

Classes redefined (0 events):
No events

Internal exceptions (20 events):
Event: 22.259 Thread 0x000002095bc52bb0 Exception <a 'sun/nio/fs/WindowsException'{0x0000000083c71760}> (0x0000000083c71760) 
thrown [s\src\hotspot\share\prims\jni.cpp, line 516]
Event: 22.260 Thread 0x000002095bc52bb0 Exception <a 'sun/nio/fs/WindowsException'{0x0000000083c72180}> (0x0000000083c72180) 
thrown [s\src\hotspot\share\prims\jni.cpp, line 516]
Event: 22.260 Thread 0x000002095bc52bb0 Exception <a 'sun/nio/fs/WindowsException'{0x0000000083c72560}> (0x0000000083c72560) 
thrown [s\src\hotspot\share\prims\jni.cpp, line 516]
Event: 25.343 Thread 0x0000020959d7c880 Exception <a 'java/lang/NoSuchMethodError'{0x0000000085168268}: 'java.lang.Object java.lang.invoke.Invokers$Holder.invoke_MT(java.lang.Object, java.lang.Object, java.lang.Object)'> (0x0000000085168268) 
thrown [s\src\hotspot\share\interpreter\linkResolver.cpp, line 759]
Event: 26.014 Thread 0x0000020959d7c880 Exception <a 'java/lang/NoSuchMethodError'{0x0000000089e5aa98}: 'java.lang.Object java.lang.invoke.DirectMethodHandle$Holder.newInvokeSpecial(java.lang.Object, java.lang.Object, int)'> (0x0000000089e5aa98) 
thrown [s\src\hotspot\share\interpreter\linkResolver.cpp, line 759]
Event: 26.124 Thread 0x000002095bc50530 Exception <a 'java/lang/NoSuchMethodError'{0x0000000088f11fa8}: 'java.lang.Object java.lang.invoke.Invokers$Holder.linkToTargetMethod(java.lang.Object, long, java.lang.Object)'> (0x0000000088f11fa8) 
thrown [s\src\hotspot\share\interpreter\linkResolver.cpp, line 759]
Event: 26.249 Thread 0x000002095bc50530 Exception <a 'sun/nio/fs/WindowsException'{0x0000000088d82f50}> (0x0000000088d82f50) 
thrown [s\src\hotspot\share\prims\jni.cpp, line 516]
Event: 26.250 Thread 0x000002095bc50530 Exception <a 'sun/nio/fs/WindowsException'{0x0000000088d83b00}> (0x0000000088d83b00) 
thrown [s\src\hotspot\share\prims\jni.cpp, line 516]
Event: 26.254 Thread 0x000002095bc50530 Exception <a 'sun/nio/fs/WindowsException'{0x0000000088d84660}> (0x0000000088d84660) 
thrown [s\src\hotspot\share\prims\jni.cpp, line 516]
Event: 26.255 Thread 0x000002095bc50530 Exception <a 'sun/nio/fs/WindowsException'{0x0000000088d852e0}> (0x0000000088d852e0) 
thrown [s\src\hotspot\share\prims\jni.cpp, line 516]
Event: 26.255 Thread 0x000002095bc50530 Exception <a 'sun/nio/fs/WindowsException'{0x0000000088d85fc8}> (0x0000000088d85fc8) 
thrown [s\src\hotspot\share\prims\jni.cpp, line 516]
Event: 26.267 Thread 0x000002095bc50530 Exception <a 'sun/nio/fs/WindowsException'{0x0000000088dd8d78}> (0x0000000088dd8d78) 
thrown [s\src\hotspot\share\prims\jni.cpp, line 516]
Event: 26.267 Thread 0x000002095bc50530 Exception <a 'sun/nio/fs/WindowsException'{0x0000000088dd9928}> (0x0000000088dd9928) 
thrown [s\src\hotspot\share\prims\jni.cpp, line 516]
Event: 26.268 Thread 0x000002095bc50530 Exception <a 'sun/nio/fs/WindowsException'{0x0000000088dda488}> (0x0000000088dda488) 
thrown [s\src\hotspot\share\prims\jni.cpp, line 516]
Event: 26.268 Thread 0x000002095bc50530 Exception <a 'sun/nio/fs/WindowsException'{0x0000000088ddb108}> (0x0000000088ddb108) 
thrown [s\src\hotspot\share\prims\jni.cpp, line 516]
Event: 26.268 Thread 0x000002095bc50530 Exception <a 'sun/nio/fs/WindowsException'{0x0000000088ddbdf0}> (0x0000000088ddbdf0) 
thrown [s\src\hotspot\share\prims\jni.cpp, line 516]
Event: 26.297 Thread 0x000002095bc50530 Exception <a 'sun/nio/fs/WindowsException'{0x0000000088c8c180}> (0x0000000088c8c180) 
thrown [s\src\hotspot\share\prims\jni.cpp, line 516]
Event: 26.315 Thread 0x000002095bc53550 Exception <a 'java/lang/NoSuchMethodError'{0x0000000088df6190}: 'void java.lang.invoke.DirectMethodHandle$Holder.invokeVirtual(java.lang.Object, java.lang.Object, java.lang.Object, java.lang.Object)'> (0x0000000088df6190) 
thrown [s\src\hotspot\share\interpreter\linkResolver.cpp, line 759]
Event: 27.009 Thread 0x000002095bc53550 Exception <a 'sun/nio/fs/WindowsException'{0x00000000880f3b08}> (0x00000000880f3b08) 
thrown [s\src\hotspot\share\prims\jni.cpp, line 516]
Event: 27.043 Thread 0x000002095bc53550 Exception <a 'java/lang/NoSuchMethodError'{0x0000000087c2c3b8}: 'int java.lang.invoke.DirectMethodHandle$Holder.invokeStaticInit(java.lang.Object, java.lang.Object, java.lang.Object, java.lang.Object)'> (0x0000000087c2c3b8) 
thrown [s\src\hotspot\share\interpreter\linkResolver.cpp, line 759]

VM Operations (20 events):
Event: 27.011 Executing VM operation: HandshakeAllThreads done
Event: 27.158 Executing VM operation: HandshakeAllThreads
Event: 27.158 Executing VM operation: HandshakeAllThreads done
Event: 27.169 Executing VM operation: G1CollectForAllocation
Event: 27.198 Executing VM operation: G1CollectForAllocation done
Event: 27.202 Executing VM operation: G1CollectForAllocation
Event: 27.209 Executing VM operation: G1CollectForAllocation done
Event: 27.427 Executing VM operation: G1CollectForAllocation
Event: 27.464 Executing VM operation: G1CollectForAllocation done
Event: 27.499 Executing VM operation: G1CollectForAllocation
Event: 27.508 Executing VM operation: G1CollectForAllocation done
Event: 27.509 Executing VM operation: G1CollectForAllocation
Event: 27.516 Executing VM operation: G1CollectForAllocation done
Event: 27.520 Executing VM operation: HandshakeAllThreads
Event: 27.520 Executing VM operation: HandshakeAllThreads done
Event: 27.522 Executing VM operation: HandshakeAllThreads
Event: 27.522 Executing VM operation: HandshakeAllThreads done
Event: 27.535 Executing VM operation: G1CollectForAllocation
Event: 27.550 Executing VM operation: G1CollectForAllocation done
Event: 27.553 Executing VM operation: G1CollectForAllocation

Events (20 events):
Event: 27.341 loading class sun/net/www/protocol/http/HttpURLConnection$2 done
Event: 27.341 loading class java/net/CookieHandler
Event: 27.341 loading class java/net/CookieHandler done
Event: 27.341 loading class sun/net/www/protocol/http/HttpURLConnection$3
Event: 27.341 loading class sun/net/www/protocol/http/HttpURLConnection$3 done
Event: 27.341 loading class java/net/ResponseCache
Event: 27.341 loading class java/net/ResponseCache done
Event: 27.347 loading class java/util/stream/SortedOps
Event: 27.347 loading class java/util/stream/SortedOps done
Event: 27.347 loading class java/util/stream/SortedOps$OfRef
Event: 27.347 loading class java/util/stream/SortedOps$OfRef done
Event: 27.347 loading class java/util/stream/SortedOps$RefSortingSink
Event: 27.347 loading class java/util/stream/SortedOps$AbstractRefSortingSink
Event: 27.348 loading class java/util/stream/SortedOps$AbstractRefSortingSink done
Event: 27.348 loading class java/util/stream/SortedOps$RefSortingSink done
Event: 27.352 loading class java/util/OptionalLong
Event: 27.352 loading class java/util/OptionalLong done
Event: 27.352 loading class java/util/OptionalDouble
Event: 27.352 loading class java/util/OptionalDouble done
Event: 27.456 Thread 0x000002095d6e1850 Thread added: 0x000002095d6e1850


Dynamic libraries:
0x00007ff75e5c0000 - 0x00007ff75e5ce000 	c:\Users\HP\.vscode\extensions\redhat.java-1.13.0-win32-x64\jre\17.0.5-win32-x86_64\bin\java.exe
0x00007ffae9ad0000 - 0x00007ffae9cc8000 	C:\Windows\SYSTEM32\ntdll.dll
0x00007ffae9540000 - 0x00007ffae95ff000 	C:\Windows\System32\KERNEL32.DLL
0x00007ffae7390000 - 0x00007ffae7662000 	C:\Windows\System32\KERNELBASE.dll
0x00007ffae79c0000 - 0x00007ffae7ac0000 	C:\Windows\System32\ucrtbase.dll
0x00007ffac8150000 - 0x00007ffac8167000 	c:\Users\HP\.vscode\extensions\redhat.java-1.13.0-win32-x64\jre\17.0.5-win32-x86_64\bin\jli.dll
0x00007ffae9600000 - 0x00007ffae97a1000 	C:\Windows\System32\USER32.dll
0x00007ffae72d0000 - 0x00007ffae72f2000 	C:\Windows\System32\win32u.dll
0x00007ffae97b0000 - 0x00007ffae97db000 	C:\Windows\System32\GDI32.dll
0x00007ffae71c0000 - 0x00007ffae72cf000 	C:\Windows\System32\gdi32full.dll
0x00007ffae7710000 - 0x00007ffae77ad000 	C:\Windows\System32\msvcp_win.dll
0x00007ffac7b20000 - 0x00007ffac7b39000 	c:\Users\HP\.vscode\extensions\redhat.java-1.13.0-win32-x64\jre\17.0.5-win32-x86_64\bin\VCRUNTIME140.dll
0x00007ffad1520000 - 0x00007ffad17ba000 	C:\Windows\WinSxS\amd64_microsoft.windows.common-controls_6595b64144ccf1df_6.0.19041.1110_none_60b5254171f9507e\COMCTL32.dll
0x00007ffae80d0000 - 0x00007ffae816e000 	C:\Windows\System32\msvcrt.dll
0x00007ffae93e0000 - 0x00007ffae9412000 	C:\Windows\System32\IMM32.DLL
0x00007fface260000 - 0x00007fface26c000 	c:\Users\HP\.vscode\extensions\redhat.java-1.13.0-win32-x64\jre\17.0.5-win32-x86_64\bin\vcruntime140_1.dll
0x00007ffabde90000 - 0x00007ffabdf21000 	c:\Users\HP\.vscode\extensions\redhat.java-1.13.0-win32-x64\jre\17.0.5-win32-x86_64\bin\msvcp140.dll
0x00007ffa9ce20000 - 0x00007ffa9da64000 	c:\Users\HP\.vscode\extensions\redhat.java-1.13.0-win32-x64\jre\17.0.5-win32-x86_64\bin\server\jvm.dll
0x00007ffae87b0000 - 0x00007ffae885e000 	C:\Windows\System32\ADVAPI32.dll
0x00007ffae8860000 - 0x00007ffae88fc000 	C:\Windows\System32\sechost.dll
0x00007ffae97e0000 - 0x00007ffae9905000 	C:\Windows\System32\RPCRT4.dll
0x00007ffae19e0000 - 0x00007ffae19e9000 	C:\Windows\SYSTEM32\WSOCK32.dll
0x00007ffae8900000 - 0x00007ffae896b000 	C:\Windows\System32\WS2_32.dll
0x00007ffacf0d0000 - 0x00007ffacf0f7000 	C:\Windows\SYSTEM32\WINMM.dll
0x00007ffae0830000 - 0x00007ffae083a000 	C:\Windows\SYSTEM32\VERSION.dll
0x00007ffae59d0000 - 0x00007ffae59e2000 	C:\Windows\SYSTEM32\kernel.appcore.dll
0x00007fface200000 - 0x00007fface20a000 	c:\Users\HP\.vscode\extensions\redhat.java-1.13.0-win32-x64\jre\17.0.5-win32-x86_64\bin\jimage.dll
0x00007ffae4df0000 - 0x00007ffae4fd4000 	C:\Windows\SYSTEM32\DBGHELP.DLL
0x00007ffacf840000 - 0x00007ffacf875000 	C:\Windows\SYSTEM32\dbgcore.DLL
0x00007ffae7300000 - 0x00007ffae7382000 	C:\Windows\System32\bcryptPrimitives.dll
0x00007ffabe490000 - 0x00007ffabe4b5000 	c:\Users\HP\.vscode\extensions\redhat.java-1.13.0-win32-x64\jre\17.0.5-win32-x86_64\bin\java.dll
0x00007ffabe090000 - 0x00007ffabe0a8000 	c:\Users\HP\.vscode\extensions\redhat.java-1.13.0-win32-x64\jre\17.0.5-win32-x86_64\bin\zip.dll
0x00007ffae8b20000 - 0x00007ffae9264000 	C:\Windows\System32\SHELL32.dll
0x00007ffae5220000 - 0x00007ffae59b2000 	C:\Windows\SYSTEM32\windows.storage.dll
0x00007ffae7d70000 - 0x00007ffae80c5000 	C:\Windows\System32\combase.dll
0x00007ffae6b40000 - 0x00007ffae6b70000 	C:\Windows\SYSTEM32\Wldp.dll
0x00007ffae8700000 - 0x00007ffae87ad000 	C:\Windows\System32\SHCORE.dll
0x00007ffae92f0000 - 0x00007ffae9345000 	C:\Windows\System32\shlwapi.dll
0x00007ffae7100000 - 0x00007ffae711f000 	C:\Windows\SYSTEM32\profapi.dll
0x00007ffabde00000 - 0x00007ffabde19000 	C:\Users\HP\.vscode\extensions\redhat.java-1.13.0-win32-x64\jre\17.0.5-win32-x86_64\bin\net.dll
0x00007ffade3e0000 - 0x00007ffade4ec000 	C:\Windows\SYSTEM32\WINHTTP.dll
0x00007ffae6920000 - 0x00007ffae698a000 	C:\Windows\system32\mswsock.dll
0x00007ffabdd30000 - 0x00007ffabdd45000 	C:\Users\HP\.vscode\extensions\redhat.java-1.13.0-win32-x64\jre\17.0.5-win32-x86_64\bin\nio.dll
0x00007ffacc5e0000 - 0x00007ffacc5f0000 	c:\Users\HP\.vscode\extensions\redhat.java-1.13.0-win32-x64\jre\17.0.5-win32-x86_64\bin\verify.dll
0x00007ffacc790000 - 0x00007ffacc799000 	C:\Users\HP\.vscode\extensions\redhat.java-1.13.0-win32-x64\jre\17.0.5-win32-x86_64\bin\management.dll
0x00007ffac9ec0000 - 0x00007ffac9ecb000 	C:\Users\HP\.vscode\extensions\redhat.java-1.13.0-win32-x64\jre\17.0.5-win32-x86_64\bin\management_ext.dll
0x00007ffae93d0000 - 0x00007ffae93d8000 	C:\Windows\System32\PSAPI.DLL
0x00007ffac0150000 - 0x00007ffac0167000 	C:\Windows\system32\napinsp.dll
0x00007ffac0130000 - 0x00007ffac014b000 	C:\Windows\system32\pnrpnsp.dll
0x00007ffae1f60000 - 0x00007ffae1f75000 	C:\Windows\system32\wshbth.dll
0x00007ffae4150000 - 0x00007ffae416d000 	C:\Windows\system32\NLAapi.dll
0x00007ffae65e0000 - 0x00007ffae661b000 	C:\Windows\SYSTEM32\IPHLPAPI.DLL
0x00007ffae6620000 - 0x00007ffae66ea000 	C:\Windows\SYSTEM32\DNSAPI.dll
0x00007ffae99f0000 - 0x00007ffae99f8000 	C:\Windows\System32\NSI.dll
0x00007ffac0110000 - 0x00007ffac0122000 	C:\Windows\System32\winrnr.dll
0x00007ffade880000 - 0x00007ffade88a000 	C:\Windows\System32\rasadhlp.dll
0x00007ffadb950000 - 0x00007ffadb9d0000 	C:\Windows\System32\fwpuclnt.dll
0x00007ffae76e0000 - 0x00007ffae7707000 	C:\Windows\System32\bcrypt.dll
0x00007ffae6b80000 - 0x00007ffae6b98000 	C:\Windows\SYSTEM32\CRYPTSP.dll
0x00007ffae61f0000 - 0x00007ffae6224000 	C:\Windows\system32\rsaenh.dll
0x00007ffae70c0000 - 0x00007ffae70ee000 	C:\Windows\SYSTEM32\USERENV.dll
0x00007ffae6ab0000 - 0x00007ffae6abc000 	C:\Windows\SYSTEM32\CRYPTBASE.dll
0x00007ffadfff0000 - 0x00007ffae0007000 	C:\Windows\SYSTEM32\dhcpcsvc6.DLL
0x00007ffadfe30000 - 0x00007ffadfe4d000 	C:\Windows\SYSTEM32\dhcpcsvc.DLL
0x00007ffad0530000 - 0x00007ffad053e000 	C:\Users\HP\.vscode\extensions\redhat.java-1.13.0-win32-x64\jre\17.0.5-win32-x86_64\bin\sunmscapi.dll
0x00007ffae7860000 - 0x00007ffae79b6000 	C:\Windows\System32\CRYPT32.dll
0x00007ffae6c90000 - 0x00007ffae6cb7000 	C:\Windows\SYSTEM32\ncrypt.dll
0x00007ffae6c50000 - 0x00007ffae6c8b000 	C:\Windows\SYSTEM32\NTASN1.dll

dbghelp: loaded successfully - version: 4.0.5 - missing functions: none
symbol engine: initialized successfully - sym options: 0x614 - pdb path: .;c:\Users\HP\.vscode\extensions\redhat.java-1.13.0-win32-x64\jre\17.0.5-win32-x86_64\bin;C:\Windows\SYSTEM32;C:\Windows\WinSxS\amd64_microsoft.windows.common-controls_6595b64144ccf1df_6.0.19041.1110_none_60b5254171f9507e;c:\Users\HP\.vscode\extensions\redhat.java-1.13.0-win32-x64\jre\17.0.5-win32-x86_64\bin\server

VM Arguments:
jvm_args: -Dsts.lsp.client=vscode -Dsts.log.file=/dev/null -XX:TieredStopAtLevel=1 -Xlog:jni+resolve=off -Dspring.config.location=file:c:\Users\HP\.vscode\extensions\pivotal.vscode-spring-boot-1.42.0\language-server\BOOT-INF\classes\application.properties 
java_command: org.springframework.ide.vscode.boot.app.BootLanguageServerBootApp
java_class_path (initial): c:\Users\HP\.vscode\extensions\pivotal.vscode-spring-boot-1.42.0\language-server\BOOT-INF\classes;c:\Users\HP\.vscode\extensions\pivotal.vscode-spring-boot-1.42.0\language-server\BOOT-INF\lib\annotations-23.1.0.jar;c:\Users\HP\.vscode\extensions\pivotal.vscode-spring-boot-1.42.0\language-server\BOOT-INF\lib\ant-1.10.12.jar;c:\Users\HP\.vscode\extensions\pivotal.vscode-spring-boot-1.42.0\language-server\BOOT-INF\lib\ant-launcher-1.10.12.jar;c:\Users\HP\.vscode\extensions\pivotal.vscode-spring-boot-1.42.0\language-server\BOOT-INF\lib\antlr-runtime-3.5.2.jar;c:\Users\HP\.vscode\extensions\pivotal.vscode-spring-boot-1.42.0\language-server\BOOT-INF\lib\antlr4-4.9.3.jar;c:\Users\HP\.vscode\extensions\pivotal.vscode-spring-boot-1.42.0\language-server\BOOT-INF\lib\antlr4-runtime-4.9.3.jar;c:\Users\HP\.vscode\extensions\pivotal.vscode-spring-boot-1.42.0\language-server\BOOT-INF\lib\apiguardian-api-1.1.2.jar;c:\Users\HP\.vscode\extensions\pivotal.vscode-spring-boot-1.42.0\language-server\BOOT-INF\lib\asm-9.4.jar;c:\Users\HP\.vscode\extensions\pivotal.vscode-spring-boot-1.42.0\language-server\BOOT-INF\lib\asm-analysis-9.4.jar;c:\Users\HP\.vscode\extensions\pivotal.vscode-spring-boot-1.42.0\language-server\BOOT-INF\lib\asm-tree-9.4.jar;c:\Users\HP\.vscode\extensions\pivotal.vscode-spring-boot-1.42.0\language-server\BOOT-INF\lib\asm-util-9.4.jar;c:\Users\HP\.vscode\extensions\pivotal.vscode-spring-boot-1.42.0\language-server\BOOT-INF\lib\caffeine-2.9.3.jar;c:\Users\HP\.vscode\extensions\pivotal.vscode-spring-boot-1.42.0\language-server\BOOT-INF\lib\checker-qual-3.12.0.jar;c:\Users\HP\.vscode\extensions\pivotal.vscode-spring-boot-1.42.0\language-server\BOOT-INF\lib\ci-environment-9.1.0.jar;c:\Users\HP\.vscode\extensions\pivotal.vscode-spring-boot-1.42.0\language-server\BOOT-INF\lib\classgraph-4.8.149.jar;c:\Users\HP\.vscode\extensions\pivotal.vscode-spring-boot-1.42.0\language-server\BOOT-INF\lib\commons-codec-1.15.jar;c:\Users\HP\.vscode\extensions\p
Launcher Type: SUN_STANDARD

[Global flags]
     intx CICompilerCount                          = 4                                         {product} {ergonomic}
     uint ConcGCThreads                            = 2                                         {product} {ergonomic}
     uint G1ConcRefinementThreads                  = 8                                         {product} {ergonomic}
   size_t G1HeapRegionSize                         = 1048576                                   {product} {ergonomic}
    uintx GCDrainStackTargetSize                   = 64                                        {product} {ergonomic}
   size_t InitialHeapSize                          = 134217728                                 {product} {ergonomic}
   size_t MarkStackSize                            = 4194304                                   {product} {ergonomic}
   size_t MaxHeapSize                              = 2126512128                                {product} {ergonomic}
   size_t MaxNewSize                               = 1275068416                                {product} {ergonomic}
   size_t MinHeapDeltaBytes                        = 1048576                                   {product} {ergonomic}
   size_t MinHeapSize                              = 8388608                                   {product} {ergonomic}
    uintx NonProfiledCodeHeapSize                  = 0                                      {pd product} {ergonomic}
     bool ProfileInterpreter                       = false                                  {pd product} {command line}
    uintx ProfiledCodeHeapSize                     = 0                                      {pd product} {ergonomic}
   size_t SoftMaxHeapSize                          = 2126512128                             {manageable} {ergonomic}
     intx TieredStopAtLevel                        = 1                                         {product} {command line}
     bool UseCompressedClassPointers               = true                           {product lp64_product} {ergonomic}
     bool UseCompressedOops                        = true                           {product lp64_product} {ergonomic}
     bool UseG1GC                                  = true                                      {product} {ergonomic}
     bool UseLargePagesIndividualAllocation        = false                                  {pd product} {ergonomic}

Logging:
Log output configuration:
 #0: stdout all=warning,jni+resolve=off uptime,level,tags
 #1: stderr all=off uptime,level,tags

Environment Variables:
PATH=C:\Users\HP\bin;C:\Program Files\Git\mingw64\bin;C:\Program Files\Git\usr\local\bin;C:\Program Files\Git\usr\bin;C:\Program Files\Git\usr\bin;C:\Program Files\Git\mingw64\bin;C:\Program Files\Git\usr\bin;C:\Users\HP\bin;C:\Program Files (x86)\Microsoft SDKs\Azure\CLI2\wbin;C:\Windows\system32;C:\Windows;C:\Windows\System32\Wbem;C:\Windows\System32\WindowsPowerShell\v1.0;C:\Windows\System32\OpenSSH;C:\Program Files\Java\jdk-11.0.13\bin;C:\Program Files\Git\cmd;C:\Users\HP\flutter\bin;C:\Users\HP\AppData\Local\Pub\Cache\bin;C:\Program Files\nodejs;C:\Program Files\GitHub CLI;C:\apache2\apache-maven-3.8.4\bin;C:\Program Files\PuTTY;C:\Program Files\Docker\Docker\resources\bin;C:\ProgramData\DockerDesktop\version-bin;C:\Program Files (x86)\Vim\vim90;C:\Program Files\Terraform;C:\Users\HP\AppData\Local\Programs\Python\Python310\Scripts;C:\Users\HP\AppData\Local\Programs\Python\Python310;C:\Program Files\MySQL\MySQL Shell 8.0\bin;C:\Users\HP\AppData\Local\Microsoft\WindowsApps;C:\Users\HP\AppData\Local\Programs\Microsoft VS Code\bin;C:\Users\HP\AppData\Roaming\npm;C:\MinGW\bin;C:\Users\HP\AppData\Local\GitHubDesktop\bin;C:\Program Files\Git\usr\bin\vendor_perl;C:\Program Files\Git\usr\bin\core_perl
USERNAME=HP
SHELL=C:\Program Files\Git\usr\bin\bash.exe
DISPLAY=needs-to-be-defined
LC_CTYPE=en_US.UTF-8
TERM=xterm
TMPDIR=C:\Users\HP\AppData\Local\Temp
OS=Windows_NT
PROCESSOR_IDENTIFIER=Intel64 Family 6 Model 142 Stepping 10, GenuineIntel
TMP=C:\Users\HP\AppData\Local\Temp
TEMP=C:\Users\HP\AppData\Local\Temp



---------------  S Y S T E M  ---------------

OS:
 Windows 10 , 64 bit Build 19041 (10.0.19041.2364)
OS uptime: 3 days 3:18 hours
Hyper-V role detected

CPU: total 8 (initial active 8) (4 cores per cpu, 2 threads per core) family 6 model 142 stepping 10 microcode 0xb4, cx8, cmov, fxsr, ht, mmx, 3dnowpref, sse, sse2, sse3, ssse3, sse4.1, sse4.2, popcnt, lzcnt, tsc, tscinvbit, avx, avx2, aes, erms, clmul, bmi1, bmi2, adx, fma, vzeroupper, clflush, clflushopt, hv

Memory: 4k page, system-wide physical 8107M (572M free)
TotalPageFile size 23373M (AvailPageFile size 103M)
current process WorkingSet (physical memory assigned to process): 275M, peak: 275M
current process commit charge ("private bytes"): 315M, peak: 500M

vm_info: OpenJDK 64-Bit Server VM (17.0.5+8) for windows-amd64 JRE (17.0.5+8), built on Oct 19 2022 04:48:13 by "temurin" with MS VC++ 16.7 (VS2019)

END.
