#
# There is insufficient memory for the Java Runtime Environment to continue.
# Native memory allocation (mmap) failed to map 65536 bytes for Failed to commit metaspace.
# Possible reasons:
#   The system is out of physical RAM or swap space
#   The process is running with CompressedOops enabled, and the Java Heap may be blocking the growth of the native heap
# Possible solutions:
#   Reduce memory load on the system
#   Increase physical memory or swap space
#   Check if swap backing store is full
#   Decrease Java heap size (-Xmx/-Xms)
#   Decrease number of Java threads
#   Decrease Java thread stack sizes (-Xss)
#   Set larger code cache with -XX:ReservedCodeCacheSize=
#   JVM is running with Unscaled Compressed Oops mode in which the Java heap is
#     placed in the first 4GB address space. The Java Heap base address is the
#     maximum limit for the native heap growth. Please use -XX:HeapBaseMinAddress
#     to set the Java Heap base and to place the Java Heap above 4GB virtual address.
# This output file may be truncated or incomplete.
#
#  Out of Memory Error (virtualSpaceNode.cpp:110), pid=17888, tid=22700
#
# JRE version: OpenJDK Runtime Environment Temurin-17.0.5+8 (17.0.5+8) (build 17.0.5+8)
# Java VM: OpenJDK 64-Bit Server VM Temurin-17.0.5+8 (17.0.5+8, mixed mode, emulated-client, tiered, compressed oops, compressed class ptrs, g1 gc, windows-amd64)
# No core dump will be written. Minidumps are not enabled by default on client versions of Windows
#

---------------  S U M M A R Y ------------

Command Line: -Dsts.lsp.client=vscode -Dsts.log.file=/dev/null -XX:TieredStopAtLevel=1 -Xlog:jni+resolve=off -Dspring.config.location=file:c:\Users\HP\.vscode\extensions\pivotal.vscode-spring-boot-1.42.0\language-server\BOOT-INF\classes\application.properties org.springframework.ide.vscode.boot.app.BootLanguageServerBootApp

Host: Intel(R) Core(TM) i5-8250U CPU @ 1.60GHz, 8 cores, 7G,  Windows 10 , 64 bit Build 19041 (10.0.19041.2364)
Time: Mon Dec 19 12:55:44 2022 Romance Standard Time elapsed time: 10.496715 seconds (0d 0h 0m 10s)

---------------  T H R E A D  ---------------

Current thread (0x0000024b0144dde0):  JavaThread "main" [_thread_in_vm, id=22700, stack(0x000000d8ad700000,0x000000d8ad800000)]

Stack: [0x000000d8ad700000,0x000000d8ad800000]
Native frames: (J=compiled Java code, j=interpreted, Vv=VM code, C=native code)
V  [jvm.dll+0x676b3a]
V  [jvm.dll+0x831444]
V  [jvm.dll+0x832bee]
V  [jvm.dll+0x833253]
V  [jvm.dll+0x244ce5]
V  [jvm.dll+0x82d4db]
V  [jvm.dll+0x61b2f6]
V  [jvm.dll+0x61b35a]
V  [jvm.dll+0x61db7a]
V  [jvm.dll+0x61bc96]
V  [jvm.dll+0x23937f]
V  [jvm.dll+0x625af5]
V  [jvm.dll+0x1e99bb]
V  [jvm.dll+0x1e9ef5]
V  [jvm.dll+0x1ea92f]
V  [jvm.dll+0x1dfdd1]
V  [jvm.dll+0x53be30]
V  [jvm.dll+0x1f05a7]
V  [jvm.dll+0x7ab9db]
V  [jvm.dll+0x7acd82]
V  [jvm.dll+0x7ad0b8]
V  [jvm.dll+0x23d0ee]
V  [jvm.dll+0x37e55e]
C  0x0000024b040e9a84

Java frames: (J=compiled Java code, j=interpreted, Vv=VM code)
j  java.util.concurrent.ScheduledThreadPoolExecutor.scheduleAtFixedRate(Ljava/lang/Runnable;JJLjava/util/concurrent/TimeUnit;)Ljava/util/concurrent/ScheduledFuture;+32 java.base@17.0.5
j  reactor.core.scheduler.BoundedElasticScheduler.start()V+83
j  reactor.core.scheduler.Schedulers.newBoundedElastic(IILjava/util/concurrent/ThreadFactory;I)Lreactor/core/scheduler/Scheduler;+16
j  reactor.core.scheduler.Schedulers.newBoundedElastic(IILjava/lang/String;IZ)Lreactor/core/scheduler/Scheduler;+22
j  reactor.core.scheduler.Schedulers.newBoundedElastic(IILjava/lang/String;I)Lreactor/core/scheduler/Scheduler;+5
j  org.springframework.ide.vscode.boot.app.BootLanguageServerInitializer.<init>()V+12
v  ~StubRoutines::call_stub
J 1632  jdk.internal.reflect.NativeConstructorAccessorImpl.newInstance0(Ljava/lang/reflect/Constructor;[Ljava/lang/Object;)Ljava/lang/Object; java.base@17.0.5 (0 bytes) @ 0x0000024b045e3386 [0x0000024b045e3320+0x0000000000000066]
J 1631 c1 jdk.internal.reflect.NativeConstructorAccessorImpl.newInstance([Ljava/lang/Object;)Ljava/lang/Object; java.base@17.0.5 (122 bytes) @ 0x0000024b045e436c [0x0000024b045e4120+0x000000000000024c]
J 1630 c1 jdk.internal.reflect.DelegatingConstructorAccessorImpl.newInstance([Ljava/lang/Object;)Ljava/lang/Object; java.base@17.0.5 (9 bytes) @ 0x0000024b045e3864 [0x0000024b045e3820+0x0000000000000044]
J 1629 c1 java.lang.reflect.Constructor.newInstanceWithCaller([Ljava/lang/Object;ZLjava/lang/Class;)Ljava/lang/Object; java.base@17.0.5 (76 bytes) @ 0x0000024b045e3c2c [0x0000024b045e3b60+0x00000000000000cc]
J 1763 c1 java.lang.reflect.Constructor.newInstance([Ljava/lang/Object;)Ljava/lang/Object; java.base@17.0.5 (34 bytes) @ 0x0000024b0461c6cc [0x0000024b0461c640+0x000000000000008c]
j  org.springframework.beans.BeanUtils.instantiateClass(Ljava/lang/reflect/Constructor;[Ljava/lang/Object;)Ljava/lang/Object;+128
j  org.springframework.beans.factory.support.SimpleInstantiationStrategy.instantiate(Lorg/springframework/beans/factory/support/RootBeanDefinition;Ljava/lang/String;Lorg/springframework/beans/factory/BeanFactory;)Ljava/lang/Object;+140
j  org.springframework.beans.factory.support.AbstractAutowireCapableBeanFactory.instantiateBean(Ljava/lang/String;Lorg/springframework/beans/factory/support/RootBeanDefinition;)Lorg/springframework/beans/BeanWrapper;+32
j  org.springframework.beans.factory.support.AbstractAutowireCapableBeanFactory.createBeanInstance(Ljava/lang/String;Lorg/springframework/beans/factory/support/RootBeanDefinition;[Ljava/lang/Object;)Lorg/springframework/beans/BeanWrapper;+250
j  org.springframework.beans.factory.support.AbstractAutowireCapableBeanFactory.doCreateBean(Ljava/lang/String;Lorg/springframework/beans/factory/support/RootBeanDefinition;[Ljava/lang/Object;)Ljava/lang/Object;+34
j  org.springframework.beans.factory.support.AbstractAutowireCapableBeanFactory.createBean(Ljava/lang/String;Lorg/springframework/beans/factory/support/RootBeanDefinition;[Ljava/lang/Object;)Ljava/lang/Object;+169
j  org.springframework.beans.factory.support.AbstractBeanFactory.lambda$doGetBean$0(Ljava/lang/String;Lorg/springframework/beans/factory/support/RootBeanDefinition;[Ljava/lang/Object;)Ljava/lang/Object;+4
j  org.springframework.beans.factory.support.AbstractBeanFactory$$Lambda$253+0x00000001002e2bf0.getObject()Ljava/lang/Object;+16
j  org.springframework.beans.factory.support.DefaultSingletonBeanRegistry.getSingleton(Ljava/lang/String;Lorg/springframework/beans/factory/ObjectFactory;)Ljava/lang/Object;+132
j  org.springframework.beans.factory.support.AbstractBeanFactory.doGetBean(Ljava/lang/String;Ljava/lang/Class;[Ljava/lang/Object;Z)Ljava/lang/Object;+513
j  org.springframework.beans.factory.support.AbstractBeanFactory.getBean(Ljava/lang/String;)Ljava/lang/Object;+5
j  org.springframework.beans.factory.support.DefaultListableBeanFactory.preInstantiateSingletons()V+248
j  org.springframework.context.support.AbstractApplicationContext.finishBeanFactoryInitialization(Lorg/springframework/beans/factory/config/ConfigurableListableBeanFactory;)V+124
j  org.springframework.context.support.AbstractApplicationContext.refresh()V+86
j  org.springframework.boot.SpringApplication.refresh(Lorg/springframework/context/ConfigurableApplicationContext;)V+1
j  org.springframework.boot.SpringApplication.refreshContext(Lorg/springframework/context/ConfigurableApplicationContext;)V+16
j  org.springframework.boot.SpringApplication.run([Ljava/lang/String;)Lorg/springframework/context/ConfigurableApplicationContext;+107
j  org.springframework.boot.SpringApplication.run([Ljava/lang/Class;[Ljava/lang/String;)Lorg/springframework/context/ConfigurableApplicationContext;+9
j  org.springframework.boot.SpringApplication.run(Ljava/lang/Class;[Ljava/lang/String;)Lorg/springframework/context/ConfigurableApplicationContext;+9
j  org.springframework.ide.vscode.boot.app.BootLanguageServerBootApp.main([Ljava/lang/String;)V+19
v  ~StubRoutines::call_stub

---------------  P R O C E S S  ---------------

Threads class SMR info:
_java_thread_list=0x0000024b101a0620, length=13, elements={
0x0000024b0144dde0, 0x0000024b0e79e370, 0x0000024b0e79f0f0, 0x0000024b0e7b8b30,
0x0000024b0e7bc410, 0x0000024b0e7bccd0, 0x0000024b0e7bd590, 0x0000024b0e7bde50,
0x0000024b0e7be750, 0x0000024b0f31a9e0, 0x0000024b0f321ac0, 0x0000024b0f340a70,
0x0000024b0fca81e0
}

Java Threads: ( => current thread )
=>0x0000024b0144dde0 JavaThread "main" [_thread_in_vm, id=22700, stack(0x000000d8ad700000,0x000000d8ad800000)]
  0x0000024b0e79e370 JavaThread "Reference Handler" daemon [_thread_blocked, id=25296, stack(0x000000d8ade00000,0x000000d8adf00000)]
  0x0000024b0e79f0f0 JavaThread "Finalizer" daemon [_thread_blocked, id=22904, stack(0x000000d8adf00000,0x000000d8ae000000)]
  0x0000024b0e7b8b30 JavaThread "Signal Dispatcher" daemon [_thread_blocked, id=6240, stack(0x000000d8ae000000,0x000000d8ae100000)]
  0x0000024b0e7bc410 JavaThread "Attach Listener" daemon [_thread_blocked, id=12588, stack(0x000000d8ae100000,0x000000d8ae200000)]
  0x0000024b0e7bccd0 JavaThread "Service Thread" daemon [_thread_blocked, id=24020, stack(0x000000d8ae200000,0x000000d8ae300000)]
  0x0000024b0e7bd590 JavaThread "Monitor Deflation Thread" daemon [_thread_blocked, id=13100, stack(0x000000d8ae300000,0x000000d8ae400000)]
  0x0000024b0e7bde50 JavaThread "C1 CompilerThread0" daemon [_thread_blocked, id=21356, stack(0x000000d8ae400000,0x000000d8ae500000)]
  0x0000024b0e7be750 JavaThread "Sweeper thread" daemon [_thread_blocked, id=14420, stack(0x000000d8ae500000,0x000000d8ae600000)]
  0x0000024b0f31a9e0 JavaThread "Notification Thread" daemon [_thread_blocked, id=16484, stack(0x000000d8ae600000,0x000000d8ae700000)]
  0x0000024b0f321ac0 JavaThread "Common-Cleaner" daemon [_thread_blocked, id=25104, stack(0x000000d8ae800000,0x000000d8ae900000)]
  0x0000024b0f340a70 JavaThread "C1 CompilerThread1" daemon [_thread_blocked, id=16556, stack(0x000000d8ae900000,0x000000d8aea00000)]
  0x0000024b0fca81e0 JavaThread "C1 CompilerThread2" daemon [_thread_blocked, id=19924, stack(0x000000d8aea00000,0x000000d8aeb00000)]

Other Threads:
  0x0000024b0e74eac0 VMThread "VM Thread" [stack: 0x000000d8add00000,0x000000d8ade00000] [id=14460]
  0x0000024b0f31cec0 WatcherThread [stack: 0x000000d8ae700000,0x000000d8ae800000] [id=21656]
  0x0000024b014a6df0 GCTaskThread "GC Thread#0" [stack: 0x000000d8ad800000,0x000000d8ad900000] [id=7440]
  0x0000024b0fcfec50 GCTaskThread "GC Thread#1" [stack: 0x000000d8aec00000,0x000000d8aed00000] [id=21428]
  0x0000024b0fe96040 GCTaskThread "GC Thread#2" [stack: 0x000000d8aed00000,0x000000d8aee00000] [id=25088]
  0x0000024b0fed2cb0 GCTaskThread "GC Thread#3" [stack: 0x000000d8aee00000,0x000000d8aef00000] [id=25524]
  0x0000024b0fed2f60 GCTaskThread "GC Thread#4" [stack: 0x000000d8aef00000,0x000000d8af000000] [id=23312]
  0x0000024b0fed3a20 GCTaskThread "GC Thread#5" [stack: 0x000000d8af000000,0x000000d8af100000] [id=24752]
  0x0000024b100a2cb0 GCTaskThread "GC Thread#6" [stack: 0x000000d8af200000,0x000000d8af300000] [id=15460]
  0x0000024b100a3370 GCTaskThread "GC Thread#7" [stack: 0x000000d8af300000,0x000000d8af400000] [id=24672]
  0x0000024b014b79c0 ConcurrentGCThread "G1 Main Marker" [stack: 0x000000d8ad900000,0x000000d8ada00000] [id=23380]
  0x0000024b014b82e0 ConcurrentGCThread "G1 Conc#0" [stack: 0x000000d8ada00000,0x000000d8adb00000] [id=14804]
  0x0000024b0fc40600 ConcurrentGCThread "G1 Conc#1" [stack: 0x000000d8af500000,0x000000d8af600000] [id=12612]
  0x0000024b0150d8e0 ConcurrentGCThread "G1 Refine#0" [stack: 0x000000d8adb00000,0x000000d8adc00000] [id=16964]
  0x0000024b0fed3cd0 ConcurrentGCThread "G1 Refine#1" [stack: 0x000000d8af100000,0x000000d8af200000] [id=18128]
  0x0000024b0150e210 ConcurrentGCThread "G1 Service" [stack: 0x000000d8adc00000,0x000000d8add00000] [id=23700]

Threads with active compile tasks:

VM state: not at safepoint (normal execution)

VM Mutex/Monitor currently owned by a thread:  ([mutex/lock_event])
[0x0000024b01448cf0] Metaspace_lock - owner thread: 0x0000024b0144dde0

Heap address: 0x0000000081400000, size: 2028 MB, Compressed Oops mode: 32-bit

CDS archive(s) not mapped
Compressed class space mapped at: 0x0000000100000000-0x0000000140000000, reserved size: 1073741824
Narrow klass base: 0x0000000000000000, Narrow klass shift: 3, Narrow klass range: 0x140000000

GC Precious Log:
 CPUs: 8 total, 8 available
 Memory: 8107M
 Large Page Support: Disabled
 NUMA Support: Disabled
 Compressed Oops: Enabled (32-bit)
 Heap Region Size: 1M
 Heap Min Capacity: 8M
 Heap Initial Capacity: 128M
 Heap Max Capacity: 2028M
 Pre-touch: Disabled
 Parallel Workers: 8
 Concurrent Workers: 2
 Concurrent Refinement Workers: 8
 Periodic GC: Disabled

Heap:
 garbage-first heap   total 51200K, used 17766K [0x0000000081400000, 0x0000000100000000)
  region size 1024K, 10 young (10240K), 5 survivors (5120K)
 Metaspace       used 26861K, committed 27136K, reserved 1073152K
  class space    used 3307K, committed 3456K, reserved 1048576K

Heap Regions: E=young(eden), S=young(survivor), O=old, HS=humongous(starts), HC=humongous(continues), CS=collection set, F=free, OA=open archive, CA=closed archive, TAMS=top-at-mark-start (previous, next)
|   0|0x0000000081400000, 0x0000000081500000, 0x0000000081500000|100%| O|  |TAMS 0x0000000081500000, 0x0000000081400000| Untracked 
|   1|0x0000000081500000, 0x0000000081600000, 0x0000000081600000|100%| O|  |TAMS 0x0000000081600000, 0x0000000081500000| Untracked 
|   2|0x0000000081600000, 0x0000000081700000, 0x0000000081700000|100%| O|  |TAMS 0x0000000081700000, 0x0000000081600000| Untracked 
|   3|0x0000000081700000, 0x0000000081800000, 0x0000000081800000|100%| O|  |TAMS 0x0000000081800000, 0x0000000081700000| Untracked 
|   4|0x0000000081800000, 0x0000000081900000, 0x0000000081900000|100%| O|  |TAMS 0x0000000081900000, 0x0000000081800000| Untracked 
|   5|0x0000000081900000, 0x0000000081a00000, 0x0000000081a00000|100%| O|  |TAMS 0x0000000081a00000, 0x0000000081900000| Untracked 
|   6|0x0000000081a00000, 0x0000000081b00000, 0x0000000081b00000|100%| O|  |TAMS 0x0000000081b00000, 0x0000000081a00000| Untracked 
|   7|0x0000000081b00000, 0x0000000081c00000, 0x0000000081c00000|100%| O|  |TAMS 0x0000000081c00000, 0x0000000081b00000| Untracked 
|   8|0x0000000081c00000, 0x0000000081c6c600, 0x0000000081d00000| 42%| O|  |TAMS 0x0000000081c6c600, 0x0000000081c00000| Untracked 
|   9|0x0000000081d00000, 0x0000000081d00000, 0x0000000081e00000|  0%| F|  |TAMS 0x0000000081d00000, 0x0000000081d00000| Untracked 
|  10|0x0000000081e00000, 0x0000000081e00000, 0x0000000081f00000|  0%| F|  |TAMS 0x0000000081e00000, 0x0000000081e00000| Untracked 
|  11|0x0000000081f00000, 0x0000000081f00000, 0x0000000082000000|  0%| F|  |TAMS 0x0000000081f00000, 0x0000000081f00000| Untracked 
|  12|0x0000000082000000, 0x0000000082000000, 0x0000000082100000|  0%| F|  |TAMS 0x0000000082000000, 0x0000000082000000| Untracked 
|  13|0x0000000082100000, 0x0000000082100000, 0x0000000082200000|  0%| F|  |TAMS 0x0000000082100000, 0x0000000082100000| Untracked 
|  14|0x0000000082200000, 0x0000000082200000, 0x0000000082300000|  0%| F|  |TAMS 0x0000000082200000, 0x0000000082200000| Untracked 
|  15|0x0000000082300000, 0x0000000082300000, 0x0000000082400000|  0%| F|  |TAMS 0x0000000082300000, 0x0000000082300000| Untracked 
|  16|0x0000000082400000, 0x0000000082400000, 0x0000000082500000|  0%| F|  |TAMS 0x0000000082400000, 0x0000000082400000| Untracked 
|  17|0x0000000082500000, 0x00000000825ed558, 0x0000000082600000| 92%| S|CS|TAMS 0x0000000082500000, 0x0000000082500000| Complete 
|  18|0x0000000082600000, 0x0000000082700000, 0x0000000082700000|100%| S|CS|TAMS 0x0000000082600000, 0x0000000082600000| Complete 
|  19|0x0000000082700000, 0x0000000082800000, 0x0000000082800000|100%| S|CS|TAMS 0x0000000082700000, 0x0000000082700000| Complete 
|  20|0x0000000082800000, 0x0000000082900000, 0x0000000082900000|100%| S|CS|TAMS 0x0000000082800000, 0x0000000082800000| Complete 
|  21|0x0000000082900000, 0x0000000082a00000, 0x0000000082a00000|100%| S|CS|TAMS 0x0000000082900000, 0x0000000082900000| Complete 
|  22|0x0000000082a00000, 0x0000000082a00000, 0x0000000082b00000|  0%| F|  |TAMS 0x0000000082a00000, 0x0000000082a00000| Untracked 
|  23|0x0000000082b00000, 0x0000000082b00000, 0x0000000082c00000|  0%| F|  |TAMS 0x0000000082b00000, 0x0000000082b00000| Untracked 
|  24|0x0000000082c00000, 0x0000000082c00000, 0x0000000082d00000|  0%| F|  |TAMS 0x0000000082c00000, 0x0000000082c00000| Untracked 
|  25|0x0000000082d00000, 0x0000000082d00000, 0x0000000082e00000|  0%| F|  |TAMS 0x0000000082d00000, 0x0000000082d00000| Untracked 
|  26|0x0000000082e00000, 0x0000000082e00000, 0x0000000082f00000|  0%| F|  |TAMS 0x0000000082e00000, 0x0000000082e00000| Untracked 
|  27|0x0000000082f00000, 0x0000000082f00000, 0x0000000083000000|  0%| F|  |TAMS 0x0000000082f00000, 0x0000000082f00000| Untracked 
|  28|0x0000000083000000, 0x0000000083000000, 0x0000000083100000|  0%| F|  |TAMS 0x0000000083000000, 0x0000000083000000| Untracked 
|  29|0x0000000083100000, 0x0000000083100000, 0x0000000083200000|  0%| F|  |TAMS 0x0000000083100000, 0x0000000083100000| Untracked 
|  30|0x0000000083200000, 0x0000000083200000, 0x0000000083300000|  0%| F|  |TAMS 0x0000000083200000, 0x0000000083200000| Untracked 
|  31|0x0000000083300000, 0x0000000083300000, 0x0000000083400000|  0%| F|  |TAMS 0x0000000083300000, 0x0000000083300000| Untracked 
|  32|0x0000000083400000, 0x0000000083400000, 0x0000000083500000|  0%| F|  |TAMS 0x0000000083400000, 0x0000000083400000| Untracked 
|  33|0x0000000083500000, 0x0000000083500000, 0x0000000083600000|  0%| F|  |TAMS 0x0000000083500000, 0x0000000083500000| Untracked 
|  34|0x0000000083600000, 0x0000000083600000, 0x0000000083700000|  0%| F|  |TAMS 0x0000000083600000, 0x0000000083600000| Untracked 
|  35|0x0000000083700000, 0x0000000083700000, 0x0000000083800000|  0%| F|  |TAMS 0x0000000083700000, 0x0000000083700000| Untracked 
|  36|0x0000000083800000, 0x0000000083800000, 0x0000000083900000|  0%| F|  |TAMS 0x0000000083800000, 0x0000000083800000| Untracked 
|  37|0x0000000083900000, 0x0000000083900000, 0x0000000083a00000|  0%| F|  |TAMS 0x0000000083900000, 0x0000000083900000| Untracked 
|  38|0x0000000083a00000, 0x0000000083a00000, 0x0000000083b00000|  0%| F|  |TAMS 0x0000000083a00000, 0x0000000083a00000| Untracked 
|  39|0x0000000083b00000, 0x0000000083b00000, 0x0000000083c00000|  0%| F|  |TAMS 0x0000000083b00000, 0x0000000083b00000| Untracked 
|  40|0x0000000083c00000, 0x0000000083c00000, 0x0000000083d00000|  0%| F|  |TAMS 0x0000000083c00000, 0x0000000083c00000| Untracked 
|  41|0x0000000083d00000, 0x0000000083d00000, 0x0000000083e00000|  0%| F|  |TAMS 0x0000000083d00000, 0x0000000083d00000| Untracked 
|  42|0x0000000083e00000, 0x0000000083e00000, 0x0000000083f00000|  0%| F|  |TAMS 0x0000000083e00000, 0x0000000083e00000| Untracked 
|  43|0x0000000083f00000, 0x0000000083f00000, 0x0000000084000000|  0%| F|  |TAMS 0x0000000083f00000, 0x0000000083f00000| Untracked 
|  44|0x0000000084000000, 0x0000000084000000, 0x0000000084100000|  0%| F|  |TAMS 0x0000000084000000, 0x0000000084000000| Untracked 
|  45|0x0000000084100000, 0x0000000084200000, 0x0000000084200000|100%| E|  |TAMS 0x0000000084100000, 0x0000000084100000| Complete 
|  46|0x0000000084200000, 0x0000000084300000, 0x0000000084300000|100%| E|CS|TAMS 0x0000000084200000, 0x0000000084200000| Complete 
|  98|0x0000000087600000, 0x0000000087700000, 0x0000000087700000|100%| E|CS|TAMS 0x0000000087600000, 0x0000000087600000| Complete 
|  99|0x0000000087700000, 0x0000000087800000, 0x0000000087800000|100%| E|CS|TAMS 0x0000000087700000, 0x0000000087700000| Complete 
| 127|0x0000000089300000, 0x0000000089400000, 0x0000000089400000|100%| E|CS|TAMS 0x0000000089300000, 0x0000000089300000| Complete 

Card table byte_map: [0x0000024b075e0000,0x0000024b079e0000] _byte_map_base: 0x0000024b071d6000

Marking Bits (Prev, Next): (CMBitMap*) 0x0000024b014a7310, (CMBitMap*) 0x0000024b014a7350
 Prev Bits: [0x0000024b07de0000, 0x0000024b09d90000)
 Next Bits: [0x0000024b09d90000, 0x0000024b0bd40000)

Polling page: 0x0000024b7f370000

Metaspace:

Usage:
  Non-class:     23.00 MB used.
      Class:      3.23 MB used.
       Both:     26.23 MB used.

Virtual space:
  Non-class space:       24.00 MB reserved,      23.12 MB ( 96%) committed,  3 nodes.
      Class space:        1.00 GB reserved,       3.38 MB ( <1%) committed,  1 nodes.
             Both:        1.02 GB reserved,      26.50 MB (  3%) committed. 

Chunk freelists:
   Non-Class:  238.00 KB
       Class:  655.00 KB
        Both:  893.00 KB

MaxMetaspaceSize: unlimited
CompressedClassSpaceSize: 1.00 GB
Initial GC threshold: 21.00 MB
Current GC threshold: 42.19 MB
CDS: off
MetaspaceReclaimPolicy: balanced
 - commit_granule_bytes: 65536.
 - commit_granule_words: 8192.
 - virtual_space_node_default_size: 1048576.
 - enlarge_chunks_in_place: 1.
 - new_chunks_are_fully_committed: 0.
 - uncommit_free_chunks: 1.
 - use_allocation_guard: 0.
 - handle_deallocations: 1.


Internal statistics:

num_allocs_failed_limit: 8.
num_arena_births: 222.
num_arena_deaths: 0.
num_vsnodes_births: 4.
num_vsnodes_deaths: 0.
num_space_committed: 424.
num_space_uncommitted: 0.
num_chunks_returned_to_freelist: 8.
num_chunks_taken_from_freelist: 863.
num_chunk_merges: 8.
num_chunk_splits: 600.
num_chunks_enlarged: 468.
num_purges: 0.
num_inconsistent_stats: 0.

CodeCache: size=49152Kb used=6063Kb max_used=6549Kb free=43088Kb
 bounds [0x0000024b040d0000, 0x0000024b04740000, 0x0000024b070d0000]
 total_blobs=2993 nmethods=2514 adapters=404
 compilation: enabled
              stopped_count=0, restarted_count=0
 full_count=0

Compilation events (20 events):
Event: 10.432 Thread 0x0000024b0fca81e0 nmethod 2503 0x0000024b044bfc10 code [0x0000024b044bfdc0, 0x0000024b044bff58]
Event: 10.432 Thread 0x0000024b0fca81e0 2504       1       org.springframework.core.annotation.MergedAnnotations::from (9 bytes)
Event: 10.432 Thread 0x0000024b0e7bde50 2505       1       org.springframework.core.BridgeMethodResolver::isVisibilityBridgeMethodPair (52 bytes)
Event: 10.433 Thread 0x0000024b0fca81e0 nmethod 2504 0x0000024b044bf690 code [0x0000024b044bf840, 0x0000024b044bfaa8]
Event: 10.434 Thread 0x0000024b0e7bde50 nmethod 2505 0x0000024b044bf090 code [0x0000024b044bf260, 0x0000024b044bf4a8]
Event: 10.434 Thread 0x0000024b0fca81e0 2506       1       org.springframework.beans.factory.support.AbstractBeanDefinition::isSingleton (30 bytes)
Event: 10.434 Thread 0x0000024b0fca81e0 nmethod 2506 0x0000024b044bed10 code [0x0000024b044beec0, 0x0000024b044beff8]
Event: 10.445 Thread 0x0000024b0fca81e0 2507       1       org.springframework.util.ConcurrentReferenceHashMap::put (8 bytes)
Event: 10.445 Thread 0x0000024b0e7bde50 2508   !   1       java.lang.reflect.Field::declaredAnnotations (82 bytes)
Event: 10.445 Thread 0x0000024b0f340a70 2509       1       org.springframework.core.annotation.MergedAnnotations::from (8 bytes)
Event: 10.446 Thread 0x0000024b0fca81e0 nmethod 2507 0x0000024b044be410 code [0x0000024b044be5e0, 0x0000024b044beac8]
Event: 10.446 Thread 0x0000024b0f340a70 nmethod 2509 0x0000024b044bde90 code [0x0000024b044be060, 0x0000024b044be2c8]
Event: 10.446 Thread 0x0000024b0fca81e0 2510       1       org.springframework.beans.factory.annotation.AutowiredAnnotationBeanPostProcessor::findAutowiredAnnotation (63 bytes)
Event: 10.446 Thread 0x0000024b0e7bde50 nmethod 2508 0x0000024b044bd790 code [0x0000024b044bd960, 0x0000024b044bdc48]
Event: 10.447 Thread 0x0000024b0fca81e0 nmethod 2510 0x0000024b044bd010 code [0x0000024b044bd220, 0x0000024b044bd588]
Event: 10.485 Thread 0x0000024b0fca81e0 2511       1       java.util.Map::entry (10 bytes)
Event: 10.485 Thread 0x0000024b0fca81e0 nmethod 2511 0x0000024b044bc710 code [0x0000024b044bc8c0, 0x0000024b044bcbb8]
Event: 10.490 Thread 0x0000024b0fca81e0 2513       1       java.lang.invoke.LambdaFormEditor$TransformKey::<init> (15 bytes)
Event: 10.490 Thread 0x0000024b0fca81e0 nmethod 2513 0x0000024b044bc110 code [0x0000024b044bc2a0, 0x0000024b044bc398]
Event: 10.493 Thread 0x0000024b0fca81e0 2514       1       java.lang.invoke.MemberName::asSpecial (89 bytes)

GC Heap History (8 events):
Event: 3.591 GC heap before
{Heap before GC invocations=0 (full 0):
 garbage-first heap   total 131072K, used 22528K [0x0000000081400000, 0x0000000100000000)
  region size 1024K, 23 young (23552K), 0 survivors (0K)
 Metaspace       used 9934K, committed 10048K, reserved 1064960K
  class space    used 1110K, committed 1152K, reserved 1048576K
}
Event: 3.638 GC heap after
{Heap after GC invocations=1 (full 0):
 garbage-first heap   total 131072K, used 8367K [0x0000000081400000, 0x0000000100000000)
  region size 1024K, 3 young (3072K), 3 survivors (3072K)
 Metaspace       used 9934K, committed 10048K, reserved 1064960K
  class space    used 1110K, committed 1152K, reserved 1048576K
}
Event: 5.774 GC heap before
{Heap before GC invocations=1 (full 0):
 garbage-first heap   total 131072K, used 28847K [0x0000000081400000, 0x0000000100000000)
  region size 1024K, 24 young (24576K), 3 survivors (3072K)
 Metaspace       used 16010K, committed 16256K, reserved 1064960K
  class space    used 1930K, committed 2048K, reserved 1048576K
}
Event: 5.783 GC heap after
{Heap after GC invocations=2 (full 0):
 garbage-first heap   total 131072K, used 10844K [0x0000000081400000, 0x0000000100000000)
  region size 1024K, 3 young (3072K), 3 survivors (3072K)
 Metaspace       used 16010K, committed 16256K, reserved 1064960K
  class space    used 1930K, committed 2048K, reserved 1048576K
}
Event: 6.749 GC heap before
{Heap before GC invocations=2 (full 0):
 garbage-first heap   total 131072K, used 33372K [0x0000000081400000, 0x0000000100000000)
  region size 1024K, 26 young (26624K), 3 survivors (3072K)
 Metaspace       used 21303K, committed 21504K, reserved 1073152K
  class space    used 2569K, committed 2688K, reserved 1048576K
}
Event: 6.755 GC heap after
{Heap after GC invocations=3 (full 0):
 garbage-first heap   total 131072K, used 12059K [0x0000000081400000, 0x0000000100000000)
  region size 1024K, 4 young (4096K), 4 survivors (4096K)
 Metaspace       used 21303K, committed 21504K, reserved 1073152K
  class space    used 2569K, committed 2688K, reserved 1048576K
}
Event: 9.102 GC heap before
{Heap before GC invocations=4 (full 0):
 garbage-first heap   total 55296K, used 39707K [0x0000000081400000, 0x0000000100000000)
  region size 1024K, 32 young (32768K), 4 survivors (4096K)
 Metaspace       used 25664K, committed 25920K, reserved 1073152K
  class space    used 3144K, committed 3264K, reserved 1048576K
}
Event: 9.113 GC heap after
{Heap after GC invocations=5 (full 0):
 garbage-first heap   total 55296K, used 13670K [0x0000000081400000, 0x0000000100000000)
  region size 1024K, 5 young (5120K), 5 survivors (5120K)
 Metaspace       used 25664K, committed 25920K, reserved 1073152K
  class space    used 3144K, committed 3264K, reserved 1048576K
}

Dll operation events (8 events):
Event: 0.035 Loaded shared library c:\Users\HP\.vscode\extensions\redhat.java-1.13.0-win32-x64\jre\17.0.5-win32-x86_64\bin\java.dll
Event: 1.391 Loaded shared library C:\Users\HP\.vscode\extensions\redhat.java-1.13.0-win32-x64\jre\17.0.5-win32-x86_64\bin\net.dll
Event: 1.411 Loaded shared library C:\Users\HP\.vscode\extensions\redhat.java-1.13.0-win32-x64\jre\17.0.5-win32-x86_64\bin\nio.dll
Event: 1.428 Loaded shared library C:\Users\HP\.vscode\extensions\redhat.java-1.13.0-win32-x64\jre\17.0.5-win32-x86_64\bin\zip.dll
Event: 1.939 Loaded shared library c:\Users\HP\.vscode\extensions\redhat.java-1.13.0-win32-x64\jre\17.0.5-win32-x86_64\bin\verify.dll
Event: 1.997 Loaded shared library C:\Users\HP\.vscode\extensions\redhat.java-1.13.0-win32-x64\jre\17.0.5-win32-x86_64\bin\jimage.dll
Event: 5.972 Loaded shared library C:\Users\HP\.vscode\extensions\redhat.java-1.13.0-win32-x64\jre\17.0.5-win32-x86_64\bin\management.dll
Event: 5.977 Loaded shared library C:\Users\HP\.vscode\extensions\redhat.java-1.13.0-win32-x64\jre\17.0.5-win32-x86_64\bin\management_ext.dll

Deoptimization events (2 events):
Event: 6.784 Thread 0x0000024b0144dde0 DEOPT PACKING pc=0x0000024b0463aa99 sp=0x000000d8ad7fd560
Event: 6.784 Thread 0x0000024b0144dde0 DEOPT UNPACKING pc=0x0000024b04122b43 sp=0x000000d8ad7fca40 mode 3

Classes unloaded (0 events):
No events

Classes redefined (0 events):
No events

Internal exceptions (20 events):
Event: 7.043 Thread 0x0000024b0144dde0 Exception <a 'java/lang/IncompatibleClassChangeError'{0x0000000083df7d20}: Found class java.lang.Object, but interface was expected> (0x0000000083df7d20) 
thrown [s\src\hotspot\share\interpreter\linkResolver.cpp, line 826]
Event: 7.055 Thread 0x0000024b0144dde0 Exception <a 'java/lang/ClassNotFoundException'{0x0000000083c85e68}: org/springframework/context/annotation/ConfigurationClassPostProcessorCustomizer> (0x0000000083c85e68) 
thrown [s\src\hotspot\share\classfile\systemDictionary.cpp, line 256]
Event: 7.061 Thread 0x0000024b0144dde0 Exception <a 'java/lang/ClassNotFoundException'{0x0000000083ca77d8}: org/springframework/beans/factory/support/BeanDefinitionRegistryPostProcessorCustomizer> (0x0000000083ca77d8) 
thrown [s\src\hotspot\share\classfile\systemDictionary.cpp, line 256]
Event: 7.062 Thread 0x0000024b0144dde0 Exception <a 'java/lang/ClassNotFoundException'{0x0000000083cae408}: org/springframework/beans/factory/config/BeanFactoryPostProcessorCustomizer> (0x0000000083cae408) 
thrown [s\src\hotspot\share\classfile\systemDictionary.cpp, line 256]
Event: 7.064 Thread 0x0000024b0144dde0 Exception <a 'java/lang/ClassNotFoundException'{0x0000000083cb4b10}: org/springframework/core/PriorityOrderedCustomizer> (0x0000000083cb4b10) 
thrown [s\src\hotspot\share\classfile\systemDictionary.cpp, line 256]
Event: 7.065 Thread 0x0000024b0144dde0 Exception <a 'java/lang/ClassNotFoundException'{0x0000000083cb9d80}: org/springframework/core/OrderedCustomizer> (0x0000000083cb9d80) 
thrown [s\src\hotspot\share\classfile\systemDictionary.cpp, line 256]
Event: 7.066 Thread 0x0000024b0144dde0 Exception <a 'java/lang/ClassNotFoundException'{0x0000000083cc0438}: org/springframework/context/ResourceLoaderAwareCustomizer> (0x0000000083cc0438) 
thrown [s\src\hotspot\share\classfile\systemDictionary.cpp, line 256]
Event: 7.067 Thread 0x0000024b0144dde0 Exception <a 'java/lang/ClassNotFoundException'{0x0000000083cc6b98}: org/springframework/beans/factory/AwareCustomizer> (0x0000000083cc6b98) 
thrown [s\src\hotspot\share\classfile\systemDictionary.cpp, line 256]
Event: 7.068 Thread 0x0000024b0144dde0 Exception <a 'java/lang/ClassNotFoundException'{0x0000000083ccc360}: org/springframework/context/ApplicationStartupAwareCustomizer> (0x0000000083ccc360) 
thrown [s\src\hotspot\share\classfile\systemDictionary.cpp, line 256]
Event: 7.070 Thread 0x0000024b0144dde0 Exception <a 'java/lang/ClassNotFoundException'{0x0000000083cd2d48}: org/springframework/beans/factory/AwareCustomizer> (0x0000000083cd2d48) 
thrown [s\src\hotspot\share\classfile\systemDictionary.cpp, line 256]
Event: 7.071 Thread 0x0000024b0144dde0 Exception <a 'java/lang/ClassNotFoundException'{0x0000000083cd8688}: org/springframework/beans/factory/BeanClassLoaderAwareCustomizer> (0x0000000083cd8688) 
thrown [s\src\hotspot\share\classfile\systemDictionary.cpp, line 256]
Event: 7.072 Thread 0x0000024b0144dde0 Exception <a 'java/lang/ClassNotFoundException'{0x0000000083cdedd0}: org/springframework/beans/factory/AwareCustomizer> (0x0000000083cdedd0) 
thrown [s\src\hotspot\share\classfile\systemDictionary.cpp, line 256]
Event: 7.073 Thread 0x0000024b0144dde0 Exception <a 'java/lang/ClassNotFoundException'{0x0000000083ce4260}: org/springframework/context/EnvironmentAwareCustomizer> (0x0000000083ce4260) 
thrown [s\src\hotspot\share\classfile\systemDictionary.cpp, line 256]
Event: 7.075 Thread 0x0000024b0144dde0 Exception <a 'java/lang/ClassNotFoundException'{0x0000000083cea940}: org/springframework/beans/factory/AwareCustomizer> (0x0000000083cea940) 
thrown [s\src\hotspot\share\classfile\systemDictionary.cpp, line 256]
Event: 7.869 Thread 0x0000024b0144dde0 Exception <a 'java/lang/IncompatibleClassChangeError'{0x000000008325e168}: Found class java.lang.Object, but interface was expected> (0x000000008325e168) 
thrown [s\src\hotspot\share\interpreter\linkResolver.cpp, line 826]
Event: 8.023 Thread 0x0000024b0144dde0 Exception <a 'java/lang/NoSuchMethodError'{0x000000008303c908}: 'void java.lang.invoke.DirectMethodHandle$Holder.invokeInterface(java.lang.Object, java.lang.Object, java.lang.Object, java.lang.Object)'> (0x000000008303c908) 
thrown [s\src\hotspot\share\interpreter\linkResolver.cpp, line 759]
Event: 9.196 Thread 0x0000024b0144dde0 Exception <a 'java/lang/NoSuchMethodError'{0x00000000893d1f58}: 'void java.lang.invoke.DirectMethodHandle$Holder.invokeSpecial(java.lang.Object, java.lang.Object, java.lang.Object, java.lang.Object, java.lang.Object, java.lang.Object)'> (0x00000000893d1f58) 
thrown [s\src\hotspot\share\interpreter\linkResolver.cpp, line 759]
Event: 9.446 Thread 0x0000024b0144dde0 Exception <a 'java/lang/NoSuchMethodError'{0x000000008769c7d8}: 'java.lang.Object java.lang.invoke.DirectMethodHandle$Holder.invokeStaticInit(java.lang.Object, int, int, int, int)'> (0x000000008769c7d8) 
thrown [s\src\hotspot\share\interpreter\linkResolver.cpp, line 759]
Event: 10.196 Thread 0x0000024b0144dde0 Exception <a 'java/lang/NoSuchMethodError'{0x00000000876cfc98}: 'java.lang.Object java.lang.invoke.DirectMethodHandle$Holder.invokeStaticInit(java.lang.Object, java.lang.Object, int, int, int, int)'> (0x00000000876cfc98) 
thrown [s\src\hotspot\share\interpreter\linkResolver.cpp, line 759]
Event: 10.489 Thread 0x0000024b0144dde0 Exception <a 'java/lang/NoSuchMethodError'{0x00000000841f2d08}: 'void java.lang.invoke.DirectMethodHandle$Holder.invokeVirtual(java.lang.Object, java.lang.Object)'> (0x00000000841f2d08) 
thrown [s\src\hotspot\share\interpreter\linkResolver.cpp, line 759]

VM Operations (20 events):
Event: 7.051 Executing VM operation: HandshakeAllThreads
Event: 7.051 Executing VM operation: HandshakeAllThreads done
Event: 7.147 Executing VM operation: HandshakeAllThreads
Event: 7.147 Executing VM operation: HandshakeAllThreads done
Event: 8.158 Executing VM operation: Cleanup
Event: 8.158 Executing VM operation: Cleanup done
Event: 8.645 Executing VM operation: HandshakeAllThreads
Event: 8.645 Executing VM operation: HandshakeAllThreads done
Event: 9.102 Executing VM operation: G1CollectForAllocation
Event: 9.113 Executing VM operation: G1CollectForAllocation done
Event: 9.122 Executing VM operation: G1Concurrent
Event: 9.125 Executing VM operation: G1Concurrent done
Event: 9.127 Executing VM operation: G1Concurrent
Event: 9.153 Executing VM operation: G1Concurrent done
Event: 9.359 Executing VM operation: HandshakeAllThreads
Event: 9.359 Executing VM operation: HandshakeAllThreads done
Event: 10.363 Executing VM operation: Cleanup
Event: 10.363 Executing VM operation: Cleanup done
Event: 10.484 Executing VM operation: HandshakeAllThreads
Event: 10.484 Executing VM operation: HandshakeAllThreads done

Events (20 events):
Event: 10.486 loading class java/time/ZoneOffset done
Event: 10.486 loading class java/time/ZoneRegion
Event: 10.487 loading class java/time/ZoneRegion done
Event: 10.487 loading class java/time/zone/ZoneRules
Event: 10.487 loading class java/time/zone/ZoneRules done
Event: 10.487 loading class java/time/zone/ZoneOffsetTransitionRule
Event: 10.488 loading class java/time/zone/ZoneOffsetTransitionRule done
Event: 10.488 loading class java/time/Clock$FixedClock
Event: 10.488 loading class java/time/Clock$FixedClock done
Event: 10.490 loading class java/util/concurrent/atomic/AtomicIntegerFieldUpdater
Event: 10.490 loading class java/util/concurrent/atomic/AtomicIntegerFieldUpdater done
Event: 10.491 loading class java/util/concurrent/atomic/AtomicIntegerFieldUpdater$AtomicIntegerFieldUpdaterImpl
Event: 10.491 loading class java/util/concurrent/atomic/AtomicIntegerFieldUpdater$AtomicIntegerFieldUpdaterImpl done
Event: 10.491 loading class java/util/concurrent/atomic/AtomicIntegerFieldUpdater$AtomicIntegerFieldUpdaterImpl$1
Event: 10.491 loading class java/util/concurrent/atomic/AtomicIntegerFieldUpdater$AtomicIntegerFieldUpdaterImpl$1 done
Event: 10.491 loading class java/time/Clock$TickClock
Event: 10.492 loading class java/time/Clock$TickClock done
Event: 10.492 loading class java/time/Clock$SystemClock
Event: 10.492 loading class java/time/Clock$SystemClock done
Event: 10.493 loading class java/util/concurrent/ScheduledThreadPoolExecutor$ScheduledFutureTask


Dynamic libraries:
0x00007ff75e5c0000 - 0x00007ff75e5ce000 	c:\Users\HP\.vscode\extensions\redhat.java-1.13.0-win32-x64\jre\17.0.5-win32-x86_64\bin\java.exe
0x00007ffae9ad0000 - 0x00007ffae9cc8000 	C:\Windows\SYSTEM32\ntdll.dll
0x00007ffae9540000 - 0x00007ffae95ff000 	C:\Windows\System32\KERNEL32.DLL
0x00007ffae7390000 - 0x00007ffae7662000 	C:\Windows\System32\KERNELBASE.dll
0x00007ffae79c0000 - 0x00007ffae7ac0000 	C:\Windows\System32\ucrtbase.dll
0x00007ffac8150000 - 0x00007ffac8167000 	c:\Users\HP\.vscode\extensions\redhat.java-1.13.0-win32-x64\jre\17.0.5-win32-x86_64\bin\jli.dll
0x00007ffae9600000 - 0x00007ffae97a1000 	C:\Windows\System32\USER32.dll
0x00007ffac7b20000 - 0x00007ffac7b39000 	c:\Users\HP\.vscode\extensions\redhat.java-1.13.0-win32-x64\jre\17.0.5-win32-x86_64\bin\VCRUNTIME140.dll
0x00007ffad1520000 - 0x00007ffad17ba000 	C:\Windows\WinSxS\amd64_microsoft.windows.common-controls_6595b64144ccf1df_6.0.19041.1110_none_60b5254171f9507e\COMCTL32.dll
0x00007ffae80d0000 - 0x00007ffae816e000 	C:\Windows\System32\msvcrt.dll
0x00007ffae97b0000 - 0x00007ffae97db000 	C:\Windows\System32\GDI32.dll
0x00007ffae72d0000 - 0x00007ffae72f2000 	C:\Windows\System32\win32u.dll
0x00007ffae71c0000 - 0x00007ffae72cf000 	C:\Windows\System32\gdi32full.dll
0x00007ffae7710000 - 0x00007ffae77ad000 	C:\Windows\System32\msvcp_win.dll
0x00007ffae93e0000 - 0x00007ffae9412000 	C:\Windows\System32\IMM32.DLL
0x00007fface260000 - 0x00007fface26c000 	c:\Users\HP\.vscode\extensions\redhat.java-1.13.0-win32-x64\jre\17.0.5-win32-x86_64\bin\vcruntime140_1.dll
0x00007ffabde90000 - 0x00007ffabdf21000 	c:\Users\HP\.vscode\extensions\redhat.java-1.13.0-win32-x64\jre\17.0.5-win32-x86_64\bin\msvcp140.dll
0x00007ffa9ce20000 - 0x00007ffa9da64000 	c:\Users\HP\.vscode\extensions\redhat.java-1.13.0-win32-x64\jre\17.0.5-win32-x86_64\bin\server\jvm.dll
0x00007ffae87b0000 - 0x00007ffae885e000 	C:\Windows\System32\ADVAPI32.dll
0x00007ffae8860000 - 0x00007ffae88fc000 	C:\Windows\System32\sechost.dll
0x00007ffae97e0000 - 0x00007ffae9905000 	C:\Windows\System32\RPCRT4.dll
0x00007ffae19e0000 - 0x00007ffae19e9000 	C:\Windows\SYSTEM32\WSOCK32.dll
0x00007ffae8900000 - 0x00007ffae896b000 	C:\Windows\System32\WS2_32.dll
0x00007ffacf0d0000 - 0x00007ffacf0f7000 	C:\Windows\SYSTEM32\WINMM.dll
0x00007ffae0830000 - 0x00007ffae083a000 	C:\Windows\SYSTEM32\VERSION.dll
0x00007ffae59d0000 - 0x00007ffae59e2000 	C:\Windows\SYSTEM32\kernel.appcore.dll
0x00007fface200000 - 0x00007fface20a000 	c:\Users\HP\.vscode\extensions\redhat.java-1.13.0-win32-x64\jre\17.0.5-win32-x86_64\bin\jimage.dll
0x00007ffae4df0000 - 0x00007ffae4fd4000 	C:\Windows\SYSTEM32\DBGHELP.DLL
0x00007ffacf840000 - 0x00007ffacf875000 	C:\Windows\SYSTEM32\dbgcore.DLL
0x00007ffae7300000 - 0x00007ffae7382000 	C:\Windows\System32\bcryptPrimitives.dll
0x00007ffabe490000 - 0x00007ffabe4b5000 	c:\Users\HP\.vscode\extensions\redhat.java-1.13.0-win32-x64\jre\17.0.5-win32-x86_64\bin\java.dll
0x00007ffabe090000 - 0x00007ffabe0a8000 	c:\Users\HP\.vscode\extensions\redhat.java-1.13.0-win32-x64\jre\17.0.5-win32-x86_64\bin\zip.dll
0x00007ffae8b20000 - 0x00007ffae9264000 	C:\Windows\System32\SHELL32.dll
0x00007ffae5220000 - 0x00007ffae59b2000 	C:\Windows\SYSTEM32\windows.storage.dll
0x00007ffae7d70000 - 0x00007ffae80c5000 	C:\Windows\System32\combase.dll
0x00007ffae6b40000 - 0x00007ffae6b70000 	C:\Windows\SYSTEM32\Wldp.dll
0x00007ffae8700000 - 0x00007ffae87ad000 	C:\Windows\System32\SHCORE.dll
0x00007ffae92f0000 - 0x00007ffae9345000 	C:\Windows\System32\shlwapi.dll
0x00007ffae7100000 - 0x00007ffae711f000 	C:\Windows\SYSTEM32\profapi.dll
0x00007ffabde00000 - 0x00007ffabde19000 	C:\Users\HP\.vscode\extensions\redhat.java-1.13.0-win32-x64\jre\17.0.5-win32-x86_64\bin\net.dll
0x00007ffade3e0000 - 0x00007ffade4ec000 	C:\Windows\SYSTEM32\WINHTTP.dll
0x00007ffae6920000 - 0x00007ffae698a000 	C:\Windows\system32\mswsock.dll
0x00007ffabdd30000 - 0x00007ffabdd45000 	C:\Users\HP\.vscode\extensions\redhat.java-1.13.0-win32-x64\jre\17.0.5-win32-x86_64\bin\nio.dll
0x00007ffacc5e0000 - 0x00007ffacc5f0000 	c:\Users\HP\.vscode\extensions\redhat.java-1.13.0-win32-x64\jre\17.0.5-win32-x86_64\bin\verify.dll
0x00007ffacc790000 - 0x00007ffacc799000 	C:\Users\HP\.vscode\extensions\redhat.java-1.13.0-win32-x64\jre\17.0.5-win32-x86_64\bin\management.dll
0x00007ffac9ec0000 - 0x00007ffac9ecb000 	C:\Users\HP\.vscode\extensions\redhat.java-1.13.0-win32-x64\jre\17.0.5-win32-x86_64\bin\management_ext.dll
0x00007ffae93d0000 - 0x00007ffae93d8000 	C:\Windows\System32\PSAPI.DLL
0x00007ffac0150000 - 0x00007ffac0167000 	C:\Windows\system32\napinsp.dll
0x00007ffac0130000 - 0x00007ffac014b000 	C:\Windows\system32\pnrpnsp.dll
0x00007ffae1f60000 - 0x00007ffae1f75000 	C:\Windows\system32\wshbth.dll
0x00007ffae4150000 - 0x00007ffae416d000 	C:\Windows\system32\NLAapi.dll
0x00007ffae65e0000 - 0x00007ffae661b000 	C:\Windows\SYSTEM32\IPHLPAPI.DLL
0x00007ffae6620000 - 0x00007ffae66ea000 	C:\Windows\SYSTEM32\DNSAPI.dll
0x00007ffae99f0000 - 0x00007ffae99f8000 	C:\Windows\System32\NSI.dll
0x00007ffac0110000 - 0x00007ffac0122000 	C:\Windows\System32\winrnr.dll
0x00007ffade880000 - 0x00007ffade88a000 	C:\Windows\System32\rasadhlp.dll
0x00007ffadb950000 - 0x00007ffadb9d0000 	C:\Windows\System32\fwpuclnt.dll
0x00007ffae76e0000 - 0x00007ffae7707000 	C:\Windows\System32\bcrypt.dll
0x00007ffae6b80000 - 0x00007ffae6b98000 	C:\Windows\SYSTEM32\CRYPTSP.dll
0x00007ffae61f0000 - 0x00007ffae6224000 	C:\Windows\system32\rsaenh.dll
0x00007ffae70c0000 - 0x00007ffae70ee000 	C:\Windows\SYSTEM32\USERENV.dll
0x00007ffae6ab0000 - 0x00007ffae6abc000 	C:\Windows\SYSTEM32\CRYPTBASE.dll
0x00007ffadfff0000 - 0x00007ffae0007000 	C:\Windows\SYSTEM32\dhcpcsvc6.DLL
0x00007ffadfe30000 - 0x00007ffadfe4d000 	C:\Windows\SYSTEM32\dhcpcsvc.DLL

dbghelp: loaded successfully - version: 4.0.5 - missing functions: none
symbol engine: initialized successfully - sym options: 0x614 - pdb path: .;c:\Users\HP\.vscode\extensions\redhat.java-1.13.0-win32-x64\jre\17.0.5-win32-x86_64\bin;C:\Windows\SYSTEM32;C:\Windows\WinSxS\amd64_microsoft.windows.common-controls_6595b64144ccf1df_6.0.19041.1110_none_60b5254171f9507e;c:\Users\HP\.vscode\extensions\redhat.java-1.13.0-win32-x64\jre\17.0.5-win32-x86_64\bin\server

VM Arguments:
jvm_args: -Dsts.lsp.client=vscode -Dsts.log.file=/dev/null -XX:TieredStopAtLevel=1 -Xlog:jni+resolve=off -Dspring.config.location=file:c:\Users\HP\.vscode\extensions\pivotal.vscode-spring-boot-1.42.0\language-server\BOOT-INF\classes\application.properties 
java_command: org.springframework.ide.vscode.boot.app.BootLanguageServerBootApp
java_class_path (initial): c:\Users\HP\.vscode\extensions\pivotal.vscode-spring-boot-1.42.0\language-server\BOOT-INF\classes;c:\Users\HP\.vscode\extensions\pivotal.vscode-spring-boot-1.42.0\language-server\BOOT-INF\lib\annotations-23.1.0.jar;c:\Users\HP\.vscode\extensions\pivotal.vscode-spring-boot-1.42.0\language-server\BOOT-INF\lib\ant-1.10.12.jar;c:\Users\HP\.vscode\extensions\pivotal.vscode-spring-boot-1.42.0\language-server\BOOT-INF\lib\ant-launcher-1.10.12.jar;c:\Users\HP\.vscode\extensions\pivotal.vscode-spring-boot-1.42.0\language-server\BOOT-INF\lib\antlr-runtime-3.5.2.jar;c:\Users\HP\.vscode\extensions\pivotal.vscode-spring-boot-1.42.0\language-server\BOOT-INF\lib\antlr4-4.9.3.jar;c:\Users\HP\.vscode\extensions\pivotal.vscode-spring-boot-1.42.0\language-server\BOOT-INF\lib\antlr4-runtime-4.9.3.jar;c:\Users\HP\.vscode\extensions\pivotal.vscode-spring-boot-1.42.0\language-server\BOOT-INF\lib\apiguardian-api-1.1.2.jar;c:\Users\HP\.vscode\extensions\pivotal.vscode-spring-boot-1.42.0\language-server\BOOT-INF\lib\asm-9.4.jar;c:\Users\HP\.vscode\extensions\pivotal.vscode-spring-boot-1.42.0\language-server\BOOT-INF\lib\asm-analysis-9.4.jar;c:\Users\HP\.vscode\extensions\pivotal.vscode-spring-boot-1.42.0\language-server\BOOT-INF\lib\asm-tree-9.4.jar;c:\Users\HP\.vscode\extensions\pivotal.vscode-spring-boot-1.42.0\language-server\BOOT-INF\lib\asm-util-9.4.jar;c:\Users\HP\.vscode\extensions\pivotal.vscode-spring-boot-1.42.0\language-server\BOOT-INF\lib\caffeine-2.9.3.jar;c:\Users\HP\.vscode\extensions\pivotal.vscode-spring-boot-1.42.0\language-server\BOOT-INF\lib\checker-qual-3.12.0.jar;c:\Users\HP\.vscode\extensions\pivotal.vscode-spring-boot-1.42.0\language-server\BOOT-INF\lib\ci-environment-9.1.0.jar;c:\Users\HP\.vscode\extensions\pivotal.vscode-spring-boot-1.42.0\language-server\BOOT-INF\lib\classgraph-4.8.149.jar;c:\Users\HP\.vscode\extensions\pivotal.vscode-spring-boot-1.42.0\language-server\BOOT-INF\lib\commons-codec-1.15.jar;c:\Users\HP\.vscode\extensions\p
Launcher Type: SUN_STANDARD

[Global flags]
     intx CICompilerCount                          = 4                                         {product} {ergonomic}
     uint ConcGCThreads                            = 2                                         {product} {ergonomic}
     uint G1ConcRefinementThreads                  = 8                                         {product} {ergonomic}
   size_t G1HeapRegionSize                         = 1048576                                   {product} {ergonomic}
    uintx GCDrainStackTargetSize                   = 64                                        {product} {ergonomic}
   size_t InitialHeapSize                          = 134217728                                 {product} {ergonomic}
   size_t MarkStackSize                            = 4194304                                   {product} {ergonomic}
   size_t MaxHeapSize                              = 2126512128                                {product} {ergonomic}
   size_t MaxNewSize                               = 1275068416                                {product} {ergonomic}
   size_t MinHeapDeltaBytes                        = 1048576                                   {product} {ergonomic}
   size_t MinHeapSize                              = 8388608                                   {product} {ergonomic}
    uintx NonProfiledCodeHeapSize                  = 0                                      {pd product} {ergonomic}
     bool ProfileInterpreter                       = false                                  {pd product} {command line}
    uintx ProfiledCodeHeapSize                     = 0                                      {pd product} {ergonomic}
   size_t SoftMaxHeapSize                          = 2126512128                             {manageable} {ergonomic}
     intx TieredStopAtLevel                        = 1                                         {product} {command line}
     bool UseCompressedClassPointers               = true                           {product lp64_product} {ergonomic}
     bool UseCompressedOops                        = true                           {product lp64_product} {ergonomic}
     bool UseG1GC                                  = true                                      {product} {ergonomic}
     bool UseLargePagesIndividualAllocation        = false                                  {pd product} {ergonomic}

Logging:
Log output configuration:
 #0: stdout all=warning,jni+resolve=off uptime,level,tags
 #1: stderr all=off uptime,level,tags

Environment Variables:
PATH=C:\Users\HP\bin;C:\Program Files\Git\mingw64\bin;C:\Program Files\Git\usr\local\bin;C:\Program Files\Git\usr\bin;C:\Program Files\Git\usr\bin;C:\Program Files\Git\mingw64\bin;C:\Program Files\Git\usr\bin;C:\Users\HP\bin;C:\Program Files (x86)\Microsoft SDKs\Azure\CLI2\wbin;C:\Windows\system32;C:\Windows;C:\Windows\System32\Wbem;C:\Windows\System32\WindowsPowerShell\v1.0;C:\Windows\System32\OpenSSH;C:\Program Files\Java\jdk-11.0.13\bin;C:\Program Files\Git\cmd;C:\Users\HP\flutter\bin;C:\Users\HP\AppData\Local\Pub\Cache\bin;C:\Program Files\nodejs;C:\Program Files\GitHub CLI;C:\apache2\apache-maven-3.8.4\bin;C:\Program Files\PuTTY;C:\Program Files\Docker\Docker\resources\bin;C:\ProgramData\DockerDesktop\version-bin;C:\Program Files (x86)\Vim\vim90;C:\Program Files\Terraform;C:\Users\HP\AppData\Local\Programs\Python\Python310\Scripts;C:\Users\HP\AppData\Local\Programs\Python\Python310;C:\Program Files\MySQL\MySQL Shell 8.0\bin;C:\Users\HP\AppData\Local\Microsoft\WindowsApps;C:\Users\HP\AppData\Local\Programs\Microsoft VS Code\bin;C:\Users\HP\AppData\Roaming\npm;C:\MinGW\bin;C:\Users\HP\AppData\Local\GitHubDesktop\bin;C:\Program Files\Git\usr\bin\vendor_perl;C:\Program Files\Git\usr\bin\core_perl
USERNAME=HP
SHELL=C:\Program Files\Git\usr\bin\bash.exe
DISPLAY=needs-to-be-defined
LC_CTYPE=en_US.UTF-8
TERM=xterm
TMPDIR=C:\Users\HP\AppData\Local\Temp
OS=Windows_NT
PROCESSOR_IDENTIFIER=Intel64 Family 6 Model 142 Stepping 10, GenuineIntel
TMP=C:\Users\HP\AppData\Local\Temp
TEMP=C:\Users\HP\AppData\Local\Temp



---------------  S Y S T E M  ---------------

OS:
 Windows 10 , 64 bit Build 19041 (10.0.19041.2364)
OS uptime: 3 days 3:18 hours
Hyper-V role detected

CPU: total 8 (initial active 8) (4 cores per cpu, 2 threads per core) family 6 model 142 stepping 10 microcode 0xb4, cx8, cmov, fxsr, ht, mmx, 3dnowpref, sse, sse2, sse3, ssse3, sse4.1, sse4.2, popcnt, lzcnt, tsc, tscinvbit, avx, avx2, aes, erms, clmul, bmi1, bmi2, adx, fma, vzeroupper, clflush, clflushopt, hv

Memory: 4k page, system-wide physical 8107M (619M free)
TotalPageFile size 23373M (AvailPageFile size 197M)
current process WorkingSet (physical memory assigned to process): 115M, peak: 115M
current process commit charge ("private bytes"): 161M, peak: 232M

vm_info: OpenJDK 64-Bit Server VM (17.0.5+8) for windows-amd64 JRE (17.0.5+8), built on Oct 19 2022 04:48:13 by "temurin" with MS VC++ 16.7 (VS2019)

END.
